[2026-02-02T09:57:32.852+0000] {taskinstance.py:1956} INFO - Dependencies all met for dep_context=non-requeueable deps ti=<TaskInstance: daily_order_analytics.run_batch_pipeline manual__2026-02-02T09:46:14.958410+00:00 [queued]>
[2026-02-02T09:57:32.859+0000] {taskinstance.py:1956} INFO - Dependencies all met for dep_context=requeueable deps ti=<TaskInstance: daily_order_analytics.run_batch_pipeline manual__2026-02-02T09:46:14.958410+00:00 [queued]>
[2026-02-02T09:57:32.860+0000] {taskinstance.py:2170} INFO - Starting attempt 2 of 4
[2026-02-02T09:57:32.876+0000] {taskinstance.py:2191} INFO - Executing <Task(SparkSubmitOperator): run_batch_pipeline> on 2026-02-02 09:46:14.958410+00:00
[2026-02-02T09:57:32.890+0000] {standard_task_runner.py:60} INFO - Started process 716 to run task
[2026-02-02T09:57:32.894+0000] {standard_task_runner.py:87} INFO - Running: ['airflow', 'tasks', 'run', 'daily_order_analytics', 'run_batch_pipeline', 'manual__2026-02-02T09:46:14.958410+00:00', '--job-id', '48', '--raw', '--subdir', 'DAGS_FOLDER/daily_batch_dag.py', '--cfg-path', '/tmp/tmple_uplw3']
[2026-02-02T09:57:32.899+0000] {standard_task_runner.py:88} INFO - Job 48: Subtask run_batch_pipeline
[2026-02-02T09:57:32.962+0000] {task_command.py:423} INFO - Running <TaskInstance: daily_order_analytics.run_batch_pipeline manual__2026-02-02T09:46:14.958410+00:00 [running]> on host 4ba644d6f495
[2026-02-02T09:57:33.036+0000] {taskinstance.py:2480} INFO - Exporting env vars: AIRFLOW_CTX_DAG_OWNER='data-engineering' AIRFLOW_CTX_DAG_ID='daily_order_analytics' AIRFLOW_CTX_TASK_ID='run_batch_pipeline' AIRFLOW_CTX_EXECUTION_DATE='2026-02-02T09:46:14.958410+00:00' AIRFLOW_CTX_TRY_NUMBER='2' AIRFLOW_CTX_DAG_RUN_ID='manual__2026-02-02T09:46:14.958410+00:00'
[2026-02-02T09:57:33.046+0000] {base.py:83} INFO - Using connection ID 'spark_default' for task execution.
[2026-02-02T09:57:33.047+0000] {spark_submit.py:473} INFO - Spark-Submit cmd: spark-submit --master local --conf spark.jars.packages=org.***ql:***ql:42.7.1 --conf spark.driver.memory=2g --conf spark.executor.memory=2g --name arrow-spark /opt/airflow/dags/src/batch_pipeline.py 2026-02-02
[2026-02-02T09:57:33.182+0000] {spark_submit.py:634} INFO - /home/airflow/.local/lib/python3.11/site-packages/pyspark/bin/load-spark-env.sh: line 68: ps: command not found
[2026-02-02T09:57:37.382+0000] {spark_submit.py:634} INFO - :: loading settings :: url = jar:file:/home/airflow/.local/lib/python3.11/site-packages/pyspark/jars/ivy-2.5.1.jar!/org/apache/ivy/core/settings/ivysettings.xml
[2026-02-02T09:57:37.467+0000] {spark_submit.py:634} INFO - Ivy Default Cache set to: /home/airflow/.ivy2/cache
[2026-02-02T09:57:37.468+0000] {spark_submit.py:634} INFO - The jars for the packages stored in: /home/airflow/.ivy2/jars
[2026-02-02T09:57:37.470+0000] {spark_submit.py:634} INFO - org.***ql#***ql added as a dependency
[2026-02-02T09:57:37.474+0000] {spark_submit.py:634} INFO - :: resolving dependencies :: org.apache.spark#spark-submit-parent-9574723e-5ac8-4819-b783-80e6ce712bfe;1.0
[2026-02-02T09:57:37.474+0000] {spark_submit.py:634} INFO - confs: [default]
[2026-02-02T09:57:37.609+0000] {spark_submit.py:634} INFO - found org.***ql#***ql;42.7.1 in central
[2026-02-02T09:57:37.646+0000] {spark_submit.py:634} INFO - found org.checkerframework#checker-qual;3.41.0 in central
[2026-02-02T09:57:37.683+0000] {spark_submit.py:634} INFO - :: resolution report :: resolve 189ms :: artifacts dl 22ms
[2026-02-02T09:57:37.683+0000] {spark_submit.py:634} INFO - :: modules in use:
[2026-02-02T09:57:37.683+0000] {spark_submit.py:634} INFO - org.checkerframework#checker-qual;3.41.0 from central in [default]
[2026-02-02T09:57:37.684+0000] {spark_submit.py:634} INFO - org.***ql#***ql;42.7.1 from central in [default]
[2026-02-02T09:57:37.685+0000] {spark_submit.py:634} INFO - ---------------------------------------------------------------------
[2026-02-02T09:57:37.686+0000] {spark_submit.py:634} INFO - |                  |            modules            ||   artifacts   |
[2026-02-02T09:57:37.687+0000] {spark_submit.py:634} INFO - |       conf       | number| search|dwnlded|evicted|| number|dwnlded|
[2026-02-02T09:57:37.687+0000] {spark_submit.py:634} INFO - ---------------------------------------------------------------------
[2026-02-02T09:57:37.687+0000] {spark_submit.py:634} INFO - |      default     |   2   |   0   |   0   |   0   ||   2   |   0   |
[2026-02-02T09:57:37.687+0000] {spark_submit.py:634} INFO - ---------------------------------------------------------------------
[2026-02-02T09:57:37.701+0000] {spark_submit.py:634} INFO - :: retrieving :: org.apache.spark#spark-submit-parent-9574723e-5ac8-4819-b783-80e6ce712bfe
[2026-02-02T09:57:37.701+0000] {spark_submit.py:634} INFO - confs: [default]
[2026-02-02T09:57:37.706+0000] {spark_submit.py:634} INFO - 0 artifacts copied, 2 already retrieved (0kB/5ms)
[2026-02-02T09:57:38.212+0000] {spark_submit.py:634} INFO - 26/02/02 09:57:38 WARN NativeCodeLoader: Unable to load native-hadoop library for your platform... using builtin-java classes where applicable
[2026-02-02T09:57:39.964+0000] {spark_submit.py:634} INFO - 26/02/02 09:57:39 INFO SparkContext: Running Spark version 3.5.0
[2026-02-02T09:57:39.969+0000] {spark_submit.py:634} INFO - 26/02/02 09:57:39 INFO SparkContext: OS info Linux, 6.12.65-linuxkit, aarch64
[2026-02-02T09:57:39.969+0000] {spark_submit.py:634} INFO - 26/02/02 09:57:39 INFO SparkContext: Java version 17.0.18
[2026-02-02T09:57:40.046+0000] {spark_submit.py:634} INFO - 26/02/02 09:57:40 INFO ResourceUtils: ==============================================================
[2026-02-02T09:57:40.048+0000] {spark_submit.py:634} INFO - 26/02/02 09:57:40 INFO ResourceUtils: No custom resources configured for spark.driver.
[2026-02-02T09:57:40.049+0000] {spark_submit.py:634} INFO - 26/02/02 09:57:40 INFO ResourceUtils: ==============================================================
[2026-02-02T09:57:40.050+0000] {spark_submit.py:634} INFO - 26/02/02 09:57:40 INFO SparkContext: Submitted application: Daily_ETL_2026-02-02
[2026-02-02T09:57:40.141+0000] {spark_submit.py:634} INFO - 26/02/02 09:57:40 INFO ResourceProfile: Default ResourceProfile created, executor resources: Map(cores -> name: cores, amount: 1, script: , vendor: , memory -> name: memory, amount: 2048, script: , vendor: , offHeap -> name: offHeap, amount: 0, script: , vendor: ), task resources: Map(cpus -> name: cpus, amount: 1.0)
[2026-02-02T09:57:40.150+0000] {spark_submit.py:634} INFO - 26/02/02 09:57:40 INFO ResourceProfile: Limiting resource is cpu
[2026-02-02T09:57:40.150+0000] {spark_submit.py:634} INFO - 26/02/02 09:57:40 INFO ResourceProfileManager: Added ResourceProfile id: 0
[2026-02-02T09:57:40.332+0000] {spark_submit.py:634} INFO - 26/02/02 09:57:40 INFO SecurityManager: Changing view acls to: default
[2026-02-02T09:57:40.333+0000] {spark_submit.py:634} INFO - 26/02/02 09:57:40 INFO SecurityManager: Changing modify acls to: default
[2026-02-02T09:57:40.333+0000] {spark_submit.py:634} INFO - 26/02/02 09:57:40 INFO SecurityManager: Changing view acls groups to:
[2026-02-02T09:57:40.334+0000] {spark_submit.py:634} INFO - 26/02/02 09:57:40 INFO SecurityManager: Changing modify acls groups to:
[2026-02-02T09:57:40.334+0000] {spark_submit.py:634} INFO - 26/02/02 09:57:40 INFO SecurityManager: SecurityManager: authentication disabled; ui acls disabled; users with view permissions: default; groups with view permissions: EMPTY; users with modify permissions: default; groups with modify permissions: EMPTY
[2026-02-02T09:57:40.842+0000] {spark_submit.py:634} INFO - 26/02/02 09:57:40 INFO Utils: Successfully started service 'sparkDriver' on port 45289.
[2026-02-02T09:57:40.930+0000] {spark_submit.py:634} INFO - 26/02/02 09:57:40 INFO SparkEnv: Registering MapOutputTracker
[2026-02-02T09:57:41.005+0000] {spark_submit.py:634} INFO - 26/02/02 09:57:41 INFO SparkEnv: Registering BlockManagerMaster
[2026-02-02T09:57:41.223+0000] {spark_submit.py:634} INFO - 26/02/02 09:57:41 INFO BlockManagerMasterEndpoint: Using org.apache.spark.storage.DefaultTopologyMapper for getting topology information
[2026-02-02T09:57:41.224+0000] {spark_submit.py:634} INFO - 26/02/02 09:57:41 INFO BlockManagerMasterEndpoint: BlockManagerMasterEndpoint up
[2026-02-02T09:57:41.232+0000] {spark_submit.py:634} INFO - 26/02/02 09:57:41 INFO SparkEnv: Registering BlockManagerMasterHeartbeat
[2026-02-02T09:57:41.310+0000] {spark_submit.py:634} INFO - 26/02/02 09:57:41 INFO DiskBlockManager: Created local directory at /tmp/blockmgr-171ffd06-e6d8-43be-8852-2a8592cfd2f5
[2026-02-02T09:57:41.332+0000] {spark_submit.py:634} INFO - 26/02/02 09:57:41 INFO MemoryStore: MemoryStore started with capacity 1048.8 MiB
[2026-02-02T09:57:41.362+0000] {spark_submit.py:634} INFO - 26/02/02 09:57:41 INFO SparkEnv: Registering OutputCommitCoordinator
[2026-02-02T09:57:41.572+0000] {spark_submit.py:634} INFO - 26/02/02 09:57:41 INFO JettyUtils: Start Jetty 0.0.0.0:4040 for SparkUI
[2026-02-02T09:57:41.710+0000] {spark_submit.py:634} INFO - 26/02/02 09:57:41 INFO Utils: Successfully started service 'SparkUI' on port 4040.
[2026-02-02T09:57:41.830+0000] {spark_submit.py:634} INFO - 26/02/02 09:57:41 INFO SparkContext: Added JAR file:///home/airflow/.ivy2/jars/org.***ql_***ql-42.7.1.jar at spark://4ba644d6f495:45289/jars/org.***ql_***ql-42.7.1.jar with timestamp 1770026259950
[2026-02-02T09:57:41.833+0000] {spark_submit.py:634} INFO - 26/02/02 09:57:41 INFO SparkContext: Added JAR file:///home/airflow/.ivy2/jars/org.checkerframework_checker-qual-3.41.0.jar at spark://4ba644d6f495:45289/jars/org.checkerframework_checker-qual-3.41.0.jar with timestamp 1770026259950
[2026-02-02T09:57:41.840+0000] {spark_submit.py:634} INFO - 26/02/02 09:57:41 INFO SparkContext: Added file file:///home/airflow/.ivy2/jars/org.***ql_***ql-42.7.1.jar at file:///home/airflow/.ivy2/jars/org.***ql_***ql-42.7.1.jar with timestamp 1770026259950
[2026-02-02T09:57:41.844+0000] {spark_submit.py:634} INFO - 26/02/02 09:57:41 INFO Utils: Copying /home/airflow/.ivy2/jars/org.***ql_***ql-42.7.1.jar to /tmp/spark-c39df55d-1dca-4ace-8213-71282ad07861/userFiles-0f9d8a9e-52c5-4214-9c08-ccb7f2a7453b/org.***ql_***ql-42.7.1.jar
[2026-02-02T09:57:41.908+0000] {spark_submit.py:634} INFO - 26/02/02 09:57:41 INFO SparkContext: Added file file:///home/airflow/.ivy2/jars/org.checkerframework_checker-qual-3.41.0.jar at file:///home/airflow/.ivy2/jars/org.checkerframework_checker-qual-3.41.0.jar with timestamp 1770026259950
[2026-02-02T09:57:41.909+0000] {spark_submit.py:634} INFO - 26/02/02 09:57:41 INFO Utils: Copying /home/airflow/.ivy2/jars/org.checkerframework_checker-qual-3.41.0.jar to /tmp/spark-c39df55d-1dca-4ace-8213-71282ad07861/userFiles-0f9d8a9e-52c5-4214-9c08-ccb7f2a7453b/org.checkerframework_checker-qual-3.41.0.jar
[2026-02-02T09:57:42.158+0000] {spark_submit.py:634} INFO - 26/02/02 09:57:42 INFO Executor: Starting executor ID driver on host 4ba644d6f495
[2026-02-02T09:57:42.160+0000] {spark_submit.py:634} INFO - 26/02/02 09:57:42 INFO Executor: OS info Linux, 6.12.65-linuxkit, aarch64
[2026-02-02T09:57:42.160+0000] {spark_submit.py:634} INFO - 26/02/02 09:57:42 INFO Executor: Java version 17.0.18
[2026-02-02T09:57:42.165+0000] {spark_submit.py:634} INFO - 26/02/02 09:57:42 INFO Executor: Starting executor with user classpath (userClassPathFirst = false): ''
[2026-02-02T09:57:42.165+0000] {spark_submit.py:634} INFO - 26/02/02 09:57:42 INFO Executor: Created or updated repl class loader org.apache.spark.util.MutableURLClassLoader@27b7fd25 for default.
[2026-02-02T09:57:42.187+0000] {spark_submit.py:634} INFO - 26/02/02 09:57:42 INFO Executor: Fetching file:///home/airflow/.ivy2/jars/org.***ql_***ql-42.7.1.jar with timestamp 1770026259950
[2026-02-02T09:57:42.278+0000] {spark_submit.py:634} INFO - 26/02/02 09:57:42 INFO Utils: /home/airflow/.ivy2/jars/org.***ql_***ql-42.7.1.jar has been previously copied to /tmp/spark-c39df55d-1dca-4ace-8213-71282ad07861/userFiles-0f9d8a9e-52c5-4214-9c08-ccb7f2a7453b/org.***ql_***ql-42.7.1.jar
[2026-02-02T09:57:42.298+0000] {spark_submit.py:634} INFO - 26/02/02 09:57:42 INFO Executor: Fetching file:///home/airflow/.ivy2/jars/org.checkerframework_checker-qual-3.41.0.jar with timestamp 1770026259950
[2026-02-02T09:57:42.303+0000] {spark_submit.py:634} INFO - 26/02/02 09:57:42 INFO Utils: /home/airflow/.ivy2/jars/org.checkerframework_checker-qual-3.41.0.jar has been previously copied to /tmp/spark-c39df55d-1dca-4ace-8213-71282ad07861/userFiles-0f9d8a9e-52c5-4214-9c08-ccb7f2a7453b/org.checkerframework_checker-qual-3.41.0.jar
[2026-02-02T09:57:42.318+0000] {spark_submit.py:634} INFO - 26/02/02 09:57:42 INFO Executor: Fetching spark://4ba644d6f495:45289/jars/org.***ql_***ql-42.7.1.jar with timestamp 1770026259950
[2026-02-02T09:57:42.685+0000] {spark_submit.py:634} INFO - 26/02/02 09:57:42 INFO TransportClientFactory: Successfully created connection to 4ba644d6f495/172.18.0.4:45289 after 327 ms (0 ms spent in bootstraps)
[2026-02-02T09:57:42.697+0000] {spark_submit.py:634} INFO - 26/02/02 09:57:42 INFO Utils: Fetching spark://4ba644d6f495:45289/jars/org.***ql_***ql-42.7.1.jar to /tmp/spark-c39df55d-1dca-4ace-8213-71282ad07861/userFiles-0f9d8a9e-52c5-4214-9c08-ccb7f2a7453b/fetchFileTemp13154661242451657198.tmp
[2026-02-02T09:57:43.256+0000] {spark_submit.py:634} INFO - 26/02/02 09:57:43 INFO Utils: /tmp/spark-c39df55d-1dca-4ace-8213-71282ad07861/userFiles-0f9d8a9e-52c5-4214-9c08-ccb7f2a7453b/fetchFileTemp13154661242451657198.tmp has been previously copied to /tmp/spark-c39df55d-1dca-4ace-8213-71282ad07861/userFiles-0f9d8a9e-52c5-4214-9c08-ccb7f2a7453b/org.***ql_***ql-42.7.1.jar
[2026-02-02T09:57:43.322+0000] {spark_submit.py:634} INFO - 26/02/02 09:57:43 INFO Executor: Adding file:/tmp/spark-c39df55d-1dca-4ace-8213-71282ad07861/userFiles-0f9d8a9e-52c5-4214-9c08-ccb7f2a7453b/org.***ql_***ql-42.7.1.jar to class loader default
[2026-02-02T09:57:43.327+0000] {spark_submit.py:634} INFO - 26/02/02 09:57:43 INFO Executor: Fetching spark://4ba644d6f495:45289/jars/org.checkerframework_checker-qual-3.41.0.jar with timestamp 1770026259950
[2026-02-02T09:57:43.344+0000] {spark_submit.py:634} INFO - 26/02/02 09:57:43 INFO Utils: Fetching spark://4ba644d6f495:45289/jars/org.checkerframework_checker-qual-3.41.0.jar to /tmp/spark-c39df55d-1dca-4ace-8213-71282ad07861/userFiles-0f9d8a9e-52c5-4214-9c08-ccb7f2a7453b/fetchFileTemp18228943696996670416.tmp
[2026-02-02T09:57:43.363+0000] {spark_submit.py:634} INFO - 26/02/02 09:57:43 INFO Utils: /tmp/spark-c39df55d-1dca-4ace-8213-71282ad07861/userFiles-0f9d8a9e-52c5-4214-9c08-ccb7f2a7453b/fetchFileTemp18228943696996670416.tmp has been previously copied to /tmp/spark-c39df55d-1dca-4ace-8213-71282ad07861/userFiles-0f9d8a9e-52c5-4214-9c08-ccb7f2a7453b/org.checkerframework_checker-qual-3.41.0.jar
[2026-02-02T09:57:43.386+0000] {spark_submit.py:634} INFO - 26/02/02 09:57:43 INFO Executor: Adding file:/tmp/spark-c39df55d-1dca-4ace-8213-71282ad07861/userFiles-0f9d8a9e-52c5-4214-9c08-ccb7f2a7453b/org.checkerframework_checker-qual-3.41.0.jar to class loader default
[2026-02-02T09:57:43.449+0000] {spark_submit.py:634} INFO - 26/02/02 09:57:43 INFO Utils: Successfully started service 'org.apache.spark.network.netty.NettyBlockTransferService' on port 46197.
[2026-02-02T09:57:43.449+0000] {spark_submit.py:634} INFO - 26/02/02 09:57:43 INFO NettyBlockTransferService: Server created on 4ba644d6f495:46197
[2026-02-02T09:57:43.453+0000] {spark_submit.py:634} INFO - 26/02/02 09:57:43 INFO BlockManager: Using org.apache.spark.storage.RandomBlockReplicationPolicy for block replication policy
[2026-02-02T09:57:43.510+0000] {spark_submit.py:634} INFO - 26/02/02 09:57:43 INFO BlockManagerMaster: Registering BlockManager BlockManagerId(driver, 4ba644d6f495, 46197, None)
[2026-02-02T09:57:43.601+0000] {spark_submit.py:634} INFO - 26/02/02 09:57:43 INFO BlockManagerMasterEndpoint: Registering block manager 4ba644d6f495:46197 with 1048.8 MiB RAM, BlockManagerId(driver, 4ba644d6f495, 46197, None)
[2026-02-02T09:57:43.607+0000] {spark_submit.py:634} INFO - 26/02/02 09:57:43 INFO BlockManagerMaster: Registered BlockManager BlockManagerId(driver, 4ba644d6f495, 46197, None)
[2026-02-02T09:57:43.610+0000] {spark_submit.py:634} INFO - 26/02/02 09:57:43 INFO BlockManager: Initialized BlockManager: BlockManagerId(driver, 4ba644d6f495, 46197, None)
[2026-02-02T09:57:45.050+0000] {spark_submit.py:634} INFO - DEBUG: Processing data for 2026-02-02
[2026-02-02T09:57:45.076+0000] {spark_submit.py:634} INFO - 26/02/02 09:57:45 INFO SharedState: Setting hive.metastore.warehouse.dir ('null') to the value of spark.sql.warehouse.dir.
[2026-02-02T09:57:45.135+0000] {spark_submit.py:634} INFO - 26/02/02 09:57:45 INFO SharedState: Warehouse path is 'file:/opt/airflow/spark-warehouse'.
[2026-02-02T09:57:49.986+0000] {spark_submit.py:634} INFO - Loading data to PostgreSQL...
[2026-02-02T09:57:51.460+0000] {spark_submit.py:634} INFO - 26/02/02 09:57:51 INFO CodeGenerator: Code generated in 177.974667 ms
[2026-02-02T09:57:51.573+0000] {spark_submit.py:634} INFO - 26/02/02 09:57:51 INFO DAGScheduler: Registering RDD 3 (jdbc at NativeMethodAccessorImpl.java:0) as input to shuffle 0
[2026-02-02T09:57:51.580+0000] {spark_submit.py:634} INFO - 26/02/02 09:57:51 INFO CodeGenerator: Code generated in 11.658125 ms
[2026-02-02T09:57:51.591+0000] {spark_submit.py:634} INFO - 26/02/02 09:57:51 INFO DAGScheduler: Got map stage job 0 (jdbc at NativeMethodAccessorImpl.java:0) with 1 output partitions
[2026-02-02T09:57:51.591+0000] {spark_submit.py:634} INFO - 26/02/02 09:57:51 INFO DAGScheduler: Final stage: ShuffleMapStage 0 (jdbc at NativeMethodAccessorImpl.java:0)
[2026-02-02T09:57:51.591+0000] {spark_submit.py:634} INFO - 26/02/02 09:57:51 INFO DAGScheduler: Parents of final stage: List()
[2026-02-02T09:57:51.592+0000] {spark_submit.py:634} INFO - 26/02/02 09:57:51 INFO DAGScheduler: Missing parents: List()
[2026-02-02T09:57:51.597+0000] {spark_submit.py:634} INFO - 26/02/02 09:57:51 INFO DAGScheduler: Submitting ShuffleMapStage 0 (MapPartitionsRDD[3] at jdbc at NativeMethodAccessorImpl.java:0), which has no missing parents
[2026-02-02T09:57:51.741+0000] {spark_submit.py:634} INFO - 26/02/02 09:57:51 INFO MemoryStore: Block broadcast_0 stored as values in memory (estimated size 15.7 KiB, free 1048.8 MiB)
[2026-02-02T09:57:51.793+0000] {spark_submit.py:634} INFO - 26/02/02 09:57:51 INFO MemoryStore: Block broadcast_0_piece0 stored as bytes in memory (estimated size 8.1 KiB, free 1048.8 MiB)
[2026-02-02T09:57:51.799+0000] {spark_submit.py:634} INFO - 26/02/02 09:57:51 INFO BlockManagerInfo: Added broadcast_0_piece0 in memory on 4ba644d6f495:46197 (size: 8.1 KiB, free: 1048.8 MiB)
[2026-02-02T09:57:51.807+0000] {spark_submit.py:634} INFO - 26/02/02 09:57:51 INFO SparkContext: Created broadcast 0 from broadcast at DAGScheduler.scala:1580
[2026-02-02T09:57:51.839+0000] {spark_submit.py:634} INFO - 26/02/02 09:57:51 INFO DAGScheduler: Submitting 1 missing tasks from ShuffleMapStage 0 (MapPartitionsRDD[3] at jdbc at NativeMethodAccessorImpl.java:0) (first 15 tasks are for partitions Vector(0))
[2026-02-02T09:57:51.840+0000] {spark_submit.py:634} INFO - 26/02/02 09:57:51 INFO TaskSchedulerImpl: Adding task set 0.0 with 1 tasks resource profile 0
[2026-02-02T09:57:51.856+0000] {spark_submit.py:634} INFO - 26/02/02 09:57:51 INFO DAGScheduler: Registering RDD 5 (jdbc at NativeMethodAccessorImpl.java:0) as input to shuffle 1
[2026-02-02T09:57:51.857+0000] {spark_submit.py:634} INFO - 26/02/02 09:57:51 INFO DAGScheduler: Got map stage job 1 (jdbc at NativeMethodAccessorImpl.java:0) with 1 output partitions
[2026-02-02T09:57:51.857+0000] {spark_submit.py:634} INFO - 26/02/02 09:57:51 INFO DAGScheduler: Final stage: ShuffleMapStage 1 (jdbc at NativeMethodAccessorImpl.java:0)
[2026-02-02T09:57:51.857+0000] {spark_submit.py:634} INFO - 26/02/02 09:57:51 INFO DAGScheduler: Parents of final stage: List()
[2026-02-02T09:57:51.858+0000] {spark_submit.py:634} INFO - 26/02/02 09:57:51 INFO DAGScheduler: Missing parents: List()
[2026-02-02T09:57:51.858+0000] {spark_submit.py:634} INFO - 26/02/02 09:57:51 INFO DAGScheduler: Submitting ShuffleMapStage 1 (MapPartitionsRDD[5] at jdbc at NativeMethodAccessorImpl.java:0), which has no missing parents
[2026-02-02T09:57:51.861+0000] {spark_submit.py:634} INFO - 26/02/02 09:57:51 INFO MemoryStore: Block broadcast_1 stored as values in memory (estimated size 14.5 KiB, free 1048.8 MiB)
[2026-02-02T09:57:51.864+0000] {spark_submit.py:634} INFO - 26/02/02 09:57:51 INFO MemoryStore: Block broadcast_1_piece0 stored as bytes in memory (estimated size 7.6 KiB, free 1048.8 MiB)
[2026-02-02T09:57:51.865+0000] {spark_submit.py:634} INFO - 26/02/02 09:57:51 INFO BlockManagerInfo: Added broadcast_1_piece0 in memory on 4ba644d6f495:46197 (size: 7.6 KiB, free: 1048.8 MiB)
[2026-02-02T09:57:51.866+0000] {spark_submit.py:634} INFO - 26/02/02 09:57:51 INFO SparkContext: Created broadcast 1 from broadcast at DAGScheduler.scala:1580
[2026-02-02T09:57:51.868+0000] {spark_submit.py:634} INFO - 26/02/02 09:57:51 INFO DAGScheduler: Submitting 1 missing tasks from ShuffleMapStage 1 (MapPartitionsRDD[5] at jdbc at NativeMethodAccessorImpl.java:0) (first 15 tasks are for partitions Vector(0))
[2026-02-02T09:57:51.868+0000] {spark_submit.py:634} INFO - 26/02/02 09:57:51 INFO TaskSchedulerImpl: Adding task set 1.0 with 1 tasks resource profile 0
[2026-02-02T09:57:51.878+0000] {spark_submit.py:634} INFO - 26/02/02 09:57:51 INFO TaskSetManager: Starting task 0.0 in stage 0.0 (TID 0) (4ba644d6f495, executor driver, partition 0, PROCESS_LOCAL, 7943 bytes)
[2026-02-02T09:57:51.890+0000] {spark_submit.py:634} INFO - 26/02/02 09:57:51 INFO Executor: Running task 0.0 in stage 0.0 (TID 0)
[2026-02-02T09:57:52.001+0000] {spark_submit.py:634} INFO - 26/02/02 09:57:52 INFO CodeGenerator: Code generated in 9.359959 ms
[2026-02-02T09:57:52.027+0000] {spark_submit.py:634} INFO - 26/02/02 09:57:52 INFO CodeGenerator: Code generated in 13.258709 ms
[2026-02-02T09:57:52.041+0000] {spark_submit.py:634} INFO - 26/02/02 09:57:52 INFO JDBCRDD: closed connection
[2026-02-02T09:57:52.058+0000] {spark_submit.py:634} INFO - 26/02/02 09:57:52 INFO Executor: Finished task 0.0 in stage 0.0 (TID 0). 1817 bytes result sent to driver
[2026-02-02T09:57:52.062+0000] {spark_submit.py:634} INFO - 26/02/02 09:57:52 INFO TaskSetManager: Starting task 0.0 in stage 1.0 (TID 1) (4ba644d6f495, executor driver, partition 0, PROCESS_LOCAL, 7943 bytes)
[2026-02-02T09:57:52.063+0000] {spark_submit.py:634} INFO - 26/02/02 09:57:52 INFO Executor: Running task 0.0 in stage 1.0 (TID 1)
[2026-02-02T09:57:52.066+0000] {spark_submit.py:634} INFO - 26/02/02 09:57:52 INFO TaskSetManager: Finished task 0.0 in stage 0.0 (TID 0) in 195 ms on 4ba644d6f495 (executor driver) (1/1)
[2026-02-02T09:57:52.067+0000] {spark_submit.py:634} INFO - 26/02/02 09:57:52 INFO TaskSchedulerImpl: Removed TaskSet 0.0, whose tasks have all completed, from pool
[2026-02-02T09:57:52.075+0000] {spark_submit.py:634} INFO - 26/02/02 09:57:52 INFO DAGScheduler: ShuffleMapStage 0 (jdbc at NativeMethodAccessorImpl.java:0) finished in 0.448 s
[2026-02-02T09:57:52.076+0000] {spark_submit.py:634} INFO - 26/02/02 09:57:52 INFO DAGScheduler: looking for newly runnable stages
[2026-02-02T09:57:52.076+0000] {spark_submit.py:634} INFO - 26/02/02 09:57:52 INFO DAGScheduler: running: Set(ShuffleMapStage 1)
[2026-02-02T09:57:52.076+0000] {spark_submit.py:634} INFO - 26/02/02 09:57:52 INFO DAGScheduler: waiting: Set()
[2026-02-02T09:57:52.077+0000] {spark_submit.py:634} INFO - 26/02/02 09:57:52 INFO DAGScheduler: failed: Set()
[2026-02-02T09:57:52.090+0000] {spark_submit.py:634} INFO - 26/02/02 09:57:52 INFO CodeGenerator: Code generated in 9.999542 ms
[2026-02-02T09:57:52.103+0000] {spark_submit.py:634} INFO - 26/02/02 09:57:52 INFO CodeGenerator: Code generated in 9.433375 ms
[2026-02-02T09:57:52.105+0000] {spark_submit.py:634} INFO - 26/02/02 09:57:52 INFO JDBCRDD: closed connection
[2026-02-02T09:57:52.119+0000] {spark_submit.py:634} INFO - 26/02/02 09:57:52 INFO Executor: Finished task 0.0 in stage 1.0 (TID 1). 1860 bytes result sent to driver
[2026-02-02T09:57:52.122+0000] {spark_submit.py:634} INFO - 26/02/02 09:57:52 INFO TaskSetManager: Finished task 0.0 in stage 1.0 (TID 1) in 59 ms on 4ba644d6f495 (executor driver) (1/1)
[2026-02-02T09:57:52.123+0000] {spark_submit.py:634} INFO - 26/02/02 09:57:52 INFO TaskSchedulerImpl: Removed TaskSet 1.0, whose tasks have all completed, from pool
[2026-02-02T09:57:52.126+0000] {spark_submit.py:634} INFO - 26/02/02 09:57:52 INFO DAGScheduler: ShuffleMapStage 1 (jdbc at NativeMethodAccessorImpl.java:0) finished in 0.265 s
[2026-02-02T09:57:52.126+0000] {spark_submit.py:634} INFO - 26/02/02 09:57:52 INFO DAGScheduler: looking for newly runnable stages
[2026-02-02T09:57:52.127+0000] {spark_submit.py:634} INFO - 26/02/02 09:57:52 INFO DAGScheduler: running: Set()
[2026-02-02T09:57:52.127+0000] {spark_submit.py:634} INFO - 26/02/02 09:57:52 INFO DAGScheduler: waiting: Set()
[2026-02-02T09:57:52.127+0000] {spark_submit.py:634} INFO - 26/02/02 09:57:52 INFO DAGScheduler: failed: Set()
[2026-02-02T09:57:52.136+0000] {spark_submit.py:634} INFO - 26/02/02 09:57:52 INFO BlockManagerInfo: Removed broadcast_0_piece0 on 4ba644d6f495:46197 in memory (size: 8.1 KiB, free: 1048.8 MiB)
[2026-02-02T09:57:52.158+0000] {spark_submit.py:634} INFO - 26/02/02 09:57:52 INFO SparkContext: Starting job: jdbc at NativeMethodAccessorImpl.java:0
[2026-02-02T09:57:52.160+0000] {spark_submit.py:634} INFO - 26/02/02 09:57:52 INFO DAGScheduler: Job 2 finished: jdbc at NativeMethodAccessorImpl.java:0, took 0.001478 s
[2026-02-02T09:57:52.397+0000] {spark_submit.py:634} INFO - 26/02/02 09:57:52 INFO DAGScheduler: Registering RDD 14 (jdbc at NativeMethodAccessorImpl.java:0) as input to shuffle 2
[2026-02-02T09:57:52.403+0000] {spark_submit.py:634} INFO - 26/02/02 09:57:52 INFO DAGScheduler: Got map stage job 3 (jdbc at NativeMethodAccessorImpl.java:0) with 1 output partitions
[2026-02-02T09:57:52.403+0000] {spark_submit.py:634} INFO - 26/02/02 09:57:52 INFO DAGScheduler: Final stage: ShuffleMapStage 2 (jdbc at NativeMethodAccessorImpl.java:0)
[2026-02-02T09:57:52.407+0000] {spark_submit.py:634} INFO - 26/02/02 09:57:52 INFO DAGScheduler: Parents of final stage: List()
[2026-02-02T09:57:52.408+0000] {spark_submit.py:634} INFO - 26/02/02 09:57:52 INFO DAGScheduler: Missing parents: List()
[2026-02-02T09:57:52.408+0000] {spark_submit.py:634} INFO - 26/02/02 09:57:52 INFO DAGScheduler: Submitting ShuffleMapStage 2 (MapPartitionsRDD[14] at jdbc at NativeMethodAccessorImpl.java:0), which has no missing parents
[2026-02-02T09:57:52.408+0000] {spark_submit.py:634} INFO - 26/02/02 09:57:52 INFO MemoryStore: Block broadcast_2 stored as values in memory (estimated size 15.7 KiB, free 1048.8 MiB)
[2026-02-02T09:57:52.414+0000] {spark_submit.py:634} INFO - 26/02/02 09:57:52 INFO MemoryStore: Block broadcast_2_piece0 stored as bytes in memory (estimated size 8.1 KiB, free 1048.8 MiB)
[2026-02-02T09:57:52.420+0000] {spark_submit.py:634} INFO - 26/02/02 09:57:52 INFO BlockManagerInfo: Added broadcast_2_piece0 in memory on 4ba644d6f495:46197 (size: 8.1 KiB, free: 1048.8 MiB)
[2026-02-02T09:57:52.421+0000] {spark_submit.py:634} INFO - 26/02/02 09:57:52 INFO BlockManagerInfo: Removed broadcast_1_piece0 on 4ba644d6f495:46197 in memory (size: 7.6 KiB, free: 1048.8 MiB)
[2026-02-02T09:57:52.422+0000] {spark_submit.py:634} INFO - 26/02/02 09:57:52 INFO SparkContext: Created broadcast 2 from broadcast at DAGScheduler.scala:1580
[2026-02-02T09:57:52.424+0000] {spark_submit.py:634} INFO - 26/02/02 09:57:52 INFO DAGScheduler: Submitting 1 missing tasks from ShuffleMapStage 2 (MapPartitionsRDD[14] at jdbc at NativeMethodAccessorImpl.java:0) (first 15 tasks are for partitions Vector(0))
[2026-02-02T09:57:52.425+0000] {spark_submit.py:634} INFO - 26/02/02 09:57:52 INFO TaskSchedulerImpl: Adding task set 2.0 with 1 tasks resource profile 0
[2026-02-02T09:57:52.426+0000] {spark_submit.py:634} INFO - 26/02/02 09:57:52 INFO TaskSetManager: Starting task 0.0 in stage 2.0 (TID 2) (4ba644d6f495, executor driver, partition 0, PROCESS_LOCAL, 7943 bytes)
[2026-02-02T09:57:52.427+0000] {spark_submit.py:634} INFO - 26/02/02 09:57:52 INFO Executor: Running task 0.0 in stage 2.0 (TID 2)
[2026-02-02T09:57:52.429+0000] {spark_submit.py:634} INFO - 26/02/02 09:57:52 INFO CodeGenerator: Code generated in 30.788625 ms
[2026-02-02T09:57:52.433+0000] {spark_submit.py:634} INFO - 26/02/02 09:57:52 INFO DAGScheduler: Registering RDD 16 (jdbc at NativeMethodAccessorImpl.java:0) as input to shuffle 3
[2026-02-02T09:57:52.434+0000] {spark_submit.py:634} INFO - 26/02/02 09:57:52 INFO DAGScheduler: Got map stage job 4 (jdbc at NativeMethodAccessorImpl.java:0) with 1 output partitions
[2026-02-02T09:57:52.434+0000] {spark_submit.py:634} INFO - 26/02/02 09:57:52 INFO DAGScheduler: Final stage: ShuffleMapStage 3 (jdbc at NativeMethodAccessorImpl.java:0)
[2026-02-02T09:57:52.434+0000] {spark_submit.py:634} INFO - 26/02/02 09:57:52 INFO DAGScheduler: Parents of final stage: List()
[2026-02-02T09:57:52.434+0000] {spark_submit.py:634} INFO - 26/02/02 09:57:52 INFO DAGScheduler: Missing parents: List()
[2026-02-02T09:57:52.436+0000] {spark_submit.py:634} INFO - 26/02/02 09:57:52 INFO DAGScheduler: Submitting ShuffleMapStage 3 (MapPartitionsRDD[16] at jdbc at NativeMethodAccessorImpl.java:0), which has no missing parents
[2026-02-02T09:57:52.447+0000] {spark_submit.py:634} INFO - 26/02/02 09:57:52 INFO MemoryStore: Block broadcast_3 stored as values in memory (estimated size 14.9 KiB, free 1048.8 MiB)
[2026-02-02T09:57:52.474+0000] {spark_submit.py:634} INFO - 26/02/02 09:57:52 INFO MemoryStore: Block broadcast_3_piece0 stored as bytes in memory (estimated size 7.7 KiB, free 1048.8 MiB)
[2026-02-02T09:57:52.475+0000] {spark_submit.py:634} INFO - 26/02/02 09:57:52 INFO BlockManagerInfo: Added broadcast_3_piece0 in memory on 4ba644d6f495:46197 (size: 7.7 KiB, free: 1048.8 MiB)
[2026-02-02T09:57:52.475+0000] {spark_submit.py:634} INFO - 26/02/02 09:57:52 INFO SparkContext: Created broadcast 3 from broadcast at DAGScheduler.scala:1580
[2026-02-02T09:57:52.477+0000] {spark_submit.py:634} INFO - 26/02/02 09:57:52 INFO DAGScheduler: Submitting 1 missing tasks from ShuffleMapStage 3 (MapPartitionsRDD[16] at jdbc at NativeMethodAccessorImpl.java:0) (first 15 tasks are for partitions Vector(0))
[2026-02-02T09:57:52.477+0000] {spark_submit.py:634} INFO - 26/02/02 09:57:52 INFO TaskSchedulerImpl: Adding task set 3.0 with 1 tasks resource profile 0
[2026-02-02T09:57:52.491+0000] {spark_submit.py:634} INFO - 26/02/02 09:57:52 INFO JDBCRDD: closed connection
[2026-02-02T09:57:52.499+0000] {spark_submit.py:634} INFO - 26/02/02 09:57:52 INFO Executor: Finished task 0.0 in stage 2.0 (TID 2). 1860 bytes result sent to driver
[2026-02-02T09:57:52.501+0000] {spark_submit.py:634} INFO - 26/02/02 09:57:52 INFO TaskSetManager: Starting task 0.0 in stage 3.0 (TID 3) (4ba644d6f495, executor driver, partition 0, PROCESS_LOCAL, 7943 bytes)
[2026-02-02T09:57:52.502+0000] {spark_submit.py:634} INFO - 26/02/02 09:57:52 INFO TaskSetManager: Finished task 0.0 in stage 2.0 (TID 2) in 76 ms on 4ba644d6f495 (executor driver) (1/1)
[2026-02-02T09:57:52.502+0000] {spark_submit.py:634} INFO - 26/02/02 09:57:52 INFO TaskSchedulerImpl: Removed TaskSet 2.0, whose tasks have all completed, from pool
[2026-02-02T09:57:52.503+0000] {spark_submit.py:634} INFO - 26/02/02 09:57:52 INFO Executor: Running task 0.0 in stage 3.0 (TID 3)
[2026-02-02T09:57:52.504+0000] {spark_submit.py:634} INFO - 26/02/02 09:57:52 INFO DAGScheduler: ShuffleMapStage 2 (jdbc at NativeMethodAccessorImpl.java:0) finished in 0.107 s
[2026-02-02T09:57:52.505+0000] {spark_submit.py:634} INFO - 26/02/02 09:57:52 INFO DAGScheduler: looking for newly runnable stages
[2026-02-02T09:57:52.506+0000] {spark_submit.py:634} INFO - 26/02/02 09:57:52 INFO DAGScheduler: running: Set(ShuffleMapStage 3)
[2026-02-02T09:57:52.506+0000] {spark_submit.py:634} INFO - 26/02/02 09:57:52 INFO DAGScheduler: waiting: Set()
[2026-02-02T09:57:52.507+0000] {spark_submit.py:634} INFO - 26/02/02 09:57:52 INFO DAGScheduler: failed: Set()
[2026-02-02T09:57:52.557+0000] {spark_submit.py:634} INFO - 26/02/02 09:57:52 INFO CodeGenerator: Code generated in 17.405334 ms
[2026-02-02T09:57:52.562+0000] {spark_submit.py:634} INFO - 26/02/02 09:57:52 INFO SparkContext: Starting job: jdbc at NativeMethodAccessorImpl.java:0
[2026-02-02T09:57:52.564+0000] {spark_submit.py:634} INFO - 26/02/02 09:57:52 INFO DAGScheduler: Job 5 finished: jdbc at NativeMethodAccessorImpl.java:0, took 0.001259 s
[2026-02-02T09:57:52.568+0000] {spark_submit.py:634} INFO - 26/02/02 09:57:52 INFO JDBCRDD: closed connection
[2026-02-02T09:57:52.574+0000] {spark_submit.py:634} INFO - 26/02/02 09:57:52 INFO Executor: Finished task 0.0 in stage 3.0 (TID 3). 1817 bytes result sent to driver
[2026-02-02T09:57:52.578+0000] {spark_submit.py:634} INFO - 26/02/02 09:57:52 INFO TaskSetManager: Finished task 0.0 in stage 3.0 (TID 3) in 77 ms on 4ba644d6f495 (executor driver) (1/1)
[2026-02-02T09:57:52.580+0000] {spark_submit.py:634} INFO - 26/02/02 09:57:52 INFO TaskSchedulerImpl: Removed TaskSet 3.0, whose tasks have all completed, from pool
[2026-02-02T09:57:52.580+0000] {spark_submit.py:634} INFO - 26/02/02 09:57:52 INFO DAGScheduler: ShuffleMapStage 3 (jdbc at NativeMethodAccessorImpl.java:0) finished in 0.139 s
[2026-02-02T09:57:52.581+0000] {spark_submit.py:634} INFO - 26/02/02 09:57:52 INFO DAGScheduler: looking for newly runnable stages
[2026-02-02T09:57:52.581+0000] {spark_submit.py:634} INFO - 26/02/02 09:57:52 INFO DAGScheduler: running: Set()
[2026-02-02T09:57:52.581+0000] {spark_submit.py:634} INFO - 26/02/02 09:57:52 INFO DAGScheduler: waiting: Set()
[2026-02-02T09:57:52.581+0000] {spark_submit.py:634} INFO - 26/02/02 09:57:52 INFO DAGScheduler: failed: Set()
[2026-02-02T09:57:52.828+0000] {spark_submit.py:634} INFO - 26/02/02 09:57:52 INFO CodeGenerator: Code generated in 34.4375 ms
[2026-02-02T09:57:52.858+0000] {spark_submit.py:634} INFO - 26/02/02 09:57:52 INFO DAGScheduler: Registering RDD 26 (jdbc at NativeMethodAccessorImpl.java:0) as input to shuffle 4
[2026-02-02T09:57:52.860+0000] {spark_submit.py:634} INFO - 26/02/02 09:57:52 INFO DAGScheduler: Got map stage job 6 (jdbc at NativeMethodAccessorImpl.java:0) with 1 output partitions
[2026-02-02T09:57:52.862+0000] {spark_submit.py:634} INFO - 26/02/02 09:57:52 INFO DAGScheduler: Final stage: ShuffleMapStage 4 (jdbc at NativeMethodAccessorImpl.java:0)
[2026-02-02T09:57:52.864+0000] {spark_submit.py:634} INFO - 26/02/02 09:57:52 INFO DAGScheduler: Parents of final stage: List()
[2026-02-02T09:57:52.864+0000] {spark_submit.py:634} INFO - 26/02/02 09:57:52 INFO DAGScheduler: Missing parents: List()
[2026-02-02T09:57:52.864+0000] {spark_submit.py:634} INFO - 26/02/02 09:57:52 INFO DAGScheduler: Submitting ShuffleMapStage 4 (MapPartitionsRDD[26] at jdbc at NativeMethodAccessorImpl.java:0), which has no missing parents
[2026-02-02T09:57:52.898+0000] {spark_submit.py:634} INFO - 26/02/02 09:57:52 INFO MemoryStore: Block broadcast_4 stored as values in memory (estimated size 28.4 KiB, free 1048.7 MiB)
[2026-02-02T09:57:52.904+0000] {spark_submit.py:634} INFO - 26/02/02 09:57:52 INFO MemoryStore: Block broadcast_4_piece0 stored as bytes in memory (estimated size 13.7 KiB, free 1048.7 MiB)
[2026-02-02T09:57:52.906+0000] {spark_submit.py:634} INFO - 26/02/02 09:57:52 INFO BlockManagerInfo: Added broadcast_4_piece0 in memory on 4ba644d6f495:46197 (size: 13.7 KiB, free: 1048.8 MiB)
[2026-02-02T09:57:52.906+0000] {spark_submit.py:634} INFO - 26/02/02 09:57:52 INFO SparkContext: Created broadcast 4 from broadcast at DAGScheduler.scala:1580
[2026-02-02T09:57:52.907+0000] {spark_submit.py:634} INFO - 26/02/02 09:57:52 INFO DAGScheduler: Submitting 1 missing tasks from ShuffleMapStage 4 (MapPartitionsRDD[26] at jdbc at NativeMethodAccessorImpl.java:0) (first 15 tasks are for partitions Vector(0))
[2026-02-02T09:57:52.907+0000] {spark_submit.py:634} INFO - 26/02/02 09:57:52 INFO TaskSchedulerImpl: Adding task set 4.0 with 1 tasks resource profile 0
[2026-02-02T09:57:52.908+0000] {spark_submit.py:634} INFO - 26/02/02 09:57:52 INFO DAGScheduler: Registering RDD 28 (jdbc at NativeMethodAccessorImpl.java:0) as input to shuffle 5
[2026-02-02T09:57:52.910+0000] {spark_submit.py:634} INFO - 26/02/02 09:57:52 INFO TaskSetManager: Starting task 0.0 in stage 4.0 (TID 4) (4ba644d6f495, executor driver, partition 0, PROCESS_LOCAL, 7943 bytes)
[2026-02-02T09:57:52.913+0000] {spark_submit.py:634} INFO - 26/02/02 09:57:52 INFO DAGScheduler: Got map stage job 7 (jdbc at NativeMethodAccessorImpl.java:0) with 1 output partitions
[2026-02-02T09:57:52.914+0000] {spark_submit.py:634} INFO - 26/02/02 09:57:52 INFO DAGScheduler: Final stage: ShuffleMapStage 5 (jdbc at NativeMethodAccessorImpl.java:0)
[2026-02-02T09:57:52.917+0000] {spark_submit.py:634} INFO - 26/02/02 09:57:52 INFO DAGScheduler: Parents of final stage: List()
[2026-02-02T09:57:52.918+0000] {spark_submit.py:634} INFO - 26/02/02 09:57:52 INFO DAGScheduler: Missing parents: List()
[2026-02-02T09:57:52.918+0000] {spark_submit.py:634} INFO - 26/02/02 09:57:52 INFO DAGScheduler: Submitting ShuffleMapStage 5 (MapPartitionsRDD[28] at jdbc at NativeMethodAccessorImpl.java:0), which has no missing parents
[2026-02-02T09:57:52.918+0000] {spark_submit.py:634} INFO - 26/02/02 09:57:52 INFO Executor: Running task 0.0 in stage 4.0 (TID 4)
[2026-02-02T09:57:52.918+0000] {spark_submit.py:634} INFO - 26/02/02 09:57:52 INFO MemoryStore: Block broadcast_5 stored as values in memory (estimated size 14.5 KiB, free 1048.7 MiB)
[2026-02-02T09:57:52.924+0000] {spark_submit.py:634} INFO - 26/02/02 09:57:52 INFO MemoryStore: Block broadcast_5_piece0 stored as bytes in memory (estimated size 7.6 KiB, free 1048.7 MiB)
[2026-02-02T09:57:52.929+0000] {spark_submit.py:634} INFO - 26/02/02 09:57:52 INFO BlockManagerInfo: Added broadcast_5_piece0 in memory on 4ba644d6f495:46197 (size: 7.6 KiB, free: 1048.8 MiB)
[2026-02-02T09:57:52.929+0000] {spark_submit.py:634} INFO - 26/02/02 09:57:52 INFO SparkContext: Created broadcast 5 from broadcast at DAGScheduler.scala:1580
[2026-02-02T09:57:52.932+0000] {spark_submit.py:634} INFO - 26/02/02 09:57:52 INFO DAGScheduler: Submitting 1 missing tasks from ShuffleMapStage 5 (MapPartitionsRDD[28] at jdbc at NativeMethodAccessorImpl.java:0) (first 15 tasks are for partitions Vector(0))
[2026-02-02T09:57:52.933+0000] {spark_submit.py:634} INFO - 26/02/02 09:57:52 INFO TaskSchedulerImpl: Adding task set 5.0 with 1 tasks resource profile 0
[2026-02-02T09:57:52.975+0000] {spark_submit.py:634} INFO - 26/02/02 09:57:52 INFO CodeGenerator: Code generated in 21.59425 ms
[2026-02-02T09:57:53.009+0000] {spark_submit.py:634} INFO - 26/02/02 09:57:53 INFO CodeGenerator: Code generated in 20.642541 ms
[2026-02-02T09:57:53.033+0000] {spark_submit.py:634} INFO - 26/02/02 09:57:53 INFO CodeGenerator: Code generated in 11.871958 ms
[2026-02-02T09:57:53.096+0000] {spark_submit.py:634} INFO - 26/02/02 09:57:53 INFO CodeGenerator: Code generated in 37.027292 ms
[2026-02-02T09:57:53.104+0000] {spark_submit.py:634} INFO - 26/02/02 09:57:53 INFO JDBCRDD: closed connection
[2026-02-02T09:57:53.139+0000] {spark_submit.py:634} INFO - 26/02/02 09:57:53 INFO Executor: Finished task 0.0 in stage 4.0 (TID 4). 2126 bytes result sent to driver
[2026-02-02T09:57:53.145+0000] {spark_submit.py:634} INFO - 26/02/02 09:57:53 INFO TaskSetManager: Starting task 0.0 in stage 5.0 (TID 5) (4ba644d6f495, executor driver, partition 0, PROCESS_LOCAL, 7943 bytes)
[2026-02-02T09:57:53.147+0000] {spark_submit.py:634} INFO - 26/02/02 09:57:53 INFO TaskSetManager: Finished task 0.0 in stage 4.0 (TID 4) in 238 ms on 4ba644d6f495 (executor driver) (1/1)
[2026-02-02T09:57:53.150+0000] {spark_submit.py:634} INFO - 26/02/02 09:57:53 INFO Executor: Running task 0.0 in stage 5.0 (TID 5)
[2026-02-02T09:57:53.151+0000] {spark_submit.py:634} INFO - 26/02/02 09:57:53 INFO TaskSchedulerImpl: Removed TaskSet 4.0, whose tasks have all completed, from pool
[2026-02-02T09:57:53.151+0000] {spark_submit.py:634} INFO - 26/02/02 09:57:53 INFO DAGScheduler: ShuffleMapStage 4 (jdbc at NativeMethodAccessorImpl.java:0) finished in 0.289 s
[2026-02-02T09:57:53.155+0000] {spark_submit.py:634} INFO - 26/02/02 09:57:53 INFO DAGScheduler: looking for newly runnable stages
[2026-02-02T09:57:53.157+0000] {spark_submit.py:634} INFO - 26/02/02 09:57:53 INFO DAGScheduler: running: Set(ShuffleMapStage 5)
[2026-02-02T09:57:53.161+0000] {spark_submit.py:634} INFO - 26/02/02 09:57:53 INFO DAGScheduler: waiting: Set()
[2026-02-02T09:57:53.162+0000] {spark_submit.py:634} INFO - 26/02/02 09:57:53 INFO DAGScheduler: failed: Set()
[2026-02-02T09:57:53.195+0000] {spark_submit.py:634} INFO - 26/02/02 09:57:53 INFO JDBCRDD: closed connection
[2026-02-02T09:57:53.200+0000] {spark_submit.py:634} INFO - 26/02/02 09:57:53 INFO Executor: Finished task 0.0 in stage 5.0 (TID 5). 1774 bytes result sent to driver
[2026-02-02T09:57:53.203+0000] {spark_submit.py:634} INFO - 26/02/02 09:57:53 INFO TaskSetManager: Finished task 0.0 in stage 5.0 (TID 5) in 60 ms on 4ba644d6f495 (executor driver) (1/1)
[2026-02-02T09:57:53.203+0000] {spark_submit.py:634} INFO - 26/02/02 09:57:53 INFO TaskSchedulerImpl: Removed TaskSet 5.0, whose tasks have all completed, from pool
[2026-02-02T09:57:53.204+0000] {spark_submit.py:634} INFO - 26/02/02 09:57:53 INFO DAGScheduler: ShuffleMapStage 5 (jdbc at NativeMethodAccessorImpl.java:0) finished in 0.290 s
[2026-02-02T09:57:53.204+0000] {spark_submit.py:634} INFO - 26/02/02 09:57:53 INFO DAGScheduler: looking for newly runnable stages
[2026-02-02T09:57:53.204+0000] {spark_submit.py:634} INFO - 26/02/02 09:57:53 INFO DAGScheduler: running: Set()
[2026-02-02T09:57:53.205+0000] {spark_submit.py:634} INFO - 26/02/02 09:57:53 INFO DAGScheduler: waiting: Set()
[2026-02-02T09:57:53.206+0000] {spark_submit.py:634} INFO - 26/02/02 09:57:53 INFO DAGScheduler: failed: Set()
[2026-02-02T09:57:53.248+0000] {spark_submit.py:634} INFO - 26/02/02 09:57:53 INFO ShufflePartitionsUtil: For shuffle(4), advisory target size: 67108864, actual target size 1048576, minimum partition size: 1048576
[2026-02-02T09:57:53.325+0000] {spark_submit.py:634} INFO - 26/02/02 09:57:53 INFO SparkContext: Starting job: jdbc at NativeMethodAccessorImpl.java:0
[2026-02-02T09:57:53.326+0000] {spark_submit.py:634} INFO - 26/02/02 09:57:53 INFO DAGScheduler: Job 8 finished: jdbc at NativeMethodAccessorImpl.java:0, took 0.000525 s
[2026-02-02T09:57:53.346+0000] {spark_submit.py:634} INFO - 26/02/02 09:57:53 INFO CodeGenerator: Code generated in 36.5245 ms
[2026-02-02T09:57:53.413+0000] {spark_submit.py:634} INFO - 26/02/02 09:57:53 INFO CodeGenerator: Code generated in 27.825417 ms
[2026-02-02T09:57:53.430+0000] {spark_submit.py:634} INFO - ✓ Pipeline finished for 2026-02-02
[2026-02-02T09:57:53.434+0000] {spark_submit.py:634} INFO - 26/02/02 09:57:53 INFO SparkContext: SparkContext is stopping with exitCode 0.
[2026-02-02T09:57:53.470+0000] {spark_submit.py:634} INFO - 26/02/02 09:57:53 INFO SparkUI: Stopped Spark web UI at http://4ba644d6f495:4040
[2026-02-02T09:57:53.515+0000] {spark_submit.py:634} INFO - 26/02/02 09:57:53 INFO MapOutputTrackerMasterEndpoint: MapOutputTrackerMasterEndpoint stopped!
[2026-02-02T09:57:53.587+0000] {spark_submit.py:634} INFO - 26/02/02 09:57:53 INFO MemoryStore: MemoryStore cleared
[2026-02-02T09:57:53.588+0000] {spark_submit.py:634} INFO - 26/02/02 09:57:53 INFO BlockManager: BlockManager stopped
[2026-02-02T09:57:53.599+0000] {spark_submit.py:634} INFO - 26/02/02 09:57:53 INFO BlockManagerMaster: BlockManagerMaster stopped
[2026-02-02T09:57:53.602+0000] {spark_submit.py:634} INFO - 26/02/02 09:57:53 INFO OutputCommitCoordinator$OutputCommitCoordinatorEndpoint: OutputCommitCoordinator stopped!
[2026-02-02T09:57:53.619+0000] {spark_submit.py:634} INFO - 26/02/02 09:57:53 INFO SparkContext: Successfully stopped SparkContext
[2026-02-02T09:57:53.991+0000] {spark_submit.py:634} INFO - 26/02/02 09:57:53 INFO ShutdownHookManager: Shutdown hook called
[2026-02-02T09:57:53.993+0000] {spark_submit.py:634} INFO - 26/02/02 09:57:53 INFO ShutdownHookManager: Deleting directory /tmp/spark-c39df55d-1dca-4ace-8213-71282ad07861
[2026-02-02T09:57:53.998+0000] {spark_submit.py:634} INFO - 26/02/02 09:57:53 INFO ShutdownHookManager: Deleting directory /tmp/spark-262bc7d7-551f-40b2-88be-c1639dcbd9f6
[2026-02-02T09:57:54.002+0000] {spark_submit.py:634} INFO - 26/02/02 09:57:54 INFO ShutdownHookManager: Deleting directory /tmp/spark-c39df55d-1dca-4ace-8213-71282ad07861/pyspark-8d96a420-f98f-4aab-9d61-ff0a88dd4b1a
[2026-02-02T09:57:54.103+0000] {taskinstance.py:1138} INFO - Marking task as SUCCESS. dag_id=daily_order_analytics, task_id=run_batch_pipeline, execution_date=20260202T094614, start_date=20260202T095732, end_date=20260202T095754
[2026-02-02T09:57:54.152+0000] {local_task_job_runner.py:234} INFO - Task exited with return code 0
[2026-02-02T09:57:54.208+0000] {taskinstance.py:3280} INFO - 1 downstream tasks scheduled from follow-on schedule check
