[2026-02-02T10:18:28.784+0000] {taskinstance.py:1956} INFO - Dependencies all met for dep_context=non-requeueable deps ti=<TaskInstance: daily_order_analytics.run_batch_pipeline manual__2026-02-02T09:46:14.958410+00:00 [queued]>
[2026-02-02T10:18:28.794+0000] {taskinstance.py:1956} INFO - Dependencies all met for dep_context=requeueable deps ti=<TaskInstance: daily_order_analytics.run_batch_pipeline manual__2026-02-02T09:46:14.958410+00:00 [queued]>
[2026-02-02T10:18:28.794+0000] {taskinstance.py:2170} INFO - Starting attempt 6 of 8
[2026-02-02T10:18:28.804+0000] {taskinstance.py:2191} INFO - Executing <Task(SparkSubmitOperator): run_batch_pipeline> on 2026-02-02 09:46:14.958410+00:00
[2026-02-02T10:18:28.824+0000] {standard_task_runner.py:60} INFO - Started process 2037 to run task
[2026-02-02T10:18:28.835+0000] {standard_task_runner.py:87} INFO - Running: ['airflow', 'tasks', 'run', 'daily_order_analytics', 'run_batch_pipeline', 'manual__2026-02-02T09:46:14.958410+00:00', '--job-id', '58', '--raw', '--subdir', 'DAGS_FOLDER/daily_batch_dag.py', '--cfg-path', '/tmp/tmpmc0dg8l2']
[2026-02-02T10:18:28.847+0000] {standard_task_runner.py:88} INFO - Job 58: Subtask run_batch_pipeline
[2026-02-02T10:18:28.972+0000] {task_command.py:423} INFO - Running <TaskInstance: daily_order_analytics.run_batch_pipeline manual__2026-02-02T09:46:14.958410+00:00 [running]> on host 4ba644d6f495
[2026-02-02T10:18:29.094+0000] {taskinstance.py:2480} INFO - Exporting env vars: AIRFLOW_CTX_DAG_OWNER='data-engineering' AIRFLOW_CTX_DAG_ID='daily_order_analytics' AIRFLOW_CTX_TASK_ID='run_batch_pipeline' AIRFLOW_CTX_EXECUTION_DATE='2026-02-02T09:46:14.958410+00:00' AIRFLOW_CTX_TRY_NUMBER='6' AIRFLOW_CTX_DAG_RUN_ID='manual__2026-02-02T09:46:14.958410+00:00'
[2026-02-02T10:18:29.108+0000] {base.py:83} INFO - Using connection ID 'spark_default' for task execution.
[2026-02-02T10:18:29.114+0000] {spark_submit.py:473} INFO - Spark-Submit cmd: spark-submit --master local --conf spark.jars.packages=org.***ql:***ql:42.7.1 --conf spark.driver.memory=2g --conf spark.executor.memory=2g --name arrow-spark /opt/airflow/dags/src/batch_pipeline.py 2026-02-02
[2026-02-02T10:18:29.307+0000] {spark_submit.py:634} INFO - /home/airflow/.local/lib/python3.11/site-packages/pyspark/bin/load-spark-env.sh: line 68: ps: command not found
[2026-02-02T10:18:33.393+0000] {spark_submit.py:634} INFO - :: loading settings :: url = jar:file:/home/airflow/.local/lib/python3.11/site-packages/pyspark/jars/ivy-2.5.1.jar!/org/apache/ivy/core/settings/ivysettings.xml
[2026-02-02T10:18:33.560+0000] {spark_submit.py:634} INFO - Ivy Default Cache set to: /home/airflow/.ivy2/cache
[2026-02-02T10:18:33.561+0000] {spark_submit.py:634} INFO - The jars for the packages stored in: /home/airflow/.ivy2/jars
[2026-02-02T10:18:33.565+0000] {spark_submit.py:634} INFO - org.***ql#***ql added as a dependency
[2026-02-02T10:18:33.567+0000] {spark_submit.py:634} INFO - :: resolving dependencies :: org.apache.spark#spark-submit-parent-5180e970-1009-4b18-87aa-262a13adbd04;1.0
[2026-02-02T10:18:33.567+0000] {spark_submit.py:634} INFO - confs: [default]
[2026-02-02T10:18:33.734+0000] {spark_submit.py:634} INFO - found org.***ql#***ql;42.7.1 in central
[2026-02-02T10:18:33.758+0000] {spark_submit.py:634} INFO - found org.checkerframework#checker-qual;3.41.0 in central
[2026-02-02T10:18:33.787+0000] {spark_submit.py:634} INFO - :: resolution report :: resolve 211ms :: artifacts dl 8ms
[2026-02-02T10:18:33.791+0000] {spark_submit.py:634} INFO - :: modules in use:
[2026-02-02T10:18:33.791+0000] {spark_submit.py:634} INFO - org.checkerframework#checker-qual;3.41.0 from central in [default]
[2026-02-02T10:18:33.791+0000] {spark_submit.py:634} INFO - org.***ql#***ql;42.7.1 from central in [default]
[2026-02-02T10:18:33.792+0000] {spark_submit.py:634} INFO - ---------------------------------------------------------------------
[2026-02-02T10:18:33.792+0000] {spark_submit.py:634} INFO - |                  |            modules            ||   artifacts   |
[2026-02-02T10:18:33.792+0000] {spark_submit.py:634} INFO - |       conf       | number| search|dwnlded|evicted|| number|dwnlded|
[2026-02-02T10:18:33.792+0000] {spark_submit.py:634} INFO - ---------------------------------------------------------------------
[2026-02-02T10:18:33.792+0000] {spark_submit.py:634} INFO - |      default     |   2   |   0   |   0   |   0   ||   2   |   0   |
[2026-02-02T10:18:33.792+0000] {spark_submit.py:634} INFO - ---------------------------------------------------------------------
[2026-02-02T10:18:33.795+0000] {spark_submit.py:634} INFO - :: retrieving :: org.apache.spark#spark-submit-parent-5180e970-1009-4b18-87aa-262a13adbd04
[2026-02-02T10:18:33.796+0000] {spark_submit.py:634} INFO - confs: [default]
[2026-02-02T10:18:33.799+0000] {spark_submit.py:634} INFO - 0 artifacts copied, 2 already retrieved (0kB/3ms)
[2026-02-02T10:18:34.279+0000] {spark_submit.py:634} INFO - 26/02/02 10:18:34 WARN NativeCodeLoader: Unable to load native-hadoop library for your platform... using builtin-java classes where applicable
[2026-02-02T10:18:35.833+0000] {spark_submit.py:634} INFO - 26/02/02 10:18:35 INFO SparkContext: Running Spark version 3.5.0
[2026-02-02T10:18:35.836+0000] {spark_submit.py:634} INFO - 26/02/02 10:18:35 INFO SparkContext: OS info Linux, 6.12.65-linuxkit, aarch64
[2026-02-02T10:18:35.837+0000] {spark_submit.py:634} INFO - 26/02/02 10:18:35 INFO SparkContext: Java version 17.0.18
[2026-02-02T10:18:35.880+0000] {spark_submit.py:634} INFO - 26/02/02 10:18:35 INFO ResourceUtils: ==============================================================
[2026-02-02T10:18:35.880+0000] {spark_submit.py:634} INFO - 26/02/02 10:18:35 INFO ResourceUtils: No custom resources configured for spark.driver.
[2026-02-02T10:18:35.880+0000] {spark_submit.py:634} INFO - 26/02/02 10:18:35 INFO ResourceUtils: ==============================================================
[2026-02-02T10:18:35.881+0000] {spark_submit.py:634} INFO - 26/02/02 10:18:35 INFO SparkContext: Submitted application: Daily_ETL_2026-02-02
[2026-02-02T10:18:35.920+0000] {spark_submit.py:634} INFO - 26/02/02 10:18:35 INFO ResourceProfile: Default ResourceProfile created, executor resources: Map(cores -> name: cores, amount: 1, script: , vendor: , memory -> name: memory, amount: 2048, script: , vendor: , offHeap -> name: offHeap, amount: 0, script: , vendor: ), task resources: Map(cpus -> name: cpus, amount: 1.0)
[2026-02-02T10:18:35.930+0000] {spark_submit.py:634} INFO - 26/02/02 10:18:35 INFO ResourceProfile: Limiting resource is cpu
[2026-02-02T10:18:35.930+0000] {spark_submit.py:634} INFO - 26/02/02 10:18:35 INFO ResourceProfileManager: Added ResourceProfile id: 0
[2026-02-02T10:18:36.048+0000] {spark_submit.py:634} INFO - 26/02/02 10:18:36 INFO SecurityManager: Changing view acls to: default
[2026-02-02T10:18:36.049+0000] {spark_submit.py:634} INFO - 26/02/02 10:18:36 INFO SecurityManager: Changing modify acls to: default
[2026-02-02T10:18:36.049+0000] {spark_submit.py:634} INFO - 26/02/02 10:18:36 INFO SecurityManager: Changing view acls groups to:
[2026-02-02T10:18:36.049+0000] {spark_submit.py:634} INFO - 26/02/02 10:18:36 INFO SecurityManager: Changing modify acls groups to:
[2026-02-02T10:18:36.052+0000] {spark_submit.py:634} INFO - 26/02/02 10:18:36 INFO SecurityManager: SecurityManager: authentication disabled; ui acls disabled; users with view permissions: default; groups with view permissions: EMPTY; users with modify permissions: default; groups with modify permissions: EMPTY
[2026-02-02T10:18:36.306+0000] {spark_submit.py:634} INFO - 26/02/02 10:18:36 INFO Utils: Successfully started service 'sparkDriver' on port 34817.
[2026-02-02T10:18:36.336+0000] {spark_submit.py:634} INFO - 26/02/02 10:18:36 INFO SparkEnv: Registering MapOutputTracker
[2026-02-02T10:18:36.364+0000] {spark_submit.py:634} INFO - 26/02/02 10:18:36 INFO SparkEnv: Registering BlockManagerMaster
[2026-02-02T10:18:36.408+0000] {spark_submit.py:634} INFO - 26/02/02 10:18:36 INFO BlockManagerMasterEndpoint: Using org.apache.spark.storage.DefaultTopologyMapper for getting topology information
[2026-02-02T10:18:36.408+0000] {spark_submit.py:634} INFO - 26/02/02 10:18:36 INFO BlockManagerMasterEndpoint: BlockManagerMasterEndpoint up
[2026-02-02T10:18:36.417+0000] {spark_submit.py:634} INFO - 26/02/02 10:18:36 INFO SparkEnv: Registering BlockManagerMasterHeartbeat
[2026-02-02T10:18:36.493+0000] {spark_submit.py:634} INFO - 26/02/02 10:18:36 INFO DiskBlockManager: Created local directory at /tmp/blockmgr-1b1f2bc6-9256-4dad-9f00-d21f0438fd9f
[2026-02-02T10:18:36.520+0000] {spark_submit.py:634} INFO - 26/02/02 10:18:36 INFO MemoryStore: MemoryStore started with capacity 1048.8 MiB
[2026-02-02T10:18:36.553+0000] {spark_submit.py:634} INFO - 26/02/02 10:18:36 INFO SparkEnv: Registering OutputCommitCoordinator
[2026-02-02T10:18:36.773+0000] {spark_submit.py:634} INFO - 26/02/02 10:18:36 INFO JettyUtils: Start Jetty 0.0.0.0:4040 for SparkUI
[2026-02-02T10:18:36.835+0000] {spark_submit.py:634} INFO - 26/02/02 10:18:36 INFO Utils: Successfully started service 'SparkUI' on port 4040.
[2026-02-02T10:18:36.873+0000] {spark_submit.py:634} INFO - 26/02/02 10:18:36 INFO SparkContext: Added JAR file:///home/airflow/.ivy2/jars/org.***ql_***ql-42.7.1.jar at spark://4ba644d6f495:34817/jars/org.***ql_***ql-42.7.1.jar with timestamp 1770027515811
[2026-02-02T10:18:36.874+0000] {spark_submit.py:634} INFO - 26/02/02 10:18:36 INFO SparkContext: Added JAR file:///home/airflow/.ivy2/jars/org.checkerframework_checker-qual-3.41.0.jar at spark://4ba644d6f495:34817/jars/org.checkerframework_checker-qual-3.41.0.jar with timestamp 1770027515811
[2026-02-02T10:18:36.876+0000] {spark_submit.py:634} INFO - 26/02/02 10:18:36 INFO SparkContext: Added file file:///home/airflow/.ivy2/jars/org.***ql_***ql-42.7.1.jar at file:///home/airflow/.ivy2/jars/org.***ql_***ql-42.7.1.jar with timestamp 1770027515811
[2026-02-02T10:18:36.878+0000] {spark_submit.py:634} INFO - 26/02/02 10:18:36 INFO Utils: Copying /home/airflow/.ivy2/jars/org.***ql_***ql-42.7.1.jar to /tmp/spark-ab7604ab-f61e-4388-b81d-8638d0c7aeec/userFiles-c9ff0d2b-3acb-4bfc-9b96-88c78f5e822d/org.***ql_***ql-42.7.1.jar
[2026-02-02T10:18:36.916+0000] {spark_submit.py:634} INFO - 26/02/02 10:18:36 INFO SparkContext: Added file file:///home/airflow/.ivy2/jars/org.checkerframework_checker-qual-3.41.0.jar at file:///home/airflow/.ivy2/jars/org.checkerframework_checker-qual-3.41.0.jar with timestamp 1770027515811
[2026-02-02T10:18:36.916+0000] {spark_submit.py:634} INFO - 26/02/02 10:18:36 INFO Utils: Copying /home/airflow/.ivy2/jars/org.checkerframework_checker-qual-3.41.0.jar to /tmp/spark-ab7604ab-f61e-4388-b81d-8638d0c7aeec/userFiles-c9ff0d2b-3acb-4bfc-9b96-88c78f5e822d/org.checkerframework_checker-qual-3.41.0.jar
[2026-02-02T10:18:36.996+0000] {spark_submit.py:634} INFO - 26/02/02 10:18:36 INFO Executor: Starting executor ID driver on host 4ba644d6f495
[2026-02-02T10:18:36.996+0000] {spark_submit.py:634} INFO - 26/02/02 10:18:36 INFO Executor: OS info Linux, 6.12.65-linuxkit, aarch64
[2026-02-02T10:18:36.996+0000] {spark_submit.py:634} INFO - 26/02/02 10:18:36 INFO Executor: Java version 17.0.18
[2026-02-02T10:18:37.001+0000] {spark_submit.py:634} INFO - 26/02/02 10:18:37 INFO Executor: Starting executor with user classpath (userClassPathFirst = false): ''
[2026-02-02T10:18:37.002+0000] {spark_submit.py:634} INFO - 26/02/02 10:18:37 INFO Executor: Created or updated repl class loader org.apache.spark.util.MutableURLClassLoader@485d219a for default.
[2026-02-02T10:18:37.011+0000] {spark_submit.py:634} INFO - 26/02/02 10:18:37 INFO Executor: Fetching file:///home/airflow/.ivy2/jars/org.***ql_***ql-42.7.1.jar with timestamp 1770027515811
[2026-02-02T10:18:37.027+0000] {spark_submit.py:634} INFO - 26/02/02 10:18:37 INFO Utils: /home/airflow/.ivy2/jars/org.***ql_***ql-42.7.1.jar has been previously copied to /tmp/spark-ab7604ab-f61e-4388-b81d-8638d0c7aeec/userFiles-c9ff0d2b-3acb-4bfc-9b96-88c78f5e822d/org.***ql_***ql-42.7.1.jar
[2026-02-02T10:18:37.034+0000] {spark_submit.py:634} INFO - 26/02/02 10:18:37 INFO Executor: Fetching file:///home/airflow/.ivy2/jars/org.checkerframework_checker-qual-3.41.0.jar with timestamp 1770027515811
[2026-02-02T10:18:37.035+0000] {spark_submit.py:634} INFO - 26/02/02 10:18:37 INFO Utils: /home/airflow/.ivy2/jars/org.checkerframework_checker-qual-3.41.0.jar has been previously copied to /tmp/spark-ab7604ab-f61e-4388-b81d-8638d0c7aeec/userFiles-c9ff0d2b-3acb-4bfc-9b96-88c78f5e822d/org.checkerframework_checker-qual-3.41.0.jar
[2026-02-02T10:18:37.045+0000] {spark_submit.py:634} INFO - 26/02/02 10:18:37 INFO Executor: Fetching spark://4ba644d6f495:34817/jars/org.checkerframework_checker-qual-3.41.0.jar with timestamp 1770027515811
[2026-02-02T10:18:37.086+0000] {spark_submit.py:634} INFO - 26/02/02 10:18:37 INFO TransportClientFactory: Successfully created connection to 4ba644d6f495/172.18.0.4:34817 after 28 ms (0 ms spent in bootstraps)
[2026-02-02T10:18:37.091+0000] {spark_submit.py:634} INFO - 26/02/02 10:18:37 INFO Utils: Fetching spark://4ba644d6f495:34817/jars/org.checkerframework_checker-qual-3.41.0.jar to /tmp/spark-ab7604ab-f61e-4388-b81d-8638d0c7aeec/userFiles-c9ff0d2b-3acb-4bfc-9b96-88c78f5e822d/fetchFileTemp6280306989829926932.tmp
[2026-02-02T10:18:37.147+0000] {spark_submit.py:634} INFO - 26/02/02 10:18:37 INFO Utils: /tmp/spark-ab7604ab-f61e-4388-b81d-8638d0c7aeec/userFiles-c9ff0d2b-3acb-4bfc-9b96-88c78f5e822d/fetchFileTemp6280306989829926932.tmp has been previously copied to /tmp/spark-ab7604ab-f61e-4388-b81d-8638d0c7aeec/userFiles-c9ff0d2b-3acb-4bfc-9b96-88c78f5e822d/org.checkerframework_checker-qual-3.41.0.jar
[2026-02-02T10:18:37.157+0000] {spark_submit.py:634} INFO - 26/02/02 10:18:37 INFO Executor: Adding file:/tmp/spark-ab7604ab-f61e-4388-b81d-8638d0c7aeec/userFiles-c9ff0d2b-3acb-4bfc-9b96-88c78f5e822d/org.checkerframework_checker-qual-3.41.0.jar to class loader default
[2026-02-02T10:18:37.157+0000] {spark_submit.py:634} INFO - 26/02/02 10:18:37 INFO Executor: Fetching spark://4ba644d6f495:34817/jars/org.***ql_***ql-42.7.1.jar with timestamp 1770027515811
[2026-02-02T10:18:37.157+0000] {spark_submit.py:634} INFO - 26/02/02 10:18:37 INFO Utils: Fetching spark://4ba644d6f495:34817/jars/org.***ql_***ql-42.7.1.jar to /tmp/spark-ab7604ab-f61e-4388-b81d-8638d0c7aeec/userFiles-c9ff0d2b-3acb-4bfc-9b96-88c78f5e822d/fetchFileTemp5681308288036852032.tmp
[2026-02-02T10:18:37.166+0000] {spark_submit.py:634} INFO - 26/02/02 10:18:37 INFO Utils: /tmp/spark-ab7604ab-f61e-4388-b81d-8638d0c7aeec/userFiles-c9ff0d2b-3acb-4bfc-9b96-88c78f5e822d/fetchFileTemp5681308288036852032.tmp has been previously copied to /tmp/spark-ab7604ab-f61e-4388-b81d-8638d0c7aeec/userFiles-c9ff0d2b-3acb-4bfc-9b96-88c78f5e822d/org.***ql_***ql-42.7.1.jar
[2026-02-02T10:18:37.174+0000] {spark_submit.py:634} INFO - 26/02/02 10:18:37 INFO Executor: Adding file:/tmp/spark-ab7604ab-f61e-4388-b81d-8638d0c7aeec/userFiles-c9ff0d2b-3acb-4bfc-9b96-88c78f5e822d/org.***ql_***ql-42.7.1.jar to class loader default
[2026-02-02T10:18:37.179+0000] {spark_submit.py:634} INFO - 26/02/02 10:18:37 INFO Utils: Successfully started service 'org.apache.spark.network.netty.NettyBlockTransferService' on port 38573.
[2026-02-02T10:18:37.180+0000] {spark_submit.py:634} INFO - 26/02/02 10:18:37 INFO NettyBlockTransferService: Server created on 4ba644d6f495:38573
[2026-02-02T10:18:37.181+0000] {spark_submit.py:634} INFO - 26/02/02 10:18:37 INFO BlockManager: Using org.apache.spark.storage.RandomBlockReplicationPolicy for block replication policy
[2026-02-02T10:18:37.187+0000] {spark_submit.py:634} INFO - 26/02/02 10:18:37 INFO BlockManagerMaster: Registering BlockManager BlockManagerId(driver, 4ba644d6f495, 38573, None)
[2026-02-02T10:18:37.191+0000] {spark_submit.py:634} INFO - 26/02/02 10:18:37 INFO BlockManagerMasterEndpoint: Registering block manager 4ba644d6f495:38573 with 1048.8 MiB RAM, BlockManagerId(driver, 4ba644d6f495, 38573, None)
[2026-02-02T10:18:37.194+0000] {spark_submit.py:634} INFO - 26/02/02 10:18:37 INFO BlockManagerMaster: Registered BlockManager BlockManagerId(driver, 4ba644d6f495, 38573, None)
[2026-02-02T10:18:37.197+0000] {spark_submit.py:634} INFO - 26/02/02 10:18:37 INFO BlockManager: Initialized BlockManager: BlockManagerId(driver, 4ba644d6f495, 38573, None)
[2026-02-02T10:18:37.567+0000] {spark_submit.py:634} INFO - DEBUG: Processing data for 2026-02-02
[2026-02-02T10:18:37.574+0000] {spark_submit.py:634} INFO - 26/02/02 10:18:37 INFO SharedState: Setting hive.metastore.warehouse.dir ('null') to the value of spark.sql.warehouse.dir.
[2026-02-02T10:18:37.575+0000] {spark_submit.py:634} INFO - 26/02/02 10:18:37 INFO SharedState: Warehouse path is 'file:/opt/airflow/spark-warehouse'.
[2026-02-02T10:18:40.810+0000] {spark_submit.py:634} INFO - Loading data to PostgreSQL...
[2026-02-02T10:18:41.644+0000] {spark_submit.py:634} INFO - 26/02/02 10:18:41 INFO CodeGenerator: Code generated in 143.053 ms
[2026-02-02T10:18:41.772+0000] {spark_submit.py:634} INFO - 26/02/02 10:18:41 INFO DAGScheduler: Registering RDD 3 (jdbc at NativeMethodAccessorImpl.java:0) as input to shuffle 0
[2026-02-02T10:18:41.777+0000] {spark_submit.py:634} INFO - 26/02/02 10:18:41 INFO CodeGenerator: Code generated in 10.149292 ms
[2026-02-02T10:18:41.786+0000] {spark_submit.py:634} INFO - 26/02/02 10:18:41 INFO DAGScheduler: Got map stage job 0 (jdbc at NativeMethodAccessorImpl.java:0) with 1 output partitions
[2026-02-02T10:18:41.788+0000] {spark_submit.py:634} INFO - 26/02/02 10:18:41 INFO DAGScheduler: Final stage: ShuffleMapStage 0 (jdbc at NativeMethodAccessorImpl.java:0)
[2026-02-02T10:18:41.789+0000] {spark_submit.py:634} INFO - 26/02/02 10:18:41 INFO DAGScheduler: Parents of final stage: List()
[2026-02-02T10:18:41.792+0000] {spark_submit.py:634} INFO - 26/02/02 10:18:41 INFO DAGScheduler: Missing parents: List()
[2026-02-02T10:18:41.795+0000] {spark_submit.py:634} INFO - 26/02/02 10:18:41 INFO DAGScheduler: Submitting ShuffleMapStage 0 (MapPartitionsRDD[3] at jdbc at NativeMethodAccessorImpl.java:0), which has no missing parents
[2026-02-02T10:18:42.042+0000] {spark_submit.py:634} INFO - 26/02/02 10:18:42 INFO MemoryStore: Block broadcast_0 stored as values in memory (estimated size 15.5 KiB, free 1048.8 MiB)
[2026-02-02T10:18:42.165+0000] {spark_submit.py:634} INFO - 26/02/02 10:18:42 INFO MemoryStore: Block broadcast_0_piece0 stored as bytes in memory (estimated size 7.9 KiB, free 1048.8 MiB)
[2026-02-02T10:18:42.168+0000] {spark_submit.py:634} INFO - 26/02/02 10:18:42 INFO BlockManagerInfo: Added broadcast_0_piece0 in memory on 4ba644d6f495:38573 (size: 7.9 KiB, free: 1048.8 MiB)
[2026-02-02T10:18:42.171+0000] {spark_submit.py:634} INFO - 26/02/02 10:18:42 INFO SparkContext: Created broadcast 0 from broadcast at DAGScheduler.scala:1580
[2026-02-02T10:18:42.241+0000] {spark_submit.py:634} INFO - 26/02/02 10:18:42 INFO DAGScheduler: Submitting 1 missing tasks from ShuffleMapStage 0 (MapPartitionsRDD[3] at jdbc at NativeMethodAccessorImpl.java:0) (first 15 tasks are for partitions Vector(0))
[2026-02-02T10:18:42.244+0000] {spark_submit.py:634} INFO - 26/02/02 10:18:42 INFO TaskSchedulerImpl: Adding task set 0.0 with 1 tasks resource profile 0
[2026-02-02T10:18:42.285+0000] {spark_submit.py:634} INFO - 26/02/02 10:18:42 INFO DAGScheduler: Registering RDD 5 (jdbc at NativeMethodAccessorImpl.java:0) as input to shuffle 1
[2026-02-02T10:18:42.286+0000] {spark_submit.py:634} INFO - 26/02/02 10:18:42 INFO DAGScheduler: Got map stage job 1 (jdbc at NativeMethodAccessorImpl.java:0) with 1 output partitions
[2026-02-02T10:18:42.286+0000] {spark_submit.py:634} INFO - 26/02/02 10:18:42 INFO DAGScheduler: Final stage: ShuffleMapStage 1 (jdbc at NativeMethodAccessorImpl.java:0)
[2026-02-02T10:18:42.289+0000] {spark_submit.py:634} INFO - 26/02/02 10:18:42 INFO DAGScheduler: Parents of final stage: List()
[2026-02-02T10:18:42.290+0000] {spark_submit.py:634} INFO - 26/02/02 10:18:42 INFO DAGScheduler: Missing parents: List()
[2026-02-02T10:18:42.290+0000] {spark_submit.py:634} INFO - 26/02/02 10:18:42 INFO DAGScheduler: Submitting ShuffleMapStage 1 (MapPartitionsRDD[5] at jdbc at NativeMethodAccessorImpl.java:0), which has no missing parents
[2026-02-02T10:18:42.291+0000] {spark_submit.py:634} INFO - 26/02/02 10:18:42 INFO MemoryStore: Block broadcast_1 stored as values in memory (estimated size 14.3 KiB, free 1048.8 MiB)
[2026-02-02T10:18:42.293+0000] {spark_submit.py:634} INFO - 26/02/02 10:18:42 INFO MemoryStore: Block broadcast_1_piece0 stored as bytes in memory (estimated size 7.5 KiB, free 1048.8 MiB)
[2026-02-02T10:18:42.294+0000] {spark_submit.py:634} INFO - 26/02/02 10:18:42 INFO BlockManagerInfo: Added broadcast_1_piece0 in memory on 4ba644d6f495:38573 (size: 7.5 KiB, free: 1048.8 MiB)
[2026-02-02T10:18:42.295+0000] {spark_submit.py:634} INFO - 26/02/02 10:18:42 INFO SparkContext: Created broadcast 1 from broadcast at DAGScheduler.scala:1580
[2026-02-02T10:18:42.296+0000] {spark_submit.py:634} INFO - 26/02/02 10:18:42 INFO DAGScheduler: Submitting 1 missing tasks from ShuffleMapStage 1 (MapPartitionsRDD[5] at jdbc at NativeMethodAccessorImpl.java:0) (first 15 tasks are for partitions Vector(0))
[2026-02-02T10:18:42.297+0000] {spark_submit.py:634} INFO - 26/02/02 10:18:42 INFO TaskSchedulerImpl: Adding task set 1.0 with 1 tasks resource profile 0
[2026-02-02T10:18:42.316+0000] {spark_submit.py:634} INFO - 26/02/02 10:18:42 INFO TaskSetManager: Starting task 0.0 in stage 0.0 (TID 0) (4ba644d6f495, executor driver, partition 0, PROCESS_LOCAL, 7943 bytes)
[2026-02-02T10:18:42.348+0000] {spark_submit.py:634} INFO - 26/02/02 10:18:42 INFO Executor: Running task 0.0 in stage 0.0 (TID 0)
[2026-02-02T10:18:42.523+0000] {spark_submit.py:634} INFO - 26/02/02 10:18:42 INFO CodeGenerator: Code generated in 13.221 ms
[2026-02-02T10:18:42.554+0000] {spark_submit.py:634} INFO - 26/02/02 10:18:42 INFO CodeGenerator: Code generated in 11.933125 ms
[2026-02-02T10:18:42.725+0000] {spark_submit.py:634} INFO - 26/02/02 10:18:42 INFO JDBCRDD: closed connection
[2026-02-02T10:18:42.781+0000] {spark_submit.py:634} INFO - 26/02/02 10:18:42 INFO Executor: Finished task 0.0 in stage 0.0 (TID 0). 1989 bytes result sent to driver
[2026-02-02T10:18:42.789+0000] {spark_submit.py:634} INFO - 26/02/02 10:18:42 INFO TaskSetManager: Starting task 0.0 in stage 1.0 (TID 1) (4ba644d6f495, executor driver, partition 0, PROCESS_LOCAL, 7943 bytes)
[2026-02-02T10:18:42.790+0000] {spark_submit.py:634} INFO - 26/02/02 10:18:42 INFO Executor: Running task 0.0 in stage 1.0 (TID 1)
[2026-02-02T10:18:42.799+0000] {spark_submit.py:634} INFO - 26/02/02 10:18:42 INFO TaskSetManager: Finished task 0.0 in stage 0.0 (TID 0) in 499 ms on 4ba644d6f495 (executor driver) (1/1)
[2026-02-02T10:18:42.805+0000] {spark_submit.py:634} INFO - 26/02/02 10:18:42 INFO TaskSchedulerImpl: Removed TaskSet 0.0, whose tasks have all completed, from pool
[2026-02-02T10:18:42.812+0000] {spark_submit.py:634} INFO - 26/02/02 10:18:42 INFO DAGScheduler: ShuffleMapStage 0 (jdbc at NativeMethodAccessorImpl.java:0) finished in 1.002 s
[2026-02-02T10:18:42.816+0000] {spark_submit.py:634} INFO - 26/02/02 10:18:42 INFO DAGScheduler: looking for newly runnable stages
[2026-02-02T10:18:42.816+0000] {spark_submit.py:634} INFO - 26/02/02 10:18:42 INFO DAGScheduler: running: Set(ShuffleMapStage 1)
[2026-02-02T10:18:42.817+0000] {spark_submit.py:634} INFO - 26/02/02 10:18:42 INFO DAGScheduler: waiting: Set()
[2026-02-02T10:18:42.817+0000] {spark_submit.py:634} INFO - 26/02/02 10:18:42 INFO DAGScheduler: failed: Set()
[2026-02-02T10:18:42.825+0000] {spark_submit.py:634} INFO - 26/02/02 10:18:42 INFO CodeGenerator: Code generated in 8.171917 ms
[2026-02-02T10:18:42.860+0000] {spark_submit.py:634} INFO - 26/02/02 10:18:42 INFO CodeGenerator: Code generated in 16.708375 ms
[2026-02-02T10:18:42.871+0000] {spark_submit.py:634} INFO - 26/02/02 10:18:42 INFO JDBCRDD: closed connection
[2026-02-02T10:18:42.876+0000] {spark_submit.py:634} INFO - 26/02/02 10:18:42 INFO Executor: Finished task 0.0 in stage 1.0 (TID 1). 1989 bytes result sent to driver
[2026-02-02T10:18:42.877+0000] {spark_submit.py:634} INFO - 26/02/02 10:18:42 INFO TaskSetManager: Finished task 0.0 in stage 1.0 (TID 1) in 89 ms on 4ba644d6f495 (executor driver) (1/1)
[2026-02-02T10:18:42.878+0000] {spark_submit.py:634} INFO - 26/02/02 10:18:42 INFO TaskSchedulerImpl: Removed TaskSet 1.0, whose tasks have all completed, from pool
[2026-02-02T10:18:42.878+0000] {spark_submit.py:634} INFO - 26/02/02 10:18:42 INFO DAGScheduler: ShuffleMapStage 1 (jdbc at NativeMethodAccessorImpl.java:0) finished in 0.590 s
[2026-02-02T10:18:42.879+0000] {spark_submit.py:634} INFO - 26/02/02 10:18:42 INFO DAGScheduler: looking for newly runnable stages
[2026-02-02T10:18:42.879+0000] {spark_submit.py:634} INFO - 26/02/02 10:18:42 INFO DAGScheduler: running: Set()
[2026-02-02T10:18:42.880+0000] {spark_submit.py:634} INFO - 26/02/02 10:18:42 INFO DAGScheduler: waiting: Set()
[2026-02-02T10:18:42.880+0000] {spark_submit.py:634} INFO - 26/02/02 10:18:42 INFO DAGScheduler: failed: Set()
[2026-02-02T10:18:42.903+0000] {spark_submit.py:634} INFO - 26/02/02 10:18:42 INFO ShufflePartitionsUtil: For shuffle(0, 1), advisory target size: 67108864, actual target size 1048576, minimum partition size: 1048576
[2026-02-02T10:18:43.215+0000] {spark_submit.py:634} INFO - 26/02/02 10:18:43 INFO CodeGenerator: Code generated in 161.529834 ms
[2026-02-02T10:18:43.238+0000] {spark_submit.py:634} INFO - 26/02/02 10:18:43 INFO CodeGenerator: Code generated in 15.213333 ms
[2026-02-02T10:18:43.301+0000] {spark_submit.py:634} INFO - 26/02/02 10:18:43 INFO CodeGenerator: Code generated in 7.879958 ms
[2026-02-02T10:18:43.359+0000] {spark_submit.py:634} INFO - 26/02/02 10:18:43 INFO DAGScheduler: Registering RDD 12 (jdbc at NativeMethodAccessorImpl.java:0) as input to shuffle 2
[2026-02-02T10:18:43.360+0000] {spark_submit.py:634} INFO - 26/02/02 10:18:43 INFO DAGScheduler: Got map stage job 2 (jdbc at NativeMethodAccessorImpl.java:0) with 1 output partitions
[2026-02-02T10:18:43.360+0000] {spark_submit.py:634} INFO - 26/02/02 10:18:43 INFO DAGScheduler: Final stage: ShuffleMapStage 4 (jdbc at NativeMethodAccessorImpl.java:0)
[2026-02-02T10:18:43.360+0000] {spark_submit.py:634} INFO - 26/02/02 10:18:43 INFO DAGScheduler: Parents of final stage: List(ShuffleMapStage 2, ShuffleMapStage 3)
[2026-02-02T10:18:43.360+0000] {spark_submit.py:634} INFO - 26/02/02 10:18:43 INFO DAGScheduler: Missing parents: List()
[2026-02-02T10:18:43.362+0000] {spark_submit.py:634} INFO - 26/02/02 10:18:43 INFO DAGScheduler: Submitting ShuffleMapStage 4 (MapPartitionsRDD[12] at jdbc at NativeMethodAccessorImpl.java:0), which has no missing parents
[2026-02-02T10:18:43.374+0000] {spark_submit.py:634} INFO - 26/02/02 10:18:43 INFO MemoryStore: Block broadcast_2 stored as values in memory (estimated size 66.3 KiB, free 1048.7 MiB)
[2026-02-02T10:18:43.403+0000] {spark_submit.py:634} INFO - 26/02/02 10:18:43 INFO MemoryStore: Block broadcast_2_piece0 stored as bytes in memory (estimated size 29.3 KiB, free 1048.7 MiB)
[2026-02-02T10:18:43.404+0000] {spark_submit.py:634} INFO - 26/02/02 10:18:43 INFO BlockManagerInfo: Added broadcast_2_piece0 in memory on 4ba644d6f495:38573 (size: 29.3 KiB, free: 1048.8 MiB)
[2026-02-02T10:18:43.405+0000] {spark_submit.py:634} INFO - 26/02/02 10:18:43 INFO SparkContext: Created broadcast 2 from broadcast at DAGScheduler.scala:1580
[2026-02-02T10:18:43.406+0000] {spark_submit.py:634} INFO - 26/02/02 10:18:43 INFO DAGScheduler: Submitting 1 missing tasks from ShuffleMapStage 4 (MapPartitionsRDD[12] at jdbc at NativeMethodAccessorImpl.java:0) (first 15 tasks are for partitions Vector(0))
[2026-02-02T10:18:43.406+0000] {spark_submit.py:634} INFO - 26/02/02 10:18:43 INFO TaskSchedulerImpl: Adding task set 4.0 with 1 tasks resource profile 0
[2026-02-02T10:18:43.414+0000] {spark_submit.py:634} INFO - 26/02/02 10:18:43 INFO TaskSetManager: Starting task 0.0 in stage 4.0 (TID 2) (4ba644d6f495, executor driver, partition 0, NODE_LOCAL, 8379 bytes)
[2026-02-02T10:18:43.417+0000] {spark_submit.py:634} INFO - 26/02/02 10:18:43 INFO Executor: Running task 0.0 in stage 4.0 (TID 2)
[2026-02-02T10:18:43.432+0000] {spark_submit.py:634} INFO - 26/02/02 10:18:43 INFO BlockManagerInfo: Removed broadcast_1_piece0 on 4ba644d6f495:38573 in memory (size: 7.5 KiB, free: 1048.8 MiB)
[2026-02-02T10:18:43.462+0000] {spark_submit.py:634} INFO - 26/02/02 10:18:43 INFO ShuffleBlockFetcherIterator: Getting 1 (748.2 KiB) non-empty blocks including 1 (748.2 KiB) local and 0 (0.0 B) host-local and 0 (0.0 B) push-merged-local and 0 (0.0 B) remote blocks
[2026-02-02T10:18:43.463+0000] {spark_submit.py:634} INFO - 26/02/02 10:18:43 INFO ShuffleBlockFetcherIterator: Started 0 remote fetches in 8 ms
[2026-02-02T10:18:43.476+0000] {spark_submit.py:634} INFO - 26/02/02 10:18:43 INFO CodeGenerator: Code generated in 10.237708 ms
[2026-02-02T10:18:43.490+0000] {spark_submit.py:634} INFO - 26/02/02 10:18:43 INFO CodeGenerator: Code generated in 9.17475 ms
[2026-02-02T10:18:43.500+0000] {spark_submit.py:634} INFO - 26/02/02 10:18:43 INFO CodeGenerator: Code generated in 4.840083 ms
[2026-02-02T10:18:43.506+0000] {spark_submit.py:634} INFO - 26/02/02 10:18:43 INFO ShuffleBlockFetcherIterator: Getting 1 (970.0 B) non-empty blocks including 1 (970.0 B) local and 0 (0.0 B) host-local and 0 (0.0 B) push-merged-local and 0 (0.0 B) remote blocks
[2026-02-02T10:18:43.506+0000] {spark_submit.py:634} INFO - 26/02/02 10:18:43 INFO ShuffleBlockFetcherIterator: Started 0 remote fetches in 0 ms
[2026-02-02T10:18:43.515+0000] {spark_submit.py:634} INFO - 26/02/02 10:18:43 INFO CodeGenerator: Code generated in 8.565042 ms
[2026-02-02T10:18:43.522+0000] {spark_submit.py:634} INFO - 26/02/02 10:18:43 INFO CodeGenerator: Code generated in 3.78975 ms
[2026-02-02T10:18:43.528+0000] {spark_submit.py:634} INFO - 26/02/02 10:18:43 INFO CodeGenerator: Code generated in 4.754291 ms
[2026-02-02T10:18:43.550+0000] {spark_submit.py:634} INFO - 26/02/02 10:18:43 INFO CodeGenerator: Code generated in 20.951167 ms
[2026-02-02T10:18:43.561+0000] {spark_submit.py:634} INFO - 26/02/02 10:18:43 INFO CodeGenerator: Code generated in 7.21925 ms
[2026-02-02T10:18:43.574+0000] {spark_submit.py:634} INFO - 26/02/02 10:18:43 INFO CodeGenerator: Code generated in 5.72825 ms
[2026-02-02T10:18:43.810+0000] {spark_submit.py:634} INFO - 26/02/02 10:18:43 INFO CodeGenerator: Code generated in 5.471125 ms
[2026-02-02T10:18:43.845+0000] {spark_submit.py:634} INFO - 26/02/02 10:18:43 INFO CodeGenerator: Code generated in 16.380208 ms
[2026-02-02T10:18:43.885+0000] {spark_submit.py:634} INFO - 26/02/02 10:18:43 INFO BlockManagerInfo: Removed broadcast_0_piece0 on 4ba644d6f495:38573 in memory (size: 7.9 KiB, free: 1048.8 MiB)
[2026-02-02T10:18:44.725+0000] {spark_submit.py:634} INFO - 26/02/02 10:18:44 INFO Executor: Finished task 0.0 in stage 4.0 (TID 2). 6897 bytes result sent to driver
[2026-02-02T10:18:44.736+0000] {spark_submit.py:634} INFO - 26/02/02 10:18:44 INFO TaskSetManager: Finished task 0.0 in stage 4.0 (TID 2) in 1325 ms on 4ba644d6f495 (executor driver) (1/1)
[2026-02-02T10:18:44.736+0000] {spark_submit.py:634} INFO - 26/02/02 10:18:44 INFO TaskSchedulerImpl: Removed TaskSet 4.0, whose tasks have all completed, from pool
[2026-02-02T10:18:44.738+0000] {spark_submit.py:634} INFO - 26/02/02 10:18:44 INFO DAGScheduler: ShuffleMapStage 4 (jdbc at NativeMethodAccessorImpl.java:0) finished in 1.368 s
[2026-02-02T10:18:44.739+0000] {spark_submit.py:634} INFO - 26/02/02 10:18:44 INFO DAGScheduler: looking for newly runnable stages
[2026-02-02T10:18:44.740+0000] {spark_submit.py:634} INFO - 26/02/02 10:18:44 INFO DAGScheduler: running: Set()
[2026-02-02T10:18:44.740+0000] {spark_submit.py:634} INFO - 26/02/02 10:18:44 INFO DAGScheduler: waiting: Set()
[2026-02-02T10:18:44.740+0000] {spark_submit.py:634} INFO - 26/02/02 10:18:44 INFO DAGScheduler: failed: Set()
[2026-02-02T10:18:44.755+0000] {spark_submit.py:634} INFO - 26/02/02 10:18:44 INFO ShufflePartitionsUtil: For shuffle(2), advisory target size: 67108864, actual target size 1048576, minimum partition size: 1048576
[2026-02-02T10:18:44.770+0000] {spark_submit.py:634} INFO - 26/02/02 10:18:44 INFO HashAggregateExec: spark.sql.codegen.aggregate.map.twolevel.enabled is set to true, but current version of codegened fast hashmap does not support this aggregate.
[2026-02-02T10:18:44.809+0000] {spark_submit.py:634} INFO - 26/02/02 10:18:44 INFO CodeGenerator: Code generated in 20.493083 ms
[2026-02-02T10:18:44.898+0000] {spark_submit.py:634} INFO - 26/02/02 10:18:44 INFO SparkContext: Starting job: jdbc at NativeMethodAccessorImpl.java:0
[2026-02-02T10:18:44.901+0000] {spark_submit.py:634} INFO - 26/02/02 10:18:44 INFO DAGScheduler: Got job 3 (jdbc at NativeMethodAccessorImpl.java:0) with 1 output partitions
[2026-02-02T10:18:44.902+0000] {spark_submit.py:634} INFO - 26/02/02 10:18:44 INFO DAGScheduler: Final stage: ResultStage 8 (jdbc at NativeMethodAccessorImpl.java:0)
[2026-02-02T10:18:44.902+0000] {spark_submit.py:634} INFO - 26/02/02 10:18:44 INFO DAGScheduler: Parents of final stage: List(ShuffleMapStage 7)
[2026-02-02T10:18:44.902+0000] {spark_submit.py:634} INFO - 26/02/02 10:18:44 INFO DAGScheduler: Missing parents: List()
[2026-02-02T10:18:44.903+0000] {spark_submit.py:634} INFO - 26/02/02 10:18:44 INFO DAGScheduler: Submitting ResultStage 8 (MapPartitionsRDD[17] at jdbc at NativeMethodAccessorImpl.java:0), which has no missing parents
[2026-02-02T10:18:44.913+0000] {spark_submit.py:634} INFO - 26/02/02 10:18:44 INFO MemoryStore: Block broadcast_3 stored as values in memory (estimated size 70.2 KiB, free 1048.6 MiB)
[2026-02-02T10:18:44.915+0000] {spark_submit.py:634} INFO - 26/02/02 10:18:44 INFO MemoryStore: Block broadcast_3_piece0 stored as bytes in memory (estimated size 30.5 KiB, free 1048.6 MiB)
[2026-02-02T10:18:44.916+0000] {spark_submit.py:634} INFO - 26/02/02 10:18:44 INFO BlockManagerInfo: Added broadcast_3_piece0 in memory on 4ba644d6f495:38573 (size: 30.5 KiB, free: 1048.7 MiB)
[2026-02-02T10:18:44.916+0000] {spark_submit.py:634} INFO - 26/02/02 10:18:44 INFO SparkContext: Created broadcast 3 from broadcast at DAGScheduler.scala:1580
[2026-02-02T10:18:44.917+0000] {spark_submit.py:634} INFO - 26/02/02 10:18:44 INFO DAGScheduler: Submitting 1 missing tasks from ResultStage 8 (MapPartitionsRDD[17] at jdbc at NativeMethodAccessorImpl.java:0) (first 15 tasks are for partitions Vector(0))
[2026-02-02T10:18:44.917+0000] {spark_submit.py:634} INFO - 26/02/02 10:18:44 INFO TaskSchedulerImpl: Adding task set 8.0 with 1 tasks resource profile 0
[2026-02-02T10:18:44.919+0000] {spark_submit.py:634} INFO - 26/02/02 10:18:44 INFO TaskSetManager: Starting task 0.0 in stage 8.0 (TID 3) (4ba644d6f495, executor driver, partition 0, NODE_LOCAL, 8108 bytes)
[2026-02-02T10:18:44.920+0000] {spark_submit.py:634} INFO - 26/02/02 10:18:44 INFO Executor: Running task 0.0 in stage 8.0 (TID 3)
[2026-02-02T10:18:44.951+0000] {spark_submit.py:634} INFO - 26/02/02 10:18:44 INFO ShuffleBlockFetcherIterator: Getting 1 (1520.0 B) non-empty blocks including 1 (1520.0 B) local and 0 (0.0 B) host-local and 0 (0.0 B) push-merged-local and 0 (0.0 B) remote blocks
[2026-02-02T10:18:44.951+0000] {spark_submit.py:634} INFO - 26/02/02 10:18:44 INFO ShuffleBlockFetcherIterator: Started 0 remote fetches in 0 ms
[2026-02-02T10:18:44.960+0000] {spark_submit.py:634} INFO - 26/02/02 10:18:44 INFO CodeGenerator: Code generated in 9.07875 ms
[2026-02-02T10:18:45.017+0000] {spark_submit.py:634} INFO - 26/02/02 10:18:45 INFO CodeGenerator: Code generated in 13.326167 ms
[2026-02-02T10:18:45.239+0000] {spark_submit.py:634} INFO - 26/02/02 10:18:45 INFO Executor: Finished task 0.0 in stage 8.0 (TID 3). 7900 bytes result sent to driver
[2026-02-02T10:18:45.247+0000] {spark_submit.py:634} INFO - 26/02/02 10:18:45 INFO TaskSetManager: Finished task 0.0 in stage 8.0 (TID 3) in 328 ms on 4ba644d6f495 (executor driver) (1/1)
[2026-02-02T10:18:45.247+0000] {spark_submit.py:634} INFO - 26/02/02 10:18:45 INFO TaskSchedulerImpl: Removed TaskSet 8.0, whose tasks have all completed, from pool
[2026-02-02T10:18:45.249+0000] {spark_submit.py:634} INFO - 26/02/02 10:18:45 INFO DAGScheduler: ResultStage 8 (jdbc at NativeMethodAccessorImpl.java:0) finished in 0.342 s
[2026-02-02T10:18:45.251+0000] {spark_submit.py:634} INFO - 26/02/02 10:18:45 INFO DAGScheduler: Job 3 is finished. Cancelling potential speculative or zombie tasks for this job
[2026-02-02T10:18:45.253+0000] {spark_submit.py:634} INFO - 26/02/02 10:18:45 INFO TaskSchedulerImpl: Killing all running tasks in stage 8: Stage finished
[2026-02-02T10:18:45.257+0000] {spark_submit.py:634} INFO - 26/02/02 10:18:45 INFO DAGScheduler: Job 3 finished: jdbc at NativeMethodAccessorImpl.java:0, took 0.357683 s
[2026-02-02T10:18:45.345+0000] {spark_submit.py:634} INFO - 26/02/02 10:18:45 INFO BlockManagerInfo: Removed broadcast_3_piece0 on 4ba644d6f495:38573 in memory (size: 30.5 KiB, free: 1048.8 MiB)
[2026-02-02T10:18:45.459+0000] {spark_submit.py:634} INFO - 26/02/02 10:18:45 INFO DAGScheduler: Registering RDD 21 (jdbc at NativeMethodAccessorImpl.java:0) as input to shuffle 3
[2026-02-02T10:18:45.463+0000] {spark_submit.py:634} INFO - 26/02/02 10:18:45 INFO DAGScheduler: Got map stage job 4 (jdbc at NativeMethodAccessorImpl.java:0) with 1 output partitions
[2026-02-02T10:18:45.465+0000] {spark_submit.py:634} INFO - 26/02/02 10:18:45 INFO DAGScheduler: Final stage: ShuffleMapStage 9 (jdbc at NativeMethodAccessorImpl.java:0)
[2026-02-02T10:18:45.470+0000] {spark_submit.py:634} INFO - 26/02/02 10:18:45 INFO DAGScheduler: Parents of final stage: List()
[2026-02-02T10:18:45.472+0000] {spark_submit.py:634} INFO - 26/02/02 10:18:45 INFO DAGScheduler: Missing parents: List()
[2026-02-02T10:18:45.473+0000] {spark_submit.py:634} INFO - 26/02/02 10:18:45 INFO DAGScheduler: Submitting ShuffleMapStage 9 (MapPartitionsRDD[21] at jdbc at NativeMethodAccessorImpl.java:0), which has no missing parents
[2026-02-02T10:18:45.477+0000] {spark_submit.py:634} INFO - 26/02/02 10:18:45 INFO MemoryStore: Block broadcast_4 stored as values in memory (estimated size 15.5 KiB, free 1048.7 MiB)
[2026-02-02T10:18:45.483+0000] {spark_submit.py:634} INFO - 26/02/02 10:18:45 INFO MemoryStore: Block broadcast_4_piece0 stored as bytes in memory (estimated size 7.9 KiB, free 1048.7 MiB)
[2026-02-02T10:18:45.484+0000] {spark_submit.py:634} INFO - 26/02/02 10:18:45 INFO BlockManagerInfo: Added broadcast_4_piece0 in memory on 4ba644d6f495:38573 (size: 7.9 KiB, free: 1048.8 MiB)
[2026-02-02T10:18:45.484+0000] {spark_submit.py:634} INFO - 26/02/02 10:18:45 INFO SparkContext: Created broadcast 4 from broadcast at DAGScheduler.scala:1580
[2026-02-02T10:18:45.485+0000] {spark_submit.py:634} INFO - 26/02/02 10:18:45 INFO DAGScheduler: Submitting 1 missing tasks from ShuffleMapStage 9 (MapPartitionsRDD[21] at jdbc at NativeMethodAccessorImpl.java:0) (first 15 tasks are for partitions Vector(0))
[2026-02-02T10:18:45.486+0000] {spark_submit.py:634} INFO - 26/02/02 10:18:45 INFO TaskSchedulerImpl: Adding task set 9.0 with 1 tasks resource profile 0
[2026-02-02T10:18:45.488+0000] {spark_submit.py:634} INFO - 26/02/02 10:18:45 INFO CodeGenerator: Code generated in 27.73275 ms
[2026-02-02T10:18:45.490+0000] {spark_submit.py:634} INFO - 26/02/02 10:18:45 INFO TaskSetManager: Starting task 0.0 in stage 9.0 (TID 4) (4ba644d6f495, executor driver, partition 0, PROCESS_LOCAL, 7943 bytes)
[2026-02-02T10:18:45.494+0000] {spark_submit.py:634} INFO - 26/02/02 10:18:45 INFO Executor: Running task 0.0 in stage 9.0 (TID 4)
[2026-02-02T10:18:45.495+0000] {spark_submit.py:634} INFO - 26/02/02 10:18:45 INFO DAGScheduler: Registering RDD 23 (jdbc at NativeMethodAccessorImpl.java:0) as input to shuffle 4
[2026-02-02T10:18:45.495+0000] {spark_submit.py:634} INFO - 26/02/02 10:18:45 INFO DAGScheduler: Got map stage job 5 (jdbc at NativeMethodAccessorImpl.java:0) with 1 output partitions
[2026-02-02T10:18:45.495+0000] {spark_submit.py:634} INFO - 26/02/02 10:18:45 INFO DAGScheduler: Final stage: ShuffleMapStage 10 (jdbc at NativeMethodAccessorImpl.java:0)
[2026-02-02T10:18:45.495+0000] {spark_submit.py:634} INFO - 26/02/02 10:18:45 INFO DAGScheduler: Parents of final stage: List()
[2026-02-02T10:18:45.496+0000] {spark_submit.py:634} INFO - 26/02/02 10:18:45 INFO DAGScheduler: Missing parents: List()
[2026-02-02T10:18:45.498+0000] {spark_submit.py:634} INFO - 26/02/02 10:18:45 INFO DAGScheduler: Submitting ShuffleMapStage 10 (MapPartitionsRDD[23] at jdbc at NativeMethodAccessorImpl.java:0), which has no missing parents
[2026-02-02T10:18:45.501+0000] {spark_submit.py:634} INFO - 26/02/02 10:18:45 INFO MemoryStore: Block broadcast_5 stored as values in memory (estimated size 14.7 KiB, free 1048.7 MiB)
[2026-02-02T10:18:45.506+0000] {spark_submit.py:634} INFO - 26/02/02 10:18:45 INFO MemoryStore: Block broadcast_5_piece0 stored as bytes in memory (estimated size 7.6 KiB, free 1048.7 MiB)
[2026-02-02T10:18:45.507+0000] {spark_submit.py:634} INFO - 26/02/02 10:18:45 INFO BlockManagerInfo: Added broadcast_5_piece0 in memory on 4ba644d6f495:38573 (size: 7.6 KiB, free: 1048.8 MiB)
[2026-02-02T10:18:45.509+0000] {spark_submit.py:634} INFO - 26/02/02 10:18:45 INFO SparkContext: Created broadcast 5 from broadcast at DAGScheduler.scala:1580
[2026-02-02T10:18:45.510+0000] {spark_submit.py:634} INFO - 26/02/02 10:18:45 INFO DAGScheduler: Submitting 1 missing tasks from ShuffleMapStage 10 (MapPartitionsRDD[23] at jdbc at NativeMethodAccessorImpl.java:0) (first 15 tasks are for partitions Vector(0))
[2026-02-02T10:18:45.510+0000] {spark_submit.py:634} INFO - 26/02/02 10:18:45 INFO TaskSchedulerImpl: Adding task set 10.0 with 1 tasks resource profile 0
[2026-02-02T10:18:45.528+0000] {spark_submit.py:634} INFO - 26/02/02 10:18:45 INFO BlockManagerInfo: Removed broadcast_2_piece0 on 4ba644d6f495:38573 in memory (size: 29.3 KiB, free: 1048.8 MiB)
[2026-02-02T10:18:45.733+0000] {spark_submit.py:634} INFO - 26/02/02 10:18:45 INFO JDBCRDD: closed connection
[2026-02-02T10:18:45.741+0000] {spark_submit.py:634} INFO - 26/02/02 10:18:45 INFO Executor: Finished task 0.0 in stage 9.0 (TID 4). 1946 bytes result sent to driver
[2026-02-02T10:18:45.742+0000] {spark_submit.py:634} INFO - 26/02/02 10:18:45 INFO TaskSetManager: Starting task 0.0 in stage 10.0 (TID 5) (4ba644d6f495, executor driver, partition 0, PROCESS_LOCAL, 7943 bytes)
[2026-02-02T10:18:45.743+0000] {spark_submit.py:634} INFO - 26/02/02 10:18:45 INFO TaskSetManager: Finished task 0.0 in stage 9.0 (TID 4) in 254 ms on 4ba644d6f495 (executor driver) (1/1)
[2026-02-02T10:18:45.744+0000] {spark_submit.py:634} INFO - 26/02/02 10:18:45 INFO Executor: Running task 0.0 in stage 10.0 (TID 5)
[2026-02-02T10:18:45.745+0000] {spark_submit.py:634} INFO - 26/02/02 10:18:45 INFO TaskSchedulerImpl: Removed TaskSet 9.0, whose tasks have all completed, from pool
[2026-02-02T10:18:45.745+0000] {spark_submit.py:634} INFO - 26/02/02 10:18:45 INFO DAGScheduler: ShuffleMapStage 9 (jdbc at NativeMethodAccessorImpl.java:0) finished in 0.283 s
[2026-02-02T10:18:45.746+0000] {spark_submit.py:634} INFO - 26/02/02 10:18:45 INFO DAGScheduler: looking for newly runnable stages
[2026-02-02T10:18:45.746+0000] {spark_submit.py:634} INFO - 26/02/02 10:18:45 INFO DAGScheduler: running: Set(ShuffleMapStage 10)
[2026-02-02T10:18:45.747+0000] {spark_submit.py:634} INFO - 26/02/02 10:18:45 INFO DAGScheduler: waiting: Set()
[2026-02-02T10:18:45.747+0000] {spark_submit.py:634} INFO - 26/02/02 10:18:45 INFO DAGScheduler: failed: Set()
[2026-02-02T10:18:45.782+0000] {spark_submit.py:634} INFO - 26/02/02 10:18:45 INFO CodeGenerator: Code generated in 4.435416 ms
[2026-02-02T10:18:45.793+0000] {spark_submit.py:634} INFO - 26/02/02 10:18:45 INFO JDBCRDD: closed connection
[2026-02-02T10:18:45.797+0000] {spark_submit.py:634} INFO - 26/02/02 10:18:45 INFO Executor: Finished task 0.0 in stage 10.0 (TID 5). 1946 bytes result sent to driver
[2026-02-02T10:18:45.798+0000] {spark_submit.py:634} INFO - 26/02/02 10:18:45 INFO TaskSetManager: Finished task 0.0 in stage 10.0 (TID 5) in 56 ms on 4ba644d6f495 (executor driver) (1/1)
[2026-02-02T10:18:45.798+0000] {spark_submit.py:634} INFO - 26/02/02 10:18:45 INFO TaskSchedulerImpl: Removed TaskSet 10.0, whose tasks have all completed, from pool
[2026-02-02T10:18:45.800+0000] {spark_submit.py:634} INFO - 26/02/02 10:18:45 INFO DAGScheduler: ShuffleMapStage 10 (jdbc at NativeMethodAccessorImpl.java:0) finished in 0.305 s
[2026-02-02T10:18:45.801+0000] {spark_submit.py:634} INFO - 26/02/02 10:18:45 INFO DAGScheduler: looking for newly runnable stages
[2026-02-02T10:18:45.802+0000] {spark_submit.py:634} INFO - 26/02/02 10:18:45 INFO DAGScheduler: running: Set()
[2026-02-02T10:18:45.802+0000] {spark_submit.py:634} INFO - 26/02/02 10:18:45 INFO DAGScheduler: waiting: Set()
[2026-02-02T10:18:45.803+0000] {spark_submit.py:634} INFO - 26/02/02 10:18:45 INFO DAGScheduler: failed: Set()
[2026-02-02T10:18:45.809+0000] {spark_submit.py:634} INFO - 26/02/02 10:18:45 INFO ShufflePartitionsUtil: For shuffle(3, 4), advisory target size: 67108864, actual target size 1048576, minimum partition size: 1048576
[2026-02-02T10:18:45.860+0000] {spark_submit.py:634} INFO - 26/02/02 10:18:45 INFO CodeGenerator: Code generated in 38.1365 ms
[2026-02-02T10:18:45.891+0000] {spark_submit.py:634} INFO - 26/02/02 10:18:45 INFO DAGScheduler: Registering RDD 30 (jdbc at NativeMethodAccessorImpl.java:0) as input to shuffle 5
[2026-02-02T10:18:45.892+0000] {spark_submit.py:634} INFO - 26/02/02 10:18:45 INFO DAGScheduler: Got map stage job 6 (jdbc at NativeMethodAccessorImpl.java:0) with 1 output partitions
[2026-02-02T10:18:45.892+0000] {spark_submit.py:634} INFO - 26/02/02 10:18:45 INFO DAGScheduler: Final stage: ShuffleMapStage 13 (jdbc at NativeMethodAccessorImpl.java:0)
[2026-02-02T10:18:45.895+0000] {spark_submit.py:634} INFO - 26/02/02 10:18:45 INFO DAGScheduler: Parents of final stage: List(ShuffleMapStage 12, ShuffleMapStage 11)
[2026-02-02T10:18:45.895+0000] {spark_submit.py:634} INFO - 26/02/02 10:18:45 INFO DAGScheduler: Missing parents: List()
[2026-02-02T10:18:45.896+0000] {spark_submit.py:634} INFO - 26/02/02 10:18:45 INFO DAGScheduler: Submitting ShuffleMapStage 13 (MapPartitionsRDD[30] at jdbc at NativeMethodAccessorImpl.java:0), which has no missing parents
[2026-02-02T10:18:45.898+0000] {spark_submit.py:634} INFO - 26/02/02 10:18:45 INFO MemoryStore: Block broadcast_6 stored as values in memory (estimated size 67.9 KiB, free 1048.7 MiB)
[2026-02-02T10:18:45.901+0000] {spark_submit.py:634} INFO - 26/02/02 10:18:45 INFO MemoryStore: Block broadcast_6_piece0 stored as bytes in memory (estimated size 30.1 KiB, free 1048.7 MiB)
[2026-02-02T10:18:45.902+0000] {spark_submit.py:634} INFO - 26/02/02 10:18:45 INFO BlockManagerInfo: Added broadcast_6_piece0 in memory on 4ba644d6f495:38573 (size: 30.1 KiB, free: 1048.8 MiB)
[2026-02-02T10:18:45.902+0000] {spark_submit.py:634} INFO - 26/02/02 10:18:45 INFO SparkContext: Created broadcast 6 from broadcast at DAGScheduler.scala:1580
[2026-02-02T10:18:45.902+0000] {spark_submit.py:634} INFO - 26/02/02 10:18:45 INFO DAGScheduler: Submitting 1 missing tasks from ShuffleMapStage 13 (MapPartitionsRDD[30] at jdbc at NativeMethodAccessorImpl.java:0) (first 15 tasks are for partitions Vector(0))
[2026-02-02T10:18:45.903+0000] {spark_submit.py:634} INFO - 26/02/02 10:18:45 INFO TaskSchedulerImpl: Adding task set 13.0 with 1 tasks resource profile 0
[2026-02-02T10:18:45.904+0000] {spark_submit.py:634} INFO - 26/02/02 10:18:45 INFO TaskSetManager: Starting task 0.0 in stage 13.0 (TID 6) (4ba644d6f495, executor driver, partition 0, NODE_LOCAL, 8379 bytes)
[2026-02-02T10:18:45.904+0000] {spark_submit.py:634} INFO - 26/02/02 10:18:45 INFO Executor: Running task 0.0 in stage 13.0 (TID 6)
[2026-02-02T10:18:45.918+0000] {spark_submit.py:634} INFO - 26/02/02 10:18:45 INFO ShuffleBlockFetcherIterator: Getting 1 (748.2 KiB) non-empty blocks including 1 (748.2 KiB) local and 0 (0.0 B) host-local and 0 (0.0 B) push-merged-local and 0 (0.0 B) remote blocks
[2026-02-02T10:18:45.919+0000] {spark_submit.py:634} INFO - 26/02/02 10:18:45 INFO ShuffleBlockFetcherIterator: Started 0 remote fetches in 1 ms
[2026-02-02T10:18:45.921+0000] {spark_submit.py:634} INFO - 26/02/02 10:18:45 INFO ShuffleBlockFetcherIterator: Getting 1 (1082.0 B) non-empty blocks including 1 (1082.0 B) local and 0 (0.0 B) host-local and 0 (0.0 B) push-merged-local and 0 (0.0 B) remote blocks
[2026-02-02T10:18:45.923+0000] {spark_submit.py:634} INFO - 26/02/02 10:18:45 INFO ShuffleBlockFetcherIterator: Started 0 remote fetches in 0 ms
[2026-02-02T10:18:45.957+0000] {spark_submit.py:634} INFO - 26/02/02 10:18:45 INFO CodeGenerator: Code generated in 31.689334 ms
[2026-02-02T10:18:45.972+0000] {spark_submit.py:634} INFO - 26/02/02 10:18:45 INFO CodeGenerator: Code generated in 8.369041 ms
[2026-02-02T10:18:45.978+0000] {spark_submit.py:634} INFO - 26/02/02 10:18:45 INFO CodeGenerator: Code generated in 3.305292 ms
[2026-02-02T10:18:45.987+0000] {spark_submit.py:634} INFO - 26/02/02 10:18:45 INFO CodeGenerator: Code generated in 3.492791 ms
[2026-02-02T10:18:46.000+0000] {spark_submit.py:634} INFO - 26/02/02 10:18:46 INFO CodeGenerator: Code generated in 10.3555 ms
[2026-02-02T10:18:46.251+0000] {spark_submit.py:634} INFO - 26/02/02 10:18:46 INFO Executor: Finished task 0.0 in stage 13.0 (TID 6). 6854 bytes result sent to driver
[2026-02-02T10:18:46.258+0000] {spark_submit.py:634} INFO - 26/02/02 10:18:46 INFO TaskSetManager: Finished task 0.0 in stage 13.0 (TID 6) in 354 ms on 4ba644d6f495 (executor driver) (1/1)
[2026-02-02T10:18:46.261+0000] {spark_submit.py:634} INFO - 26/02/02 10:18:46 INFO TaskSchedulerImpl: Removed TaskSet 13.0, whose tasks have all completed, from pool
[2026-02-02T10:18:46.270+0000] {spark_submit.py:634} INFO - 26/02/02 10:18:46 INFO DAGScheduler: ShuffleMapStage 13 (jdbc at NativeMethodAccessorImpl.java:0) finished in 0.370 s
[2026-02-02T10:18:46.272+0000] {spark_submit.py:634} INFO - 26/02/02 10:18:46 INFO DAGScheduler: looking for newly runnable stages
[2026-02-02T10:18:46.274+0000] {spark_submit.py:634} INFO - 26/02/02 10:18:46 INFO DAGScheduler: running: Set()
[2026-02-02T10:18:46.275+0000] {spark_submit.py:634} INFO - 26/02/02 10:18:46 INFO DAGScheduler: waiting: Set()
[2026-02-02T10:18:46.276+0000] {spark_submit.py:634} INFO - 26/02/02 10:18:46 INFO DAGScheduler: failed: Set()
[2026-02-02T10:18:46.280+0000] {spark_submit.py:634} INFO - 26/02/02 10:18:46 INFO ShufflePartitionsUtil: For shuffle(5), advisory target size: 67108864, actual target size 1048576, minimum partition size: 1048576
[2026-02-02T10:18:46.284+0000] {spark_submit.py:634} INFO - 26/02/02 10:18:46 INFO HashAggregateExec: spark.sql.codegen.aggregate.map.twolevel.enabled is set to true, but current version of codegened fast hashmap does not support this aggregate.
[2026-02-02T10:18:46.356+0000] {spark_submit.py:634} INFO - 26/02/02 10:18:46 INFO CodeGenerator: Code generated in 59.121458 ms
[2026-02-02T10:18:46.406+0000] {spark_submit.py:634} INFO - 26/02/02 10:18:46 INFO SparkContext: Starting job: jdbc at NativeMethodAccessorImpl.java:0
[2026-02-02T10:18:46.408+0000] {spark_submit.py:634} INFO - 26/02/02 10:18:46 INFO DAGScheduler: Got job 7 (jdbc at NativeMethodAccessorImpl.java:0) with 1 output partitions
[2026-02-02T10:18:46.408+0000] {spark_submit.py:634} INFO - 26/02/02 10:18:46 INFO DAGScheduler: Final stage: ResultStage 17 (jdbc at NativeMethodAccessorImpl.java:0)
[2026-02-02T10:18:46.408+0000] {spark_submit.py:634} INFO - 26/02/02 10:18:46 INFO DAGScheduler: Parents of final stage: List(ShuffleMapStage 16)
[2026-02-02T10:18:46.409+0000] {spark_submit.py:634} INFO - 26/02/02 10:18:46 INFO DAGScheduler: Missing parents: List()
[2026-02-02T10:18:46.409+0000] {spark_submit.py:634} INFO - 26/02/02 10:18:46 INFO DAGScheduler: Submitting ResultStage 17 (MapPartitionsRDD[35] at jdbc at NativeMethodAccessorImpl.java:0), which has no missing parents
[2026-02-02T10:18:46.444+0000] {spark_submit.py:634} INFO - 26/02/02 10:18:46 INFO BlockManagerInfo: Removed broadcast_6_piece0 on 4ba644d6f495:38573 in memory (size: 30.1 KiB, free: 1048.8 MiB)
[2026-02-02T10:18:46.453+0000] {spark_submit.py:634} INFO - 26/02/02 10:18:46 INFO MemoryStore: Block broadcast_7 stored as values in memory (estimated size 69.1 KiB, free 1048.7 MiB)
[2026-02-02T10:18:46.458+0000] {spark_submit.py:634} INFO - 26/02/02 10:18:46 INFO BlockManagerInfo: Removed broadcast_4_piece0 on 4ba644d6f495:38573 in memory (size: 7.9 KiB, free: 1048.8 MiB)
[2026-02-02T10:18:46.459+0000] {spark_submit.py:634} INFO - 26/02/02 10:18:46 INFO MemoryStore: Block broadcast_7_piece0 stored as bytes in memory (estimated size 30.1 KiB, free 1048.7 MiB)
[2026-02-02T10:18:46.461+0000] {spark_submit.py:634} INFO - 26/02/02 10:18:46 INFO BlockManagerInfo: Added broadcast_7_piece0 in memory on 4ba644d6f495:38573 (size: 30.1 KiB, free: 1048.8 MiB)
[2026-02-02T10:18:46.462+0000] {spark_submit.py:634} INFO - 26/02/02 10:18:46 INFO SparkContext: Created broadcast 7 from broadcast at DAGScheduler.scala:1580
[2026-02-02T10:18:46.463+0000] {spark_submit.py:634} INFO - 26/02/02 10:18:46 INFO DAGScheduler: Submitting 1 missing tasks from ResultStage 17 (MapPartitionsRDD[35] at jdbc at NativeMethodAccessorImpl.java:0) (first 15 tasks are for partitions Vector(0))
[2026-02-02T10:18:46.463+0000] {spark_submit.py:634} INFO - 26/02/02 10:18:46 INFO TaskSchedulerImpl: Adding task set 17.0 with 1 tasks resource profile 0
[2026-02-02T10:18:46.465+0000] {spark_submit.py:634} INFO - 26/02/02 10:18:46 INFO TaskSetManager: Starting task 0.0 in stage 17.0 (TID 7) (4ba644d6f495, executor driver, partition 0, NODE_LOCAL, 8108 bytes)
[2026-02-02T10:18:46.466+0000] {spark_submit.py:634} INFO - 26/02/02 10:18:46 INFO Executor: Running task 0.0 in stage 17.0 (TID 7)
[2026-02-02T10:18:46.476+0000] {spark_submit.py:634} INFO - 26/02/02 10:18:46 INFO BlockManagerInfo: Removed broadcast_5_piece0 on 4ba644d6f495:38573 in memory (size: 7.6 KiB, free: 1048.8 MiB)
[2026-02-02T10:18:46.481+0000] {spark_submit.py:634} INFO - 26/02/02 10:18:46 INFO ShuffleBlockFetcherIterator: Getting 1 (6.6 KiB) non-empty blocks including 1 (6.6 KiB) local and 0 (0.0 B) host-local and 0 (0.0 B) push-merged-local and 0 (0.0 B) remote blocks
[2026-02-02T10:18:46.481+0000] {spark_submit.py:634} INFO - 26/02/02 10:18:46 INFO ShuffleBlockFetcherIterator: Started 0 remote fetches in 0 ms
[2026-02-02T10:18:46.496+0000] {spark_submit.py:634} INFO - 26/02/02 10:18:46 INFO CodeGenerator: Code generated in 14.002875 ms
[2026-02-02T10:18:47.223+0000] {spark_submit.py:634} INFO - 26/02/02 10:18:47 INFO CodeGenerator: Code generated in 6.709125 ms
[2026-02-02T10:18:47.270+0000] {spark_submit.py:634} INFO - 26/02/02 10:18:47 INFO Executor: Finished task 0.0 in stage 17.0 (TID 7). 7900 bytes result sent to driver
[2026-02-02T10:18:47.271+0000] {spark_submit.py:634} INFO - 26/02/02 10:18:47 INFO TaskSetManager: Finished task 0.0 in stage 17.0 (TID 7) in 807 ms on 4ba644d6f495 (executor driver) (1/1)
[2026-02-02T10:18:47.271+0000] {spark_submit.py:634} INFO - 26/02/02 10:18:47 INFO TaskSchedulerImpl: Removed TaskSet 17.0, whose tasks have all completed, from pool
[2026-02-02T10:18:47.272+0000] {spark_submit.py:634} INFO - 26/02/02 10:18:47 INFO DAGScheduler: ResultStage 17 (jdbc at NativeMethodAccessorImpl.java:0) finished in 0.829 s
[2026-02-02T10:18:47.272+0000] {spark_submit.py:634} INFO - 26/02/02 10:18:47 INFO DAGScheduler: Job 7 is finished. Cancelling potential speculative or zombie tasks for this job
[2026-02-02T10:18:47.273+0000] {spark_submit.py:634} INFO - 26/02/02 10:18:47 INFO TaskSchedulerImpl: Killing all running tasks in stage 17: Stage finished
[2026-02-02T10:18:47.273+0000] {spark_submit.py:634} INFO - 26/02/02 10:18:47 INFO DAGScheduler: Job 7 finished: jdbc at NativeMethodAccessorImpl.java:0, took 0.866385 s
[2026-02-02T10:18:47.447+0000] {spark_submit.py:634} INFO - 26/02/02 10:18:47 INFO CodeGenerator: Code generated in 8.679667 ms
[2026-02-02T10:18:47.453+0000] {spark_submit.py:634} INFO - 26/02/02 10:18:47 INFO DAGScheduler: Registering RDD 40 (jdbc at NativeMethodAccessorImpl.java:0) as input to shuffle 6
[2026-02-02T10:18:47.454+0000] {spark_submit.py:634} INFO - 26/02/02 10:18:47 INFO DAGScheduler: Got map stage job 8 (jdbc at NativeMethodAccessorImpl.java:0) with 1 output partitions
[2026-02-02T10:18:47.454+0000] {spark_submit.py:634} INFO - 26/02/02 10:18:47 INFO DAGScheduler: Final stage: ShuffleMapStage 18 (jdbc at NativeMethodAccessorImpl.java:0)
[2026-02-02T10:18:47.454+0000] {spark_submit.py:634} INFO - 26/02/02 10:18:47 INFO DAGScheduler: Parents of final stage: List()
[2026-02-02T10:18:47.456+0000] {spark_submit.py:634} INFO - 26/02/02 10:18:47 INFO DAGScheduler: Missing parents: List()
[2026-02-02T10:18:47.457+0000] {spark_submit.py:634} INFO - 26/02/02 10:18:47 INFO DAGScheduler: Submitting ShuffleMapStage 18 (MapPartitionsRDD[40] at jdbc at NativeMethodAccessorImpl.java:0), which has no missing parents
[2026-02-02T10:18:47.466+0000] {spark_submit.py:634} INFO - 26/02/02 10:18:47 INFO MemoryStore: Block broadcast_8 stored as values in memory (estimated size 28.3 KiB, free 1048.7 MiB)
[2026-02-02T10:18:47.468+0000] {spark_submit.py:634} INFO - 26/02/02 10:18:47 INFO MemoryStore: Block broadcast_8_piece0 stored as bytes in memory (estimated size 13.6 KiB, free 1048.7 MiB)
[2026-02-02T10:18:47.469+0000] {spark_submit.py:634} INFO - 26/02/02 10:18:47 INFO BlockManagerInfo: Added broadcast_8_piece0 in memory on 4ba644d6f495:38573 (size: 13.6 KiB, free: 1048.8 MiB)
[2026-02-02T10:18:47.469+0000] {spark_submit.py:634} INFO - 26/02/02 10:18:47 INFO SparkContext: Created broadcast 8 from broadcast at DAGScheduler.scala:1580
[2026-02-02T10:18:47.470+0000] {spark_submit.py:634} INFO - 26/02/02 10:18:47 INFO DAGScheduler: Submitting 1 missing tasks from ShuffleMapStage 18 (MapPartitionsRDD[40] at jdbc at NativeMethodAccessorImpl.java:0) (first 15 tasks are for partitions Vector(0))
[2026-02-02T10:18:47.470+0000] {spark_submit.py:634} INFO - 26/02/02 10:18:47 INFO TaskSchedulerImpl: Adding task set 18.0 with 1 tasks resource profile 0
[2026-02-02T10:18:47.471+0000] {spark_submit.py:634} INFO - 26/02/02 10:18:47 INFO DAGScheduler: Registering RDD 42 (jdbc at NativeMethodAccessorImpl.java:0) as input to shuffle 7
[2026-02-02T10:18:47.471+0000] {spark_submit.py:634} INFO - 26/02/02 10:18:47 INFO DAGScheduler: Got map stage job 9 (jdbc at NativeMethodAccessorImpl.java:0) with 1 output partitions
[2026-02-02T10:18:47.475+0000] {spark_submit.py:634} INFO - 26/02/02 10:18:47 INFO DAGScheduler: Final stage: ShuffleMapStage 19 (jdbc at NativeMethodAccessorImpl.java:0)
[2026-02-02T10:18:47.476+0000] {spark_submit.py:634} INFO - 26/02/02 10:18:47 INFO TaskSetManager: Starting task 0.0 in stage 18.0 (TID 8) (4ba644d6f495, executor driver, partition 0, PROCESS_LOCAL, 7943 bytes)
[2026-02-02T10:18:47.476+0000] {spark_submit.py:634} INFO - 26/02/02 10:18:47 INFO DAGScheduler: Parents of final stage: List()
[2026-02-02T10:18:47.476+0000] {spark_submit.py:634} INFO - 26/02/02 10:18:47 INFO DAGScheduler: Missing parents: List()
[2026-02-02T10:18:47.477+0000] {spark_submit.py:634} INFO - 26/02/02 10:18:47 INFO DAGScheduler: Submitting ShuffleMapStage 19 (MapPartitionsRDD[42] at jdbc at NativeMethodAccessorImpl.java:0), which has no missing parents
[2026-02-02T10:18:47.477+0000] {spark_submit.py:634} INFO - 26/02/02 10:18:47 INFO Executor: Running task 0.0 in stage 18.0 (TID 8)
[2026-02-02T10:18:47.477+0000] {spark_submit.py:634} INFO - 26/02/02 10:18:47 INFO MemoryStore: Block broadcast_9 stored as values in memory (estimated size 14.3 KiB, free 1048.6 MiB)
[2026-02-02T10:18:47.478+0000] {spark_submit.py:634} INFO - 26/02/02 10:18:47 INFO MemoryStore: Block broadcast_9_piece0 stored as bytes in memory (estimated size 7.5 KiB, free 1048.6 MiB)
[2026-02-02T10:18:47.479+0000] {spark_submit.py:634} INFO - 26/02/02 10:18:47 INFO BlockManagerInfo: Added broadcast_9_piece0 in memory on 4ba644d6f495:38573 (size: 7.5 KiB, free: 1048.8 MiB)
[2026-02-02T10:18:47.481+0000] {spark_submit.py:634} INFO - 26/02/02 10:18:47 INFO SparkContext: Created broadcast 9 from broadcast at DAGScheduler.scala:1580
[2026-02-02T10:18:47.481+0000] {spark_submit.py:634} INFO - 26/02/02 10:18:47 INFO DAGScheduler: Submitting 1 missing tasks from ShuffleMapStage 19 (MapPartitionsRDD[42] at jdbc at NativeMethodAccessorImpl.java:0) (first 15 tasks are for partitions Vector(0))
[2026-02-02T10:18:47.481+0000] {spark_submit.py:634} INFO - 26/02/02 10:18:47 INFO TaskSchedulerImpl: Adding task set 19.0 with 1 tasks resource profile 0
[2026-02-02T10:18:48.238+0000] {spark_submit.py:634} INFO - 26/02/02 10:18:48 INFO BlockManagerInfo: Removed broadcast_7_piece0 on 4ba644d6f495:38573 in memory (size: 30.1 KiB, free: 1048.8 MiB)
[2026-02-02T10:18:52.692+0000] {taskinstance.py:2698} ERROR - Task failed with exception
Traceback (most recent call last):
  File "/home/airflow/.local/lib/python3.11/site-packages/airflow/models/taskinstance.py", line 433, in _execute_task
    result = execute_callable(context=context, **execute_callable_kwargs)
             ^^^^^^^^^^^^^^^^^^^^^^^^^^^^^^^^^^^^^^^^^^^^^^^^^^^^^^^^^^^^
  File "/home/airflow/.local/lib/python3.11/site-packages/airflow/providers/apache/spark/operators/spark_submit.py", line 176, in execute
    self._hook.submit(self.application)
  File "/home/airflow/.local/lib/python3.11/site-packages/airflow/providers/apache/spark/hooks/spark_submit.py", line 560, in submit
    raise AirflowException(
airflow.exceptions.AirflowException: Cannot execute: spark-submit --master local --conf spark.jars.packages=org.***ql:***ql:42.7.1 --conf spark.driver.memory=2g --conf spark.executor.memory=2g --name arrow-spark /opt/airflow/dags/src/batch_pipeline.py 2026-02-02. Error code is: -9.
[2026-02-02T10:18:52.788+0000] {taskinstance.py:1138} INFO - Marking task as UP_FOR_RETRY. dag_id=daily_order_analytics, task_id=run_batch_pipeline, execution_date=20260202T094614, start_date=20260202T101828, end_date=20260202T101852
[2026-02-02T10:18:52.858+0000] {standard_task_runner.py:107} ERROR - Failed to execute job 58 for task run_batch_pipeline (Cannot execute: spark-submit --master local --conf spark.jars.packages=org.***ql:***ql:42.7.1 --conf spark.driver.memory=2g --conf spark.executor.memory=2g --name arrow-spark /opt/airflow/dags/src/batch_pipeline.py 2026-02-02. Error code is: -9.; 2037)
[2026-02-02T10:18:52.907+0000] {local_task_job_runner.py:234} INFO - Task exited with return code 1
[2026-02-02T10:18:52.965+0000] {taskinstance.py:3280} INFO - 0 downstream tasks scheduled from follow-on schedule check
