[2026-02-02T10:15:49.047+0000] {taskinstance.py:1956} INFO - Dependencies all met for dep_context=non-requeueable deps ti=<TaskInstance: daily_order_analytics.run_batch_pipeline manual__2026-02-02T09:46:14.958410+00:00 [queued]>
[2026-02-02T10:15:49.057+0000] {taskinstance.py:1956} INFO - Dependencies all met for dep_context=requeueable deps ti=<TaskInstance: daily_order_analytics.run_batch_pipeline manual__2026-02-02T09:46:14.958410+00:00 [queued]>
[2026-02-02T10:15:49.058+0000] {taskinstance.py:2170} INFO - Starting attempt 5 of 7
[2026-02-02T10:15:49.078+0000] {taskinstance.py:2191} INFO - Executing <Task(SparkSubmitOperator): run_batch_pipeline> on 2026-02-02 09:46:14.958410+00:00
[2026-02-02T10:15:49.104+0000] {standard_task_runner.py:60} INFO - Started process 1835 to run task
[2026-02-02T10:15:49.108+0000] {standard_task_runner.py:87} INFO - Running: ['airflow', 'tasks', 'run', 'daily_order_analytics', 'run_batch_pipeline', 'manual__2026-02-02T09:46:14.958410+00:00', '--job-id', '57', '--raw', '--subdir', 'DAGS_FOLDER/daily_batch_dag.py', '--cfg-path', '/tmp/tmponeuxc4h']
[2026-02-02T10:15:49.118+0000] {standard_task_runner.py:88} INFO - Job 57: Subtask run_batch_pipeline
[2026-02-02T10:15:49.414+0000] {task_command.py:423} INFO - Running <TaskInstance: daily_order_analytics.run_batch_pipeline manual__2026-02-02T09:46:14.958410+00:00 [running]> on host 4ba644d6f495
[2026-02-02T10:15:49.592+0000] {taskinstance.py:2480} INFO - Exporting env vars: AIRFLOW_CTX_DAG_OWNER='data-engineering' AIRFLOW_CTX_DAG_ID='daily_order_analytics' AIRFLOW_CTX_TASK_ID='run_batch_pipeline' AIRFLOW_CTX_EXECUTION_DATE='2026-02-02T09:46:14.958410+00:00' AIRFLOW_CTX_TRY_NUMBER='5' AIRFLOW_CTX_DAG_RUN_ID='manual__2026-02-02T09:46:14.958410+00:00'
[2026-02-02T10:15:49.608+0000] {base.py:83} INFO - Using connection ID 'spark_default' for task execution.
[2026-02-02T10:15:49.610+0000] {spark_submit.py:473} INFO - Spark-Submit cmd: spark-submit --master local --conf spark.jars.packages=org.***ql:***ql:42.7.1 --conf spark.driver.memory=2g --conf spark.executor.memory=2g --name arrow-spark /opt/airflow/dags/src/batch_pipeline.py 2026-02-02
[2026-02-02T10:15:49.922+0000] {spark_submit.py:634} INFO - /home/airflow/.local/lib/python3.11/site-packages/pyspark/bin/load-spark-env.sh: line 68: ps: command not found
[2026-02-02T10:15:52.780+0000] {spark_submit.py:634} INFO - :: loading settings :: url = jar:file:/home/airflow/.local/lib/python3.11/site-packages/pyspark/jars/ivy-2.5.1.jar!/org/apache/ivy/core/settings/ivysettings.xml
[2026-02-02T10:15:52.861+0000] {spark_submit.py:634} INFO - Ivy Default Cache set to: /home/airflow/.ivy2/cache
[2026-02-02T10:15:52.862+0000] {spark_submit.py:634} INFO - The jars for the packages stored in: /home/airflow/.ivy2/jars
[2026-02-02T10:15:52.865+0000] {spark_submit.py:634} INFO - org.***ql#***ql added as a dependency
[2026-02-02T10:15:52.866+0000] {spark_submit.py:634} INFO - :: resolving dependencies :: org.apache.spark#spark-submit-parent-98d91efe-039f-4cb7-ba4d-2657ebf50302;1.0
[2026-02-02T10:15:52.866+0000] {spark_submit.py:634} INFO - confs: [default]
[2026-02-02T10:15:53.010+0000] {spark_submit.py:634} INFO - found org.***ql#***ql;42.7.1 in central
[2026-02-02T10:15:53.033+0000] {spark_submit.py:634} INFO - found org.checkerframework#checker-qual;3.41.0 in central
[2026-02-02T10:15:53.048+0000] {spark_submit.py:634} INFO - :: resolution report :: resolve 178ms :: artifacts dl 4ms
[2026-02-02T10:15:53.048+0000] {spark_submit.py:634} INFO - :: modules in use:
[2026-02-02T10:15:53.048+0000] {spark_submit.py:634} INFO - org.checkerframework#checker-qual;3.41.0 from central in [default]
[2026-02-02T10:15:53.048+0000] {spark_submit.py:634} INFO - org.***ql#***ql;42.7.1 from central in [default]
[2026-02-02T10:15:53.049+0000] {spark_submit.py:634} INFO - ---------------------------------------------------------------------
[2026-02-02T10:15:53.049+0000] {spark_submit.py:634} INFO - |                  |            modules            ||   artifacts   |
[2026-02-02T10:15:53.049+0000] {spark_submit.py:634} INFO - |       conf       | number| search|dwnlded|evicted|| number|dwnlded|
[2026-02-02T10:15:53.049+0000] {spark_submit.py:634} INFO - ---------------------------------------------------------------------
[2026-02-02T10:15:53.049+0000] {spark_submit.py:634} INFO - |      default     |   2   |   0   |   0   |   0   ||   2   |   0   |
[2026-02-02T10:15:53.049+0000] {spark_submit.py:634} INFO - ---------------------------------------------------------------------
[2026-02-02T10:15:53.051+0000] {spark_submit.py:634} INFO - :: retrieving :: org.apache.spark#spark-submit-parent-98d91efe-039f-4cb7-ba4d-2657ebf50302
[2026-02-02T10:15:53.051+0000] {spark_submit.py:634} INFO - confs: [default]
[2026-02-02T10:15:53.055+0000] {spark_submit.py:634} INFO - 0 artifacts copied, 2 already retrieved (0kB/4ms)
[2026-02-02T10:15:53.383+0000] {spark_submit.py:634} INFO - 26/02/02 10:15:53 WARN NativeCodeLoader: Unable to load native-hadoop library for your platform... using builtin-java classes where applicable
[2026-02-02T10:15:55.524+0000] {spark_submit.py:634} INFO - 26/02/02 10:15:55 INFO SparkContext: Running Spark version 3.5.0
[2026-02-02T10:15:55.528+0000] {spark_submit.py:634} INFO - 26/02/02 10:15:55 INFO SparkContext: OS info Linux, 6.12.65-linuxkit, aarch64
[2026-02-02T10:15:55.528+0000] {spark_submit.py:634} INFO - 26/02/02 10:15:55 INFO SparkContext: Java version 17.0.18
[2026-02-02T10:15:55.693+0000] {spark_submit.py:634} INFO - 26/02/02 10:15:55 INFO ResourceUtils: ==============================================================
[2026-02-02T10:15:55.703+0000] {spark_submit.py:634} INFO - 26/02/02 10:15:55 INFO ResourceUtils: No custom resources configured for spark.driver.
[2026-02-02T10:15:55.703+0000] {spark_submit.py:634} INFO - 26/02/02 10:15:55 INFO ResourceUtils: ==============================================================
[2026-02-02T10:15:55.703+0000] {spark_submit.py:634} INFO - 26/02/02 10:15:55 INFO SparkContext: Submitted application: Daily_ETL_2026-02-02
[2026-02-02T10:15:55.825+0000] {spark_submit.py:634} INFO - 26/02/02 10:15:55 INFO ResourceProfile: Default ResourceProfile created, executor resources: Map(cores -> name: cores, amount: 1, script: , vendor: , memory -> name: memory, amount: 2048, script: , vendor: , offHeap -> name: offHeap, amount: 0, script: , vendor: ), task resources: Map(cpus -> name: cpus, amount: 1.0)
[2026-02-02T10:15:55.835+0000] {spark_submit.py:634} INFO - 26/02/02 10:15:55 INFO ResourceProfile: Limiting resource is cpu
[2026-02-02T10:15:55.835+0000] {spark_submit.py:634} INFO - 26/02/02 10:15:55 INFO ResourceProfileManager: Added ResourceProfile id: 0
[2026-02-02T10:15:56.012+0000] {spark_submit.py:634} INFO - 26/02/02 10:15:56 INFO SecurityManager: Changing view acls to: default
[2026-02-02T10:15:56.015+0000] {spark_submit.py:634} INFO - 26/02/02 10:15:56 INFO SecurityManager: Changing modify acls to: default
[2026-02-02T10:15:56.015+0000] {spark_submit.py:634} INFO - 26/02/02 10:15:56 INFO SecurityManager: Changing view acls groups to:
[2026-02-02T10:15:56.015+0000] {spark_submit.py:634} INFO - 26/02/02 10:15:56 INFO SecurityManager: Changing modify acls groups to:
[2026-02-02T10:15:56.016+0000] {spark_submit.py:634} INFO - 26/02/02 10:15:56 INFO SecurityManager: SecurityManager: authentication disabled; ui acls disabled; users with view permissions: default; groups with view permissions: EMPTY; users with modify permissions: default; groups with modify permissions: EMPTY
[2026-02-02T10:15:56.200+0000] {spark_submit.py:634} INFO - 26/02/02 10:15:56 INFO Utils: Successfully started service 'sparkDriver' on port 45997.
[2026-02-02T10:15:56.226+0000] {spark_submit.py:634} INFO - 26/02/02 10:15:56 INFO SparkEnv: Registering MapOutputTracker
[2026-02-02T10:15:56.279+0000] {spark_submit.py:634} INFO - 26/02/02 10:15:56 INFO SparkEnv: Registering BlockManagerMaster
[2026-02-02T10:15:56.330+0000] {spark_submit.py:634} INFO - 26/02/02 10:15:56 INFO BlockManagerMasterEndpoint: Using org.apache.spark.storage.DefaultTopologyMapper for getting topology information
[2026-02-02T10:15:56.330+0000] {spark_submit.py:634} INFO - 26/02/02 10:15:56 INFO BlockManagerMasterEndpoint: BlockManagerMasterEndpoint up
[2026-02-02T10:15:56.336+0000] {spark_submit.py:634} INFO - 26/02/02 10:15:56 INFO SparkEnv: Registering BlockManagerMasterHeartbeat
[2026-02-02T10:15:56.380+0000] {spark_submit.py:634} INFO - 26/02/02 10:15:56 INFO DiskBlockManager: Created local directory at /tmp/blockmgr-e3643353-2055-43d5-a369-01e3d98c1bc6
[2026-02-02T10:15:56.398+0000] {spark_submit.py:634} INFO - 26/02/02 10:15:56 INFO MemoryStore: MemoryStore started with capacity 1048.8 MiB
[2026-02-02T10:15:56.434+0000] {spark_submit.py:634} INFO - 26/02/02 10:15:56 INFO SparkEnv: Registering OutputCommitCoordinator
[2026-02-02T10:15:56.605+0000] {spark_submit.py:634} INFO - 26/02/02 10:15:56 INFO JettyUtils: Start Jetty 0.0.0.0:4040 for SparkUI
[2026-02-02T10:15:56.672+0000] {spark_submit.py:634} INFO - 26/02/02 10:15:56 INFO Utils: Successfully started service 'SparkUI' on port 4040.
[2026-02-02T10:15:56.705+0000] {spark_submit.py:634} INFO - 26/02/02 10:15:56 INFO SparkContext: Added JAR file:///home/airflow/.ivy2/jars/org.***ql_***ql-42.7.1.jar at spark://4ba644d6f495:45997/jars/org.***ql_***ql-42.7.1.jar with timestamp 1770027355453
[2026-02-02T10:15:56.706+0000] {spark_submit.py:634} INFO - 26/02/02 10:15:56 INFO SparkContext: Added JAR file:///home/airflow/.ivy2/jars/org.checkerframework_checker-qual-3.41.0.jar at spark://4ba644d6f495:45997/jars/org.checkerframework_checker-qual-3.41.0.jar with timestamp 1770027355453
[2026-02-02T10:15:56.711+0000] {spark_submit.py:634} INFO - 26/02/02 10:15:56 INFO SparkContext: Added file file:///home/airflow/.ivy2/jars/org.***ql_***ql-42.7.1.jar at file:///home/airflow/.ivy2/jars/org.***ql_***ql-42.7.1.jar with timestamp 1770027355453
[2026-02-02T10:15:56.725+0000] {spark_submit.py:634} INFO - 26/02/02 10:15:56 INFO Utils: Copying /home/airflow/.ivy2/jars/org.***ql_***ql-42.7.1.jar to /tmp/spark-bfc4e351-0a7a-46c8-a882-f7e1d236a752/userFiles-aa4e2a8f-8c64-412a-8160-697baa2392d9/org.***ql_***ql-42.7.1.jar
[2026-02-02T10:15:56.786+0000] {spark_submit.py:634} INFO - 26/02/02 10:15:56 INFO SparkContext: Added file file:///home/airflow/.ivy2/jars/org.checkerframework_checker-qual-3.41.0.jar at file:///home/airflow/.ivy2/jars/org.checkerframework_checker-qual-3.41.0.jar with timestamp 1770027355453
[2026-02-02T10:15:56.786+0000] {spark_submit.py:634} INFO - 26/02/02 10:15:56 INFO Utils: Copying /home/airflow/.ivy2/jars/org.checkerframework_checker-qual-3.41.0.jar to /tmp/spark-bfc4e351-0a7a-46c8-a882-f7e1d236a752/userFiles-aa4e2a8f-8c64-412a-8160-697baa2392d9/org.checkerframework_checker-qual-3.41.0.jar
[2026-02-02T10:15:56.855+0000] {spark_submit.py:634} INFO - 26/02/02 10:15:56 INFO Executor: Starting executor ID driver on host 4ba644d6f495
[2026-02-02T10:15:56.855+0000] {spark_submit.py:634} INFO - 26/02/02 10:15:56 INFO Executor: OS info Linux, 6.12.65-linuxkit, aarch64
[2026-02-02T10:15:56.856+0000] {spark_submit.py:634} INFO - 26/02/02 10:15:56 INFO Executor: Java version 17.0.18
[2026-02-02T10:15:56.862+0000] {spark_submit.py:634} INFO - 26/02/02 10:15:56 INFO Executor: Starting executor with user classpath (userClassPathFirst = false): ''
[2026-02-02T10:15:56.862+0000] {spark_submit.py:634} INFO - 26/02/02 10:15:56 INFO Executor: Created or updated repl class loader org.apache.spark.util.MutableURLClassLoader@523b6cb9 for default.
[2026-02-02T10:15:56.931+0000] {spark_submit.py:634} INFO - 26/02/02 10:15:56 INFO Executor: Fetching file:///home/airflow/.ivy2/jars/org.***ql_***ql-42.7.1.jar with timestamp 1770027355453
[2026-02-02T10:15:56.986+0000] {spark_submit.py:634} INFO - 26/02/02 10:15:56 INFO Utils: /home/airflow/.ivy2/jars/org.***ql_***ql-42.7.1.jar has been previously copied to /tmp/spark-bfc4e351-0a7a-46c8-a882-f7e1d236a752/userFiles-aa4e2a8f-8c64-412a-8160-697baa2392d9/org.***ql_***ql-42.7.1.jar
[2026-02-02T10:15:56.995+0000] {spark_submit.py:634} INFO - 26/02/02 10:15:56 INFO Executor: Fetching file:///home/airflow/.ivy2/jars/org.checkerframework_checker-qual-3.41.0.jar with timestamp 1770027355453
[2026-02-02T10:15:56.998+0000] {spark_submit.py:634} INFO - 26/02/02 10:15:56 INFO Utils: /home/airflow/.ivy2/jars/org.checkerframework_checker-qual-3.41.0.jar has been previously copied to /tmp/spark-bfc4e351-0a7a-46c8-a882-f7e1d236a752/userFiles-aa4e2a8f-8c64-412a-8160-697baa2392d9/org.checkerframework_checker-qual-3.41.0.jar
[2026-02-02T10:15:57.021+0000] {spark_submit.py:634} INFO - 26/02/02 10:15:57 INFO Executor: Fetching spark://4ba644d6f495:45997/jars/org.***ql_***ql-42.7.1.jar with timestamp 1770027355453
[2026-02-02T10:15:57.134+0000] {spark_submit.py:634} INFO - 26/02/02 10:15:57 INFO TransportClientFactory: Successfully created connection to 4ba644d6f495/172.18.0.4:45997 after 76 ms (0 ms spent in bootstraps)
[2026-02-02T10:15:57.147+0000] {spark_submit.py:634} INFO - 26/02/02 10:15:57 INFO Utils: Fetching spark://4ba644d6f495:45997/jars/org.***ql_***ql-42.7.1.jar to /tmp/spark-bfc4e351-0a7a-46c8-a882-f7e1d236a752/userFiles-aa4e2a8f-8c64-412a-8160-697baa2392d9/fetchFileTemp6517873477155025392.tmp
[2026-02-02T10:15:57.367+0000] {spark_submit.py:634} INFO - 26/02/02 10:15:57 INFO Utils: /tmp/spark-bfc4e351-0a7a-46c8-a882-f7e1d236a752/userFiles-aa4e2a8f-8c64-412a-8160-697baa2392d9/fetchFileTemp6517873477155025392.tmp has been previously copied to /tmp/spark-bfc4e351-0a7a-46c8-a882-f7e1d236a752/userFiles-aa4e2a8f-8c64-412a-8160-697baa2392d9/org.***ql_***ql-42.7.1.jar
[2026-02-02T10:15:57.410+0000] {spark_submit.py:634} INFO - 26/02/02 10:15:57 INFO Executor: Adding file:/tmp/spark-bfc4e351-0a7a-46c8-a882-f7e1d236a752/userFiles-aa4e2a8f-8c64-412a-8160-697baa2392d9/org.***ql_***ql-42.7.1.jar to class loader default
[2026-02-02T10:15:57.412+0000] {spark_submit.py:634} INFO - 26/02/02 10:15:57 INFO Executor: Fetching spark://4ba644d6f495:45997/jars/org.checkerframework_checker-qual-3.41.0.jar with timestamp 1770027355453
[2026-02-02T10:15:57.416+0000] {spark_submit.py:634} INFO - 26/02/02 10:15:57 INFO Utils: Fetching spark://4ba644d6f495:45997/jars/org.checkerframework_checker-qual-3.41.0.jar to /tmp/spark-bfc4e351-0a7a-46c8-a882-f7e1d236a752/userFiles-aa4e2a8f-8c64-412a-8160-697baa2392d9/fetchFileTemp8573023964656268008.tmp
[2026-02-02T10:15:57.424+0000] {spark_submit.py:634} INFO - 26/02/02 10:15:57 INFO Utils: /tmp/spark-bfc4e351-0a7a-46c8-a882-f7e1d236a752/userFiles-aa4e2a8f-8c64-412a-8160-697baa2392d9/fetchFileTemp8573023964656268008.tmp has been previously copied to /tmp/spark-bfc4e351-0a7a-46c8-a882-f7e1d236a752/userFiles-aa4e2a8f-8c64-412a-8160-697baa2392d9/org.checkerframework_checker-qual-3.41.0.jar
[2026-02-02T10:15:57.433+0000] {spark_submit.py:634} INFO - 26/02/02 10:15:57 INFO Executor: Adding file:/tmp/spark-bfc4e351-0a7a-46c8-a882-f7e1d236a752/userFiles-aa4e2a8f-8c64-412a-8160-697baa2392d9/org.checkerframework_checker-qual-3.41.0.jar to class loader default
[2026-02-02T10:15:57.491+0000] {spark_submit.py:634} INFO - 26/02/02 10:15:57 INFO Utils: Successfully started service 'org.apache.spark.network.netty.NettyBlockTransferService' on port 38627.
[2026-02-02T10:15:57.493+0000] {spark_submit.py:634} INFO - 26/02/02 10:15:57 INFO NettyBlockTransferService: Server created on 4ba644d6f495:38627
[2026-02-02T10:15:57.499+0000] {spark_submit.py:634} INFO - 26/02/02 10:15:57 INFO BlockManager: Using org.apache.spark.storage.RandomBlockReplicationPolicy for block replication policy
[2026-02-02T10:15:57.509+0000] {spark_submit.py:634} INFO - 26/02/02 10:15:57 INFO BlockManagerMaster: Registering BlockManager BlockManagerId(driver, 4ba644d6f495, 38627, None)
[2026-02-02T10:15:57.514+0000] {spark_submit.py:634} INFO - 26/02/02 10:15:57 INFO BlockManagerMasterEndpoint: Registering block manager 4ba644d6f495:38627 with 1048.8 MiB RAM, BlockManagerId(driver, 4ba644d6f495, 38627, None)
[2026-02-02T10:15:57.517+0000] {spark_submit.py:634} INFO - 26/02/02 10:15:57 INFO BlockManagerMaster: Registered BlockManager BlockManagerId(driver, 4ba644d6f495, 38627, None)
[2026-02-02T10:15:57.520+0000] {spark_submit.py:634} INFO - 26/02/02 10:15:57 INFO BlockManager: Initialized BlockManager: BlockManagerId(driver, 4ba644d6f495, 38627, None)
[2026-02-02T10:15:58.421+0000] {spark_submit.py:634} INFO - DEBUG: Processing data for 2026-02-02
[2026-02-02T10:15:58.437+0000] {spark_submit.py:634} INFO - 26/02/02 10:15:58 INFO SharedState: Setting hive.metastore.warehouse.dir ('null') to the value of spark.sql.warehouse.dir.
[2026-02-02T10:15:58.441+0000] {spark_submit.py:634} INFO - 26/02/02 10:15:58 INFO SharedState: Warehouse path is 'file:/opt/airflow/spark-warehouse'.
[2026-02-02T10:16:02.165+0000] {spark_submit.py:634} INFO - Loading data to PostgreSQL...
[2026-02-02T10:16:03.457+0000] {spark_submit.py:634} INFO - 26/02/02 10:16:03 INFO CodeGenerator: Code generated in 193.623333 ms
[2026-02-02T10:16:03.585+0000] {spark_submit.py:634} INFO - 26/02/02 10:16:03 INFO DAGScheduler: Registering RDD 3 (jdbc at NativeMethodAccessorImpl.java:0) as input to shuffle 0
[2026-02-02T10:16:03.589+0000] {spark_submit.py:634} INFO - 26/02/02 10:16:03 INFO CodeGenerator: Code generated in 8.53525 ms
[2026-02-02T10:16:03.597+0000] {spark_submit.py:634} INFO - 26/02/02 10:16:03 INFO DAGScheduler: Got map stage job 0 (jdbc at NativeMethodAccessorImpl.java:0) with 1 output partitions
[2026-02-02T10:16:03.598+0000] {spark_submit.py:634} INFO - 26/02/02 10:16:03 INFO DAGScheduler: Final stage: ShuffleMapStage 0 (jdbc at NativeMethodAccessorImpl.java:0)
[2026-02-02T10:16:03.598+0000] {spark_submit.py:634} INFO - 26/02/02 10:16:03 INFO DAGScheduler: Parents of final stage: List()
[2026-02-02T10:16:03.599+0000] {spark_submit.py:634} INFO - 26/02/02 10:16:03 INFO DAGScheduler: Missing parents: List()
[2026-02-02T10:16:03.603+0000] {spark_submit.py:634} INFO - 26/02/02 10:16:03 INFO DAGScheduler: Submitting ShuffleMapStage 0 (MapPartitionsRDD[3] at jdbc at NativeMethodAccessorImpl.java:0), which has no missing parents
[2026-02-02T10:16:03.818+0000] {spark_submit.py:634} INFO - 26/02/02 10:16:03 INFO MemoryStore: Block broadcast_0 stored as values in memory (estimated size 15.5 KiB, free 1048.8 MiB)
[2026-02-02T10:16:03.941+0000] {spark_submit.py:634} INFO - 26/02/02 10:16:03 INFO MemoryStore: Block broadcast_0_piece0 stored as bytes in memory (estimated size 7.9 KiB, free 1048.8 MiB)
[2026-02-02T10:16:03.958+0000] {spark_submit.py:634} INFO - 26/02/02 10:16:03 INFO BlockManagerInfo: Added broadcast_0_piece0 in memory on 4ba644d6f495:38627 (size: 7.9 KiB, free: 1048.8 MiB)
[2026-02-02T10:16:03.982+0000] {spark_submit.py:634} INFO - 26/02/02 10:16:03 INFO SparkContext: Created broadcast 0 from broadcast at DAGScheduler.scala:1580
[2026-02-02T10:16:04.018+0000] {spark_submit.py:634} INFO - 26/02/02 10:16:04 INFO DAGScheduler: Submitting 1 missing tasks from ShuffleMapStage 0 (MapPartitionsRDD[3] at jdbc at NativeMethodAccessorImpl.java:0) (first 15 tasks are for partitions Vector(0))
[2026-02-02T10:16:04.020+0000] {spark_submit.py:634} INFO - 26/02/02 10:16:04 INFO TaskSchedulerImpl: Adding task set 0.0 with 1 tasks resource profile 0
[2026-02-02T10:16:04.048+0000] {spark_submit.py:634} INFO - 26/02/02 10:16:04 INFO DAGScheduler: Registering RDD 5 (jdbc at NativeMethodAccessorImpl.java:0) as input to shuffle 1
[2026-02-02T10:16:04.048+0000] {spark_submit.py:634} INFO - 26/02/02 10:16:04 INFO DAGScheduler: Got map stage job 1 (jdbc at NativeMethodAccessorImpl.java:0) with 1 output partitions
[2026-02-02T10:16:04.049+0000] {spark_submit.py:634} INFO - 26/02/02 10:16:04 INFO DAGScheduler: Final stage: ShuffleMapStage 1 (jdbc at NativeMethodAccessorImpl.java:0)
[2026-02-02T10:16:04.049+0000] {spark_submit.py:634} INFO - 26/02/02 10:16:04 INFO DAGScheduler: Parents of final stage: List()
[2026-02-02T10:16:04.049+0000] {spark_submit.py:634} INFO - 26/02/02 10:16:04 INFO DAGScheduler: Missing parents: List()
[2026-02-02T10:16:04.051+0000] {spark_submit.py:634} INFO - 26/02/02 10:16:04 INFO DAGScheduler: Submitting ShuffleMapStage 1 (MapPartitionsRDD[5] at jdbc at NativeMethodAccessorImpl.java:0), which has no missing parents
[2026-02-02T10:16:04.057+0000] {spark_submit.py:634} INFO - 26/02/02 10:16:04 INFO MemoryStore: Block broadcast_1 stored as values in memory (estimated size 14.3 KiB, free 1048.8 MiB)
[2026-02-02T10:16:04.068+0000] {spark_submit.py:634} INFO - 26/02/02 10:16:04 INFO MemoryStore: Block broadcast_1_piece0 stored as bytes in memory (estimated size 7.5 KiB, free 1048.8 MiB)
[2026-02-02T10:16:04.071+0000] {spark_submit.py:634} INFO - 26/02/02 10:16:04 INFO BlockManagerInfo: Added broadcast_1_piece0 in memory on 4ba644d6f495:38627 (size: 7.5 KiB, free: 1048.8 MiB)
[2026-02-02T10:16:04.072+0000] {spark_submit.py:634} INFO - 26/02/02 10:16:04 INFO SparkContext: Created broadcast 1 from broadcast at DAGScheduler.scala:1580
[2026-02-02T10:16:04.072+0000] {spark_submit.py:634} INFO - 26/02/02 10:16:04 INFO DAGScheduler: Submitting 1 missing tasks from ShuffleMapStage 1 (MapPartitionsRDD[5] at jdbc at NativeMethodAccessorImpl.java:0) (first 15 tasks are for partitions Vector(0))
[2026-02-02T10:16:04.072+0000] {spark_submit.py:634} INFO - 26/02/02 10:16:04 INFO TaskSchedulerImpl: Adding task set 1.0 with 1 tasks resource profile 0
[2026-02-02T10:16:04.084+0000] {spark_submit.py:634} INFO - 26/02/02 10:16:04 INFO TaskSetManager: Starting task 0.0 in stage 0.0 (TID 0) (4ba644d6f495, executor driver, partition 0, PROCESS_LOCAL, 7943 bytes)
[2026-02-02T10:16:04.103+0000] {spark_submit.py:634} INFO - 26/02/02 10:16:04 INFO Executor: Running task 0.0 in stage 0.0 (TID 0)
[2026-02-02T10:16:10.558+0000] {spark_submit.py:634} INFO - 26/02/02 10:16:10 INFO CodeGenerator: Code generated in 259.058708 ms
[2026-02-02T10:16:12.273+0000] {spark_submit.py:634} INFO - 26/02/02 10:16:12 INFO CodeGenerator: Code generated in 1074.597501 ms
[2026-02-02T10:16:15.036+0000] {taskinstance.py:2698} ERROR - Task failed with exception
Traceback (most recent call last):
  File "/home/airflow/.local/lib/python3.11/site-packages/airflow/models/taskinstance.py", line 433, in _execute_task
    result = execute_callable(context=context, **execute_callable_kwargs)
             ^^^^^^^^^^^^^^^^^^^^^^^^^^^^^^^^^^^^^^^^^^^^^^^^^^^^^^^^^^^^
  File "/home/airflow/.local/lib/python3.11/site-packages/airflow/providers/apache/spark/operators/spark_submit.py", line 176, in execute
    self._hook.submit(self.application)
  File "/home/airflow/.local/lib/python3.11/site-packages/airflow/providers/apache/spark/hooks/spark_submit.py", line 560, in submit
    raise AirflowException(
airflow.exceptions.AirflowException: Cannot execute: spark-submit --master local --conf spark.jars.packages=org.***ql:***ql:42.7.1 --conf spark.driver.memory=2g --conf spark.executor.memory=2g --name arrow-spark /opt/airflow/dags/src/batch_pipeline.py 2026-02-02. Error code is: -9.
[2026-02-02T10:16:15.065+0000] {taskinstance.py:1138} INFO - Marking task as UP_FOR_RETRY. dag_id=daily_order_analytics, task_id=run_batch_pipeline, execution_date=20260202T094614, start_date=20260202T101549, end_date=20260202T101615
[2026-02-02T10:16:15.103+0000] {standard_task_runner.py:107} ERROR - Failed to execute job 57 for task run_batch_pipeline (Cannot execute: spark-submit --master local --conf spark.jars.packages=org.***ql:***ql:42.7.1 --conf spark.driver.memory=2g --conf spark.executor.memory=2g --name arrow-spark /opt/airflow/dags/src/batch_pipeline.py 2026-02-02. Error code is: -9.; 1835)
[2026-02-02T10:16:15.153+0000] {local_task_job_runner.py:234} INFO - Task exited with return code 1
[2026-02-02T10:16:15.246+0000] {taskinstance.py:3280} INFO - 0 downstream tasks scheduled from follow-on schedule check
