[2026-02-02T07:25:29.253+0000] {taskinstance.py:1956} INFO - Dependencies all met for dep_context=non-requeueable deps ti=<TaskInstance: daily_order_analytics.create_destination_tables manual__2026-02-02T07:15:16.358206+00:00 [queued]>
[2026-02-02T07:25:29.258+0000] {taskinstance.py:1956} INFO - Dependencies all met for dep_context=requeueable deps ti=<TaskInstance: daily_order_analytics.create_destination_tables manual__2026-02-02T07:15:16.358206+00:00 [queued]>
[2026-02-02T07:25:29.258+0000] {taskinstance.py:2170} INFO - Starting attempt 1 of 3
[2026-02-02T07:25:29.268+0000] {taskinstance.py:2191} INFO - Executing <Task(PostgresOperator): create_destination_tables> on 2026-02-02 07:15:16.358206+00:00
[2026-02-02T07:25:29.275+0000] {standard_task_runner.py:60} INFO - Started process 1699 to run task
[2026-02-02T07:25:29.290+0000] {standard_task_runner.py:87} INFO - Running: ['airflow', 'tasks', 'run', 'daily_order_analytics', 'create_destination_tables', 'manual__2026-02-02T07:15:16.358206+00:00', '--job-id', '6', '--raw', '--subdir', 'DAGS_FOLDER/daily_batch_dag.py', '--cfg-path', '/tmp/tmpjl6zh3h1']
[2026-02-02T07:25:29.311+0000] {standard_task_runner.py:88} INFO - Job 6: Subtask create_destination_tables
[2026-02-02T07:25:29.473+0000] {task_command.py:423} INFO - Running <TaskInstance: daily_order_analytics.create_destination_tables manual__2026-02-02T07:15:16.358206+00:00 [running]> on host 4ba644d6f495
[2026-02-02T07:25:29.532+0000] {taskinstance.py:2480} INFO - Exporting env vars: AIRFLOW_CTX_DAG_OWNER='data-engineering' AIRFLOW_CTX_DAG_ID='daily_order_analytics' AIRFLOW_CTX_TASK_ID='create_destination_tables' AIRFLOW_CTX_EXECUTION_DATE='2026-02-02T07:15:16.358206+00:00' AIRFLOW_CTX_TRY_NUMBER='1' AIRFLOW_CTX_DAG_RUN_ID='manual__2026-02-02T07:15:16.358206+00:00'
[2026-02-02T07:25:29.533+0000] {sql.py:276} INFO - Executing: ['\n        CREATE TABLE IF NOT EXISTS daily_revenue (\n            date DATE PRIMARY KEY,\n            total_revenue DECIMAL(15,2) NOT NULL,\n            total_orders INTEGER NOT NULL,\n            total_quantity INTEGER NOT NULL,\n            avg_order_value DECIMAL(10,2) NOT NULL,\n            created_at TIMESTAMP DEFAULT CURRENT_TIMESTAMP,\n            updated_at TIMESTAMP DEFAULT CURRENT_TIMESTAMP\n        );\n        ', '\n        CREATE TABLE IF NOT EXISTS daily_new_customers (\n            date DATE PRIMARY KEY,\n            new_customer_count INTEGER NOT NULL,\n            new_customer_revenue DECIMAL(15,2) NOT NULL,\n            created_at TIMESTAMP DEFAULT CURRENT_TIMESTAMP,\n            updated_at TIMESTAMP DEFAULT CURRENT_TIMESTAMP\n        );\n        ', '\n        CREATE TABLE IF NOT EXISTS daily_category_orders (\n            date DATE NOT NULL,\n            category VARCHAR(50) NOT NULL,\n            order_count INTEGER NOT NULL,\n            total_quantity INTEGER NOT NULL,\n            total_revenue DECIMAL(15,2) NOT NULL,\n            created_at TIMESTAMP DEFAULT CURRENT_TIMESTAMP,\n            updated_at TIMESTAMP DEFAULT CURRENT_TIMESTAMP,\n            PRIMARY KEY (date, category)\n        );\n        ']
[2026-02-02T07:25:29.546+0000] {taskinstance.py:2698} ERROR - Task failed with exception
Traceback (most recent call last):
  File "/home/airflow/.local/lib/python3.11/site-packages/airflow/models/taskinstance.py", line 433, in _execute_task
    result = execute_callable(context=context, **execute_callable_kwargs)
             ^^^^^^^^^^^^^^^^^^^^^^^^^^^^^^^^^^^^^^^^^^^^^^^^^^^^^^^^^^^^
  File "/home/airflow/.local/lib/python3.11/site-packages/airflow/providers/common/sql/operators/sql.py", line 277, in execute
    hook = self.get_db_hook()
           ^^^^^^^^^^^^^^^^^^
  File "/home/airflow/.local/lib/python3.11/site-packages/airflow/providers/common/sql/operators/sql.py", line 188, in get_db_hook
    return self._hook
           ^^^^^^^^^^
  File "/usr/local/lib/python3.11/functools.py", line 1001, in __get__
    val = self.func(instance)
          ^^^^^^^^^^^^^^^^^^^
  File "/home/airflow/.local/lib/python3.11/site-packages/airflow/providers/common/sql/operators/sql.py", line 150, in _hook
    conn = BaseHook.get_connection(conn_id)
           ^^^^^^^^^^^^^^^^^^^^^^^^^^^^^^^^
  File "/home/airflow/.local/lib/python3.11/site-packages/airflow/hooks/base.py", line 82, in get_connection
    conn = Connection.get_connection_from_secrets(conn_id)
           ^^^^^^^^^^^^^^^^^^^^^^^^^^^^^^^^^^^^^^^^^^^^^^^
  File "/home/airflow/.local/lib/python3.11/site-packages/airflow/models/connection.py", line 479, in get_connection_from_secrets
    raise AirflowNotFoundException(f"The conn_id `{conn_id}` isn't defined")
airflow.exceptions.AirflowNotFoundException: The conn_id `***_default` isn't defined
[2026-02-02T07:25:29.549+0000] {taskinstance.py:1138} INFO - Marking task as UP_FOR_RETRY. dag_id=daily_order_analytics, task_id=create_destination_tables, execution_date=20260202T071516, start_date=20260202T072529, end_date=20260202T072529
[2026-02-02T07:25:29.554+0000] {standard_task_runner.py:107} ERROR - Failed to execute job 6 for task create_destination_tables (The conn_id `***_default` isn't defined; 1699)
[2026-02-02T07:25:29.598+0000] {local_task_job_runner.py:234} INFO - Task exited with return code 1
[2026-02-02T07:25:29.615+0000] {taskinstance.py:3280} INFO - 0 downstream tasks scheduled from follow-on schedule check
