[2026-02-02T09:50:17.524+0000] {taskinstance.py:1956} INFO - Dependencies all met for dep_context=non-requeueable deps ti=<TaskInstance: daily_order_analytics.data_quality_check manual__2026-02-02T09:46:14.958410+00:00 [queued]>
[2026-02-02T09:50:17.530+0000] {taskinstance.py:1956} INFO - Dependencies all met for dep_context=requeueable deps ti=<TaskInstance: daily_order_analytics.data_quality_check manual__2026-02-02T09:46:14.958410+00:00 [queued]>
[2026-02-02T09:50:17.531+0000] {taskinstance.py:2170} INFO - Starting attempt 2 of 4
[2026-02-02T09:50:17.539+0000] {taskinstance.py:2191} INFO - Executing <Task(PythonOperator): data_quality_check> on 2026-02-02 09:46:14.958410+00:00
[2026-02-02T09:50:17.547+0000] {standard_task_runner.py:60} INFO - Started process 539 to run task
[2026-02-02T09:50:17.555+0000] {standard_task_runner.py:87} INFO - Running: ['airflow', 'tasks', 'run', 'daily_order_analytics', 'data_quality_check', 'manual__2026-02-02T09:46:14.958410+00:00', '--job-id', '44', '--raw', '--subdir', 'DAGS_FOLDER/daily_batch_dag.py', '--cfg-path', '/tmp/tmp__6pq608']
[2026-02-02T09:50:17.560+0000] {standard_task_runner.py:88} INFO - Job 44: Subtask data_quality_check
[2026-02-02T09:50:17.684+0000] {task_command.py:423} INFO - Running <TaskInstance: daily_order_analytics.data_quality_check manual__2026-02-02T09:46:14.958410+00:00 [running]> on host 4ba644d6f495
[2026-02-02T09:50:17.767+0000] {taskinstance.py:2480} INFO - Exporting env vars: AIRFLOW_CTX_DAG_OWNER='data-engineering' AIRFLOW_CTX_DAG_ID='daily_order_analytics' AIRFLOW_CTX_TASK_ID='data_quality_check' AIRFLOW_CTX_EXECUTION_DATE='2026-02-02T09:46:14.958410+00:00' AIRFLOW_CTX_TRY_NUMBER='2' AIRFLOW_CTX_DAG_RUN_ID='manual__2026-02-02T09:46:14.958410+00:00'
[2026-02-02T09:50:17.783+0000] {base.py:83} INFO - Using connection ID '***_default' for task execution.
[2026-02-02T09:50:17.795+0000] {sql.py:450} INFO - Running statement: SELECT COUNT(*) FROM daily_revenue, parameters: None
[2026-02-02T09:50:17.798+0000] {sql.py:459} INFO - Rows affected: 1
[2026-02-02T09:50:17.799+0000] {taskinstance.py:2698} ERROR - Task failed with exception
Traceback (most recent call last):
  File "/home/airflow/.local/lib/python3.11/site-packages/airflow/models/taskinstance.py", line 433, in _execute_task
    result = execute_callable(context=context, **execute_callable_kwargs)
             ^^^^^^^^^^^^^^^^^^^^^^^^^^^^^^^^^^^^^^^^^^^^^^^^^^^^^^^^^^^^
  File "/home/airflow/.local/lib/python3.11/site-packages/airflow/operators/python.py", line 199, in execute
    return_value = self.execute_callable()
                   ^^^^^^^^^^^^^^^^^^^^^^^
  File "/home/airflow/.local/lib/python3.11/site-packages/airflow/operators/python.py", line 216, in execute_callable
    return self.python_callable(*self.op_args, **self.op_kwargs)
           ^^^^^^^^^^^^^^^^^^^^^^^^^^^^^^^^^^^^^^^^^^^^^^^^^^^^^
  File "/opt/airflow/dags/daily_batch_dag.py", line 112, in check_data_quality
    raise ValueError("No data found in daily_revenue table")
ValueError: No data found in daily_revenue table
[2026-02-02T09:50:17.809+0000] {taskinstance.py:1138} INFO - Marking task as UP_FOR_RETRY. dag_id=daily_order_analytics, task_id=data_quality_check, execution_date=20260202T094614, start_date=20260202T095017, end_date=20260202T095017
[2026-02-02T09:50:17.816+0000] {standard_task_runner.py:107} ERROR - Failed to execute job 44 for task data_quality_check (No data found in daily_revenue table; 539)
[2026-02-02T09:50:17.860+0000] {local_task_job_runner.py:234} INFO - Task exited with return code 1
[2026-02-02T09:50:17.885+0000] {taskinstance.py:3280} INFO - 0 downstream tasks scheduled from follow-on schedule check
