[2026-02-02T10:09:48.419+0000] {taskinstance.py:1956} INFO - Dependencies all met for dep_context=non-requeueable deps ti=<TaskInstance: daily_order_analytics.data_quality_check manual__2026-02-02T09:46:14.958410+00:00 [queued]>
[2026-02-02T10:09:48.444+0000] {taskinstance.py:1956} INFO - Dependencies all met for dep_context=requeueable deps ti=<TaskInstance: daily_order_analytics.data_quality_check manual__2026-02-02T09:46:14.958410+00:00 [queued]>
[2026-02-02T10:09:48.445+0000] {taskinstance.py:2170} INFO - Starting attempt 7 of 9
[2026-02-02T10:09:48.492+0000] {taskinstance.py:2191} INFO - Executing <Task(PythonOperator): data_quality_check> on 2026-02-02 09:46:14.958410+00:00
[2026-02-02T10:09:48.562+0000] {standard_task_runner.py:60} INFO - Started process 1352 to run task
[2026-02-02T10:09:48.605+0000] {standard_task_runner.py:87} INFO - Running: ['airflow', 'tasks', 'run', 'daily_order_analytics', 'data_quality_check', 'manual__2026-02-02T09:46:14.958410+00:00', '--job-id', '55', '--raw', '--subdir', 'DAGS_FOLDER/daily_batch_dag.py', '--cfg-path', '/tmp/tmplncylqq2']
[2026-02-02T10:09:48.655+0000] {standard_task_runner.py:88} INFO - Job 55: Subtask data_quality_check
[2026-02-02T10:09:48.924+0000] {task_command.py:423} INFO - Running <TaskInstance: daily_order_analytics.data_quality_check manual__2026-02-02T09:46:14.958410+00:00 [running]> on host 4ba644d6f495
[2026-02-02T10:09:49.125+0000] {taskinstance.py:2480} INFO - Exporting env vars: AIRFLOW_CTX_DAG_OWNER='data-engineering' AIRFLOW_CTX_DAG_ID='daily_order_analytics' AIRFLOW_CTX_TASK_ID='data_quality_check' AIRFLOW_CTX_EXECUTION_DATE='2026-02-02T09:46:14.958410+00:00' AIRFLOW_CTX_TRY_NUMBER='7' AIRFLOW_CTX_DAG_RUN_ID='manual__2026-02-02T09:46:14.958410+00:00'
[2026-02-02T10:09:49.196+0000] {base.py:83} INFO - Using connection ID '***_default' for task execution.
[2026-02-02T10:09:49.205+0000] {sql.py:450} INFO - Running statement: SELECT COUNT(*) FROM daily_revenue, parameters: None
[2026-02-02T10:09:49.207+0000] {sql.py:459} INFO - Rows affected: 1
[2026-02-02T10:09:49.215+0000] {taskinstance.py:2698} ERROR - Task failed with exception
Traceback (most recent call last):
  File "/home/airflow/.local/lib/python3.11/site-packages/airflow/models/taskinstance.py", line 433, in _execute_task
    result = execute_callable(context=context, **execute_callable_kwargs)
             ^^^^^^^^^^^^^^^^^^^^^^^^^^^^^^^^^^^^^^^^^^^^^^^^^^^^^^^^^^^^
  File "/home/airflow/.local/lib/python3.11/site-packages/airflow/operators/python.py", line 199, in execute
    return_value = self.execute_callable()
                   ^^^^^^^^^^^^^^^^^^^^^^^
  File "/home/airflow/.local/lib/python3.11/site-packages/airflow/operators/python.py", line 216, in execute_callable
    return self.python_callable(*self.op_args, **self.op_kwargs)
           ^^^^^^^^^^^^^^^^^^^^^^^^^^^^^^^^^^^^^^^^^^^^^^^^^^^^^
  File "/opt/airflow/dags/daily_batch_dag.py", line 112, in check_data_quality
    raise ValueError("No data found in daily_revenue table")
ValueError: No data found in daily_revenue table
[2026-02-02T10:09:49.299+0000] {taskinstance.py:1138} INFO - Marking task as UP_FOR_RETRY. dag_id=daily_order_analytics, task_id=data_quality_check, execution_date=20260202T094614, start_date=20260202T100948, end_date=20260202T100949
[2026-02-02T10:09:49.321+0000] {standard_task_runner.py:107} ERROR - Failed to execute job 55 for task data_quality_check (No data found in daily_revenue table; 1352)
[2026-02-02T10:09:49.343+0000] {local_task_job_runner.py:234} INFO - Task exited with return code 1
[2026-02-02T10:09:49.445+0000] {taskinstance.py:3280} INFO - 0 downstream tasks scheduled from follow-on schedule check
