[2026-02-02T08:18:50.429+0000] {taskinstance.py:1956} INFO - Dependencies all met for dep_context=non-requeueable deps ti=<TaskInstance: daily_order_analytics.create_destination_tables manual__2026-02-02T08:18:45.495002+00:00 [queued]>
[2026-02-02T08:18:50.470+0000] {taskinstance.py:1956} INFO - Dependencies all met for dep_context=requeueable deps ti=<TaskInstance: daily_order_analytics.create_destination_tables manual__2026-02-02T08:18:45.495002+00:00 [queued]>
[2026-02-02T08:18:50.470+0000] {taskinstance.py:2170} INFO - Starting attempt 1 of 3
[2026-02-02T08:18:50.542+0000] {taskinstance.py:2191} INFO - Executing <Task(PostgresOperator): create_destination_tables> on 2026-02-02 08:18:45.495002+00:00
[2026-02-02T08:18:50.571+0000] {standard_task_runner.py:60} INFO - Started process 2979 to run task
[2026-02-02T08:18:50.630+0000] {standard_task_runner.py:87} INFO - Running: ['airflow', 'tasks', 'run', 'daily_order_analytics', 'create_destination_tables', 'manual__2026-02-02T08:18:45.495002+00:00', '--job-id', '12', '--raw', '--subdir', 'DAGS_FOLDER/daily_batch_dag.py', '--cfg-path', '/tmp/tmpqhqus6hb']
[2026-02-02T08:18:50.690+0000] {standard_task_runner.py:88} INFO - Job 12: Subtask create_destination_tables
[2026-02-02T08:18:51.155+0000] {task_command.py:423} INFO - Running <TaskInstance: daily_order_analytics.create_destination_tables manual__2026-02-02T08:18:45.495002+00:00 [running]> on host 4ba644d6f495
[2026-02-02T08:18:51.298+0000] {taskinstance.py:2480} INFO - Exporting env vars: AIRFLOW_CTX_DAG_OWNER='data-engineering' AIRFLOW_CTX_DAG_ID='daily_order_analytics' AIRFLOW_CTX_TASK_ID='create_destination_tables' AIRFLOW_CTX_EXECUTION_DATE='2026-02-02T08:18:45.495002+00:00' AIRFLOW_CTX_TRY_NUMBER='1' AIRFLOW_CTX_DAG_RUN_ID='manual__2026-02-02T08:18:45.495002+00:00'
[2026-02-02T08:18:51.308+0000] {sql.py:276} INFO - Executing: ['\n        CREATE TABLE IF NOT EXISTS daily_revenue (\n            date DATE PRIMARY KEY,\n            total_revenue DECIMAL(15,2) NOT NULL,\n            total_orders INTEGER NOT NULL,\n            total_quantity INTEGER NOT NULL,\n            avg_order_value DECIMAL(10,2) NOT NULL,\n            created_at TIMESTAMP DEFAULT CURRENT_TIMESTAMP,\n            updated_at TIMESTAMP DEFAULT CURRENT_TIMESTAMP\n        );\n        ', '\n        CREATE TABLE IF NOT EXISTS daily_new_customers (\n            date DATE PRIMARY KEY,\n            new_customer_count INTEGER NOT NULL,\n            new_customer_revenue DECIMAL(15,2) NOT NULL,\n            created_at TIMESTAMP DEFAULT CURRENT_TIMESTAMP,\n            updated_at TIMESTAMP DEFAULT CURRENT_TIMESTAMP\n        );\n        ', '\n        CREATE TABLE IF NOT EXISTS daily_category_orders (\n            date DATE NOT NULL,\n            category VARCHAR(50) NOT NULL,\n            order_count INTEGER NOT NULL,\n            total_quantity INTEGER NOT NULL,\n            total_revenue DECIMAL(15,2) NOT NULL,\n            created_at TIMESTAMP DEFAULT CURRENT_TIMESTAMP,\n            updated_at TIMESTAMP DEFAULT CURRENT_TIMESTAMP,\n            PRIMARY KEY (date, category)\n        );\n        ']
[2026-02-02T08:18:51.352+0000] {base.py:83} INFO - Using connection ID '***_default' for task execution.
[2026-02-02T08:18:51.492+0000] {base.py:83} INFO - Using connection ID '***_default' for task execution.
[2026-02-02T08:18:51.503+0000] {sql.py:450} INFO - Running statement: 
        CREATE TABLE IF NOT EXISTS daily_revenue (
            date DATE PRIMARY KEY,
            total_revenue DECIMAL(15,2) NOT NULL,
            total_orders INTEGER NOT NULL,
            total_quantity INTEGER NOT NULL,
            avg_order_value DECIMAL(10,2) NOT NULL,
            created_at TIMESTAMP DEFAULT CURRENT_TIMESTAMP,
            updated_at TIMESTAMP DEFAULT CURRENT_TIMESTAMP
        );
        , parameters: None
[2026-02-02T08:18:51.533+0000] {sql.py:450} INFO - Running statement: 
        CREATE TABLE IF NOT EXISTS daily_new_customers (
            date DATE PRIMARY KEY,
            new_customer_count INTEGER NOT NULL,
            new_customer_revenue DECIMAL(15,2) NOT NULL,
            created_at TIMESTAMP DEFAULT CURRENT_TIMESTAMP,
            updated_at TIMESTAMP DEFAULT CURRENT_TIMESTAMP
        );
        , parameters: None
[2026-02-02T08:18:51.535+0000] {sql.py:450} INFO - Running statement: 
        CREATE TABLE IF NOT EXISTS daily_category_orders (
            date DATE NOT NULL,
            category VARCHAR(50) NOT NULL,
            order_count INTEGER NOT NULL,
            total_quantity INTEGER NOT NULL,
            total_revenue DECIMAL(15,2) NOT NULL,
            created_at TIMESTAMP DEFAULT CURRENT_TIMESTAMP,
            updated_at TIMESTAMP DEFAULT CURRENT_TIMESTAMP,
            PRIMARY KEY (date, category)
        );
        , parameters: None
[2026-02-02T08:18:51.584+0000] {taskinstance.py:1138} INFO - Marking task as SUCCESS. dag_id=daily_order_analytics, task_id=create_destination_tables, execution_date=20260202T081845, start_date=20260202T081850, end_date=20260202T081851
[2026-02-02T08:18:51.652+0000] {local_task_job_runner.py:234} INFO - Task exited with return code 0
[2026-02-02T08:18:51.789+0000] {taskinstance.py:3280} INFO - 1 downstream tasks scheduled from follow-on schedule check
