[2026-02-02T09:46:50.466+0000] {taskinstance.py:1956} INFO - Dependencies all met for dep_context=non-requeueable deps ti=<TaskInstance: daily_order_analytics.delete_existing_data manual__2026-02-02T09:46:14.958410+00:00 [queued]>
[2026-02-02T09:46:50.490+0000] {taskinstance.py:1956} INFO - Dependencies all met for dep_context=requeueable deps ti=<TaskInstance: daily_order_analytics.delete_existing_data manual__2026-02-02T09:46:14.958410+00:00 [queued]>
[2026-02-02T09:46:50.491+0000] {taskinstance.py:2170} INFO - Starting attempt 1 of 3
[2026-02-02T09:46:50.533+0000] {taskinstance.py:2191} INFO - Executing <Task(PostgresOperator): delete_existing_data> on 2026-02-02 09:46:14.958410+00:00
[2026-02-02T09:46:50.648+0000] {standard_task_runner.py:60} INFO - Started process 256 to run task
[2026-02-02T09:46:50.694+0000] {standard_task_runner.py:87} INFO - Running: ['airflow', 'tasks', 'run', 'daily_order_analytics', 'delete_existing_data', 'manual__2026-02-02T09:46:14.958410+00:00', '--job-id', '41', '--raw', '--subdir', 'DAGS_FOLDER/daily_batch_dag.py', '--cfg-path', '/tmp/tmpereuolg6']
[2026-02-02T09:46:50.772+0000] {standard_task_runner.py:88} INFO - Job 41: Subtask delete_existing_data
[2026-02-02T09:46:51.223+0000] {task_command.py:423} INFO - Running <TaskInstance: daily_order_analytics.delete_existing_data manual__2026-02-02T09:46:14.958410+00:00 [running]> on host 4ba644d6f495
[2026-02-02T09:46:51.426+0000] {taskinstance.py:2480} INFO - Exporting env vars: AIRFLOW_CTX_DAG_OWNER='data-engineering' AIRFLOW_CTX_DAG_ID='daily_order_analytics' AIRFLOW_CTX_TASK_ID='delete_existing_data' AIRFLOW_CTX_EXECUTION_DATE='2026-02-02T09:46:14.958410+00:00' AIRFLOW_CTX_TRY_NUMBER='1' AIRFLOW_CTX_DAG_RUN_ID='manual__2026-02-02T09:46:14.958410+00:00'
[2026-02-02T09:46:51.430+0000] {sql.py:276} INFO - Executing: 
        DELETE FROM daily_revenue WHERE date = '2026-02-02';
        DELETE FROM daily_new_customers WHERE date = '2026-02-02';
        DELETE FROM daily_category_orders WHERE date = '2026-02-02';
    
[2026-02-02T09:46:51.449+0000] {base.py:83} INFO - Using connection ID '***_default' for task execution.
[2026-02-02T09:46:51.486+0000] {base.py:83} INFO - Using connection ID '***_default' for task execution.
[2026-02-02T09:46:51.491+0000] {sql.py:450} INFO - Running statement: 
        DELETE FROM daily_revenue WHERE date = '2026-02-02';
        DELETE FROM daily_new_customers WHERE date = '2026-02-02';
        DELETE FROM daily_category_orders WHERE date = '2026-02-02';
    , parameters: None
[2026-02-02T09:46:51.495+0000] {sql.py:459} INFO - Rows affected: 0
[2026-02-02T09:46:51.535+0000] {taskinstance.py:1138} INFO - Marking task as SUCCESS. dag_id=daily_order_analytics, task_id=delete_existing_data, execution_date=20260202T094614, start_date=20260202T094650, end_date=20260202T094651
[2026-02-02T09:46:51.577+0000] {local_task_job_runner.py:234} INFO - Task exited with return code 0
[2026-02-02T09:46:51.615+0000] {taskinstance.py:3280} INFO - 1 downstream tasks scheduled from follow-on schedule check
