[2026-02-02T10:27:12.470+0000] {taskinstance.py:1956} INFO - Dependencies all met for dep_context=non-requeueable deps ti=<TaskInstance: daily_order_analytics.generate_summary_report manual__2026-02-02T10:25:38.193581+00:00 [queued]>
[2026-02-02T10:27:12.476+0000] {taskinstance.py:1956} INFO - Dependencies all met for dep_context=requeueable deps ti=<TaskInstance: daily_order_analytics.generate_summary_report manual__2026-02-02T10:25:38.193581+00:00 [queued]>
[2026-02-02T10:27:12.476+0000] {taskinstance.py:2170} INFO - Starting attempt 1 of 3
[2026-02-02T10:27:12.487+0000] {taskinstance.py:2191} INFO - Executing <Task(PythonOperator): generate_summary_report> on 2026-02-02 10:25:38.193581+00:00
[2026-02-02T10:27:12.505+0000] {standard_task_runner.py:60} INFO - Started process 490 to run task
[2026-02-02T10:27:12.509+0000] {standard_task_runner.py:87} INFO - Running: ['airflow', 'tasks', 'run', 'daily_order_analytics', 'generate_summary_report', 'manual__2026-02-02T10:25:38.193581+00:00', '--job-id', '65', '--raw', '--subdir', 'DAGS_FOLDER/daily_batch_dag.py', '--cfg-path', '/tmp/tmpdi6rjqv_']
[2026-02-02T10:27:12.514+0000] {standard_task_runner.py:88} INFO - Job 65: Subtask generate_summary_report
[2026-02-02T10:27:12.584+0000] {task_command.py:423} INFO - Running <TaskInstance: daily_order_analytics.generate_summary_report manual__2026-02-02T10:25:38.193581+00:00 [running]> on host 4ba644d6f495
[2026-02-02T10:27:12.663+0000] {taskinstance.py:2480} INFO - Exporting env vars: AIRFLOW_CTX_DAG_OWNER='data-engineering' AIRFLOW_CTX_DAG_ID='daily_order_analytics' AIRFLOW_CTX_TASK_ID='generate_summary_report' AIRFLOW_CTX_EXECUTION_DATE='2026-02-02T10:25:38.193581+00:00' AIRFLOW_CTX_TRY_NUMBER='1' AIRFLOW_CTX_DAG_RUN_ID='manual__2026-02-02T10:25:38.193581+00:00'
[2026-02-02T10:27:12.673+0000] {base.py:83} INFO - Using connection ID '***_default' for task execution.
[2026-02-02T10:27:12.678+0000] {sql.py:450} INFO - Running statement: 
        SELECT total_revenue, total_orders, avg_order_value
        FROM daily_revenue
        WHERE date = '2026-02-02'
    , parameters: None
[2026-02-02T10:27:12.681+0000] {sql.py:459} INFO - Rows affected: 0
[2026-02-02T10:27:12.691+0000] {base.py:83} INFO - Using connection ID '***_default' for task execution.
[2026-02-02T10:27:12.698+0000] {sql.py:450} INFO - Running statement: 
        SELECT new_customer_count, new_customer_revenue
        FROM daily_new_customers
        WHERE date = '2026-02-02'
    , parameters: None
[2026-02-02T10:27:12.700+0000] {sql.py:459} INFO - Rows affected: 0
[2026-02-02T10:27:12.707+0000] {base.py:83} INFO - Using connection ID '***_default' for task execution.
[2026-02-02T10:27:12.712+0000] {sql.py:450} INFO - Running statement: 
        SELECT category, order_count, total_revenue
        FROM daily_category_orders
        WHERE date = '2026-02-02'
        ORDER BY total_revenue DESC
    , parameters: None
[2026-02-02T10:27:12.713+0000] {sql.py:459} INFO - Rows affected: 0
[2026-02-02T10:27:12.714+0000] {logging_mixin.py:188} INFO - ============================================================
[2026-02-02T10:27:12.714+0000] {logging_mixin.py:188} INFO - DAILY SUMMARY REPORT - 2026-02-02
[2026-02-02T10:27:12.714+0000] {logging_mixin.py:188} INFO - ============================================================
[2026-02-02T10:27:12.714+0000] {logging_mixin.py:188} INFO - ============================================================
[2026-02-02T10:27:12.714+0000] {python.py:201} INFO - Done. Returned value was: None
[2026-02-02T10:27:12.725+0000] {taskinstance.py:1138} INFO - Marking task as SUCCESS. dag_id=daily_order_analytics, task_id=generate_summary_report, execution_date=20260202T102538, start_date=20260202T102712, end_date=20260202T102712
[2026-02-02T10:27:12.741+0000] {local_task_job_runner.py:234} INFO - Task exited with return code 0
[2026-02-02T10:27:12.763+0000] {taskinstance.py:3280} INFO - 0 downstream tasks scheduled from follow-on schedule check
