[2026-02-02T09:00:18.371+0000] {taskinstance.py:1956} INFO - Dependencies all met for dep_context=non-requeueable deps ti=<TaskInstance: daily_order_analytics.run_batch_pipeline manual__2026-02-02T08:18:45.495002+00:00 [queued]>
[2026-02-02T09:00:18.382+0000] {taskinstance.py:1956} INFO - Dependencies all met for dep_context=requeueable deps ti=<TaskInstance: daily_order_analytics.run_batch_pipeline manual__2026-02-02T08:18:45.495002+00:00 [queued]>
[2026-02-02T09:00:18.382+0000] {taskinstance.py:2170} INFO - Starting attempt 10 of 10
[2026-02-02T09:00:18.406+0000] {taskinstance.py:2191} INFO - Executing <Task(SparkSubmitOperator): run_batch_pipeline> on 2026-02-02 08:18:45.495002+00:00
[2026-02-02T09:00:18.416+0000] {standard_task_runner.py:60} INFO - Started process 5066 to run task
[2026-02-02T09:00:18.421+0000] {standard_task_runner.py:87} INFO - Running: ['airflow', 'tasks', 'run', 'daily_order_analytics', 'run_batch_pipeline', 'manual__2026-02-02T08:18:45.495002+00:00', '--job-id', '25', '--raw', '--subdir', 'DAGS_FOLDER/daily_batch_dag.py', '--cfg-path', '/tmp/tmpaphx0vqu']
[2026-02-02T09:00:18.434+0000] {standard_task_runner.py:88} INFO - Job 25: Subtask run_batch_pipeline
[2026-02-02T09:00:18.580+0000] {task_command.py:423} INFO - Running <TaskInstance: daily_order_analytics.run_batch_pipeline manual__2026-02-02T08:18:45.495002+00:00 [running]> on host 4ba644d6f495
[2026-02-02T09:00:18.737+0000] {taskinstance.py:2480} INFO - Exporting env vars: AIRFLOW_CTX_DAG_OWNER='data-engineering' AIRFLOW_CTX_DAG_ID='daily_order_analytics' AIRFLOW_CTX_TASK_ID='run_batch_pipeline' AIRFLOW_CTX_EXECUTION_DATE='2026-02-02T08:18:45.495002+00:00' AIRFLOW_CTX_TRY_NUMBER='10' AIRFLOW_CTX_DAG_RUN_ID='manual__2026-02-02T08:18:45.495002+00:00'
[2026-02-02T09:00:18.762+0000] {base.py:83} INFO - Using connection ID 'spark_default' for task execution.
[2026-02-02T09:00:18.765+0000] {spark_submit.py:473} INFO - Spark-Submit cmd: spark-submit --master local --conf spark.jars.packages=org.***ql:***ql:42.7.1 --conf spark.driver.memory=2g --conf spark.executor.memory=2g --name arrow-spark /opt/airflow/dags/src/batch_pipeline.py 2026-02-02
[2026-02-02T09:00:19.007+0000] {spark_submit.py:634} INFO - /home/airflow/.local/lib/python3.11/site-packages/pyspark/bin/load-spark-env.sh: line 68: ps: command not found
[2026-02-02T09:00:21.408+0000] {spark_submit.py:634} INFO - :: loading settings :: url = jar:file:/home/airflow/.local/lib/python3.11/site-packages/pyspark/jars/ivy-2.5.1.jar!/org/apache/ivy/core/settings/ivysettings.xml
[2026-02-02T09:00:21.516+0000] {spark_submit.py:634} INFO - Ivy Default Cache set to: /home/airflow/.ivy2/cache
[2026-02-02T09:00:21.516+0000] {spark_submit.py:634} INFO - The jars for the packages stored in: /home/airflow/.ivy2/jars
[2026-02-02T09:00:21.521+0000] {spark_submit.py:634} INFO - org.***ql#***ql added as a dependency
[2026-02-02T09:00:21.522+0000] {spark_submit.py:634} INFO - :: resolving dependencies :: org.apache.spark#spark-submit-parent-1c44bf4a-c1ba-4e3c-afab-4fadff05560c;1.0
[2026-02-02T09:00:21.522+0000] {spark_submit.py:634} INFO - confs: [default]
[2026-02-02T09:00:21.679+0000] {spark_submit.py:634} INFO - found org.***ql#***ql;42.7.1 in central
[2026-02-02T09:00:21.727+0000] {spark_submit.py:634} INFO - found org.checkerframework#checker-qual;3.41.0 in central
[2026-02-02T09:00:21.964+0000] {spark_submit.py:634} INFO - :: resolution report :: resolve 403ms :: artifacts dl 37ms
[2026-02-02T09:00:21.966+0000] {spark_submit.py:634} INFO - :: modules in use:
[2026-02-02T09:00:21.966+0000] {spark_submit.py:634} INFO - org.checkerframework#checker-qual;3.41.0 from central in [default]
[2026-02-02T09:00:21.966+0000] {spark_submit.py:634} INFO - org.***ql#***ql;42.7.1 from central in [default]
[2026-02-02T09:00:21.967+0000] {spark_submit.py:634} INFO - ---------------------------------------------------------------------
[2026-02-02T09:00:21.968+0000] {spark_submit.py:634} INFO - |                  |            modules            ||   artifacts   |
[2026-02-02T09:00:21.968+0000] {spark_submit.py:634} INFO - |       conf       | number| search|dwnlded|evicted|| number|dwnlded|
[2026-02-02T09:00:21.969+0000] {spark_submit.py:634} INFO - ---------------------------------------------------------------------
[2026-02-02T09:00:21.969+0000] {spark_submit.py:634} INFO - |      default     |   2   |   0   |   0   |   0   ||   2   |   0   |
[2026-02-02T09:00:21.969+0000] {spark_submit.py:634} INFO - ---------------------------------------------------------------------
[2026-02-02T09:00:22.013+0000] {spark_submit.py:634} INFO - :: retrieving :: org.apache.spark#spark-submit-parent-1c44bf4a-c1ba-4e3c-afab-4fadff05560c
[2026-02-02T09:00:22.014+0000] {spark_submit.py:634} INFO - confs: [default]
[2026-02-02T09:00:22.026+0000] {spark_submit.py:634} INFO - 0 artifacts copied, 2 already retrieved (0kB/13ms)
[2026-02-02T09:00:22.461+0000] {spark_submit.py:634} INFO - 26/02/02 09:00:22 WARN NativeCodeLoader: Unable to load native-hadoop library for your platform... using builtin-java classes where applicable
[2026-02-02T09:00:23.890+0000] {spark_submit.py:634} INFO - 26/02/02 09:00:23 INFO SparkContext: Running Spark version 3.5.0
[2026-02-02T09:00:23.892+0000] {spark_submit.py:634} INFO - 26/02/02 09:00:23 INFO SparkContext: OS info Linux, 6.12.65-linuxkit, aarch64
[2026-02-02T09:00:23.892+0000] {spark_submit.py:634} INFO - 26/02/02 09:00:23 INFO SparkContext: Java version 17.0.18
[2026-02-02T09:00:23.915+0000] {spark_submit.py:634} INFO - 26/02/02 09:00:23 INFO ResourceUtils: ==============================================================
[2026-02-02T09:00:23.916+0000] {spark_submit.py:634} INFO - 26/02/02 09:00:23 INFO ResourceUtils: No custom resources configured for spark.driver.
[2026-02-02T09:00:23.916+0000] {spark_submit.py:634} INFO - 26/02/02 09:00:23 INFO ResourceUtils: ==============================================================
[2026-02-02T09:00:23.916+0000] {spark_submit.py:634} INFO - 26/02/02 09:00:23 INFO SparkContext: Submitted application: Daily_ETL_2026-02-02
[2026-02-02T09:00:23.936+0000] {spark_submit.py:634} INFO - 26/02/02 09:00:23 INFO ResourceProfile: Default ResourceProfile created, executor resources: Map(cores -> name: cores, amount: 1, script: , vendor: , memory -> name: memory, amount: 2048, script: , vendor: , offHeap -> name: offHeap, amount: 0, script: , vendor: ), task resources: Map(cpus -> name: cpus, amount: 1.0)
[2026-02-02T09:00:23.942+0000] {spark_submit.py:634} INFO - 26/02/02 09:00:23 INFO ResourceProfile: Limiting resource is cpu
[2026-02-02T09:00:23.942+0000] {spark_submit.py:634} INFO - 26/02/02 09:00:23 INFO ResourceProfileManager: Added ResourceProfile id: 0
[2026-02-02T09:00:24.012+0000] {spark_submit.py:634} INFO - 26/02/02 09:00:24 INFO SecurityManager: Changing view acls to: default
[2026-02-02T09:00:24.012+0000] {spark_submit.py:634} INFO - 26/02/02 09:00:24 INFO SecurityManager: Changing modify acls to: default
[2026-02-02T09:00:24.013+0000] {spark_submit.py:634} INFO - 26/02/02 09:00:24 INFO SecurityManager: Changing view acls groups to:
[2026-02-02T09:00:24.013+0000] {spark_submit.py:634} INFO - 26/02/02 09:00:24 INFO SecurityManager: Changing modify acls groups to:
[2026-02-02T09:00:24.013+0000] {spark_submit.py:634} INFO - 26/02/02 09:00:24 INFO SecurityManager: SecurityManager: authentication disabled; ui acls disabled; users with view permissions: default; groups with view permissions: EMPTY; users with modify permissions: default; groups with modify permissions: EMPTY
[2026-02-02T09:00:24.351+0000] {spark_submit.py:634} INFO - 26/02/02 09:00:24 INFO Utils: Successfully started service 'sparkDriver' on port 45731.
[2026-02-02T09:00:24.379+0000] {spark_submit.py:634} INFO - 26/02/02 09:00:24 INFO SparkEnv: Registering MapOutputTracker
[2026-02-02T09:00:24.426+0000] {spark_submit.py:634} INFO - 26/02/02 09:00:24 INFO SparkEnv: Registering BlockManagerMaster
[2026-02-02T09:00:24.447+0000] {spark_submit.py:634} INFO - 26/02/02 09:00:24 INFO BlockManagerMasterEndpoint: Using org.apache.spark.storage.DefaultTopologyMapper for getting topology information
[2026-02-02T09:00:24.448+0000] {spark_submit.py:634} INFO - 26/02/02 09:00:24 INFO BlockManagerMasterEndpoint: BlockManagerMasterEndpoint up
[2026-02-02T09:00:24.451+0000] {spark_submit.py:634} INFO - 26/02/02 09:00:24 INFO SparkEnv: Registering BlockManagerMasterHeartbeat
[2026-02-02T09:00:24.467+0000] {spark_submit.py:634} INFO - 26/02/02 09:00:24 INFO DiskBlockManager: Created local directory at /tmp/blockmgr-b8825058-4fbd-41eb-a1fa-21d81aca08c8
[2026-02-02T09:00:24.475+0000] {spark_submit.py:634} INFO - 26/02/02 09:00:24 INFO MemoryStore: MemoryStore started with capacity 1048.8 MiB
[2026-02-02T09:00:24.485+0000] {spark_submit.py:634} INFO - 26/02/02 09:00:24 INFO SparkEnv: Registering OutputCommitCoordinator
[2026-02-02T09:00:24.585+0000] {spark_submit.py:634} INFO - 26/02/02 09:00:24 INFO JettyUtils: Start Jetty 0.0.0.0:4040 for SparkUI
[2026-02-02T09:00:24.625+0000] {spark_submit.py:634} INFO - 26/02/02 09:00:24 INFO Utils: Successfully started service 'SparkUI' on port 4040.
[2026-02-02T09:00:24.659+0000] {spark_submit.py:634} INFO - 26/02/02 09:00:24 INFO SparkContext: Added JAR file:///home/airflow/.ivy2/jars/org.***ql_***ql-42.7.1.jar at spark://4ba644d6f495:45731/jars/org.***ql_***ql-42.7.1.jar with timestamp 1770022823880
[2026-02-02T09:00:24.659+0000] {spark_submit.py:634} INFO - 26/02/02 09:00:24 INFO SparkContext: Added JAR file:///home/airflow/.ivy2/jars/org.checkerframework_checker-qual-3.41.0.jar at spark://4ba644d6f495:45731/jars/org.checkerframework_checker-qual-3.41.0.jar with timestamp 1770022823880
[2026-02-02T09:00:24.661+0000] {spark_submit.py:634} INFO - 26/02/02 09:00:24 INFO SparkContext: Added file file:///home/airflow/.ivy2/jars/org.***ql_***ql-42.7.1.jar at file:///home/airflow/.ivy2/jars/org.***ql_***ql-42.7.1.jar with timestamp 1770022823880
[2026-02-02T09:00:24.662+0000] {spark_submit.py:634} INFO - 26/02/02 09:00:24 INFO Utils: Copying /home/airflow/.ivy2/jars/org.***ql_***ql-42.7.1.jar to /tmp/spark-d5298011-2d5d-40f6-9972-7f404e13ecaa/userFiles-d68667ce-f9fd-42d1-8342-0e7ad7929138/org.***ql_***ql-42.7.1.jar
[2026-02-02T09:00:24.715+0000] {spark_submit.py:634} INFO - 26/02/02 09:00:24 INFO SparkContext: Added file file:///home/airflow/.ivy2/jars/org.checkerframework_checker-qual-3.41.0.jar at file:///home/airflow/.ivy2/jars/org.checkerframework_checker-qual-3.41.0.jar with timestamp 1770022823880
[2026-02-02T09:00:24.716+0000] {spark_submit.py:634} INFO - 26/02/02 09:00:24 INFO Utils: Copying /home/airflow/.ivy2/jars/org.checkerframework_checker-qual-3.41.0.jar to /tmp/spark-d5298011-2d5d-40f6-9972-7f404e13ecaa/userFiles-d68667ce-f9fd-42d1-8342-0e7ad7929138/org.checkerframework_checker-qual-3.41.0.jar
[2026-02-02T09:00:24.784+0000] {spark_submit.py:634} INFO - 26/02/02 09:00:24 INFO Executor: Starting executor ID driver on host 4ba644d6f495
[2026-02-02T09:00:24.785+0000] {spark_submit.py:634} INFO - 26/02/02 09:00:24 INFO Executor: OS info Linux, 6.12.65-linuxkit, aarch64
[2026-02-02T09:00:24.785+0000] {spark_submit.py:634} INFO - 26/02/02 09:00:24 INFO Executor: Java version 17.0.18
[2026-02-02T09:00:24.789+0000] {spark_submit.py:634} INFO - 26/02/02 09:00:24 INFO Executor: Starting executor with user classpath (userClassPathFirst = false): ''
[2026-02-02T09:00:24.790+0000] {spark_submit.py:634} INFO - 26/02/02 09:00:24 INFO Executor: Created or updated repl class loader org.apache.spark.util.MutableURLClassLoader@70e6e824 for default.
[2026-02-02T09:00:24.804+0000] {spark_submit.py:634} INFO - 26/02/02 09:00:24 INFO Executor: Fetching file:///home/airflow/.ivy2/jars/org.***ql_***ql-42.7.1.jar with timestamp 1770022823880
[2026-02-02T09:00:24.820+0000] {spark_submit.py:634} INFO - 26/02/02 09:00:24 INFO Utils: /home/airflow/.ivy2/jars/org.***ql_***ql-42.7.1.jar has been previously copied to /tmp/spark-d5298011-2d5d-40f6-9972-7f404e13ecaa/userFiles-d68667ce-f9fd-42d1-8342-0e7ad7929138/org.***ql_***ql-42.7.1.jar
[2026-02-02T09:00:24.832+0000] {spark_submit.py:634} INFO - 26/02/02 09:00:24 INFO Executor: Fetching file:///home/airflow/.ivy2/jars/org.checkerframework_checker-qual-3.41.0.jar with timestamp 1770022823880
[2026-02-02T09:00:24.833+0000] {spark_submit.py:634} INFO - 26/02/02 09:00:24 INFO Utils: /home/airflow/.ivy2/jars/org.checkerframework_checker-qual-3.41.0.jar has been previously copied to /tmp/spark-d5298011-2d5d-40f6-9972-7f404e13ecaa/userFiles-d68667ce-f9fd-42d1-8342-0e7ad7929138/org.checkerframework_checker-qual-3.41.0.jar
[2026-02-02T09:00:24.851+0000] {spark_submit.py:634} INFO - 26/02/02 09:00:24 INFO Executor: Fetching spark://4ba644d6f495:45731/jars/org.checkerframework_checker-qual-3.41.0.jar with timestamp 1770022823880
[2026-02-02T09:00:24.881+0000] {spark_submit.py:634} INFO - 26/02/02 09:00:24 INFO TransportClientFactory: Successfully created connection to 4ba644d6f495/172.18.0.6:45731 after 23 ms (0 ms spent in bootstraps)
[2026-02-02T09:00:24.886+0000] {spark_submit.py:634} INFO - 26/02/02 09:00:24 INFO Utils: Fetching spark://4ba644d6f495:45731/jars/org.checkerframework_checker-qual-3.41.0.jar to /tmp/spark-d5298011-2d5d-40f6-9972-7f404e13ecaa/userFiles-d68667ce-f9fd-42d1-8342-0e7ad7929138/fetchFileTemp7128624244157830437.tmp
[2026-02-02T09:00:24.911+0000] {spark_submit.py:634} INFO - 26/02/02 09:00:24 INFO Utils: /tmp/spark-d5298011-2d5d-40f6-9972-7f404e13ecaa/userFiles-d68667ce-f9fd-42d1-8342-0e7ad7929138/fetchFileTemp7128624244157830437.tmp has been previously copied to /tmp/spark-d5298011-2d5d-40f6-9972-7f404e13ecaa/userFiles-d68667ce-f9fd-42d1-8342-0e7ad7929138/org.checkerframework_checker-qual-3.41.0.jar
[2026-02-02T09:00:24.923+0000] {spark_submit.py:634} INFO - 26/02/02 09:00:24 INFO Executor: Adding file:/tmp/spark-d5298011-2d5d-40f6-9972-7f404e13ecaa/userFiles-d68667ce-f9fd-42d1-8342-0e7ad7929138/org.checkerframework_checker-qual-3.41.0.jar to class loader default
[2026-02-02T09:00:24.923+0000] {spark_submit.py:634} INFO - 26/02/02 09:00:24 INFO Executor: Fetching spark://4ba644d6f495:45731/jars/org.***ql_***ql-42.7.1.jar with timestamp 1770022823880
[2026-02-02T09:00:24.924+0000] {spark_submit.py:634} INFO - 26/02/02 09:00:24 INFO Utils: Fetching spark://4ba644d6f495:45731/jars/org.***ql_***ql-42.7.1.jar to /tmp/spark-d5298011-2d5d-40f6-9972-7f404e13ecaa/userFiles-d68667ce-f9fd-42d1-8342-0e7ad7929138/fetchFileTemp17330847490375424402.tmp
[2026-02-02T09:00:24.935+0000] {spark_submit.py:634} INFO - 26/02/02 09:00:24 INFO Utils: /tmp/spark-d5298011-2d5d-40f6-9972-7f404e13ecaa/userFiles-d68667ce-f9fd-42d1-8342-0e7ad7929138/fetchFileTemp17330847490375424402.tmp has been previously copied to /tmp/spark-d5298011-2d5d-40f6-9972-7f404e13ecaa/userFiles-d68667ce-f9fd-42d1-8342-0e7ad7929138/org.***ql_***ql-42.7.1.jar
[2026-02-02T09:00:24.951+0000] {spark_submit.py:634} INFO - 26/02/02 09:00:24 INFO Executor: Adding file:/tmp/spark-d5298011-2d5d-40f6-9972-7f404e13ecaa/userFiles-d68667ce-f9fd-42d1-8342-0e7ad7929138/org.***ql_***ql-42.7.1.jar to class loader default
[2026-02-02T09:00:24.957+0000] {spark_submit.py:634} INFO - 26/02/02 09:00:24 INFO Utils: Successfully started service 'org.apache.spark.network.netty.NettyBlockTransferService' on port 40495.
[2026-02-02T09:00:24.957+0000] {spark_submit.py:634} INFO - 26/02/02 09:00:24 INFO NettyBlockTransferService: Server created on 4ba644d6f495:40495
[2026-02-02T09:00:24.958+0000] {spark_submit.py:634} INFO - 26/02/02 09:00:24 INFO BlockManager: Using org.apache.spark.storage.RandomBlockReplicationPolicy for block replication policy
[2026-02-02T09:00:24.961+0000] {spark_submit.py:634} INFO - 26/02/02 09:00:24 INFO BlockManagerMaster: Registering BlockManager BlockManagerId(driver, 4ba644d6f495, 40495, None)
[2026-02-02T09:00:24.963+0000] {spark_submit.py:634} INFO - 26/02/02 09:00:24 INFO BlockManagerMasterEndpoint: Registering block manager 4ba644d6f495:40495 with 1048.8 MiB RAM, BlockManagerId(driver, 4ba644d6f495, 40495, None)
[2026-02-02T09:00:24.964+0000] {spark_submit.py:634} INFO - 26/02/02 09:00:24 INFO BlockManagerMaster: Registered BlockManager BlockManagerId(driver, 4ba644d6f495, 40495, None)
[2026-02-02T09:00:24.964+0000] {spark_submit.py:634} INFO - 26/02/02 09:00:24 INFO BlockManager: Initialized BlockManager: BlockManagerId(driver, 4ba644d6f495, 40495, None)
[2026-02-02T09:00:25.244+0000] {spark_submit.py:634} INFO - DEBUG: Processing data for 2026-02-02
[2026-02-02T09:00:25.247+0000] {spark_submit.py:634} INFO - 26/02/02 09:00:25 INFO SharedState: Setting hive.metastore.warehouse.dir ('null') to the value of spark.sql.warehouse.dir.
[2026-02-02T09:00:25.249+0000] {spark_submit.py:634} INFO - 26/02/02 09:00:25 INFO SharedState: Warehouse path is 'file:/opt/airflow/spark-warehouse'.
[2026-02-02T09:00:26.138+0000] {spark_submit.py:634} INFO - Traceback (most recent call last):
[2026-02-02T09:00:26.147+0000] {spark_submit.py:634} INFO - File "/opt/airflow/dags/src/batch_pipeline.py", line 86, in <module>
[2026-02-02T09:00:26.148+0000] {spark_submit.py:634} INFO - run_etl(dt)
[2026-02-02T09:00:26.148+0000] {spark_submit.py:634} INFO - File "/opt/airflow/dags/src/batch_pipeline.py", line 21, in run_etl
[2026-02-02T09:00:26.148+0000] {spark_submit.py:634} INFO - products_df = spark.read.jdbc(jdbc_url, "products", properties=db_props)
[2026-02-02T09:00:26.148+0000] {spark_submit.py:634} INFO - ^^^^^^^^^^^^^^^^^^^^^^^^^^^^^^^^^^^^^^^^^^^^^^^^^^^^^^^^^^
[2026-02-02T09:00:26.149+0000] {spark_submit.py:634} INFO - File "/home/airflow/.local/lib/python3.11/site-packages/pyspark/python/lib/pyspark.zip/pyspark/sql/readwriter.py", line 946, in jdbc
[2026-02-02T09:00:26.149+0000] {spark_submit.py:634} INFO - File "/home/airflow/.local/lib/python3.11/site-packages/pyspark/python/lib/py4j-0.10.9.7-src.zip/py4j/java_gateway.py", line 1322, in __call__
[2026-02-02T09:00:26.149+0000] {spark_submit.py:634} INFO - File "/home/airflow/.local/lib/python3.11/site-packages/pyspark/python/lib/pyspark.zip/pyspark/errors/exceptions/captured.py", line 179, in deco
[2026-02-02T09:00:26.149+0000] {spark_submit.py:634} INFO - File "/home/airflow/.local/lib/python3.11/site-packages/pyspark/python/lib/py4j-0.10.9.7-src.zip/py4j/protocol.py", line 326, in get_return_value
[2026-02-02T09:00:26.150+0000] {spark_submit.py:634} INFO - py4j.protocol.Py4JJavaError: An error occurred while calling o31.jdbc.
[2026-02-02T09:00:26.150+0000] {spark_submit.py:634} INFO - : org.***ql.util.PSQLException: ERROR: relation "products" does not exist
[2026-02-02T09:00:26.150+0000] {spark_submit.py:634} INFO - Position: 15
[2026-02-02T09:00:26.150+0000] {spark_submit.py:634} INFO - at org.***ql.core.v3.QueryExecutorImpl.receiveErrorResponse(QueryExecutorImpl.java:2712)
[2026-02-02T09:00:26.151+0000] {spark_submit.py:634} INFO - at org.***ql.core.v3.QueryExecutorImpl.processResults(QueryExecutorImpl.java:2400)
[2026-02-02T09:00:26.151+0000] {spark_submit.py:634} INFO - at org.***ql.core.v3.QueryExecutorImpl.execute(QueryExecutorImpl.java:367)
[2026-02-02T09:00:26.151+0000] {spark_submit.py:634} INFO - at org.***ql.jdbc.PgStatement.executeInternal(PgStatement.java:498)
[2026-02-02T09:00:26.151+0000] {spark_submit.py:634} INFO - at org.***ql.jdbc.PgStatement.execute(PgStatement.java:415)
[2026-02-02T09:00:26.151+0000] {spark_submit.py:634} INFO - at org.***ql.jdbc.PgPreparedStatement.executeWithFlags(PgPreparedStatement.java:190)
[2026-02-02T09:00:26.151+0000] {spark_submit.py:634} INFO - at org.***ql.jdbc.PgPreparedStatement.executeQuery(PgPreparedStatement.java:134)
[2026-02-02T09:00:26.151+0000] {spark_submit.py:634} INFO - at org.apache.spark.sql.execution.datasources.jdbc.JDBCRDD$.getQueryOutputSchema(JDBCRDD.scala:68)
[2026-02-02T09:00:26.152+0000] {spark_submit.py:634} INFO - at org.apache.spark.sql.execution.datasources.jdbc.JDBCRDD$.resolveTable(JDBCRDD.scala:58)
[2026-02-02T09:00:26.152+0000] {spark_submit.py:634} INFO - at org.apache.spark.sql.execution.datasources.jdbc.JDBCRelation$.getSchema(JDBCRelation.scala:241)
[2026-02-02T09:00:26.152+0000] {spark_submit.py:634} INFO - at org.apache.spark.sql.execution.datasources.jdbc.JdbcRelationProvider.createRelation(JdbcRelationProvider.scala:37)
[2026-02-02T09:00:26.152+0000] {spark_submit.py:634} INFO - at org.apache.spark.sql.execution.datasources.DataSource.resolveRelation(DataSource.scala:346)
[2026-02-02T09:00:26.152+0000] {spark_submit.py:634} INFO - at org.apache.spark.sql.DataFrameReader.loadV1Source(DataFrameReader.scala:229)
[2026-02-02T09:00:26.152+0000] {spark_submit.py:634} INFO - at org.apache.spark.sql.DataFrameReader.$anonfun$load$2(DataFrameReader.scala:211)
[2026-02-02T09:00:26.152+0000] {spark_submit.py:634} INFO - at scala.Option.getOrElse(Option.scala:189)
[2026-02-02T09:00:26.152+0000] {spark_submit.py:634} INFO - at org.apache.spark.sql.DataFrameReader.load(DataFrameReader.scala:211)
[2026-02-02T09:00:26.153+0000] {spark_submit.py:634} INFO - at org.apache.spark.sql.DataFrameReader.load(DataFrameReader.scala:172)
[2026-02-02T09:00:26.153+0000] {spark_submit.py:634} INFO - at org.apache.spark.sql.DataFrameReader.jdbc(DataFrameReader.scala:249)
[2026-02-02T09:00:26.153+0000] {spark_submit.py:634} INFO - at java.base/jdk.internal.reflect.NativeMethodAccessorImpl.invoke0(Native Method)
[2026-02-02T09:00:26.153+0000] {spark_submit.py:634} INFO - at java.base/jdk.internal.reflect.NativeMethodAccessorImpl.invoke(NativeMethodAccessorImpl.java:77)
[2026-02-02T09:00:26.153+0000] {spark_submit.py:634} INFO - at java.base/jdk.internal.reflect.DelegatingMethodAccessorImpl.invoke(DelegatingMethodAccessorImpl.java:43)
[2026-02-02T09:00:26.153+0000] {spark_submit.py:634} INFO - at java.base/java.lang.reflect.Method.invoke(Method.java:569)
[2026-02-02T09:00:26.153+0000] {spark_submit.py:634} INFO - at py4j.reflection.MethodInvoker.invoke(MethodInvoker.java:244)
[2026-02-02T09:00:26.153+0000] {spark_submit.py:634} INFO - at py4j.reflection.ReflectionEngine.invoke(ReflectionEngine.java:374)
[2026-02-02T09:00:26.154+0000] {spark_submit.py:634} INFO - at py4j.Gateway.invoke(Gateway.java:282)
[2026-02-02T09:00:26.154+0000] {spark_submit.py:634} INFO - at py4j.commands.AbstractCommand.invokeMethod(AbstractCommand.java:132)
[2026-02-02T09:00:26.154+0000] {spark_submit.py:634} INFO - at py4j.commands.CallCommand.execute(CallCommand.java:79)
[2026-02-02T09:00:26.154+0000] {spark_submit.py:634} INFO - at py4j.ClientServerConnection.waitForCommands(ClientServerConnection.java:182)
[2026-02-02T09:00:26.154+0000] {spark_submit.py:634} INFO - at py4j.ClientServerConnection.run(ClientServerConnection.java:106)
[2026-02-02T09:00:26.154+0000] {spark_submit.py:634} INFO - at java.base/java.lang.Thread.run(Thread.java:840)
[2026-02-02T09:00:26.154+0000] {spark_submit.py:634} INFO - 
[2026-02-02T09:00:26.246+0000] {spark_submit.py:634} INFO - 26/02/02 09:00:26 INFO SparkContext: Invoking stop() from shutdown hook
[2026-02-02T09:00:26.246+0000] {spark_submit.py:634} INFO - 26/02/02 09:00:26 INFO SparkContext: SparkContext is stopping with exitCode 0.
[2026-02-02T09:00:26.255+0000] {spark_submit.py:634} INFO - 26/02/02 09:00:26 INFO SparkUI: Stopped Spark web UI at http://4ba644d6f495:4040
[2026-02-02T09:00:26.269+0000] {spark_submit.py:634} INFO - 26/02/02 09:00:26 INFO MapOutputTrackerMasterEndpoint: MapOutputTrackerMasterEndpoint stopped!
[2026-02-02T09:00:26.285+0000] {spark_submit.py:634} INFO - 26/02/02 09:00:26 INFO MemoryStore: MemoryStore cleared
[2026-02-02T09:00:26.286+0000] {spark_submit.py:634} INFO - 26/02/02 09:00:26 INFO BlockManager: BlockManager stopped
[2026-02-02T09:00:26.301+0000] {spark_submit.py:634} INFO - 26/02/02 09:00:26 INFO BlockManagerMaster: BlockManagerMaster stopped
[2026-02-02T09:00:26.310+0000] {spark_submit.py:634} INFO - 26/02/02 09:00:26 INFO OutputCommitCoordinator$OutputCommitCoordinatorEndpoint: OutputCommitCoordinator stopped!
[2026-02-02T09:00:26.334+0000] {spark_submit.py:634} INFO - 26/02/02 09:00:26 INFO SparkContext: Successfully stopped SparkContext
[2026-02-02T09:00:26.336+0000] {spark_submit.py:634} INFO - 26/02/02 09:00:26 INFO ShutdownHookManager: Shutdown hook called
[2026-02-02T09:00:26.336+0000] {spark_submit.py:634} INFO - 26/02/02 09:00:26 INFO ShutdownHookManager: Deleting directory /tmp/spark-7c346bc5-a26f-4541-b9c0-c25b9c0bb851
[2026-02-02T09:00:26.365+0000] {spark_submit.py:634} INFO - 26/02/02 09:00:26 INFO ShutdownHookManager: Deleting directory /tmp/spark-d5298011-2d5d-40f6-9972-7f404e13ecaa/pyspark-2d6a1ff2-48c6-408c-a236-c4631f8d796b
[2026-02-02T09:00:26.375+0000] {spark_submit.py:634} INFO - 26/02/02 09:00:26 INFO ShutdownHookManager: Deleting directory /tmp/spark-d5298011-2d5d-40f6-9972-7f404e13ecaa
[2026-02-02T09:00:26.462+0000] {taskinstance.py:2698} ERROR - Task failed with exception
Traceback (most recent call last):
  File "/home/airflow/.local/lib/python3.11/site-packages/airflow/models/taskinstance.py", line 433, in _execute_task
    result = execute_callable(context=context, **execute_callable_kwargs)
             ^^^^^^^^^^^^^^^^^^^^^^^^^^^^^^^^^^^^^^^^^^^^^^^^^^^^^^^^^^^^
  File "/home/airflow/.local/lib/python3.11/site-packages/airflow/providers/apache/spark/operators/spark_submit.py", line 176, in execute
    self._hook.submit(self.application)
  File "/home/airflow/.local/lib/python3.11/site-packages/airflow/providers/apache/spark/hooks/spark_submit.py", line 560, in submit
    raise AirflowException(
airflow.exceptions.AirflowException: Cannot execute: spark-submit --master local --conf spark.jars.packages=org.***ql:***ql:42.7.1 --conf spark.driver.memory=2g --conf spark.executor.memory=2g --name arrow-spark /opt/airflow/dags/src/batch_pipeline.py 2026-02-02. Error code is: 1.
[2026-02-02T09:00:26.474+0000] {taskinstance.py:1138} INFO - Marking task as FAILED. dag_id=daily_order_analytics, task_id=run_batch_pipeline, execution_date=20260202T081845, start_date=20260202T090018, end_date=20260202T090026
[2026-02-02T09:00:26.493+0000] {standard_task_runner.py:107} ERROR - Failed to execute job 25 for task run_batch_pipeline (Cannot execute: spark-submit --master local --conf spark.jars.packages=org.***ql:***ql:42.7.1 --conf spark.driver.memory=2g --conf spark.executor.memory=2g --name arrow-spark /opt/airflow/dags/src/batch_pipeline.py 2026-02-02. Error code is: 1.; 5066)
[2026-02-02T09:00:26.540+0000] {local_task_job_runner.py:234} INFO - Task exited with return code 1
[2026-02-02T09:00:26.586+0000] {taskinstance.py:3280} INFO - 0 downstream tasks scheduled from follow-on schedule check
