[2026-02-02T09:12:12.979+0000] {taskinstance.py:1956} INFO - Dependencies all met for dep_context=non-requeueable deps ti=<TaskInstance: daily_order_analytics.run_batch_pipeline manual__2026-02-02T08:18:45.495002+00:00 [queued]>
[2026-02-02T09:12:12.989+0000] {taskinstance.py:1956} INFO - Dependencies all met for dep_context=requeueable deps ti=<TaskInstance: daily_order_analytics.run_batch_pipeline manual__2026-02-02T08:18:45.495002+00:00 [queued]>
[2026-02-02T09:12:12.990+0000] {taskinstance.py:2170} INFO - Starting attempt 13 of 13
[2026-02-02T09:12:13.008+0000] {taskinstance.py:2191} INFO - Executing <Task(SparkSubmitOperator): run_batch_pipeline> on 2026-02-02 08:18:45.495002+00:00
[2026-02-02T09:12:13.035+0000] {standard_task_runner.py:60} INFO - Started process 5760 to run task
[2026-02-02T09:12:13.039+0000] {standard_task_runner.py:87} INFO - Running: ['airflow', 'tasks', 'run', 'daily_order_analytics', 'run_batch_pipeline', 'manual__2026-02-02T08:18:45.495002+00:00', '--job-id', '28', '--raw', '--subdir', 'DAGS_FOLDER/daily_batch_dag.py', '--cfg-path', '/tmp/tmp0ai4dvkb']
[2026-02-02T09:12:13.051+0000] {standard_task_runner.py:88} INFO - Job 28: Subtask run_batch_pipeline
[2026-02-02T09:12:13.319+0000] {task_command.py:423} INFO - Running <TaskInstance: daily_order_analytics.run_batch_pipeline manual__2026-02-02T08:18:45.495002+00:00 [running]> on host 4ba644d6f495
[2026-02-02T09:12:13.640+0000] {taskinstance.py:2480} INFO - Exporting env vars: AIRFLOW_CTX_DAG_OWNER='data-engineering' AIRFLOW_CTX_DAG_ID='daily_order_analytics' AIRFLOW_CTX_TASK_ID='run_batch_pipeline' AIRFLOW_CTX_EXECUTION_DATE='2026-02-02T08:18:45.495002+00:00' AIRFLOW_CTX_TRY_NUMBER='13' AIRFLOW_CTX_DAG_RUN_ID='manual__2026-02-02T08:18:45.495002+00:00'
[2026-02-02T09:12:13.684+0000] {base.py:83} INFO - Using connection ID 'spark_default' for task execution.
[2026-02-02T09:12:13.690+0000] {spark_submit.py:473} INFO - Spark-Submit cmd: spark-submit --master local --conf spark.jars.packages=org.***ql:***ql:42.7.1 --conf spark.driver.memory=2g --conf spark.executor.memory=2g --name arrow-spark /opt/airflow/dags/src/batch_pipeline.py 2026-02-02
[2026-02-02T09:12:14.026+0000] {spark_submit.py:634} INFO - /home/airflow/.local/lib/python3.11/site-packages/pyspark/bin/load-spark-env.sh: line 68: ps: command not found
[2026-02-02T09:12:18.423+0000] {spark_submit.py:634} INFO - :: loading settings :: url = jar:file:/home/airflow/.local/lib/python3.11/site-packages/pyspark/jars/ivy-2.5.1.jar!/org/apache/ivy/core/settings/ivysettings.xml
[2026-02-02T09:12:18.932+0000] {spark_submit.py:634} INFO - Ivy Default Cache set to: /home/airflow/.ivy2/cache
[2026-02-02T09:12:18.936+0000] {spark_submit.py:634} INFO - The jars for the packages stored in: /home/airflow/.ivy2/jars
[2026-02-02T09:12:18.945+0000] {spark_submit.py:634} INFO - org.***ql#***ql added as a dependency
[2026-02-02T09:12:18.951+0000] {spark_submit.py:634} INFO - :: resolving dependencies :: org.apache.spark#spark-submit-parent-72adff18-09f2-4853-84f2-05ca33e98dc6;1.0
[2026-02-02T09:12:18.951+0000] {spark_submit.py:634} INFO - confs: [default]
[2026-02-02T09:12:19.206+0000] {spark_submit.py:634} INFO - found org.***ql#***ql;42.7.1 in central
[2026-02-02T09:12:19.233+0000] {spark_submit.py:634} INFO - found org.checkerframework#checker-qual;3.41.0 in central
[2026-02-02T09:12:19.264+0000] {spark_submit.py:634} INFO - :: resolution report :: resolve 305ms :: artifacts dl 10ms
[2026-02-02T09:12:19.264+0000] {spark_submit.py:634} INFO - :: modules in use:
[2026-02-02T09:12:19.265+0000] {spark_submit.py:634} INFO - org.checkerframework#checker-qual;3.41.0 from central in [default]
[2026-02-02T09:12:19.266+0000] {spark_submit.py:634} INFO - org.***ql#***ql;42.7.1 from central in [default]
[2026-02-02T09:12:19.266+0000] {spark_submit.py:634} INFO - ---------------------------------------------------------------------
[2026-02-02T09:12:19.267+0000] {spark_submit.py:634} INFO - |                  |            modules            ||   artifacts   |
[2026-02-02T09:12:19.268+0000] {spark_submit.py:634} INFO - |       conf       | number| search|dwnlded|evicted|| number|dwnlded|
[2026-02-02T09:12:19.268+0000] {spark_submit.py:634} INFO - ---------------------------------------------------------------------
[2026-02-02T09:12:19.269+0000] {spark_submit.py:634} INFO - |      default     |   2   |   0   |   0   |   0   ||   2   |   0   |
[2026-02-02T09:12:19.269+0000] {spark_submit.py:634} INFO - ---------------------------------------------------------------------
[2026-02-02T09:12:19.270+0000] {spark_submit.py:634} INFO - :: retrieving :: org.apache.spark#spark-submit-parent-72adff18-09f2-4853-84f2-05ca33e98dc6
[2026-02-02T09:12:19.270+0000] {spark_submit.py:634} INFO - confs: [default]
[2026-02-02T09:12:19.278+0000] {spark_submit.py:634} INFO - 0 artifacts copied, 2 already retrieved (0kB/7ms)
[2026-02-02T09:12:19.639+0000] {spark_submit.py:634} INFO - 26/02/02 09:12:19 WARN NativeCodeLoader: Unable to load native-hadoop library for your platform... using builtin-java classes where applicable
[2026-02-02T09:12:21.033+0000] {spark_submit.py:634} INFO - 26/02/02 09:12:21 INFO SparkContext: Running Spark version 3.5.0
[2026-02-02T09:12:21.039+0000] {spark_submit.py:634} INFO - 26/02/02 09:12:21 INFO SparkContext: OS info Linux, 6.12.65-linuxkit, aarch64
[2026-02-02T09:12:21.039+0000] {spark_submit.py:634} INFO - 26/02/02 09:12:21 INFO SparkContext: Java version 17.0.18
[2026-02-02T09:12:21.065+0000] {spark_submit.py:634} INFO - 26/02/02 09:12:21 INFO ResourceUtils: ==============================================================
[2026-02-02T09:12:21.067+0000] {spark_submit.py:634} INFO - 26/02/02 09:12:21 INFO ResourceUtils: No custom resources configured for spark.driver.
[2026-02-02T09:12:21.067+0000] {spark_submit.py:634} INFO - 26/02/02 09:12:21 INFO ResourceUtils: ==============================================================
[2026-02-02T09:12:21.068+0000] {spark_submit.py:634} INFO - 26/02/02 09:12:21 INFO SparkContext: Submitted application: Daily_ETL_2026-02-02
[2026-02-02T09:12:21.102+0000] {spark_submit.py:634} INFO - 26/02/02 09:12:21 INFO ResourceProfile: Default ResourceProfile created, executor resources: Map(cores -> name: cores, amount: 1, script: , vendor: , memory -> name: memory, amount: 2048, script: , vendor: , offHeap -> name: offHeap, amount: 0, script: , vendor: ), task resources: Map(cpus -> name: cpus, amount: 1.0)
[2026-02-02T09:12:21.110+0000] {spark_submit.py:634} INFO - 26/02/02 09:12:21 INFO ResourceProfile: Limiting resource is cpu
[2026-02-02T09:12:21.111+0000] {spark_submit.py:634} INFO - 26/02/02 09:12:21 INFO ResourceProfileManager: Added ResourceProfile id: 0
[2026-02-02T09:12:21.218+0000] {spark_submit.py:634} INFO - 26/02/02 09:12:21 INFO SecurityManager: Changing view acls to: default
[2026-02-02T09:12:21.219+0000] {spark_submit.py:634} INFO - 26/02/02 09:12:21 INFO SecurityManager: Changing modify acls to: default
[2026-02-02T09:12:21.220+0000] {spark_submit.py:634} INFO - 26/02/02 09:12:21 INFO SecurityManager: Changing view acls groups to:
[2026-02-02T09:12:21.220+0000] {spark_submit.py:634} INFO - 26/02/02 09:12:21 INFO SecurityManager: Changing modify acls groups to:
[2026-02-02T09:12:21.221+0000] {spark_submit.py:634} INFO - 26/02/02 09:12:21 INFO SecurityManager: SecurityManager: authentication disabled; ui acls disabled; users with view permissions: default; groups with view permissions: EMPTY; users with modify permissions: default; groups with modify permissions: EMPTY
[2026-02-02T09:12:21.465+0000] {spark_submit.py:634} INFO - 26/02/02 09:12:21 INFO Utils: Successfully started service 'sparkDriver' on port 39019.
[2026-02-02T09:12:21.526+0000] {spark_submit.py:634} INFO - 26/02/02 09:12:21 INFO SparkEnv: Registering MapOutputTracker
[2026-02-02T09:12:21.576+0000] {spark_submit.py:634} INFO - 26/02/02 09:12:21 INFO SparkEnv: Registering BlockManagerMaster
[2026-02-02T09:12:21.609+0000] {spark_submit.py:634} INFO - 26/02/02 09:12:21 INFO BlockManagerMasterEndpoint: Using org.apache.spark.storage.DefaultTopologyMapper for getting topology information
[2026-02-02T09:12:21.611+0000] {spark_submit.py:634} INFO - 26/02/02 09:12:21 INFO BlockManagerMasterEndpoint: BlockManagerMasterEndpoint up
[2026-02-02T09:12:21.617+0000] {spark_submit.py:634} INFO - 26/02/02 09:12:21 INFO SparkEnv: Registering BlockManagerMasterHeartbeat
[2026-02-02T09:12:21.653+0000] {spark_submit.py:634} INFO - 26/02/02 09:12:21 INFO DiskBlockManager: Created local directory at /tmp/blockmgr-40f7dec5-f711-4ba9-b05e-63f19cd980f8
[2026-02-02T09:12:21.668+0000] {spark_submit.py:634} INFO - 26/02/02 09:12:21 INFO MemoryStore: MemoryStore started with capacity 1048.8 MiB
[2026-02-02T09:12:21.682+0000] {spark_submit.py:634} INFO - 26/02/02 09:12:21 INFO SparkEnv: Registering OutputCommitCoordinator
[2026-02-02T09:12:21.832+0000] {spark_submit.py:634} INFO - 26/02/02 09:12:21 INFO JettyUtils: Start Jetty 0.0.0.0:4040 for SparkUI
[2026-02-02T09:12:21.914+0000] {spark_submit.py:634} INFO - 26/02/02 09:12:21 INFO Utils: Successfully started service 'SparkUI' on port 4040.
[2026-02-02T09:12:21.952+0000] {spark_submit.py:634} INFO - 26/02/02 09:12:21 INFO SparkContext: Added JAR file:///home/airflow/.ivy2/jars/org.***ql_***ql-42.7.1.jar at spark://4ba644d6f495:39019/jars/org.***ql_***ql-42.7.1.jar with timestamp 1770023540976
[2026-02-02T09:12:21.953+0000] {spark_submit.py:634} INFO - 26/02/02 09:12:21 INFO SparkContext: Added JAR file:///home/airflow/.ivy2/jars/org.checkerframework_checker-qual-3.41.0.jar at spark://4ba644d6f495:39019/jars/org.checkerframework_checker-qual-3.41.0.jar with timestamp 1770023540976
[2026-02-02T09:12:21.956+0000] {spark_submit.py:634} INFO - 26/02/02 09:12:21 INFO SparkContext: Added file file:///home/airflow/.ivy2/jars/org.***ql_***ql-42.7.1.jar at file:///home/airflow/.ivy2/jars/org.***ql_***ql-42.7.1.jar with timestamp 1770023540976
[2026-02-02T09:12:21.958+0000] {spark_submit.py:634} INFO - 26/02/02 09:12:21 INFO Utils: Copying /home/airflow/.ivy2/jars/org.***ql_***ql-42.7.1.jar to /tmp/spark-cea8ee04-4fbc-4079-91e9-0269d620c941/userFiles-95022463-0e02-4d59-8ff4-1f52b107c1e8/org.***ql_***ql-42.7.1.jar
[2026-02-02T09:12:21.988+0000] {spark_submit.py:634} INFO - 26/02/02 09:12:21 INFO SparkContext: Added file file:///home/airflow/.ivy2/jars/org.checkerframework_checker-qual-3.41.0.jar at file:///home/airflow/.ivy2/jars/org.checkerframework_checker-qual-3.41.0.jar with timestamp 1770023540976
[2026-02-02T09:12:21.988+0000] {spark_submit.py:634} INFO - 26/02/02 09:12:21 INFO Utils: Copying /home/airflow/.ivy2/jars/org.checkerframework_checker-qual-3.41.0.jar to /tmp/spark-cea8ee04-4fbc-4079-91e9-0269d620c941/userFiles-95022463-0e02-4d59-8ff4-1f52b107c1e8/org.checkerframework_checker-qual-3.41.0.jar
[2026-02-02T09:12:22.058+0000] {spark_submit.py:634} INFO - 26/02/02 09:12:22 INFO Executor: Starting executor ID driver on host 4ba644d6f495
[2026-02-02T09:12:22.061+0000] {spark_submit.py:634} INFO - 26/02/02 09:12:22 INFO Executor: OS info Linux, 6.12.65-linuxkit, aarch64
[2026-02-02T09:12:22.061+0000] {spark_submit.py:634} INFO - 26/02/02 09:12:22 INFO Executor: Java version 17.0.18
[2026-02-02T09:12:22.062+0000] {spark_submit.py:634} INFO - 26/02/02 09:12:22 INFO Executor: Starting executor with user classpath (userClassPathFirst = false): ''
[2026-02-02T09:12:22.062+0000] {spark_submit.py:634} INFO - 26/02/02 09:12:22 INFO Executor: Created or updated repl class loader org.apache.spark.util.MutableURLClassLoader@6a58c06 for default.
[2026-02-02T09:12:22.068+0000] {spark_submit.py:634} INFO - 26/02/02 09:12:22 INFO Executor: Fetching file:///home/airflow/.ivy2/jars/org.***ql_***ql-42.7.1.jar with timestamp 1770023540976
[2026-02-02T09:12:22.084+0000] {spark_submit.py:634} INFO - 26/02/02 09:12:22 INFO Utils: /home/airflow/.ivy2/jars/org.***ql_***ql-42.7.1.jar has been previously copied to /tmp/spark-cea8ee04-4fbc-4079-91e9-0269d620c941/userFiles-95022463-0e02-4d59-8ff4-1f52b107c1e8/org.***ql_***ql-42.7.1.jar
[2026-02-02T09:12:22.094+0000] {spark_submit.py:634} INFO - 26/02/02 09:12:22 INFO Executor: Fetching file:///home/airflow/.ivy2/jars/org.checkerframework_checker-qual-3.41.0.jar with timestamp 1770023540976
[2026-02-02T09:12:22.094+0000] {spark_submit.py:634} INFO - 26/02/02 09:12:22 INFO Utils: /home/airflow/.ivy2/jars/org.checkerframework_checker-qual-3.41.0.jar has been previously copied to /tmp/spark-cea8ee04-4fbc-4079-91e9-0269d620c941/userFiles-95022463-0e02-4d59-8ff4-1f52b107c1e8/org.checkerframework_checker-qual-3.41.0.jar
[2026-02-02T09:12:22.109+0000] {spark_submit.py:634} INFO - 26/02/02 09:12:22 INFO Executor: Fetching spark://4ba644d6f495:39019/jars/org.***ql_***ql-42.7.1.jar with timestamp 1770023540976
[2026-02-02T09:12:22.133+0000] {spark_submit.py:634} INFO - 26/02/02 09:12:22 INFO TransportClientFactory: Successfully created connection to 4ba644d6f495/172.18.0.6:39019 after 17 ms (0 ms spent in bootstraps)
[2026-02-02T09:12:22.137+0000] {spark_submit.py:634} INFO - 26/02/02 09:12:22 INFO Utils: Fetching spark://4ba644d6f495:39019/jars/org.***ql_***ql-42.7.1.jar to /tmp/spark-cea8ee04-4fbc-4079-91e9-0269d620c941/userFiles-95022463-0e02-4d59-8ff4-1f52b107c1e8/fetchFileTemp12969625526861584981.tmp
[2026-02-02T09:12:22.170+0000] {spark_submit.py:634} INFO - 26/02/02 09:12:22 INFO Utils: /tmp/spark-cea8ee04-4fbc-4079-91e9-0269d620c941/userFiles-95022463-0e02-4d59-8ff4-1f52b107c1e8/fetchFileTemp12969625526861584981.tmp has been previously copied to /tmp/spark-cea8ee04-4fbc-4079-91e9-0269d620c941/userFiles-95022463-0e02-4d59-8ff4-1f52b107c1e8/org.***ql_***ql-42.7.1.jar
[2026-02-02T09:12:22.189+0000] {spark_submit.py:634} INFO - 26/02/02 09:12:22 INFO Executor: Adding file:/tmp/spark-cea8ee04-4fbc-4079-91e9-0269d620c941/userFiles-95022463-0e02-4d59-8ff4-1f52b107c1e8/org.***ql_***ql-42.7.1.jar to class loader default
[2026-02-02T09:12:22.192+0000] {spark_submit.py:634} INFO - 26/02/02 09:12:22 INFO Executor: Fetching spark://4ba644d6f495:39019/jars/org.checkerframework_checker-qual-3.41.0.jar with timestamp 1770023540976
[2026-02-02T09:12:22.192+0000] {spark_submit.py:634} INFO - 26/02/02 09:12:22 INFO Utils: Fetching spark://4ba644d6f495:39019/jars/org.checkerframework_checker-qual-3.41.0.jar to /tmp/spark-cea8ee04-4fbc-4079-91e9-0269d620c941/userFiles-95022463-0e02-4d59-8ff4-1f52b107c1e8/fetchFileTemp11614849170491752312.tmp
[2026-02-02T09:12:22.195+0000] {spark_submit.py:634} INFO - 26/02/02 09:12:22 INFO Utils: /tmp/spark-cea8ee04-4fbc-4079-91e9-0269d620c941/userFiles-95022463-0e02-4d59-8ff4-1f52b107c1e8/fetchFileTemp11614849170491752312.tmp has been previously copied to /tmp/spark-cea8ee04-4fbc-4079-91e9-0269d620c941/userFiles-95022463-0e02-4d59-8ff4-1f52b107c1e8/org.checkerframework_checker-qual-3.41.0.jar
[2026-02-02T09:12:22.211+0000] {spark_submit.py:634} INFO - 26/02/02 09:12:22 INFO Executor: Adding file:/tmp/spark-cea8ee04-4fbc-4079-91e9-0269d620c941/userFiles-95022463-0e02-4d59-8ff4-1f52b107c1e8/org.checkerframework_checker-qual-3.41.0.jar to class loader default
[2026-02-02T09:12:22.215+0000] {spark_submit.py:634} INFO - 26/02/02 09:12:22 INFO Utils: Successfully started service 'org.apache.spark.network.netty.NettyBlockTransferService' on port 44889.
[2026-02-02T09:12:22.215+0000] {spark_submit.py:634} INFO - 26/02/02 09:12:22 INFO NettyBlockTransferService: Server created on 4ba644d6f495:44889
[2026-02-02T09:12:22.217+0000] {spark_submit.py:634} INFO - 26/02/02 09:12:22 INFO BlockManager: Using org.apache.spark.storage.RandomBlockReplicationPolicy for block replication policy
[2026-02-02T09:12:22.222+0000] {spark_submit.py:634} INFO - 26/02/02 09:12:22 INFO BlockManagerMaster: Registering BlockManager BlockManagerId(driver, 4ba644d6f495, 44889, None)
[2026-02-02T09:12:22.225+0000] {spark_submit.py:634} INFO - 26/02/02 09:12:22 INFO BlockManagerMasterEndpoint: Registering block manager 4ba644d6f495:44889 with 1048.8 MiB RAM, BlockManagerId(driver, 4ba644d6f495, 44889, None)
[2026-02-02T09:12:22.228+0000] {spark_submit.py:634} INFO - 26/02/02 09:12:22 INFO BlockManagerMaster: Registered BlockManager BlockManagerId(driver, 4ba644d6f495, 44889, None)
[2026-02-02T09:12:22.229+0000] {spark_submit.py:634} INFO - 26/02/02 09:12:22 INFO BlockManager: Initialized BlockManager: BlockManagerId(driver, 4ba644d6f495, 44889, None)
[2026-02-02T09:12:22.859+0000] {spark_submit.py:634} INFO - DEBUG: Processing data for 2026-02-02
[2026-02-02T09:12:22.873+0000] {spark_submit.py:634} INFO - 26/02/02 09:12:22 INFO SharedState: Setting hive.metastore.warehouse.dir ('null') to the value of spark.sql.warehouse.dir.
[2026-02-02T09:12:22.876+0000] {spark_submit.py:634} INFO - 26/02/02 09:12:22 INFO SharedState: Warehouse path is 'file:/opt/airflow/spark-warehouse'.
[2026-02-02T09:12:25.020+0000] {spark_submit.py:634} INFO - Traceback (most recent call last):
[2026-02-02T09:12:25.038+0000] {spark_submit.py:634} INFO - File "/opt/airflow/dags/src/batch_pipeline.py", line 86, in <module>
[2026-02-02T09:12:25.039+0000] {spark_submit.py:634} INFO - run_etl(dt)
[2026-02-02T09:12:25.040+0000] {spark_submit.py:634} INFO - File "/opt/airflow/dags/src/batch_pipeline.py", line 24, in run_etl
[2026-02-02T09:12:25.041+0000] {spark_submit.py:634} INFO - orders_df = spark.read.jdbc(jdbc_url, order_query, properties=db_props)
[2026-02-02T09:12:25.042+0000] {spark_submit.py:634} INFO - ^^^^^^^^^^^^^^^^^^^^^^^^^^^^^^^^^^^^^^^^^^^^^^^^^^^^^^^^^^^
[2026-02-02T09:12:25.043+0000] {spark_submit.py:634} INFO - File "/home/airflow/.local/lib/python3.11/site-packages/pyspark/python/lib/pyspark.zip/pyspark/sql/readwriter.py", line 946, in jdbc
[2026-02-02T09:12:25.043+0000] {spark_submit.py:634} INFO - File "/home/airflow/.local/lib/python3.11/site-packages/pyspark/python/lib/py4j-0.10.9.7-src.zip/py4j/java_gateway.py", line 1322, in __call__
[2026-02-02T09:12:25.044+0000] {spark_submit.py:634} INFO - File "/home/airflow/.local/lib/python3.11/site-packages/pyspark/python/lib/pyspark.zip/pyspark/errors/exceptions/captured.py", line 179, in deco
[2026-02-02T09:12:25.045+0000] {spark_submit.py:634} INFO - File "/home/airflow/.local/lib/python3.11/site-packages/pyspark/python/lib/py4j-0.10.9.7-src.zip/py4j/protocol.py", line 326, in get_return_value
[2026-02-02T09:12:25.045+0000] {spark_submit.py:634} INFO - py4j.protocol.Py4JJavaError: An error occurred while calling o34.jdbc.
[2026-02-02T09:12:25.046+0000] {spark_submit.py:634} INFO - : org.***ql.util.PSQLException: ERROR: relation "orders" does not exist
[2026-02-02T09:12:25.046+0000] {spark_submit.py:634} INFO - Position: 30
[2026-02-02T09:12:25.047+0000] {spark_submit.py:634} INFO - at org.***ql.core.v3.QueryExecutorImpl.receiveErrorResponse(QueryExecutorImpl.java:2712)
[2026-02-02T09:12:25.048+0000] {spark_submit.py:634} INFO - at org.***ql.core.v3.QueryExecutorImpl.processResults(QueryExecutorImpl.java:2400)
[2026-02-02T09:12:25.050+0000] {spark_submit.py:634} INFO - at org.***ql.core.v3.QueryExecutorImpl.execute(QueryExecutorImpl.java:367)
[2026-02-02T09:12:25.052+0000] {spark_submit.py:634} INFO - at org.***ql.jdbc.PgStatement.executeInternal(PgStatement.java:498)
[2026-02-02T09:12:25.053+0000] {spark_submit.py:634} INFO - at org.***ql.jdbc.PgStatement.execute(PgStatement.java:415)
[2026-02-02T09:12:25.053+0000] {spark_submit.py:634} INFO - at org.***ql.jdbc.PgPreparedStatement.executeWithFlags(PgPreparedStatement.java:190)
[2026-02-02T09:12:25.054+0000] {spark_submit.py:634} INFO - at org.***ql.jdbc.PgPreparedStatement.executeQuery(PgPreparedStatement.java:134)
[2026-02-02T09:12:25.055+0000] {spark_submit.py:634} INFO - at org.apache.spark.sql.execution.datasources.jdbc.JDBCRDD$.getQueryOutputSchema(JDBCRDD.scala:68)
[2026-02-02T09:12:25.056+0000] {spark_submit.py:634} INFO - at org.apache.spark.sql.execution.datasources.jdbc.JDBCRDD$.resolveTable(JDBCRDD.scala:58)
[2026-02-02T09:12:25.057+0000] {spark_submit.py:634} INFO - at org.apache.spark.sql.execution.datasources.jdbc.JDBCRelation$.getSchema(JDBCRelation.scala:241)
[2026-02-02T09:12:25.058+0000] {spark_submit.py:634} INFO - at org.apache.spark.sql.execution.datasources.jdbc.JdbcRelationProvider.createRelation(JdbcRelationProvider.scala:37)
[2026-02-02T09:12:25.059+0000] {spark_submit.py:634} INFO - at org.apache.spark.sql.execution.datasources.DataSource.resolveRelation(DataSource.scala:346)
[2026-02-02T09:12:25.060+0000] {spark_submit.py:634} INFO - at org.apache.spark.sql.DataFrameReader.loadV1Source(DataFrameReader.scala:229)
[2026-02-02T09:12:25.061+0000] {spark_submit.py:634} INFO - at org.apache.spark.sql.DataFrameReader.$anonfun$load$2(DataFrameReader.scala:211)
[2026-02-02T09:12:25.061+0000] {spark_submit.py:634} INFO - at scala.Option.getOrElse(Option.scala:189)
[2026-02-02T09:12:25.062+0000] {spark_submit.py:634} INFO - at org.apache.spark.sql.DataFrameReader.load(DataFrameReader.scala:211)
[2026-02-02T09:12:25.062+0000] {spark_submit.py:634} INFO - at org.apache.spark.sql.DataFrameReader.load(DataFrameReader.scala:172)
[2026-02-02T09:12:25.063+0000] {spark_submit.py:634} INFO - at org.apache.spark.sql.DataFrameReader.jdbc(DataFrameReader.scala:249)
[2026-02-02T09:12:25.063+0000] {spark_submit.py:634} INFO - at java.base/jdk.internal.reflect.NativeMethodAccessorImpl.invoke0(Native Method)
[2026-02-02T09:12:25.063+0000] {spark_submit.py:634} INFO - at java.base/jdk.internal.reflect.NativeMethodAccessorImpl.invoke(NativeMethodAccessorImpl.java:77)
[2026-02-02T09:12:25.063+0000] {spark_submit.py:634} INFO - at java.base/jdk.internal.reflect.DelegatingMethodAccessorImpl.invoke(DelegatingMethodAccessorImpl.java:43)
[2026-02-02T09:12:25.064+0000] {spark_submit.py:634} INFO - at java.base/java.lang.reflect.Method.invoke(Method.java:569)
[2026-02-02T09:12:25.064+0000] {spark_submit.py:634} INFO - at py4j.reflection.MethodInvoker.invoke(MethodInvoker.java:244)
[2026-02-02T09:12:25.065+0000] {spark_submit.py:634} INFO - at py4j.reflection.ReflectionEngine.invoke(ReflectionEngine.java:374)
[2026-02-02T09:12:25.065+0000] {spark_submit.py:634} INFO - at py4j.Gateway.invoke(Gateway.java:282)
[2026-02-02T09:12:25.065+0000] {spark_submit.py:634} INFO - at py4j.commands.AbstractCommand.invokeMethod(AbstractCommand.java:132)
[2026-02-02T09:12:25.065+0000] {spark_submit.py:634} INFO - at py4j.commands.CallCommand.execute(CallCommand.java:79)
[2026-02-02T09:12:25.066+0000] {spark_submit.py:634} INFO - at py4j.ClientServerConnection.waitForCommands(ClientServerConnection.java:182)
[2026-02-02T09:12:25.066+0000] {spark_submit.py:634} INFO - at py4j.ClientServerConnection.run(ClientServerConnection.java:106)
[2026-02-02T09:12:25.066+0000] {spark_submit.py:634} INFO - at java.base/java.lang.Thread.run(Thread.java:840)
[2026-02-02T09:12:25.067+0000] {spark_submit.py:634} INFO - 
[2026-02-02T09:12:25.168+0000] {spark_submit.py:634} INFO - 26/02/02 09:12:25 INFO SparkContext: Invoking stop() from shutdown hook
[2026-02-02T09:12:25.168+0000] {spark_submit.py:634} INFO - 26/02/02 09:12:25 INFO SparkContext: SparkContext is stopping with exitCode 0.
[2026-02-02T09:12:25.184+0000] {spark_submit.py:634} INFO - 26/02/02 09:12:25 INFO SparkUI: Stopped Spark web UI at http://4ba644d6f495:4040
[2026-02-02T09:12:25.200+0000] {spark_submit.py:634} INFO - 26/02/02 09:12:25 INFO MapOutputTrackerMasterEndpoint: MapOutputTrackerMasterEndpoint stopped!
[2026-02-02T09:12:25.220+0000] {spark_submit.py:634} INFO - 26/02/02 09:12:25 INFO MemoryStore: MemoryStore cleared
[2026-02-02T09:12:25.220+0000] {spark_submit.py:634} INFO - 26/02/02 09:12:25 INFO BlockManager: BlockManager stopped
[2026-02-02T09:12:25.228+0000] {spark_submit.py:634} INFO - 26/02/02 09:12:25 INFO BlockManagerMaster: BlockManagerMaster stopped
[2026-02-02T09:12:25.229+0000] {spark_submit.py:634} INFO - 26/02/02 09:12:25 INFO OutputCommitCoordinator$OutputCommitCoordinatorEndpoint: OutputCommitCoordinator stopped!
[2026-02-02T09:12:25.242+0000] {spark_submit.py:634} INFO - 26/02/02 09:12:25 INFO SparkContext: Successfully stopped SparkContext
[2026-02-02T09:12:25.243+0000] {spark_submit.py:634} INFO - 26/02/02 09:12:25 INFO ShutdownHookManager: Shutdown hook called
[2026-02-02T09:12:25.243+0000] {spark_submit.py:634} INFO - 26/02/02 09:12:25 INFO ShutdownHookManager: Deleting directory /tmp/spark-8a2dac06-5941-4f77-b8cb-e7231cc268f1
[2026-02-02T09:12:25.248+0000] {spark_submit.py:634} INFO - 26/02/02 09:12:25 INFO ShutdownHookManager: Deleting directory /tmp/spark-cea8ee04-4fbc-4079-91e9-0269d620c941
[2026-02-02T09:12:25.268+0000] {spark_submit.py:634} INFO - 26/02/02 09:12:25 INFO ShutdownHookManager: Deleting directory /tmp/spark-cea8ee04-4fbc-4079-91e9-0269d620c941/pyspark-1cf84657-8617-4a51-9096-0181881aa60b
[2026-02-02T09:12:25.429+0000] {taskinstance.py:2698} ERROR - Task failed with exception
Traceback (most recent call last):
  File "/home/airflow/.local/lib/python3.11/site-packages/airflow/models/taskinstance.py", line 433, in _execute_task
    result = execute_callable(context=context, **execute_callable_kwargs)
             ^^^^^^^^^^^^^^^^^^^^^^^^^^^^^^^^^^^^^^^^^^^^^^^^^^^^^^^^^^^^
  File "/home/airflow/.local/lib/python3.11/site-packages/airflow/providers/apache/spark/operators/spark_submit.py", line 176, in execute
    self._hook.submit(self.application)
  File "/home/airflow/.local/lib/python3.11/site-packages/airflow/providers/apache/spark/hooks/spark_submit.py", line 560, in submit
    raise AirflowException(
airflow.exceptions.AirflowException: Cannot execute: spark-submit --master local --conf spark.jars.packages=org.***ql:***ql:42.7.1 --conf spark.driver.memory=2g --conf spark.executor.memory=2g --name arrow-spark /opt/airflow/dags/src/batch_pipeline.py 2026-02-02. Error code is: 1.
[2026-02-02T09:12:25.462+0000] {taskinstance.py:1138} INFO - Marking task as FAILED. dag_id=daily_order_analytics, task_id=run_batch_pipeline, execution_date=20260202T081845, start_date=20260202T091212, end_date=20260202T091225
[2026-02-02T09:12:25.528+0000] {standard_task_runner.py:107} ERROR - Failed to execute job 28 for task run_batch_pipeline (Cannot execute: spark-submit --master local --conf spark.jars.packages=org.***ql:***ql:42.7.1 --conf spark.driver.memory=2g --conf spark.executor.memory=2g --name arrow-spark /opt/airflow/dags/src/batch_pipeline.py 2026-02-02. Error code is: 1.; 5760)
[2026-02-02T09:12:25.611+0000] {local_task_job_runner.py:234} INFO - Task exited with return code 1
[2026-02-02T09:12:25.685+0000] {taskinstance.py:3280} INFO - 0 downstream tasks scheduled from follow-on schedule check
