[2026-02-02T08:55:08.345+0000] {taskinstance.py:1956} INFO - Dependencies all met for dep_context=non-requeueable deps ti=<TaskInstance: daily_order_analytics.run_batch_pipeline manual__2026-02-02T08:18:45.495002+00:00 [queued]>
[2026-02-02T08:55:08.351+0000] {taskinstance.py:1956} INFO - Dependencies all met for dep_context=requeueable deps ti=<TaskInstance: daily_order_analytics.run_batch_pipeline manual__2026-02-02T08:18:45.495002+00:00 [queued]>
[2026-02-02T08:55:08.351+0000] {taskinstance.py:2170} INFO - Starting attempt 9 of 10
[2026-02-02T08:55:08.370+0000] {taskinstance.py:2191} INFO - Executing <Task(SparkSubmitOperator): run_batch_pipeline> on 2026-02-02 08:18:45.495002+00:00
[2026-02-02T08:55:08.376+0000] {standard_task_runner.py:60} INFO - Started process 4809 to run task
[2026-02-02T08:55:08.383+0000] {standard_task_runner.py:87} INFO - Running: ['airflow', 'tasks', 'run', 'daily_order_analytics', 'run_batch_pipeline', 'manual__2026-02-02T08:18:45.495002+00:00', '--job-id', '24', '--raw', '--subdir', 'DAGS_FOLDER/daily_batch_dag.py', '--cfg-path', '/tmp/tmpe5pslzdi']
[2026-02-02T08:55:08.389+0000] {standard_task_runner.py:88} INFO - Job 24: Subtask run_batch_pipeline
[2026-02-02T08:55:08.491+0000] {task_command.py:423} INFO - Running <TaskInstance: daily_order_analytics.run_batch_pipeline manual__2026-02-02T08:18:45.495002+00:00 [running]> on host 4ba644d6f495
[2026-02-02T08:55:08.591+0000] {taskinstance.py:2480} INFO - Exporting env vars: AIRFLOW_CTX_DAG_OWNER='data-engineering' AIRFLOW_CTX_DAG_ID='daily_order_analytics' AIRFLOW_CTX_TASK_ID='run_batch_pipeline' AIRFLOW_CTX_EXECUTION_DATE='2026-02-02T08:18:45.495002+00:00' AIRFLOW_CTX_TRY_NUMBER='9' AIRFLOW_CTX_DAG_RUN_ID='manual__2026-02-02T08:18:45.495002+00:00'
[2026-02-02T08:55:08.612+0000] {base.py:83} INFO - Using connection ID 'spark_default' for task execution.
[2026-02-02T08:55:08.615+0000] {spark_submit.py:473} INFO - Spark-Submit cmd: spark-submit --master local --conf spark.jars.packages=org.***ql:***ql:42.7.1 --conf spark.driver.memory=2g --conf spark.executor.memory=2g --name arrow-spark /opt/airflow/dags/src/batch_pipeline.py 2026-02-02
[2026-02-02T08:55:08.742+0000] {spark_submit.py:634} INFO - /home/airflow/.local/lib/python3.11/site-packages/pyspark/bin/load-spark-env.sh: line 68: ps: command not found
[2026-02-02T08:55:10.458+0000] {spark_submit.py:634} INFO - :: loading settings :: url = jar:file:/home/airflow/.local/lib/python3.11/site-packages/pyspark/jars/ivy-2.5.1.jar!/org/apache/ivy/core/settings/ivysettings.xml
[2026-02-02T08:55:10.513+0000] {spark_submit.py:634} INFO - Ivy Default Cache set to: /home/airflow/.ivy2/cache
[2026-02-02T08:55:10.514+0000] {spark_submit.py:634} INFO - The jars for the packages stored in: /home/airflow/.ivy2/jars
[2026-02-02T08:55:10.516+0000] {spark_submit.py:634} INFO - org.***ql#***ql added as a dependency
[2026-02-02T08:55:10.516+0000] {spark_submit.py:634} INFO - :: resolving dependencies :: org.apache.spark#spark-submit-parent-9228d941-3e58-4b7e-907f-0102d32a263d;1.0
[2026-02-02T08:55:10.517+0000] {spark_submit.py:634} INFO - confs: [default]
[2026-02-02T08:55:10.632+0000] {spark_submit.py:634} INFO - found org.***ql#***ql;42.7.1 in central
[2026-02-02T08:55:10.676+0000] {spark_submit.py:634} INFO - found org.checkerframework#checker-qual;3.41.0 in central
[2026-02-02T08:55:10.744+0000] {spark_submit.py:634} INFO - :: resolution report :: resolve 208ms :: artifacts dl 19ms
[2026-02-02T08:55:10.745+0000] {spark_submit.py:634} INFO - :: modules in use:
[2026-02-02T08:55:10.745+0000] {spark_submit.py:634} INFO - org.checkerframework#checker-qual;3.41.0 from central in [default]
[2026-02-02T08:55:10.746+0000] {spark_submit.py:634} INFO - org.***ql#***ql;42.7.1 from central in [default]
[2026-02-02T08:55:10.747+0000] {spark_submit.py:634} INFO - ---------------------------------------------------------------------
[2026-02-02T08:55:10.747+0000] {spark_submit.py:634} INFO - |                  |            modules            ||   artifacts   |
[2026-02-02T08:55:10.748+0000] {spark_submit.py:634} INFO - |       conf       | number| search|dwnlded|evicted|| number|dwnlded|
[2026-02-02T08:55:10.749+0000] {spark_submit.py:634} INFO - ---------------------------------------------------------------------
[2026-02-02T08:55:10.750+0000] {spark_submit.py:634} INFO - |      default     |   2   |   0   |   0   |   0   ||   2   |   0   |
[2026-02-02T08:55:10.751+0000] {spark_submit.py:634} INFO - ---------------------------------------------------------------------
[2026-02-02T08:55:10.752+0000] {spark_submit.py:634} INFO - :: retrieving :: org.apache.spark#spark-submit-parent-9228d941-3e58-4b7e-907f-0102d32a263d
[2026-02-02T08:55:10.753+0000] {spark_submit.py:634} INFO - confs: [default]
[2026-02-02T08:55:10.761+0000] {spark_submit.py:634} INFO - 0 artifacts copied, 2 already retrieved (0kB/8ms)
[2026-02-02T08:55:11.091+0000] {spark_submit.py:634} INFO - 26/02/02 08:55:11 WARN NativeCodeLoader: Unable to load native-hadoop library for your platform... using builtin-java classes where applicable
[2026-02-02T08:55:12.243+0000] {spark_submit.py:634} INFO - 26/02/02 08:55:12 INFO SparkContext: Running Spark version 3.5.0
[2026-02-02T08:55:12.246+0000] {spark_submit.py:634} INFO - 26/02/02 08:55:12 INFO SparkContext: OS info Linux, 6.12.65-linuxkit, aarch64
[2026-02-02T08:55:12.247+0000] {spark_submit.py:634} INFO - 26/02/02 08:55:12 INFO SparkContext: Java version 17.0.18
[2026-02-02T08:55:12.283+0000] {spark_submit.py:634} INFO - 26/02/02 08:55:12 INFO ResourceUtils: ==============================================================
[2026-02-02T08:55:12.284+0000] {spark_submit.py:634} INFO - 26/02/02 08:55:12 INFO ResourceUtils: No custom resources configured for spark.driver.
[2026-02-02T08:55:12.284+0000] {spark_submit.py:634} INFO - 26/02/02 08:55:12 INFO ResourceUtils: ==============================================================
[2026-02-02T08:55:12.285+0000] {spark_submit.py:634} INFO - 26/02/02 08:55:12 INFO SparkContext: Submitted application: Daily_ETL_2026-02-02
[2026-02-02T08:55:12.318+0000] {spark_submit.py:634} INFO - 26/02/02 08:55:12 INFO ResourceProfile: Default ResourceProfile created, executor resources: Map(cores -> name: cores, amount: 1, script: , vendor: , memory -> name: memory, amount: 2048, script: , vendor: , offHeap -> name: offHeap, amount: 0, script: , vendor: ), task resources: Map(cpus -> name: cpus, amount: 1.0)
[2026-02-02T08:55:12.326+0000] {spark_submit.py:634} INFO - 26/02/02 08:55:12 INFO ResourceProfile: Limiting resource is cpu
[2026-02-02T08:55:12.327+0000] {spark_submit.py:634} INFO - 26/02/02 08:55:12 INFO ResourceProfileManager: Added ResourceProfile id: 0
[2026-02-02T08:55:12.387+0000] {spark_submit.py:634} INFO - 26/02/02 08:55:12 INFO SecurityManager: Changing view acls to: default
[2026-02-02T08:55:12.388+0000] {spark_submit.py:634} INFO - 26/02/02 08:55:12 INFO SecurityManager: Changing modify acls to: default
[2026-02-02T08:55:12.388+0000] {spark_submit.py:634} INFO - 26/02/02 08:55:12 INFO SecurityManager: Changing view acls groups to:
[2026-02-02T08:55:12.388+0000] {spark_submit.py:634} INFO - 26/02/02 08:55:12 INFO SecurityManager: Changing modify acls groups to:
[2026-02-02T08:55:12.389+0000] {spark_submit.py:634} INFO - 26/02/02 08:55:12 INFO SecurityManager: SecurityManager: authentication disabled; ui acls disabled; users with view permissions: default; groups with view permissions: EMPTY; users with modify permissions: default; groups with modify permissions: EMPTY
[2026-02-02T08:55:12.570+0000] {spark_submit.py:634} INFO - 26/02/02 08:55:12 INFO Utils: Successfully started service 'sparkDriver' on port 40895.
[2026-02-02T08:55:12.588+0000] {spark_submit.py:634} INFO - 26/02/02 08:55:12 INFO SparkEnv: Registering MapOutputTracker
[2026-02-02T08:55:12.616+0000] {spark_submit.py:634} INFO - 26/02/02 08:55:12 INFO SparkEnv: Registering BlockManagerMaster
[2026-02-02T08:55:12.636+0000] {spark_submit.py:634} INFO - 26/02/02 08:55:12 INFO BlockManagerMasterEndpoint: Using org.apache.spark.storage.DefaultTopologyMapper for getting topology information
[2026-02-02T08:55:12.637+0000] {spark_submit.py:634} INFO - 26/02/02 08:55:12 INFO BlockManagerMasterEndpoint: BlockManagerMasterEndpoint up
[2026-02-02T08:55:12.639+0000] {spark_submit.py:634} INFO - 26/02/02 08:55:12 INFO SparkEnv: Registering BlockManagerMasterHeartbeat
[2026-02-02T08:55:12.653+0000] {spark_submit.py:634} INFO - 26/02/02 08:55:12 INFO DiskBlockManager: Created local directory at /tmp/blockmgr-5d0aa680-ef5b-486b-a292-5d69853e9dc3
[2026-02-02T08:55:12.660+0000] {spark_submit.py:634} INFO - 26/02/02 08:55:12 INFO MemoryStore: MemoryStore started with capacity 1048.8 MiB
[2026-02-02T08:55:12.669+0000] {spark_submit.py:634} INFO - 26/02/02 08:55:12 INFO SparkEnv: Registering OutputCommitCoordinator
[2026-02-02T08:55:12.749+0000] {spark_submit.py:634} INFO - 26/02/02 08:55:12 INFO JettyUtils: Start Jetty 0.0.0.0:4040 for SparkUI
[2026-02-02T08:55:12.800+0000] {spark_submit.py:634} INFO - 26/02/02 08:55:12 INFO Utils: Successfully started service 'SparkUI' on port 4040.
[2026-02-02T08:55:12.833+0000] {spark_submit.py:634} INFO - 26/02/02 08:55:12 INFO SparkContext: Added JAR file:///home/airflow/.ivy2/jars/org.***ql_***ql-42.7.1.jar at spark://4ba644d6f495:40895/jars/org.***ql_***ql-42.7.1.jar with timestamp 1770022512230
[2026-02-02T08:55:12.834+0000] {spark_submit.py:634} INFO - 26/02/02 08:55:12 INFO SparkContext: Added JAR file:///home/airflow/.ivy2/jars/org.checkerframework_checker-qual-3.41.0.jar at spark://4ba644d6f495:40895/jars/org.checkerframework_checker-qual-3.41.0.jar with timestamp 1770022512230
[2026-02-02T08:55:12.841+0000] {spark_submit.py:634} INFO - 26/02/02 08:55:12 INFO SparkContext: Added file file:///home/airflow/.ivy2/jars/org.***ql_***ql-42.7.1.jar at file:///home/airflow/.ivy2/jars/org.***ql_***ql-42.7.1.jar with timestamp 1770022512230
[2026-02-02T08:55:12.842+0000] {spark_submit.py:634} INFO - 26/02/02 08:55:12 INFO Utils: Copying /home/airflow/.ivy2/jars/org.***ql_***ql-42.7.1.jar to /tmp/spark-cdf16e9e-da53-4bf6-a717-4af2c3635dec/userFiles-12c03432-1030-403d-84aa-00bf5de2363c/org.***ql_***ql-42.7.1.jar
[2026-02-02T08:55:12.887+0000] {spark_submit.py:634} INFO - 26/02/02 08:55:12 INFO SparkContext: Added file file:///home/airflow/.ivy2/jars/org.checkerframework_checker-qual-3.41.0.jar at file:///home/airflow/.ivy2/jars/org.checkerframework_checker-qual-3.41.0.jar with timestamp 1770022512230
[2026-02-02T08:55:12.887+0000] {spark_submit.py:634} INFO - 26/02/02 08:55:12 INFO Utils: Copying /home/airflow/.ivy2/jars/org.checkerframework_checker-qual-3.41.0.jar to /tmp/spark-cdf16e9e-da53-4bf6-a717-4af2c3635dec/userFiles-12c03432-1030-403d-84aa-00bf5de2363c/org.checkerframework_checker-qual-3.41.0.jar
[2026-02-02T08:55:12.963+0000] {spark_submit.py:634} INFO - 26/02/02 08:55:12 INFO Executor: Starting executor ID driver on host 4ba644d6f495
[2026-02-02T08:55:12.964+0000] {spark_submit.py:634} INFO - 26/02/02 08:55:12 INFO Executor: OS info Linux, 6.12.65-linuxkit, aarch64
[2026-02-02T08:55:12.964+0000] {spark_submit.py:634} INFO - 26/02/02 08:55:12 INFO Executor: Java version 17.0.18
[2026-02-02T08:55:12.967+0000] {spark_submit.py:634} INFO - 26/02/02 08:55:12 INFO Executor: Starting executor with user classpath (userClassPathFirst = false): ''
[2026-02-02T08:55:12.968+0000] {spark_submit.py:634} INFO - 26/02/02 08:55:12 INFO Executor: Created or updated repl class loader org.apache.spark.util.MutableURLClassLoader@23242efe for default.
[2026-02-02T08:55:12.994+0000] {spark_submit.py:634} INFO - 26/02/02 08:55:12 INFO Executor: Fetching file:///home/airflow/.ivy2/jars/org.***ql_***ql-42.7.1.jar with timestamp 1770022512230
[2026-02-02T08:55:13.027+0000] {spark_submit.py:634} INFO - 26/02/02 08:55:13 INFO Utils: /home/airflow/.ivy2/jars/org.***ql_***ql-42.7.1.jar has been previously copied to /tmp/spark-cdf16e9e-da53-4bf6-a717-4af2c3635dec/userFiles-12c03432-1030-403d-84aa-00bf5de2363c/org.***ql_***ql-42.7.1.jar
[2026-02-02T08:55:13.050+0000] {spark_submit.py:634} INFO - 26/02/02 08:55:13 INFO Executor: Fetching file:///home/airflow/.ivy2/jars/org.checkerframework_checker-qual-3.41.0.jar with timestamp 1770022512230
[2026-02-02T08:55:13.053+0000] {spark_submit.py:634} INFO - 26/02/02 08:55:13 INFO Utils: /home/airflow/.ivy2/jars/org.checkerframework_checker-qual-3.41.0.jar has been previously copied to /tmp/spark-cdf16e9e-da53-4bf6-a717-4af2c3635dec/userFiles-12c03432-1030-403d-84aa-00bf5de2363c/org.checkerframework_checker-qual-3.41.0.jar
[2026-02-02T08:55:13.074+0000] {spark_submit.py:634} INFO - 26/02/02 08:55:13 INFO Executor: Fetching spark://4ba644d6f495:40895/jars/org.***ql_***ql-42.7.1.jar with timestamp 1770022512230
[2026-02-02T08:55:13.104+0000] {spark_submit.py:634} INFO - 26/02/02 08:55:13 INFO TransportClientFactory: Successfully created connection to 4ba644d6f495/172.18.0.6:40895 after 18 ms (0 ms spent in bootstraps)
[2026-02-02T08:55:13.108+0000] {spark_submit.py:634} INFO - 26/02/02 08:55:13 INFO Utils: Fetching spark://4ba644d6f495:40895/jars/org.***ql_***ql-42.7.1.jar to /tmp/spark-cdf16e9e-da53-4bf6-a717-4af2c3635dec/userFiles-12c03432-1030-403d-84aa-00bf5de2363c/fetchFileTemp5661913335330993708.tmp
[2026-02-02T08:55:13.143+0000] {spark_submit.py:634} INFO - 26/02/02 08:55:13 INFO Utils: /tmp/spark-cdf16e9e-da53-4bf6-a717-4af2c3635dec/userFiles-12c03432-1030-403d-84aa-00bf5de2363c/fetchFileTemp5661913335330993708.tmp has been previously copied to /tmp/spark-cdf16e9e-da53-4bf6-a717-4af2c3635dec/userFiles-12c03432-1030-403d-84aa-00bf5de2363c/org.***ql_***ql-42.7.1.jar
[2026-02-02T08:55:13.157+0000] {spark_submit.py:634} INFO - 26/02/02 08:55:13 INFO Executor: Adding file:/tmp/spark-cdf16e9e-da53-4bf6-a717-4af2c3635dec/userFiles-12c03432-1030-403d-84aa-00bf5de2363c/org.***ql_***ql-42.7.1.jar to class loader default
[2026-02-02T08:55:13.158+0000] {spark_submit.py:634} INFO - 26/02/02 08:55:13 INFO Executor: Fetching spark://4ba644d6f495:40895/jars/org.checkerframework_checker-qual-3.41.0.jar with timestamp 1770022512230
[2026-02-02T08:55:13.158+0000] {spark_submit.py:634} INFO - 26/02/02 08:55:13 INFO Utils: Fetching spark://4ba644d6f495:40895/jars/org.checkerframework_checker-qual-3.41.0.jar to /tmp/spark-cdf16e9e-da53-4bf6-a717-4af2c3635dec/userFiles-12c03432-1030-403d-84aa-00bf5de2363c/fetchFileTemp6352161250609808545.tmp
[2026-02-02T08:55:13.161+0000] {spark_submit.py:634} INFO - 26/02/02 08:55:13 INFO Utils: /tmp/spark-cdf16e9e-da53-4bf6-a717-4af2c3635dec/userFiles-12c03432-1030-403d-84aa-00bf5de2363c/fetchFileTemp6352161250609808545.tmp has been previously copied to /tmp/spark-cdf16e9e-da53-4bf6-a717-4af2c3635dec/userFiles-12c03432-1030-403d-84aa-00bf5de2363c/org.checkerframework_checker-qual-3.41.0.jar
[2026-02-02T08:55:13.177+0000] {spark_submit.py:634} INFO - 26/02/02 08:55:13 INFO Executor: Adding file:/tmp/spark-cdf16e9e-da53-4bf6-a717-4af2c3635dec/userFiles-12c03432-1030-403d-84aa-00bf5de2363c/org.checkerframework_checker-qual-3.41.0.jar to class loader default
[2026-02-02T08:55:13.191+0000] {spark_submit.py:634} INFO - 26/02/02 08:55:13 INFO Utils: Successfully started service 'org.apache.spark.network.netty.NettyBlockTransferService' on port 43167.
[2026-02-02T08:55:13.192+0000] {spark_submit.py:634} INFO - 26/02/02 08:55:13 INFO NettyBlockTransferService: Server created on 4ba644d6f495:43167
[2026-02-02T08:55:13.193+0000] {spark_submit.py:634} INFO - 26/02/02 08:55:13 INFO BlockManager: Using org.apache.spark.storage.RandomBlockReplicationPolicy for block replication policy
[2026-02-02T08:55:13.197+0000] {spark_submit.py:634} INFO - 26/02/02 08:55:13 INFO BlockManagerMaster: Registering BlockManager BlockManagerId(driver, 4ba644d6f495, 43167, None)
[2026-02-02T08:55:13.200+0000] {spark_submit.py:634} INFO - 26/02/02 08:55:13 INFO BlockManagerMasterEndpoint: Registering block manager 4ba644d6f495:43167 with 1048.8 MiB RAM, BlockManagerId(driver, 4ba644d6f495, 43167, None)
[2026-02-02T08:55:13.202+0000] {spark_submit.py:634} INFO - 26/02/02 08:55:13 INFO BlockManagerMaster: Registered BlockManager BlockManagerId(driver, 4ba644d6f495, 43167, None)
[2026-02-02T08:55:13.203+0000] {spark_submit.py:634} INFO - 26/02/02 08:55:13 INFO BlockManager: Initialized BlockManager: BlockManagerId(driver, 4ba644d6f495, 43167, None)
[2026-02-02T08:55:13.524+0000] {spark_submit.py:634} INFO - DEBUG: Processing data for 2026-02-02
[2026-02-02T08:55:13.528+0000] {spark_submit.py:634} INFO - 26/02/02 08:55:13 INFO SharedState: Setting hive.metastore.warehouse.dir ('null') to the value of spark.sql.warehouse.dir.
[2026-02-02T08:55:13.530+0000] {spark_submit.py:634} INFO - 26/02/02 08:55:13 INFO SharedState: Warehouse path is 'file:/opt/airflow/spark-warehouse'.
[2026-02-02T08:55:15.262+0000] {spark_submit.py:634} INFO - Traceback (most recent call last):
[2026-02-02T08:55:15.276+0000] {spark_submit.py:634} INFO - File "/opt/airflow/dags/src/batch_pipeline.py", line 86, in <module>
[2026-02-02T08:55:15.277+0000] {spark_submit.py:634} INFO - run_etl(dt)
[2026-02-02T08:55:15.279+0000] {spark_submit.py:634} INFO - File "/opt/airflow/dags/src/batch_pipeline.py", line 21, in run_etl
[2026-02-02T08:55:15.280+0000] {spark_submit.py:634} INFO - products_df = spark.read.jdbc(jdbc_url, "products", properties=db_props)
[2026-02-02T08:55:15.281+0000] {spark_submit.py:634} INFO - ^^^^^^^^^^^^^^^^^^^^^^^^^^^^^^^^^^^^^^^^^^^^^^^^^^^^^^^^^^
[2026-02-02T08:55:15.282+0000] {spark_submit.py:634} INFO - File "/home/airflow/.local/lib/python3.11/site-packages/pyspark/python/lib/pyspark.zip/pyspark/sql/readwriter.py", line 946, in jdbc
[2026-02-02T08:55:15.283+0000] {spark_submit.py:634} INFO - File "/home/airflow/.local/lib/python3.11/site-packages/pyspark/python/lib/py4j-0.10.9.7-src.zip/py4j/java_gateway.py", line 1322, in __call__
[2026-02-02T08:55:15.284+0000] {spark_submit.py:634} INFO - File "/home/airflow/.local/lib/python3.11/site-packages/pyspark/python/lib/pyspark.zip/pyspark/errors/exceptions/captured.py", line 179, in deco
[2026-02-02T08:55:15.285+0000] {spark_submit.py:634} INFO - File "/home/airflow/.local/lib/python3.11/site-packages/pyspark/python/lib/py4j-0.10.9.7-src.zip/py4j/protocol.py", line 326, in get_return_value
[2026-02-02T08:55:15.286+0000] {spark_submit.py:634} INFO - py4j.protocol.Py4JJavaError: An error occurred while calling o31.jdbc.
[2026-02-02T08:55:15.287+0000] {spark_submit.py:634} INFO - : org.***ql.util.PSQLException: ERROR: relation "products" does not exist
[2026-02-02T08:55:15.287+0000] {spark_submit.py:634} INFO - Position: 15
[2026-02-02T08:55:15.287+0000] {spark_submit.py:634} INFO - at org.***ql.core.v3.QueryExecutorImpl.receiveErrorResponse(QueryExecutorImpl.java:2712)
[2026-02-02T08:55:15.287+0000] {spark_submit.py:634} INFO - at org.***ql.core.v3.QueryExecutorImpl.processResults(QueryExecutorImpl.java:2400)
[2026-02-02T08:55:15.288+0000] {spark_submit.py:634} INFO - at org.***ql.core.v3.QueryExecutorImpl.execute(QueryExecutorImpl.java:367)
[2026-02-02T08:55:15.288+0000] {spark_submit.py:634} INFO - at org.***ql.jdbc.PgStatement.executeInternal(PgStatement.java:498)
[2026-02-02T08:55:15.288+0000] {spark_submit.py:634} INFO - at org.***ql.jdbc.PgStatement.execute(PgStatement.java:415)
[2026-02-02T08:55:15.288+0000] {spark_submit.py:634} INFO - at org.***ql.jdbc.PgPreparedStatement.executeWithFlags(PgPreparedStatement.java:190)
[2026-02-02T08:55:15.288+0000] {spark_submit.py:634} INFO - at org.***ql.jdbc.PgPreparedStatement.executeQuery(PgPreparedStatement.java:134)
[2026-02-02T08:55:15.288+0000] {spark_submit.py:634} INFO - at org.apache.spark.sql.execution.datasources.jdbc.JDBCRDD$.getQueryOutputSchema(JDBCRDD.scala:68)
[2026-02-02T08:55:15.289+0000] {spark_submit.py:634} INFO - at org.apache.spark.sql.execution.datasources.jdbc.JDBCRDD$.resolveTable(JDBCRDD.scala:58)
[2026-02-02T08:55:15.289+0000] {spark_submit.py:634} INFO - at org.apache.spark.sql.execution.datasources.jdbc.JDBCRelation$.getSchema(JDBCRelation.scala:241)
[2026-02-02T08:55:15.289+0000] {spark_submit.py:634} INFO - at org.apache.spark.sql.execution.datasources.jdbc.JdbcRelationProvider.createRelation(JdbcRelationProvider.scala:37)
[2026-02-02T08:55:15.289+0000] {spark_submit.py:634} INFO - at org.apache.spark.sql.execution.datasources.DataSource.resolveRelation(DataSource.scala:346)
[2026-02-02T08:55:15.289+0000] {spark_submit.py:634} INFO - at org.apache.spark.sql.DataFrameReader.loadV1Source(DataFrameReader.scala:229)
[2026-02-02T08:55:15.290+0000] {spark_submit.py:634} INFO - at org.apache.spark.sql.DataFrameReader.$anonfun$load$2(DataFrameReader.scala:211)
[2026-02-02T08:55:15.290+0000] {spark_submit.py:634} INFO - at scala.Option.getOrElse(Option.scala:189)
[2026-02-02T08:55:15.290+0000] {spark_submit.py:634} INFO - at org.apache.spark.sql.DataFrameReader.load(DataFrameReader.scala:211)
[2026-02-02T08:55:15.290+0000] {spark_submit.py:634} INFO - at org.apache.spark.sql.DataFrameReader.load(DataFrameReader.scala:172)
[2026-02-02T08:55:15.290+0000] {spark_submit.py:634} INFO - at org.apache.spark.sql.DataFrameReader.jdbc(DataFrameReader.scala:249)
[2026-02-02T08:55:15.290+0000] {spark_submit.py:634} INFO - at java.base/jdk.internal.reflect.NativeMethodAccessorImpl.invoke0(Native Method)
[2026-02-02T08:55:15.290+0000] {spark_submit.py:634} INFO - at java.base/jdk.internal.reflect.NativeMethodAccessorImpl.invoke(NativeMethodAccessorImpl.java:77)
[2026-02-02T08:55:15.290+0000] {spark_submit.py:634} INFO - at java.base/jdk.internal.reflect.DelegatingMethodAccessorImpl.invoke(DelegatingMethodAccessorImpl.java:43)
[2026-02-02T08:55:15.291+0000] {spark_submit.py:634} INFO - at java.base/java.lang.reflect.Method.invoke(Method.java:569)
[2026-02-02T08:55:15.291+0000] {spark_submit.py:634} INFO - at py4j.reflection.MethodInvoker.invoke(MethodInvoker.java:244)
[2026-02-02T08:55:15.291+0000] {spark_submit.py:634} INFO - at py4j.reflection.ReflectionEngine.invoke(ReflectionEngine.java:374)
[2026-02-02T08:55:15.291+0000] {spark_submit.py:634} INFO - at py4j.Gateway.invoke(Gateway.java:282)
[2026-02-02T08:55:15.291+0000] {spark_submit.py:634} INFO - at py4j.commands.AbstractCommand.invokeMethod(AbstractCommand.java:132)
[2026-02-02T08:55:15.292+0000] {spark_submit.py:634} INFO - at py4j.commands.CallCommand.execute(CallCommand.java:79)
[2026-02-02T08:55:15.292+0000] {spark_submit.py:634} INFO - at py4j.ClientServerConnection.waitForCommands(ClientServerConnection.java:182)
[2026-02-02T08:55:15.292+0000] {spark_submit.py:634} INFO - at py4j.ClientServerConnection.run(ClientServerConnection.java:106)
[2026-02-02T08:55:15.292+0000] {spark_submit.py:634} INFO - at java.base/java.lang.Thread.run(Thread.java:840)
[2026-02-02T08:55:15.293+0000] {spark_submit.py:634} INFO - 
[2026-02-02T08:55:15.445+0000] {spark_submit.py:634} INFO - 26/02/02 08:55:15 INFO SparkContext: Invoking stop() from shutdown hook
[2026-02-02T08:55:15.455+0000] {spark_submit.py:634} INFO - 26/02/02 08:55:15 INFO SparkContext: SparkContext is stopping with exitCode 0.
[2026-02-02T08:55:15.484+0000] {spark_submit.py:634} INFO - 26/02/02 08:55:15 INFO SparkUI: Stopped Spark web UI at http://4ba644d6f495:4040
[2026-02-02T08:55:15.509+0000] {spark_submit.py:634} INFO - 26/02/02 08:55:15 INFO MapOutputTrackerMasterEndpoint: MapOutputTrackerMasterEndpoint stopped!
[2026-02-02T08:55:15.543+0000] {spark_submit.py:634} INFO - 26/02/02 08:55:15 INFO MemoryStore: MemoryStore cleared
[2026-02-02T08:55:15.544+0000] {spark_submit.py:634} INFO - 26/02/02 08:55:15 INFO BlockManager: BlockManager stopped
[2026-02-02T08:55:15.549+0000] {spark_submit.py:634} INFO - 26/02/02 08:55:15 INFO BlockManagerMaster: BlockManagerMaster stopped
[2026-02-02T08:55:15.554+0000] {spark_submit.py:634} INFO - 26/02/02 08:55:15 INFO OutputCommitCoordinator$OutputCommitCoordinatorEndpoint: OutputCommitCoordinator stopped!
[2026-02-02T08:55:15.576+0000] {spark_submit.py:634} INFO - 26/02/02 08:55:15 INFO SparkContext: Successfully stopped SparkContext
[2026-02-02T08:55:15.577+0000] {spark_submit.py:634} INFO - 26/02/02 08:55:15 INFO ShutdownHookManager: Shutdown hook called
[2026-02-02T08:55:15.578+0000] {spark_submit.py:634} INFO - 26/02/02 08:55:15 INFO ShutdownHookManager: Deleting directory /tmp/spark-cdf16e9e-da53-4bf6-a717-4af2c3635dec
[2026-02-02T08:55:15.591+0000] {spark_submit.py:634} INFO - 26/02/02 08:55:15 INFO ShutdownHookManager: Deleting directory /tmp/spark-cdf16e9e-da53-4bf6-a717-4af2c3635dec/pyspark-69722fd4-e3df-41fa-8ec0-ad3238f27d71
[2026-02-02T08:55:15.615+0000] {spark_submit.py:634} INFO - 26/02/02 08:55:15 INFO ShutdownHookManager: Deleting directory /tmp/spark-1c635311-c155-41bb-a0af-37fb989af120
[2026-02-02T08:55:15.793+0000] {taskinstance.py:2698} ERROR - Task failed with exception
Traceback (most recent call last):
  File "/home/airflow/.local/lib/python3.11/site-packages/airflow/models/taskinstance.py", line 433, in _execute_task
    result = execute_callable(context=context, **execute_callable_kwargs)
             ^^^^^^^^^^^^^^^^^^^^^^^^^^^^^^^^^^^^^^^^^^^^^^^^^^^^^^^^^^^^
  File "/home/airflow/.local/lib/python3.11/site-packages/airflow/providers/apache/spark/operators/spark_submit.py", line 176, in execute
    self._hook.submit(self.application)
  File "/home/airflow/.local/lib/python3.11/site-packages/airflow/providers/apache/spark/hooks/spark_submit.py", line 560, in submit
    raise AirflowException(
airflow.exceptions.AirflowException: Cannot execute: spark-submit --master local --conf spark.jars.packages=org.***ql:***ql:42.7.1 --conf spark.driver.memory=2g --conf spark.executor.memory=2g --name arrow-spark /opt/airflow/dags/src/batch_pipeline.py 2026-02-02. Error code is: 1.
[2026-02-02T08:55:15.825+0000] {taskinstance.py:1138} INFO - Marking task as UP_FOR_RETRY. dag_id=daily_order_analytics, task_id=run_batch_pipeline, execution_date=20260202T081845, start_date=20260202T085508, end_date=20260202T085515
[2026-02-02T08:55:15.874+0000] {standard_task_runner.py:107} ERROR - Failed to execute job 24 for task run_batch_pipeline (Cannot execute: spark-submit --master local --conf spark.jars.packages=org.***ql:***ql:42.7.1 --conf spark.driver.memory=2g --conf spark.executor.memory=2g --name arrow-spark /opt/airflow/dags/src/batch_pipeline.py 2026-02-02. Error code is: 1.; 4809)
[2026-02-02T08:55:15.918+0000] {local_task_job_runner.py:234} INFO - Task exited with return code 1
[2026-02-02T08:55:16.034+0000] {taskinstance.py:3280} INFO - 0 downstream tasks scheduled from follow-on schedule check
