[2026-02-02T09:07:02.241+0000] {taskinstance.py:1956} INFO - Dependencies all met for dep_context=non-requeueable deps ti=<TaskInstance: daily_order_analytics.run_batch_pipeline manual__2026-02-02T08:18:45.495002+00:00 [queued]>
[2026-02-02T09:07:02.261+0000] {taskinstance.py:1956} INFO - Dependencies all met for dep_context=requeueable deps ti=<TaskInstance: daily_order_analytics.run_batch_pipeline manual__2026-02-02T08:18:45.495002+00:00 [queued]>
[2026-02-02T09:07:02.262+0000] {taskinstance.py:2170} INFO - Starting attempt 12 of 13
[2026-02-02T09:07:02.292+0000] {taskinstance.py:2191} INFO - Executing <Task(SparkSubmitOperator): run_batch_pipeline> on 2026-02-02 08:18:45.495002+00:00
[2026-02-02T09:07:02.314+0000] {standard_task_runner.py:60} INFO - Started process 5495 to run task
[2026-02-02T09:07:02.345+0000] {standard_task_runner.py:87} INFO - Running: ['airflow', 'tasks', 'run', 'daily_order_analytics', 'run_batch_pipeline', 'manual__2026-02-02T08:18:45.495002+00:00', '--job-id', '27', '--raw', '--subdir', 'DAGS_FOLDER/daily_batch_dag.py', '--cfg-path', '/tmp/tmpz1zomds8']
[2026-02-02T09:07:02.374+0000] {standard_task_runner.py:88} INFO - Job 27: Subtask run_batch_pipeline
[2026-02-02T09:07:02.754+0000] {task_command.py:423} INFO - Running <TaskInstance: daily_order_analytics.run_batch_pipeline manual__2026-02-02T08:18:45.495002+00:00 [running]> on host 4ba644d6f495
[2026-02-02T09:07:02.939+0000] {taskinstance.py:2480} INFO - Exporting env vars: AIRFLOW_CTX_DAG_OWNER='data-engineering' AIRFLOW_CTX_DAG_ID='daily_order_analytics' AIRFLOW_CTX_TASK_ID='run_batch_pipeline' AIRFLOW_CTX_EXECUTION_DATE='2026-02-02T08:18:45.495002+00:00' AIRFLOW_CTX_TRY_NUMBER='12' AIRFLOW_CTX_DAG_RUN_ID='manual__2026-02-02T08:18:45.495002+00:00'
[2026-02-02T09:07:02.958+0000] {base.py:83} INFO - Using connection ID 'spark_default' for task execution.
[2026-02-02T09:07:02.963+0000] {spark_submit.py:473} INFO - Spark-Submit cmd: spark-submit --master local --conf spark.jars.packages=org.***ql:***ql:42.7.1 --conf spark.driver.memory=2g --conf spark.executor.memory=2g --name arrow-spark /opt/airflow/dags/src/batch_pipeline.py 2026-02-02
[2026-02-02T09:07:03.140+0000] {spark_submit.py:634} INFO - /home/airflow/.local/lib/python3.11/site-packages/pyspark/bin/load-spark-env.sh: line 68: ps: command not found
[2026-02-02T09:07:05.374+0000] {spark_submit.py:634} INFO - :: loading settings :: url = jar:file:/home/airflow/.local/lib/python3.11/site-packages/pyspark/jars/ivy-2.5.1.jar!/org/apache/ivy/core/settings/ivysettings.xml
[2026-02-02T09:07:05.483+0000] {spark_submit.py:634} INFO - Ivy Default Cache set to: /home/airflow/.ivy2/cache
[2026-02-02T09:07:05.483+0000] {spark_submit.py:634} INFO - The jars for the packages stored in: /home/airflow/.ivy2/jars
[2026-02-02T09:07:05.485+0000] {spark_submit.py:634} INFO - org.***ql#***ql added as a dependency
[2026-02-02T09:07:05.486+0000] {spark_submit.py:634} INFO - :: resolving dependencies :: org.apache.spark#spark-submit-parent-14b3d837-bcc0-42f2-94a8-4036ea96fcbe;1.0
[2026-02-02T09:07:05.486+0000] {spark_submit.py:634} INFO - confs: [default]
[2026-02-02T09:07:05.625+0000] {spark_submit.py:634} INFO - found org.***ql#***ql;42.7.1 in central
[2026-02-02T09:07:05.636+0000] {spark_submit.py:634} INFO - found org.checkerframework#checker-qual;3.41.0 in central
[2026-02-02T09:07:05.645+0000] {spark_submit.py:634} INFO - :: resolution report :: resolve 156ms :: artifacts dl 3ms
[2026-02-02T09:07:05.645+0000] {spark_submit.py:634} INFO - :: modules in use:
[2026-02-02T09:07:05.646+0000] {spark_submit.py:634} INFO - org.checkerframework#checker-qual;3.41.0 from central in [default]
[2026-02-02T09:07:05.646+0000] {spark_submit.py:634} INFO - org.***ql#***ql;42.7.1 from central in [default]
[2026-02-02T09:07:05.646+0000] {spark_submit.py:634} INFO - ---------------------------------------------------------------------
[2026-02-02T09:07:05.646+0000] {spark_submit.py:634} INFO - |                  |            modules            ||   artifacts   |
[2026-02-02T09:07:05.646+0000] {spark_submit.py:634} INFO - |       conf       | number| search|dwnlded|evicted|| number|dwnlded|
[2026-02-02T09:07:05.647+0000] {spark_submit.py:634} INFO - ---------------------------------------------------------------------
[2026-02-02T09:07:05.647+0000] {spark_submit.py:634} INFO - |      default     |   2   |   0   |   0   |   0   ||   2   |   0   |
[2026-02-02T09:07:05.647+0000] {spark_submit.py:634} INFO - ---------------------------------------------------------------------
[2026-02-02T09:07:05.652+0000] {spark_submit.py:634} INFO - :: retrieving :: org.apache.spark#spark-submit-parent-14b3d837-bcc0-42f2-94a8-4036ea96fcbe
[2026-02-02T09:07:05.652+0000] {spark_submit.py:634} INFO - confs: [default]
[2026-02-02T09:07:05.663+0000] {spark_submit.py:634} INFO - 0 artifacts copied, 2 already retrieved (0kB/11ms)
[2026-02-02T09:07:05.907+0000] {spark_submit.py:634} INFO - 26/02/02 09:07:05 WARN NativeCodeLoader: Unable to load native-hadoop library for your platform... using builtin-java classes where applicable
[2026-02-02T09:07:07.325+0000] {spark_submit.py:634} INFO - 26/02/02 09:07:07 INFO SparkContext: Running Spark version 3.5.0
[2026-02-02T09:07:07.331+0000] {spark_submit.py:634} INFO - 26/02/02 09:07:07 INFO SparkContext: OS info Linux, 6.12.65-linuxkit, aarch64
[2026-02-02T09:07:07.331+0000] {spark_submit.py:634} INFO - 26/02/02 09:07:07 INFO SparkContext: Java version 17.0.18
[2026-02-02T09:07:07.352+0000] {spark_submit.py:634} INFO - 26/02/02 09:07:07 INFO ResourceUtils: ==============================================================
[2026-02-02T09:07:07.352+0000] {spark_submit.py:634} INFO - 26/02/02 09:07:07 INFO ResourceUtils: No custom resources configured for spark.driver.
[2026-02-02T09:07:07.353+0000] {spark_submit.py:634} INFO - 26/02/02 09:07:07 INFO ResourceUtils: ==============================================================
[2026-02-02T09:07:07.353+0000] {spark_submit.py:634} INFO - 26/02/02 09:07:07 INFO SparkContext: Submitted application: Daily_ETL_2026-02-02
[2026-02-02T09:07:07.382+0000] {spark_submit.py:634} INFO - 26/02/02 09:07:07 INFO ResourceProfile: Default ResourceProfile created, executor resources: Map(cores -> name: cores, amount: 1, script: , vendor: , memory -> name: memory, amount: 2048, script: , vendor: , offHeap -> name: offHeap, amount: 0, script: , vendor: ), task resources: Map(cpus -> name: cpus, amount: 1.0)
[2026-02-02T09:07:07.390+0000] {spark_submit.py:634} INFO - 26/02/02 09:07:07 INFO ResourceProfile: Limiting resource is cpu
[2026-02-02T09:07:07.390+0000] {spark_submit.py:634} INFO - 26/02/02 09:07:07 INFO ResourceProfileManager: Added ResourceProfile id: 0
[2026-02-02T09:07:07.492+0000] {spark_submit.py:634} INFO - 26/02/02 09:07:07 INFO SecurityManager: Changing view acls to: default
[2026-02-02T09:07:07.493+0000] {spark_submit.py:634} INFO - 26/02/02 09:07:07 INFO SecurityManager: Changing modify acls to: default
[2026-02-02T09:07:07.493+0000] {spark_submit.py:634} INFO - 26/02/02 09:07:07 INFO SecurityManager: Changing view acls groups to:
[2026-02-02T09:07:07.493+0000] {spark_submit.py:634} INFO - 26/02/02 09:07:07 INFO SecurityManager: Changing modify acls groups to:
[2026-02-02T09:07:07.493+0000] {spark_submit.py:634} INFO - 26/02/02 09:07:07 INFO SecurityManager: SecurityManager: authentication disabled; ui acls disabled; users with view permissions: default; groups with view permissions: EMPTY; users with modify permissions: default; groups with modify permissions: EMPTY
[2026-02-02T09:07:07.678+0000] {spark_submit.py:634} INFO - 26/02/02 09:07:07 INFO Utils: Successfully started service 'sparkDriver' on port 35683.
[2026-02-02T09:07:07.705+0000] {spark_submit.py:634} INFO - 26/02/02 09:07:07 INFO SparkEnv: Registering MapOutputTracker
[2026-02-02T09:07:07.742+0000] {spark_submit.py:634} INFO - 26/02/02 09:07:07 INFO SparkEnv: Registering BlockManagerMaster
[2026-02-02T09:07:07.770+0000] {spark_submit.py:634} INFO - 26/02/02 09:07:07 INFO BlockManagerMasterEndpoint: Using org.apache.spark.storage.DefaultTopologyMapper for getting topology information
[2026-02-02T09:07:07.770+0000] {spark_submit.py:634} INFO - 26/02/02 09:07:07 INFO BlockManagerMasterEndpoint: BlockManagerMasterEndpoint up
[2026-02-02T09:07:07.774+0000] {spark_submit.py:634} INFO - 26/02/02 09:07:07 INFO SparkEnv: Registering BlockManagerMasterHeartbeat
[2026-02-02T09:07:07.804+0000] {spark_submit.py:634} INFO - 26/02/02 09:07:07 INFO DiskBlockManager: Created local directory at /tmp/blockmgr-c448c0f0-e3b4-418d-bc57-66779265abe9
[2026-02-02T09:07:07.815+0000] {spark_submit.py:634} INFO - 26/02/02 09:07:07 INFO MemoryStore: MemoryStore started with capacity 1048.8 MiB
[2026-02-02T09:07:07.827+0000] {spark_submit.py:634} INFO - 26/02/02 09:07:07 INFO SparkEnv: Registering OutputCommitCoordinator
[2026-02-02T09:07:07.940+0000] {spark_submit.py:634} INFO - 26/02/02 09:07:07 INFO JettyUtils: Start Jetty 0.0.0.0:4040 for SparkUI
[2026-02-02T09:07:08.006+0000] {spark_submit.py:634} INFO - 26/02/02 09:07:08 INFO Utils: Successfully started service 'SparkUI' on port 4040.
[2026-02-02T09:07:08.035+0000] {spark_submit.py:634} INFO - 26/02/02 09:07:08 INFO SparkContext: Added JAR file:///home/airflow/.ivy2/jars/org.***ql_***ql-42.7.1.jar at spark://4ba644d6f495:35683/jars/org.***ql_***ql-42.7.1.jar with timestamp 1770023227318
[2026-02-02T09:07:08.036+0000] {spark_submit.py:634} INFO - 26/02/02 09:07:08 INFO SparkContext: Added JAR file:///home/airflow/.ivy2/jars/org.checkerframework_checker-qual-3.41.0.jar at spark://4ba644d6f495:35683/jars/org.checkerframework_checker-qual-3.41.0.jar with timestamp 1770023227318
[2026-02-02T09:07:08.037+0000] {spark_submit.py:634} INFO - 26/02/02 09:07:08 INFO SparkContext: Added file file:///home/airflow/.ivy2/jars/org.***ql_***ql-42.7.1.jar at file:///home/airflow/.ivy2/jars/org.***ql_***ql-42.7.1.jar with timestamp 1770023227318
[2026-02-02T09:07:08.038+0000] {spark_submit.py:634} INFO - 26/02/02 09:07:08 INFO Utils: Copying /home/airflow/.ivy2/jars/org.***ql_***ql-42.7.1.jar to /tmp/spark-4b39d7ea-a52b-4102-9c1c-1bddf3a9ab5c/userFiles-4e5ad6c3-dcf2-4909-9eff-8d7914ce1b1c/org.***ql_***ql-42.7.1.jar
[2026-02-02T09:07:08.078+0000] {spark_submit.py:634} INFO - 26/02/02 09:07:08 INFO SparkContext: Added file file:///home/airflow/.ivy2/jars/org.checkerframework_checker-qual-3.41.0.jar at file:///home/airflow/.ivy2/jars/org.checkerframework_checker-qual-3.41.0.jar with timestamp 1770023227318
[2026-02-02T09:07:08.079+0000] {spark_submit.py:634} INFO - 26/02/02 09:07:08 INFO Utils: Copying /home/airflow/.ivy2/jars/org.checkerframework_checker-qual-3.41.0.jar to /tmp/spark-4b39d7ea-a52b-4102-9c1c-1bddf3a9ab5c/userFiles-4e5ad6c3-dcf2-4909-9eff-8d7914ce1b1c/org.checkerframework_checker-qual-3.41.0.jar
[2026-02-02T09:07:08.155+0000] {spark_submit.py:634} INFO - 26/02/02 09:07:08 INFO Executor: Starting executor ID driver on host 4ba644d6f495
[2026-02-02T09:07:08.155+0000] {spark_submit.py:634} INFO - 26/02/02 09:07:08 INFO Executor: OS info Linux, 6.12.65-linuxkit, aarch64
[2026-02-02T09:07:08.155+0000] {spark_submit.py:634} INFO - 26/02/02 09:07:08 INFO Executor: Java version 17.0.18
[2026-02-02T09:07:08.159+0000] {spark_submit.py:634} INFO - 26/02/02 09:07:08 INFO Executor: Starting executor with user classpath (userClassPathFirst = false): ''
[2026-02-02T09:07:08.159+0000] {spark_submit.py:634} INFO - 26/02/02 09:07:08 INFO Executor: Created or updated repl class loader org.apache.spark.util.MutableURLClassLoader@2a4c02f0 for default.
[2026-02-02T09:07:08.177+0000] {spark_submit.py:634} INFO - 26/02/02 09:07:08 INFO Executor: Fetching file:///home/airflow/.ivy2/jars/org.***ql_***ql-42.7.1.jar with timestamp 1770023227318
[2026-02-02T09:07:08.194+0000] {spark_submit.py:634} INFO - 26/02/02 09:07:08 INFO Utils: /home/airflow/.ivy2/jars/org.***ql_***ql-42.7.1.jar has been previously copied to /tmp/spark-4b39d7ea-a52b-4102-9c1c-1bddf3a9ab5c/userFiles-4e5ad6c3-dcf2-4909-9eff-8d7914ce1b1c/org.***ql_***ql-42.7.1.jar
[2026-02-02T09:07:08.208+0000] {spark_submit.py:634} INFO - 26/02/02 09:07:08 INFO Executor: Fetching file:///home/airflow/.ivy2/jars/org.checkerframework_checker-qual-3.41.0.jar with timestamp 1770023227318
[2026-02-02T09:07:08.209+0000] {spark_submit.py:634} INFO - 26/02/02 09:07:08 INFO Utils: /home/airflow/.ivy2/jars/org.checkerframework_checker-qual-3.41.0.jar has been previously copied to /tmp/spark-4b39d7ea-a52b-4102-9c1c-1bddf3a9ab5c/userFiles-4e5ad6c3-dcf2-4909-9eff-8d7914ce1b1c/org.checkerframework_checker-qual-3.41.0.jar
[2026-02-02T09:07:08.236+0000] {spark_submit.py:634} INFO - 26/02/02 09:07:08 INFO Executor: Fetching spark://4ba644d6f495:35683/jars/org.***ql_***ql-42.7.1.jar with timestamp 1770023227318
[2026-02-02T09:07:08.274+0000] {spark_submit.py:634} INFO - 26/02/02 09:07:08 INFO TransportClientFactory: Successfully created connection to 4ba644d6f495/172.18.0.6:35683 after 23 ms (0 ms spent in bootstraps)
[2026-02-02T09:07:08.283+0000] {spark_submit.py:634} INFO - 26/02/02 09:07:08 INFO Utils: Fetching spark://4ba644d6f495:35683/jars/org.***ql_***ql-42.7.1.jar to /tmp/spark-4b39d7ea-a52b-4102-9c1c-1bddf3a9ab5c/userFiles-4e5ad6c3-dcf2-4909-9eff-8d7914ce1b1c/fetchFileTemp12544643690437137249.tmp
[2026-02-02T09:07:08.327+0000] {spark_submit.py:634} INFO - 26/02/02 09:07:08 INFO Utils: /tmp/spark-4b39d7ea-a52b-4102-9c1c-1bddf3a9ab5c/userFiles-4e5ad6c3-dcf2-4909-9eff-8d7914ce1b1c/fetchFileTemp12544643690437137249.tmp has been previously copied to /tmp/spark-4b39d7ea-a52b-4102-9c1c-1bddf3a9ab5c/userFiles-4e5ad6c3-dcf2-4909-9eff-8d7914ce1b1c/org.***ql_***ql-42.7.1.jar
[2026-02-02T09:07:08.338+0000] {spark_submit.py:634} INFO - 26/02/02 09:07:08 INFO Executor: Adding file:/tmp/spark-4b39d7ea-a52b-4102-9c1c-1bddf3a9ab5c/userFiles-4e5ad6c3-dcf2-4909-9eff-8d7914ce1b1c/org.***ql_***ql-42.7.1.jar to class loader default
[2026-02-02T09:07:08.339+0000] {spark_submit.py:634} INFO - 26/02/02 09:07:08 INFO Executor: Fetching spark://4ba644d6f495:35683/jars/org.checkerframework_checker-qual-3.41.0.jar with timestamp 1770023227318
[2026-02-02T09:07:08.339+0000] {spark_submit.py:634} INFO - 26/02/02 09:07:08 INFO Utils: Fetching spark://4ba644d6f495:35683/jars/org.checkerframework_checker-qual-3.41.0.jar to /tmp/spark-4b39d7ea-a52b-4102-9c1c-1bddf3a9ab5c/userFiles-4e5ad6c3-dcf2-4909-9eff-8d7914ce1b1c/fetchFileTemp4790372631976903930.tmp
[2026-02-02T09:07:08.341+0000] {spark_submit.py:634} INFO - 26/02/02 09:07:08 INFO Utils: /tmp/spark-4b39d7ea-a52b-4102-9c1c-1bddf3a9ab5c/userFiles-4e5ad6c3-dcf2-4909-9eff-8d7914ce1b1c/fetchFileTemp4790372631976903930.tmp has been previously copied to /tmp/spark-4b39d7ea-a52b-4102-9c1c-1bddf3a9ab5c/userFiles-4e5ad6c3-dcf2-4909-9eff-8d7914ce1b1c/org.checkerframework_checker-qual-3.41.0.jar
[2026-02-02T09:07:08.361+0000] {spark_submit.py:634} INFO - 26/02/02 09:07:08 INFO Executor: Adding file:/tmp/spark-4b39d7ea-a52b-4102-9c1c-1bddf3a9ab5c/userFiles-4e5ad6c3-dcf2-4909-9eff-8d7914ce1b1c/org.checkerframework_checker-qual-3.41.0.jar to class loader default
[2026-02-02T09:07:08.368+0000] {spark_submit.py:634} INFO - 26/02/02 09:07:08 INFO Utils: Successfully started service 'org.apache.spark.network.netty.NettyBlockTransferService' on port 36139.
[2026-02-02T09:07:08.369+0000] {spark_submit.py:634} INFO - 26/02/02 09:07:08 INFO NettyBlockTransferService: Server created on 4ba644d6f495:36139
[2026-02-02T09:07:08.370+0000] {spark_submit.py:634} INFO - 26/02/02 09:07:08 INFO BlockManager: Using org.apache.spark.storage.RandomBlockReplicationPolicy for block replication policy
[2026-02-02T09:07:08.375+0000] {spark_submit.py:634} INFO - 26/02/02 09:07:08 INFO BlockManagerMaster: Registering BlockManager BlockManagerId(driver, 4ba644d6f495, 36139, None)
[2026-02-02T09:07:08.379+0000] {spark_submit.py:634} INFO - 26/02/02 09:07:08 INFO BlockManagerMasterEndpoint: Registering block manager 4ba644d6f495:36139 with 1048.8 MiB RAM, BlockManagerId(driver, 4ba644d6f495, 36139, None)
[2026-02-02T09:07:08.382+0000] {spark_submit.py:634} INFO - 26/02/02 09:07:08 INFO BlockManagerMaster: Registered BlockManager BlockManagerId(driver, 4ba644d6f495, 36139, None)
[2026-02-02T09:07:08.383+0000] {spark_submit.py:634} INFO - 26/02/02 09:07:08 INFO BlockManager: Initialized BlockManager: BlockManagerId(driver, 4ba644d6f495, 36139, None)
[2026-02-02T09:07:08.826+0000] {spark_submit.py:634} INFO - DEBUG: Processing data for 2026-02-02
[2026-02-02T09:07:08.830+0000] {spark_submit.py:634} INFO - 26/02/02 09:07:08 INFO SharedState: Setting hive.metastore.warehouse.dir ('null') to the value of spark.sql.warehouse.dir.
[2026-02-02T09:07:08.832+0000] {spark_submit.py:634} INFO - 26/02/02 09:07:08 INFO SharedState: Warehouse path is 'file:/opt/airflow/spark-warehouse'.
[2026-02-02T09:07:09.946+0000] {spark_submit.py:634} INFO - Traceback (most recent call last):
[2026-02-02T09:07:09.954+0000] {spark_submit.py:634} INFO - File "/opt/airflow/dags/src/batch_pipeline.py", line 86, in <module>
[2026-02-02T09:07:09.955+0000] {spark_submit.py:634} INFO - run_etl(dt)
[2026-02-02T09:07:09.955+0000] {spark_submit.py:634} INFO - File "/opt/airflow/dags/src/batch_pipeline.py", line 21, in run_etl
[2026-02-02T09:07:09.956+0000] {spark_submit.py:634} INFO - products_df = spark.read.jdbc(jdbc_url, "products", properties=db_props)
[2026-02-02T09:07:09.956+0000] {spark_submit.py:634} INFO - ^^^^^^^^^^^^^^^^^^^^^^^^^^^^^^^^^^^^^^^^^^^^^^^^^^^^^^^^^^
[2026-02-02T09:07:09.957+0000] {spark_submit.py:634} INFO - File "/home/airflow/.local/lib/python3.11/site-packages/pyspark/python/lib/pyspark.zip/pyspark/sql/readwriter.py", line 946, in jdbc
[2026-02-02T09:07:09.958+0000] {spark_submit.py:634} INFO - File "/home/airflow/.local/lib/python3.11/site-packages/pyspark/python/lib/py4j-0.10.9.7-src.zip/py4j/java_gateway.py", line 1322, in __call__
[2026-02-02T09:07:09.958+0000] {spark_submit.py:634} INFO - File "/home/airflow/.local/lib/python3.11/site-packages/pyspark/python/lib/pyspark.zip/pyspark/errors/exceptions/captured.py", line 179, in deco
[2026-02-02T09:07:09.958+0000] {spark_submit.py:634} INFO - File "/home/airflow/.local/lib/python3.11/site-packages/pyspark/python/lib/py4j-0.10.9.7-src.zip/py4j/protocol.py", line 326, in get_return_value
[2026-02-02T09:07:09.959+0000] {spark_submit.py:634} INFO - py4j.protocol.Py4JJavaError: An error occurred while calling o31.jdbc.
[2026-02-02T09:07:09.959+0000] {spark_submit.py:634} INFO - : org.***ql.util.PSQLException: ERROR: relation "products" does not exist
[2026-02-02T09:07:09.960+0000] {spark_submit.py:634} INFO - Position: 15
[2026-02-02T09:07:09.960+0000] {spark_submit.py:634} INFO - at org.***ql.core.v3.QueryExecutorImpl.receiveErrorResponse(QueryExecutorImpl.java:2712)
[2026-02-02T09:07:09.961+0000] {spark_submit.py:634} INFO - at org.***ql.core.v3.QueryExecutorImpl.processResults(QueryExecutorImpl.java:2400)
[2026-02-02T09:07:09.961+0000] {spark_submit.py:634} INFO - at org.***ql.core.v3.QueryExecutorImpl.execute(QueryExecutorImpl.java:367)
[2026-02-02T09:07:09.961+0000] {spark_submit.py:634} INFO - at org.***ql.jdbc.PgStatement.executeInternal(PgStatement.java:498)
[2026-02-02T09:07:09.961+0000] {spark_submit.py:634} INFO - at org.***ql.jdbc.PgStatement.execute(PgStatement.java:415)
[2026-02-02T09:07:09.961+0000] {spark_submit.py:634} INFO - at org.***ql.jdbc.PgPreparedStatement.executeWithFlags(PgPreparedStatement.java:190)
[2026-02-02T09:07:09.962+0000] {spark_submit.py:634} INFO - at org.***ql.jdbc.PgPreparedStatement.executeQuery(PgPreparedStatement.java:134)
[2026-02-02T09:07:09.962+0000] {spark_submit.py:634} INFO - at org.apache.spark.sql.execution.datasources.jdbc.JDBCRDD$.getQueryOutputSchema(JDBCRDD.scala:68)
[2026-02-02T09:07:09.962+0000] {spark_submit.py:634} INFO - at org.apache.spark.sql.execution.datasources.jdbc.JDBCRDD$.resolveTable(JDBCRDD.scala:58)
[2026-02-02T09:07:09.962+0000] {spark_submit.py:634} INFO - at org.apache.spark.sql.execution.datasources.jdbc.JDBCRelation$.getSchema(JDBCRelation.scala:241)
[2026-02-02T09:07:09.962+0000] {spark_submit.py:634} INFO - at org.apache.spark.sql.execution.datasources.jdbc.JdbcRelationProvider.createRelation(JdbcRelationProvider.scala:37)
[2026-02-02T09:07:09.962+0000] {spark_submit.py:634} INFO - at org.apache.spark.sql.execution.datasources.DataSource.resolveRelation(DataSource.scala:346)
[2026-02-02T09:07:09.963+0000] {spark_submit.py:634} INFO - at org.apache.spark.sql.DataFrameReader.loadV1Source(DataFrameReader.scala:229)
[2026-02-02T09:07:09.963+0000] {spark_submit.py:634} INFO - at org.apache.spark.sql.DataFrameReader.$anonfun$load$2(DataFrameReader.scala:211)
[2026-02-02T09:07:09.963+0000] {spark_submit.py:634} INFO - at scala.Option.getOrElse(Option.scala:189)
[2026-02-02T09:07:09.963+0000] {spark_submit.py:634} INFO - at org.apache.spark.sql.DataFrameReader.load(DataFrameReader.scala:211)
[2026-02-02T09:07:09.964+0000] {spark_submit.py:634} INFO - at org.apache.spark.sql.DataFrameReader.load(DataFrameReader.scala:172)
[2026-02-02T09:07:09.964+0000] {spark_submit.py:634} INFO - at org.apache.spark.sql.DataFrameReader.jdbc(DataFrameReader.scala:249)
[2026-02-02T09:07:09.964+0000] {spark_submit.py:634} INFO - at java.base/jdk.internal.reflect.NativeMethodAccessorImpl.invoke0(Native Method)
[2026-02-02T09:07:09.964+0000] {spark_submit.py:634} INFO - at java.base/jdk.internal.reflect.NativeMethodAccessorImpl.invoke(NativeMethodAccessorImpl.java:77)
[2026-02-02T09:07:09.964+0000] {spark_submit.py:634} INFO - at java.base/jdk.internal.reflect.DelegatingMethodAccessorImpl.invoke(DelegatingMethodAccessorImpl.java:43)
[2026-02-02T09:07:09.965+0000] {spark_submit.py:634} INFO - at java.base/java.lang.reflect.Method.invoke(Method.java:569)
[2026-02-02T09:07:09.965+0000] {spark_submit.py:634} INFO - at py4j.reflection.MethodInvoker.invoke(MethodInvoker.java:244)
[2026-02-02T09:07:09.965+0000] {spark_submit.py:634} INFO - at py4j.reflection.ReflectionEngine.invoke(ReflectionEngine.java:374)
[2026-02-02T09:07:09.965+0000] {spark_submit.py:634} INFO - at py4j.Gateway.invoke(Gateway.java:282)
[2026-02-02T09:07:09.965+0000] {spark_submit.py:634} INFO - at py4j.commands.AbstractCommand.invokeMethod(AbstractCommand.java:132)
[2026-02-02T09:07:09.965+0000] {spark_submit.py:634} INFO - at py4j.commands.CallCommand.execute(CallCommand.java:79)
[2026-02-02T09:07:09.965+0000] {spark_submit.py:634} INFO - at py4j.ClientServerConnection.waitForCommands(ClientServerConnection.java:182)
[2026-02-02T09:07:09.966+0000] {spark_submit.py:634} INFO - at py4j.ClientServerConnection.run(ClientServerConnection.java:106)
[2026-02-02T09:07:09.966+0000] {spark_submit.py:634} INFO - at java.base/java.lang.Thread.run(Thread.java:840)
[2026-02-02T09:07:09.966+0000] {spark_submit.py:634} INFO - 
[2026-02-02T09:07:10.048+0000] {spark_submit.py:634} INFO - 26/02/02 09:07:10 INFO SparkContext: Invoking stop() from shutdown hook
[2026-02-02T09:07:10.049+0000] {spark_submit.py:634} INFO - 26/02/02 09:07:10 INFO SparkContext: SparkContext is stopping with exitCode 0.
[2026-02-02T09:07:10.066+0000] {spark_submit.py:634} INFO - 26/02/02 09:07:10 INFO SparkUI: Stopped Spark web UI at http://4ba644d6f495:4040
[2026-02-02T09:07:10.083+0000] {spark_submit.py:634} INFO - 26/02/02 09:07:10 INFO MapOutputTrackerMasterEndpoint: MapOutputTrackerMasterEndpoint stopped!
[2026-02-02T09:07:10.111+0000] {spark_submit.py:634} INFO - 26/02/02 09:07:10 INFO MemoryStore: MemoryStore cleared
[2026-02-02T09:07:10.113+0000] {spark_submit.py:634} INFO - 26/02/02 09:07:10 INFO BlockManager: BlockManager stopped
[2026-02-02T09:07:10.120+0000] {spark_submit.py:634} INFO - 26/02/02 09:07:10 INFO BlockManagerMaster: BlockManagerMaster stopped
[2026-02-02T09:07:10.121+0000] {spark_submit.py:634} INFO - 26/02/02 09:07:10 INFO OutputCommitCoordinator$OutputCommitCoordinatorEndpoint: OutputCommitCoordinator stopped!
[2026-02-02T09:07:10.135+0000] {spark_submit.py:634} INFO - 26/02/02 09:07:10 INFO SparkContext: Successfully stopped SparkContext
[2026-02-02T09:07:10.135+0000] {spark_submit.py:634} INFO - 26/02/02 09:07:10 INFO ShutdownHookManager: Shutdown hook called
[2026-02-02T09:07:10.135+0000] {spark_submit.py:634} INFO - 26/02/02 09:07:10 INFO ShutdownHookManager: Deleting directory /tmp/spark-e1f81683-3b91-4885-88ef-af72146ea534
[2026-02-02T09:07:10.142+0000] {spark_submit.py:634} INFO - 26/02/02 09:07:10 INFO ShutdownHookManager: Deleting directory /tmp/spark-4b39d7ea-a52b-4102-9c1c-1bddf3a9ab5c
[2026-02-02T09:07:10.156+0000] {spark_submit.py:634} INFO - 26/02/02 09:07:10 INFO ShutdownHookManager: Deleting directory /tmp/spark-4b39d7ea-a52b-4102-9c1c-1bddf3a9ab5c/pyspark-26c9ae59-5b6b-4166-9bac-9e780d91d216
[2026-02-02T09:07:10.231+0000] {taskinstance.py:2698} ERROR - Task failed with exception
Traceback (most recent call last):
  File "/home/airflow/.local/lib/python3.11/site-packages/airflow/models/taskinstance.py", line 433, in _execute_task
    result = execute_callable(context=context, **execute_callable_kwargs)
             ^^^^^^^^^^^^^^^^^^^^^^^^^^^^^^^^^^^^^^^^^^^^^^^^^^^^^^^^^^^^
  File "/home/airflow/.local/lib/python3.11/site-packages/airflow/providers/apache/spark/operators/spark_submit.py", line 176, in execute
    self._hook.submit(self.application)
  File "/home/airflow/.local/lib/python3.11/site-packages/airflow/providers/apache/spark/hooks/spark_submit.py", line 560, in submit
    raise AirflowException(
airflow.exceptions.AirflowException: Cannot execute: spark-submit --master local --conf spark.jars.packages=org.***ql:***ql:42.7.1 --conf spark.driver.memory=2g --conf spark.executor.memory=2g --name arrow-spark /opt/airflow/dags/src/batch_pipeline.py 2026-02-02. Error code is: 1.
[2026-02-02T09:07:10.245+0000] {taskinstance.py:1138} INFO - Marking task as UP_FOR_RETRY. dag_id=daily_order_analytics, task_id=run_batch_pipeline, execution_date=20260202T081845, start_date=20260202T090702, end_date=20260202T090710
[2026-02-02T09:07:10.266+0000] {standard_task_runner.py:107} ERROR - Failed to execute job 27 for task run_batch_pipeline (Cannot execute: spark-submit --master local --conf spark.jars.packages=org.***ql:***ql:42.7.1 --conf spark.driver.memory=2g --conf spark.executor.memory=2g --name arrow-spark /opt/airflow/dags/src/batch_pipeline.py 2026-02-02. Error code is: 1.; 5495)
[2026-02-02T09:07:10.296+0000] {local_task_job_runner.py:234} INFO - Task exited with return code 1
[2026-02-02T09:07:10.357+0000] {taskinstance.py:3280} INFO - 0 downstream tasks scheduled from follow-on schedule check
