[2026-02-02T09:29:49.152+0000] {taskinstance.py:1956} INFO - Dependencies all met for dep_context=non-requeueable deps ti=<TaskInstance: daily_order_analytics.run_batch_pipeline manual__2026-02-02T08:18:45.495002+00:00 [queued]>
[2026-02-02T09:29:49.158+0000] {taskinstance.py:1956} INFO - Dependencies all met for dep_context=requeueable deps ti=<TaskInstance: daily_order_analytics.run_batch_pipeline manual__2026-02-02T08:18:45.495002+00:00 [queued]>
[2026-02-02T09:29:49.158+0000] {taskinstance.py:2170} INFO - Starting attempt 15 of 17
[2026-02-02T09:29:49.188+0000] {taskinstance.py:2191} INFO - Executing <Task(SparkSubmitOperator): run_batch_pipeline> on 2026-02-02 08:18:45.495002+00:00
[2026-02-02T09:29:49.197+0000] {standard_task_runner.py:60} INFO - Started process 6476 to run task
[2026-02-02T09:29:49.205+0000] {standard_task_runner.py:87} INFO - Running: ['airflow', 'tasks', 'run', 'daily_order_analytics', 'run_batch_pipeline', 'manual__2026-02-02T08:18:45.495002+00:00', '--job-id', '33', '--raw', '--subdir', 'DAGS_FOLDER/daily_batch_dag.py', '--cfg-path', '/tmp/tmpm3za8c7d']
[2026-02-02T09:29:49.215+0000] {standard_task_runner.py:88} INFO - Job 33: Subtask run_batch_pipeline
[2026-02-02T09:29:49.364+0000] {task_command.py:423} INFO - Running <TaskInstance: daily_order_analytics.run_batch_pipeline manual__2026-02-02T08:18:45.495002+00:00 [running]> on host 4ba644d6f495
[2026-02-02T09:29:49.509+0000] {taskinstance.py:2480} INFO - Exporting env vars: AIRFLOW_CTX_DAG_OWNER='data-engineering' AIRFLOW_CTX_DAG_ID='daily_order_analytics' AIRFLOW_CTX_TASK_ID='run_batch_pipeline' AIRFLOW_CTX_EXECUTION_DATE='2026-02-02T08:18:45.495002+00:00' AIRFLOW_CTX_TRY_NUMBER='15' AIRFLOW_CTX_DAG_RUN_ID='manual__2026-02-02T08:18:45.495002+00:00'
[2026-02-02T09:29:49.527+0000] {base.py:83} INFO - Using connection ID 'spark_default' for task execution.
[2026-02-02T09:29:49.533+0000] {spark_submit.py:473} INFO - Spark-Submit cmd: spark-submit --master local --conf spark.jars.packages=org.***ql:***ql:42.7.1 --conf spark.driver.memory=2g --conf spark.executor.memory=2g --name arrow-spark /opt/airflow/dags/src/batch_pipeline.py 2026-02-02
[2026-02-02T09:29:49.927+0000] {spark_submit.py:634} INFO - /home/airflow/.local/lib/python3.11/site-packages/pyspark/bin/load-spark-env.sh: line 68: ps: command not found
[2026-02-02T09:29:54.275+0000] {spark_submit.py:634} INFO - :: loading settings :: url = jar:file:/home/airflow/.local/lib/python3.11/site-packages/pyspark/jars/ivy-2.5.1.jar!/org/apache/ivy/core/settings/ivysettings.xml
[2026-02-02T09:29:54.520+0000] {spark_submit.py:634} INFO - Ivy Default Cache set to: /home/airflow/.ivy2/cache
[2026-02-02T09:29:54.521+0000] {spark_submit.py:634} INFO - The jars for the packages stored in: /home/airflow/.ivy2/jars
[2026-02-02T09:29:54.527+0000] {spark_submit.py:634} INFO - org.***ql#***ql added as a dependency
[2026-02-02T09:29:54.529+0000] {spark_submit.py:634} INFO - :: resolving dependencies :: org.apache.spark#spark-submit-parent-3af19039-2a04-4c0e-a332-78a3b254a53c;1.0
[2026-02-02T09:29:54.529+0000] {spark_submit.py:634} INFO - confs: [default]
[2026-02-02T09:29:54.836+0000] {spark_submit.py:634} INFO - found org.***ql#***ql;42.7.1 in central
[2026-02-02T09:29:54.851+0000] {spark_submit.py:634} INFO - found org.checkerframework#checker-qual;3.41.0 in central
[2026-02-02T09:29:54.876+0000] {spark_submit.py:634} INFO - :: resolution report :: resolve 339ms :: artifacts dl 8ms
[2026-02-02T09:29:54.876+0000] {spark_submit.py:634} INFO - :: modules in use:
[2026-02-02T09:29:54.876+0000] {spark_submit.py:634} INFO - org.checkerframework#checker-qual;3.41.0 from central in [default]
[2026-02-02T09:29:54.877+0000] {spark_submit.py:634} INFO - org.***ql#***ql;42.7.1 from central in [default]
[2026-02-02T09:29:54.877+0000] {spark_submit.py:634} INFO - ---------------------------------------------------------------------
[2026-02-02T09:29:54.877+0000] {spark_submit.py:634} INFO - |                  |            modules            ||   artifacts   |
[2026-02-02T09:29:54.877+0000] {spark_submit.py:634} INFO - |       conf       | number| search|dwnlded|evicted|| number|dwnlded|
[2026-02-02T09:29:54.877+0000] {spark_submit.py:634} INFO - ---------------------------------------------------------------------
[2026-02-02T09:29:54.878+0000] {spark_submit.py:634} INFO - |      default     |   2   |   0   |   0   |   0   ||   2   |   0   |
[2026-02-02T09:29:54.878+0000] {spark_submit.py:634} INFO - ---------------------------------------------------------------------
[2026-02-02T09:29:54.884+0000] {spark_submit.py:634} INFO - :: retrieving :: org.apache.spark#spark-submit-parent-3af19039-2a04-4c0e-a332-78a3b254a53c
[2026-02-02T09:29:54.885+0000] {spark_submit.py:634} INFO - confs: [default]
[2026-02-02T09:29:54.891+0000] {spark_submit.py:634} INFO - 0 artifacts copied, 2 already retrieved (0kB/7ms)
[2026-02-02T09:29:55.260+0000] {spark_submit.py:634} INFO - 26/02/02 09:29:55 WARN NativeCodeLoader: Unable to load native-hadoop library for your platform... using builtin-java classes where applicable
[2026-02-02T09:29:58.174+0000] {spark_submit.py:634} INFO - 26/02/02 09:29:58 INFO SparkContext: Running Spark version 3.5.0
[2026-02-02T09:29:58.177+0000] {spark_submit.py:634} INFO - 26/02/02 09:29:58 INFO SparkContext: OS info Linux, 6.12.65-linuxkit, aarch64
[2026-02-02T09:29:58.177+0000] {spark_submit.py:634} INFO - 26/02/02 09:29:58 INFO SparkContext: Java version 17.0.18
[2026-02-02T09:29:58.193+0000] {spark_submit.py:634} INFO - 26/02/02 09:29:58 INFO ResourceUtils: ==============================================================
[2026-02-02T09:29:58.194+0000] {spark_submit.py:634} INFO - 26/02/02 09:29:58 INFO ResourceUtils: No custom resources configured for spark.driver.
[2026-02-02T09:29:58.194+0000] {spark_submit.py:634} INFO - 26/02/02 09:29:58 INFO ResourceUtils: ==============================================================
[2026-02-02T09:29:58.194+0000] {spark_submit.py:634} INFO - 26/02/02 09:29:58 INFO SparkContext: Submitted application: Daily_ETL_2026-02-02
[2026-02-02T09:29:58.215+0000] {spark_submit.py:634} INFO - 26/02/02 09:29:58 INFO ResourceProfile: Default ResourceProfile created, executor resources: Map(cores -> name: cores, amount: 1, script: , vendor: , memory -> name: memory, amount: 2048, script: , vendor: , offHeap -> name: offHeap, amount: 0, script: , vendor: ), task resources: Map(cpus -> name: cpus, amount: 1.0)
[2026-02-02T09:29:58.222+0000] {spark_submit.py:634} INFO - 26/02/02 09:29:58 INFO ResourceProfile: Limiting resource is cpu
[2026-02-02T09:29:58.222+0000] {spark_submit.py:634} INFO - 26/02/02 09:29:58 INFO ResourceProfileManager: Added ResourceProfile id: 0
[2026-02-02T09:29:58.279+0000] {spark_submit.py:634} INFO - 26/02/02 09:29:58 INFO SecurityManager: Changing view acls to: default
[2026-02-02T09:29:58.280+0000] {spark_submit.py:634} INFO - 26/02/02 09:29:58 INFO SecurityManager: Changing modify acls to: default
[2026-02-02T09:29:58.281+0000] {spark_submit.py:634} INFO - 26/02/02 09:29:58 INFO SecurityManager: Changing view acls groups to:
[2026-02-02T09:29:58.281+0000] {spark_submit.py:634} INFO - 26/02/02 09:29:58 INFO SecurityManager: Changing modify acls groups to:
[2026-02-02T09:29:58.282+0000] {spark_submit.py:634} INFO - 26/02/02 09:29:58 INFO SecurityManager: SecurityManager: authentication disabled; ui acls disabled; users with view permissions: default; groups with view permissions: EMPTY; users with modify permissions: default; groups with modify permissions: EMPTY
[2026-02-02T09:29:58.537+0000] {spark_submit.py:634} INFO - 26/02/02 09:29:58 INFO Utils: Successfully started service 'sparkDriver' on port 39751.
[2026-02-02T09:29:58.577+0000] {spark_submit.py:634} INFO - 26/02/02 09:29:58 INFO SparkEnv: Registering MapOutputTracker
[2026-02-02T09:29:58.624+0000] {spark_submit.py:634} INFO - 26/02/02 09:29:58 INFO SparkEnv: Registering BlockManagerMaster
[2026-02-02T09:29:58.653+0000] {spark_submit.py:634} INFO - 26/02/02 09:29:58 INFO BlockManagerMasterEndpoint: Using org.apache.spark.storage.DefaultTopologyMapper for getting topology information
[2026-02-02T09:29:58.656+0000] {spark_submit.py:634} INFO - 26/02/02 09:29:58 INFO BlockManagerMasterEndpoint: BlockManagerMasterEndpoint up
[2026-02-02T09:29:58.660+0000] {spark_submit.py:634} INFO - 26/02/02 09:29:58 INFO SparkEnv: Registering BlockManagerMasterHeartbeat
[2026-02-02T09:29:58.686+0000] {spark_submit.py:634} INFO - 26/02/02 09:29:58 INFO DiskBlockManager: Created local directory at /tmp/blockmgr-9c366ac0-6179-4988-a8bb-1cfeaebad683
[2026-02-02T09:29:58.703+0000] {spark_submit.py:634} INFO - 26/02/02 09:29:58 INFO MemoryStore: MemoryStore started with capacity 1048.8 MiB
[2026-02-02T09:29:58.713+0000] {spark_submit.py:634} INFO - 26/02/02 09:29:58 INFO SparkEnv: Registering OutputCommitCoordinator
[2026-02-02T09:29:58.826+0000] {spark_submit.py:634} INFO - 26/02/02 09:29:58 INFO JettyUtils: Start Jetty 0.0.0.0:4040 for SparkUI
[2026-02-02T09:29:58.884+0000] {spark_submit.py:634} INFO - 26/02/02 09:29:58 INFO Utils: Successfully started service 'SparkUI' on port 4040.
[2026-02-02T09:29:58.930+0000] {spark_submit.py:634} INFO - 26/02/02 09:29:58 INFO SparkContext: Added JAR file:///home/airflow/.ivy2/jars/org.***ql_***ql-42.7.1.jar at spark://4ba644d6f495:39751/jars/org.***ql_***ql-42.7.1.jar with timestamp 1770024598159
[2026-02-02T09:29:58.932+0000] {spark_submit.py:634} INFO - 26/02/02 09:29:58 INFO SparkContext: Added JAR file:///home/airflow/.ivy2/jars/org.checkerframework_checker-qual-3.41.0.jar at spark://4ba644d6f495:39751/jars/org.checkerframework_checker-qual-3.41.0.jar with timestamp 1770024598159
[2026-02-02T09:29:58.939+0000] {spark_submit.py:634} INFO - 26/02/02 09:29:58 INFO SparkContext: Added file file:///home/airflow/.ivy2/jars/org.***ql_***ql-42.7.1.jar at file:///home/airflow/.ivy2/jars/org.***ql_***ql-42.7.1.jar with timestamp 1770024598159
[2026-02-02T09:29:58.942+0000] {spark_submit.py:634} INFO - 26/02/02 09:29:58 INFO Utils: Copying /home/airflow/.ivy2/jars/org.***ql_***ql-42.7.1.jar to /tmp/spark-2f42e5bf-6fcd-4ab4-be58-1b5c93a146fe/userFiles-5ec3d430-5bac-4ec4-9d08-c243348541c1/org.***ql_***ql-42.7.1.jar
[2026-02-02T09:29:59.003+0000] {spark_submit.py:634} INFO - 26/02/02 09:29:59 INFO SparkContext: Added file file:///home/airflow/.ivy2/jars/org.checkerframework_checker-qual-3.41.0.jar at file:///home/airflow/.ivy2/jars/org.checkerframework_checker-qual-3.41.0.jar with timestamp 1770024598159
[2026-02-02T09:29:59.004+0000] {spark_submit.py:634} INFO - 26/02/02 09:29:59 INFO Utils: Copying /home/airflow/.ivy2/jars/org.checkerframework_checker-qual-3.41.0.jar to /tmp/spark-2f42e5bf-6fcd-4ab4-be58-1b5c93a146fe/userFiles-5ec3d430-5bac-4ec4-9d08-c243348541c1/org.checkerframework_checker-qual-3.41.0.jar
[2026-02-02T09:29:59.066+0000] {spark_submit.py:634} INFO - 26/02/02 09:29:59 INFO Executor: Starting executor ID driver on host 4ba644d6f495
[2026-02-02T09:29:59.067+0000] {spark_submit.py:634} INFO - 26/02/02 09:29:59 INFO Executor: OS info Linux, 6.12.65-linuxkit, aarch64
[2026-02-02T09:29:59.067+0000] {spark_submit.py:634} INFO - 26/02/02 09:29:59 INFO Executor: Java version 17.0.18
[2026-02-02T09:29:59.071+0000] {spark_submit.py:634} INFO - 26/02/02 09:29:59 INFO Executor: Starting executor with user classpath (userClassPathFirst = false): ''
[2026-02-02T09:29:59.071+0000] {spark_submit.py:634} INFO - 26/02/02 09:29:59 INFO Executor: Created or updated repl class loader org.apache.spark.util.MutableURLClassLoader@7368ff0d for default.
[2026-02-02T09:29:59.079+0000] {spark_submit.py:634} INFO - 26/02/02 09:29:59 INFO Executor: Fetching file:///home/airflow/.ivy2/jars/org.***ql_***ql-42.7.1.jar with timestamp 1770024598159
[2026-02-02T09:29:59.100+0000] {spark_submit.py:634} INFO - 26/02/02 09:29:59 INFO Utils: /home/airflow/.ivy2/jars/org.***ql_***ql-42.7.1.jar has been previously copied to /tmp/spark-2f42e5bf-6fcd-4ab4-be58-1b5c93a146fe/userFiles-5ec3d430-5bac-4ec4-9d08-c243348541c1/org.***ql_***ql-42.7.1.jar
[2026-02-02T09:29:59.115+0000] {spark_submit.py:634} INFO - 26/02/02 09:29:59 INFO Executor: Fetching file:///home/airflow/.ivy2/jars/org.checkerframework_checker-qual-3.41.0.jar with timestamp 1770024598159
[2026-02-02T09:29:59.116+0000] {spark_submit.py:634} INFO - 26/02/02 09:29:59 INFO Utils: /home/airflow/.ivy2/jars/org.checkerframework_checker-qual-3.41.0.jar has been previously copied to /tmp/spark-2f42e5bf-6fcd-4ab4-be58-1b5c93a146fe/userFiles-5ec3d430-5bac-4ec4-9d08-c243348541c1/org.checkerframework_checker-qual-3.41.0.jar
[2026-02-02T09:29:59.128+0000] {spark_submit.py:634} INFO - 26/02/02 09:29:59 INFO Executor: Fetching spark://4ba644d6f495:39751/jars/org.checkerframework_checker-qual-3.41.0.jar with timestamp 1770024598159
[2026-02-02T09:29:59.165+0000] {spark_submit.py:634} INFO - 26/02/02 09:29:59 INFO TransportClientFactory: Successfully created connection to 4ba644d6f495/172.18.0.6:39751 after 28 ms (0 ms spent in bootstraps)
[2026-02-02T09:29:59.169+0000] {spark_submit.py:634} INFO - 26/02/02 09:29:59 INFO Utils: Fetching spark://4ba644d6f495:39751/jars/org.checkerframework_checker-qual-3.41.0.jar to /tmp/spark-2f42e5bf-6fcd-4ab4-be58-1b5c93a146fe/userFiles-5ec3d430-5bac-4ec4-9d08-c243348541c1/fetchFileTemp14799468773250782642.tmp
[2026-02-02T09:29:59.310+0000] {spark_submit.py:634} INFO - 26/02/02 09:29:59 INFO Utils: /tmp/spark-2f42e5bf-6fcd-4ab4-be58-1b5c93a146fe/userFiles-5ec3d430-5bac-4ec4-9d08-c243348541c1/fetchFileTemp14799468773250782642.tmp has been previously copied to /tmp/spark-2f42e5bf-6fcd-4ab4-be58-1b5c93a146fe/userFiles-5ec3d430-5bac-4ec4-9d08-c243348541c1/org.checkerframework_checker-qual-3.41.0.jar
[2026-02-02T09:29:59.322+0000] {spark_submit.py:634} INFO - 26/02/02 09:29:59 INFO Executor: Adding file:/tmp/spark-2f42e5bf-6fcd-4ab4-be58-1b5c93a146fe/userFiles-5ec3d430-5bac-4ec4-9d08-c243348541c1/org.checkerframework_checker-qual-3.41.0.jar to class loader default
[2026-02-02T09:29:59.323+0000] {spark_submit.py:634} INFO - 26/02/02 09:29:59 INFO Executor: Fetching spark://4ba644d6f495:39751/jars/org.***ql_***ql-42.7.1.jar with timestamp 1770024598159
[2026-02-02T09:29:59.325+0000] {spark_submit.py:634} INFO - 26/02/02 09:29:59 INFO Utils: Fetching spark://4ba644d6f495:39751/jars/org.***ql_***ql-42.7.1.jar to /tmp/spark-2f42e5bf-6fcd-4ab4-be58-1b5c93a146fe/userFiles-5ec3d430-5bac-4ec4-9d08-c243348541c1/fetchFileTemp14325228275908280120.tmp
[2026-02-02T09:29:59.352+0000] {spark_submit.py:634} INFO - 26/02/02 09:29:59 INFO Utils: /tmp/spark-2f42e5bf-6fcd-4ab4-be58-1b5c93a146fe/userFiles-5ec3d430-5bac-4ec4-9d08-c243348541c1/fetchFileTemp14325228275908280120.tmp has been previously copied to /tmp/spark-2f42e5bf-6fcd-4ab4-be58-1b5c93a146fe/userFiles-5ec3d430-5bac-4ec4-9d08-c243348541c1/org.***ql_***ql-42.7.1.jar
[2026-02-02T09:29:59.366+0000] {spark_submit.py:634} INFO - 26/02/02 09:29:59 INFO Executor: Adding file:/tmp/spark-2f42e5bf-6fcd-4ab4-be58-1b5c93a146fe/userFiles-5ec3d430-5bac-4ec4-9d08-c243348541c1/org.***ql_***ql-42.7.1.jar to class loader default
[2026-02-02T09:29:59.374+0000] {spark_submit.py:634} INFO - 26/02/02 09:29:59 INFO Utils: Successfully started service 'org.apache.spark.network.netty.NettyBlockTransferService' on port 45953.
[2026-02-02T09:29:59.375+0000] {spark_submit.py:634} INFO - 26/02/02 09:29:59 INFO NettyBlockTransferService: Server created on 4ba644d6f495:45953
[2026-02-02T09:29:59.377+0000] {spark_submit.py:634} INFO - 26/02/02 09:29:59 INFO BlockManager: Using org.apache.spark.storage.RandomBlockReplicationPolicy for block replication policy
[2026-02-02T09:29:59.383+0000] {spark_submit.py:634} INFO - 26/02/02 09:29:59 INFO BlockManagerMaster: Registering BlockManager BlockManagerId(driver, 4ba644d6f495, 45953, None)
[2026-02-02T09:29:59.385+0000] {spark_submit.py:634} INFO - 26/02/02 09:29:59 INFO BlockManagerMasterEndpoint: Registering block manager 4ba644d6f495:45953 with 1048.8 MiB RAM, BlockManagerId(driver, 4ba644d6f495, 45953, None)
[2026-02-02T09:29:59.387+0000] {spark_submit.py:634} INFO - 26/02/02 09:29:59 INFO BlockManagerMaster: Registered BlockManager BlockManagerId(driver, 4ba644d6f495, 45953, None)
[2026-02-02T09:29:59.388+0000] {spark_submit.py:634} INFO - 26/02/02 09:29:59 INFO BlockManager: Initialized BlockManager: BlockManagerId(driver, 4ba644d6f495, 45953, None)
[2026-02-02T09:29:59.766+0000] {spark_submit.py:634} INFO - DEBUG: Processing data for 2026-02-02
[2026-02-02T09:29:59.774+0000] {spark_submit.py:634} INFO - 26/02/02 09:29:59 INFO SharedState: Setting hive.metastore.warehouse.dir ('null') to the value of spark.sql.warehouse.dir.
[2026-02-02T09:29:59.776+0000] {spark_submit.py:634} INFO - 26/02/02 09:29:59 INFO SharedState: Warehouse path is 'file:/opt/airflow/spark-warehouse'.
[2026-02-02T09:30:03.702+0000] {spark_submit.py:634} INFO - Loading data to PostgreSQL...
[2026-02-02T09:30:06.765+0000] {spark_submit.py:634} INFO - 26/02/02 09:30:06 INFO CodeGenerator: Code generated in 408.495875 ms
[2026-02-02T09:30:07.183+0000] {spark_submit.py:634} INFO - 26/02/02 09:30:07 INFO DAGScheduler: Registering RDD 3 (jdbc at NativeMethodAccessorImpl.java:0) as input to shuffle 0
[2026-02-02T09:30:07.202+0000] {spark_submit.py:634} INFO - 26/02/02 09:30:07 INFO CodeGenerator: Code generated in 29.864 ms
[2026-02-02T09:30:07.216+0000] {spark_submit.py:634} INFO - 26/02/02 09:30:07 INFO DAGScheduler: Got map stage job 0 (jdbc at NativeMethodAccessorImpl.java:0) with 1 output partitions
[2026-02-02T09:30:07.218+0000] {spark_submit.py:634} INFO - 26/02/02 09:30:07 INFO DAGScheduler: Final stage: ShuffleMapStage 0 (jdbc at NativeMethodAccessorImpl.java:0)
[2026-02-02T09:30:07.219+0000] {spark_submit.py:634} INFO - 26/02/02 09:30:07 INFO DAGScheduler: Parents of final stage: List()
[2026-02-02T09:30:07.220+0000] {spark_submit.py:634} INFO - 26/02/02 09:30:07 INFO DAGScheduler: Missing parents: List()
[2026-02-02T09:30:07.223+0000] {spark_submit.py:634} INFO - 26/02/02 09:30:07 INFO DAGScheduler: Submitting ShuffleMapStage 0 (MapPartitionsRDD[3] at jdbc at NativeMethodAccessorImpl.java:0), which has no missing parents
[2026-02-02T09:30:07.674+0000] {spark_submit.py:634} INFO - 26/02/02 09:30:07 INFO MemoryStore: Block broadcast_0 stored as values in memory (estimated size 15.7 KiB, free 1048.8 MiB)
[2026-02-02T09:30:07.830+0000] {spark_submit.py:634} INFO - 26/02/02 09:30:07 INFO MemoryStore: Block broadcast_0_piece0 stored as bytes in memory (estimated size 8.1 KiB, free 1048.8 MiB)
[2026-02-02T09:30:07.834+0000] {spark_submit.py:634} INFO - 26/02/02 09:30:07 INFO BlockManagerInfo: Added broadcast_0_piece0 in memory on 4ba644d6f495:45953 (size: 8.1 KiB, free: 1048.8 MiB)
[2026-02-02T09:30:07.839+0000] {spark_submit.py:634} INFO - 26/02/02 09:30:07 INFO SparkContext: Created broadcast 0 from broadcast at DAGScheduler.scala:1580
[2026-02-02T09:30:07.892+0000] {spark_submit.py:634} INFO - 26/02/02 09:30:07 INFO DAGScheduler: Submitting 1 missing tasks from ShuffleMapStage 0 (MapPartitionsRDD[3] at jdbc at NativeMethodAccessorImpl.java:0) (first 15 tasks are for partitions Vector(0))
[2026-02-02T09:30:07.896+0000] {spark_submit.py:634} INFO - 26/02/02 09:30:07 INFO TaskSchedulerImpl: Adding task set 0.0 with 1 tasks resource profile 0
[2026-02-02T09:30:07.964+0000] {spark_submit.py:634} INFO - 26/02/02 09:30:07 INFO DAGScheduler: Registering RDD 5 (jdbc at NativeMethodAccessorImpl.java:0) as input to shuffle 1
[2026-02-02T09:30:07.964+0000] {spark_submit.py:634} INFO - 26/02/02 09:30:07 INFO DAGScheduler: Got map stage job 1 (jdbc at NativeMethodAccessorImpl.java:0) with 1 output partitions
[2026-02-02T09:30:07.964+0000] {spark_submit.py:634} INFO - 26/02/02 09:30:07 INFO DAGScheduler: Final stage: ShuffleMapStage 1 (jdbc at NativeMethodAccessorImpl.java:0)
[2026-02-02T09:30:07.964+0000] {spark_submit.py:634} INFO - 26/02/02 09:30:07 INFO DAGScheduler: Parents of final stage: List()
[2026-02-02T09:30:07.965+0000] {spark_submit.py:634} INFO - 26/02/02 09:30:07 INFO DAGScheduler: Missing parents: List()
[2026-02-02T09:30:07.965+0000] {spark_submit.py:634} INFO - 26/02/02 09:30:07 INFO DAGScheduler: Submitting ShuffleMapStage 1 (MapPartitionsRDD[5] at jdbc at NativeMethodAccessorImpl.java:0), which has no missing parents
[2026-02-02T09:30:07.973+0000] {spark_submit.py:634} INFO - 26/02/02 09:30:07 INFO MemoryStore: Block broadcast_1 stored as values in memory (estimated size 14.5 KiB, free 1048.8 MiB)
[2026-02-02T09:30:07.976+0000] {spark_submit.py:634} INFO - 26/02/02 09:30:07 INFO MemoryStore: Block broadcast_1_piece0 stored as bytes in memory (estimated size 7.6 KiB, free 1048.8 MiB)
[2026-02-02T09:30:07.977+0000] {spark_submit.py:634} INFO - 26/02/02 09:30:07 INFO BlockManagerInfo: Added broadcast_1_piece0 in memory on 4ba644d6f495:45953 (size: 7.6 KiB, free: 1048.8 MiB)
[2026-02-02T09:30:07.978+0000] {spark_submit.py:634} INFO - 26/02/02 09:30:07 INFO SparkContext: Created broadcast 1 from broadcast at DAGScheduler.scala:1580
[2026-02-02T09:30:07.979+0000] {spark_submit.py:634} INFO - 26/02/02 09:30:07 INFO DAGScheduler: Submitting 1 missing tasks from ShuffleMapStage 1 (MapPartitionsRDD[5] at jdbc at NativeMethodAccessorImpl.java:0) (first 15 tasks are for partitions Vector(0))
[2026-02-02T09:30:07.979+0000] {spark_submit.py:634} INFO - 26/02/02 09:30:07 INFO TaskSchedulerImpl: Adding task set 1.0 with 1 tasks resource profile 0
[2026-02-02T09:30:07.993+0000] {spark_submit.py:634} INFO - 26/02/02 09:30:07 INFO TaskSetManager: Starting task 0.0 in stage 0.0 (TID 0) (4ba644d6f495, executor driver, partition 0, PROCESS_LOCAL, 7943 bytes)
[2026-02-02T09:30:08.014+0000] {spark_submit.py:634} INFO - 26/02/02 09:30:08 INFO Executor: Running task 0.0 in stage 0.0 (TID 0)
[2026-02-02T09:30:08.308+0000] {spark_submit.py:634} INFO - 26/02/02 09:30:08 INFO CodeGenerator: Code generated in 55.119958 ms
[2026-02-02T09:30:08.367+0000] {spark_submit.py:634} INFO - 26/02/02 09:30:08 INFO CodeGenerator: Code generated in 24.159208 ms
[2026-02-02T09:30:08.377+0000] {spark_submit.py:634} INFO - 26/02/02 09:30:08 INFO JDBCRDD: closed connection
[2026-02-02T09:30:08.409+0000] {spark_submit.py:634} INFO - 26/02/02 09:30:08 INFO Executor: Finished task 0.0 in stage 0.0 (TID 0). 1817 bytes result sent to driver
[2026-02-02T09:30:08.415+0000] {spark_submit.py:634} INFO - 26/02/02 09:30:08 INFO TaskSetManager: Starting task 0.0 in stage 1.0 (TID 1) (4ba644d6f495, executor driver, partition 0, PROCESS_LOCAL, 7943 bytes)
[2026-02-02T09:30:08.417+0000] {spark_submit.py:634} INFO - 26/02/02 09:30:08 INFO Executor: Running task 0.0 in stage 1.0 (TID 1)
[2026-02-02T09:30:08.429+0000] {spark_submit.py:634} INFO - 26/02/02 09:30:08 INFO TaskSetManager: Finished task 0.0 in stage 0.0 (TID 0) in 442 ms on 4ba644d6f495 (executor driver) (1/1)
[2026-02-02T09:30:08.430+0000] {spark_submit.py:634} INFO - 26/02/02 09:30:08 INFO TaskSchedulerImpl: Removed TaskSet 0.0, whose tasks have all completed, from pool
[2026-02-02T09:30:08.444+0000] {spark_submit.py:634} INFO - 26/02/02 09:30:08 INFO DAGScheduler: ShuffleMapStage 0 (jdbc at NativeMethodAccessorImpl.java:0) finished in 1.170 s
[2026-02-02T09:30:08.452+0000] {spark_submit.py:634} INFO - 26/02/02 09:30:08 INFO DAGScheduler: looking for newly runnable stages
[2026-02-02T09:30:08.453+0000] {spark_submit.py:634} INFO - 26/02/02 09:30:08 INFO DAGScheduler: running: Set(ShuffleMapStage 1)
[2026-02-02T09:30:08.454+0000] {spark_submit.py:634} INFO - 26/02/02 09:30:08 INFO DAGScheduler: waiting: Set()
[2026-02-02T09:30:08.454+0000] {spark_submit.py:634} INFO - 26/02/02 09:30:08 INFO DAGScheduler: failed: Set()
[2026-02-02T09:30:08.506+0000] {spark_submit.py:634} INFO - 26/02/02 09:30:08 INFO CodeGenerator: Code generated in 25.538125 ms
[2026-02-02T09:30:08.530+0000] {spark_submit.py:634} INFO - 26/02/02 09:30:08 INFO CodeGenerator: Code generated in 18.379542 ms
[2026-02-02T09:30:08.534+0000] {spark_submit.py:634} INFO - 26/02/02 09:30:08 INFO JDBCRDD: closed connection
[2026-02-02T09:30:08.567+0000] {spark_submit.py:634} INFO - 26/02/02 09:30:08 INFO Executor: Finished task 0.0 in stage 1.0 (TID 1). 1860 bytes result sent to driver
[2026-02-02T09:30:08.570+0000] {spark_submit.py:634} INFO - 26/02/02 09:30:08 INFO TaskSetManager: Finished task 0.0 in stage 1.0 (TID 1) in 155 ms on 4ba644d6f495 (executor driver) (1/1)
[2026-02-02T09:30:08.570+0000] {spark_submit.py:634} INFO - 26/02/02 09:30:08 INFO TaskSchedulerImpl: Removed TaskSet 1.0, whose tasks have all completed, from pool
[2026-02-02T09:30:08.571+0000] {spark_submit.py:634} INFO - 26/02/02 09:30:08 INFO DAGScheduler: ShuffleMapStage 1 (jdbc at NativeMethodAccessorImpl.java:0) finished in 0.604 s
[2026-02-02T09:30:08.572+0000] {spark_submit.py:634} INFO - 26/02/02 09:30:08 INFO DAGScheduler: looking for newly runnable stages
[2026-02-02T09:30:08.572+0000] {spark_submit.py:634} INFO - 26/02/02 09:30:08 INFO DAGScheduler: running: Set()
[2026-02-02T09:30:08.572+0000] {spark_submit.py:634} INFO - 26/02/02 09:30:08 INFO DAGScheduler: waiting: Set()
[2026-02-02T09:30:08.573+0000] {spark_submit.py:634} INFO - 26/02/02 09:30:08 INFO DAGScheduler: failed: Set()
[2026-02-02T09:30:08.602+0000] {spark_submit.py:634} INFO - 26/02/02 09:30:08 INFO BlockManagerInfo: Removed broadcast_0_piece0 on 4ba644d6f495:45953 in memory (size: 8.1 KiB, free: 1048.8 MiB)
[2026-02-02T09:30:08.619+0000] {spark_submit.py:634} INFO - 26/02/02 09:30:08 INFO SparkContext: Starting job: jdbc at NativeMethodAccessorImpl.java:0
[2026-02-02T09:30:08.621+0000] {spark_submit.py:634} INFO - 26/02/02 09:30:08 INFO DAGScheduler: Job 2 finished: jdbc at NativeMethodAccessorImpl.java:0, took 0.001627 s
[2026-02-02T09:30:08.799+0000] {spark_submit.py:634} INFO - 26/02/02 09:30:08 INFO DAGScheduler: Registering RDD 14 (jdbc at NativeMethodAccessorImpl.java:0) as input to shuffle 2
[2026-02-02T09:30:08.800+0000] {spark_submit.py:634} INFO - 26/02/02 09:30:08 INFO DAGScheduler: Got map stage job 3 (jdbc at NativeMethodAccessorImpl.java:0) with 1 output partitions
[2026-02-02T09:30:08.800+0000] {spark_submit.py:634} INFO - 26/02/02 09:30:08 INFO DAGScheduler: Final stage: ShuffleMapStage 2 (jdbc at NativeMethodAccessorImpl.java:0)
[2026-02-02T09:30:08.801+0000] {spark_submit.py:634} INFO - 26/02/02 09:30:08 INFO DAGScheduler: Parents of final stage: List()
[2026-02-02T09:30:08.801+0000] {spark_submit.py:634} INFO - 26/02/02 09:30:08 INFO DAGScheduler: Missing parents: List()
[2026-02-02T09:30:08.802+0000] {spark_submit.py:634} INFO - 26/02/02 09:30:08 INFO DAGScheduler: Submitting ShuffleMapStage 2 (MapPartitionsRDD[14] at jdbc at NativeMethodAccessorImpl.java:0), which has no missing parents
[2026-02-02T09:30:08.803+0000] {spark_submit.py:634} INFO - 26/02/02 09:30:08 INFO MemoryStore: Block broadcast_2 stored as values in memory (estimated size 15.7 KiB, free 1048.8 MiB)
[2026-02-02T09:30:08.814+0000] {spark_submit.py:634} INFO - 26/02/02 09:30:08 INFO MemoryStore: Block broadcast_2_piece0 stored as bytes in memory (estimated size 8.1 KiB, free 1048.8 MiB)
[2026-02-02T09:30:08.815+0000] {spark_submit.py:634} INFO - 26/02/02 09:30:08 INFO BlockManagerInfo: Added broadcast_2_piece0 in memory on 4ba644d6f495:45953 (size: 8.1 KiB, free: 1048.8 MiB)
[2026-02-02T09:30:08.815+0000] {spark_submit.py:634} INFO - 26/02/02 09:30:08 INFO SparkContext: Created broadcast 2 from broadcast at DAGScheduler.scala:1580
[2026-02-02T09:30:08.816+0000] {spark_submit.py:634} INFO - 26/02/02 09:30:08 INFO BlockManagerInfo: Removed broadcast_1_piece0 on 4ba644d6f495:45953 in memory (size: 7.6 KiB, free: 1048.8 MiB)
[2026-02-02T09:30:08.817+0000] {spark_submit.py:634} INFO - 26/02/02 09:30:08 INFO DAGScheduler: Submitting 1 missing tasks from ShuffleMapStage 2 (MapPartitionsRDD[14] at jdbc at NativeMethodAccessorImpl.java:0) (first 15 tasks are for partitions Vector(0))
[2026-02-02T09:30:08.818+0000] {spark_submit.py:634} INFO - 26/02/02 09:30:08 INFO TaskSchedulerImpl: Adding task set 2.0 with 1 tasks resource profile 0
[2026-02-02T09:30:08.819+0000] {spark_submit.py:634} INFO - 26/02/02 09:30:08 INFO TaskSetManager: Starting task 0.0 in stage 2.0 (TID 2) (4ba644d6f495, executor driver, partition 0, PROCESS_LOCAL, 7943 bytes)
[2026-02-02T09:30:08.820+0000] {spark_submit.py:634} INFO - 26/02/02 09:30:08 INFO Executor: Running task 0.0 in stage 2.0 (TID 2)
[2026-02-02T09:30:08.821+0000] {spark_submit.py:634} INFO - 26/02/02 09:30:08 INFO CodeGenerator: Code generated in 19.2255 ms
[2026-02-02T09:30:08.831+0000] {spark_submit.py:634} INFO - 26/02/02 09:30:08 INFO DAGScheduler: Registering RDD 16 (jdbc at NativeMethodAccessorImpl.java:0) as input to shuffle 3
[2026-02-02T09:30:08.832+0000] {spark_submit.py:634} INFO - 26/02/02 09:30:08 INFO DAGScheduler: Got map stage job 4 (jdbc at NativeMethodAccessorImpl.java:0) with 1 output partitions
[2026-02-02T09:30:08.833+0000] {spark_submit.py:634} INFO - 26/02/02 09:30:08 INFO DAGScheduler: Final stage: ShuffleMapStage 3 (jdbc at NativeMethodAccessorImpl.java:0)
[2026-02-02T09:30:08.833+0000] {spark_submit.py:634} INFO - 26/02/02 09:30:08 INFO DAGScheduler: Parents of final stage: List()
[2026-02-02T09:30:08.833+0000] {spark_submit.py:634} INFO - 26/02/02 09:30:08 INFO DAGScheduler: Missing parents: List()
[2026-02-02T09:30:08.833+0000] {spark_submit.py:634} INFO - 26/02/02 09:30:08 INFO DAGScheduler: Submitting ShuffleMapStage 3 (MapPartitionsRDD[16] at jdbc at NativeMethodAccessorImpl.java:0), which has no missing parents
[2026-02-02T09:30:08.835+0000] {spark_submit.py:634} INFO - 26/02/02 09:30:08 INFO MemoryStore: Block broadcast_3 stored as values in memory (estimated size 14.9 KiB, free 1048.8 MiB)
[2026-02-02T09:30:08.841+0000] {spark_submit.py:634} INFO - 26/02/02 09:30:08 INFO MemoryStore: Block broadcast_3_piece0 stored as bytes in memory (estimated size 7.7 KiB, free 1048.8 MiB)
[2026-02-02T09:30:08.842+0000] {spark_submit.py:634} INFO - 26/02/02 09:30:08 INFO BlockManagerInfo: Added broadcast_3_piece0 in memory on 4ba644d6f495:45953 (size: 7.7 KiB, free: 1048.8 MiB)
[2026-02-02T09:30:08.844+0000] {spark_submit.py:634} INFO - 26/02/02 09:30:08 INFO SparkContext: Created broadcast 3 from broadcast at DAGScheduler.scala:1580
[2026-02-02T09:30:08.845+0000] {spark_submit.py:634} INFO - 26/02/02 09:30:08 INFO DAGScheduler: Submitting 1 missing tasks from ShuffleMapStage 3 (MapPartitionsRDD[16] at jdbc at NativeMethodAccessorImpl.java:0) (first 15 tasks are for partitions Vector(0))
[2026-02-02T09:30:08.846+0000] {spark_submit.py:634} INFO - 26/02/02 09:30:08 INFO TaskSchedulerImpl: Adding task set 3.0 with 1 tasks resource profile 0
[2026-02-02T09:30:08.855+0000] {spark_submit.py:634} INFO - 26/02/02 09:30:08 INFO JDBCRDD: closed connection
[2026-02-02T09:30:08.858+0000] {spark_submit.py:634} INFO - 26/02/02 09:30:08 INFO Executor: Finished task 0.0 in stage 2.0 (TID 2). 1774 bytes result sent to driver
[2026-02-02T09:30:08.862+0000] {spark_submit.py:634} INFO - 26/02/02 09:30:08 INFO TaskSetManager: Starting task 0.0 in stage 3.0 (TID 3) (4ba644d6f495, executor driver, partition 0, PROCESS_LOCAL, 7943 bytes)
[2026-02-02T09:30:08.862+0000] {spark_submit.py:634} INFO - 26/02/02 09:30:08 INFO Executor: Running task 0.0 in stage 3.0 (TID 3)
[2026-02-02T09:30:08.863+0000] {spark_submit.py:634} INFO - 26/02/02 09:30:08 INFO TaskSetManager: Finished task 0.0 in stage 2.0 (TID 2) in 45 ms on 4ba644d6f495 (executor driver) (1/1)
[2026-02-02T09:30:08.863+0000] {spark_submit.py:634} INFO - 26/02/02 09:30:08 INFO TaskSchedulerImpl: Removed TaskSet 2.0, whose tasks have all completed, from pool
[2026-02-02T09:30:08.864+0000] {spark_submit.py:634} INFO - 26/02/02 09:30:08 INFO DAGScheduler: ShuffleMapStage 2 (jdbc at NativeMethodAccessorImpl.java:0) finished in 0.062 s
[2026-02-02T09:30:08.865+0000] {spark_submit.py:634} INFO - 26/02/02 09:30:08 INFO DAGScheduler: looking for newly runnable stages
[2026-02-02T09:30:08.865+0000] {spark_submit.py:634} INFO - 26/02/02 09:30:08 INFO DAGScheduler: running: Set(ShuffleMapStage 3)
[2026-02-02T09:30:08.865+0000] {spark_submit.py:634} INFO - 26/02/02 09:30:08 INFO DAGScheduler: waiting: Set()
[2026-02-02T09:30:08.866+0000] {spark_submit.py:634} INFO - 26/02/02 09:30:08 INFO DAGScheduler: failed: Set()
[2026-02-02T09:30:08.906+0000] {spark_submit.py:634} INFO - 26/02/02 09:30:08 INFO CodeGenerator: Code generated in 14.85825 ms
[2026-02-02T09:30:08.910+0000] {spark_submit.py:634} INFO - 26/02/02 09:30:08 INFO JDBCRDD: closed connection
[2026-02-02T09:30:08.916+0000] {spark_submit.py:634} INFO - 26/02/02 09:30:08 INFO Executor: Finished task 0.0 in stage 3.0 (TID 3). 1774 bytes result sent to driver
[2026-02-02T09:30:08.916+0000] {spark_submit.py:634} INFO - 26/02/02 09:30:08 INFO SparkContext: Starting job: jdbc at NativeMethodAccessorImpl.java:0
[2026-02-02T09:30:08.918+0000] {spark_submit.py:634} INFO - 26/02/02 09:30:08 INFO DAGScheduler: Job 5 finished: jdbc at NativeMethodAccessorImpl.java:0, took 0.000383 s
[2026-02-02T09:30:08.919+0000] {spark_submit.py:634} INFO - 26/02/02 09:30:08 INFO TaskSetManager: Finished task 0.0 in stage 3.0 (TID 3) in 57 ms on 4ba644d6f495 (executor driver) (1/1)
[2026-02-02T09:30:08.920+0000] {spark_submit.py:634} INFO - 26/02/02 09:30:08 INFO TaskSchedulerImpl: Removed TaskSet 3.0, whose tasks have all completed, from pool
[2026-02-02T09:30:08.921+0000] {spark_submit.py:634} INFO - 26/02/02 09:30:08 INFO DAGScheduler: ShuffleMapStage 3 (jdbc at NativeMethodAccessorImpl.java:0) finished in 0.086 s
[2026-02-02T09:30:08.921+0000] {spark_submit.py:634} INFO - 26/02/02 09:30:08 INFO DAGScheduler: looking for newly runnable stages
[2026-02-02T09:30:08.921+0000] {spark_submit.py:634} INFO - 26/02/02 09:30:08 INFO DAGScheduler: running: Set()
[2026-02-02T09:30:08.921+0000] {spark_submit.py:634} INFO - 26/02/02 09:30:08 INFO DAGScheduler: waiting: Set()
[2026-02-02T09:30:08.921+0000] {spark_submit.py:634} INFO - 26/02/02 09:30:08 INFO DAGScheduler: failed: Set()
[2026-02-02T09:30:09.199+0000] {spark_submit.py:634} INFO - 26/02/02 09:30:09 INFO CodeGenerator: Code generated in 25.753834 ms
[2026-02-02T09:30:09.230+0000] {spark_submit.py:634} INFO - 26/02/02 09:30:09 INFO DAGScheduler: Registering RDD 26 (jdbc at NativeMethodAccessorImpl.java:0) as input to shuffle 4
[2026-02-02T09:30:09.231+0000] {spark_submit.py:634} INFO - 26/02/02 09:30:09 INFO DAGScheduler: Got map stage job 6 (jdbc at NativeMethodAccessorImpl.java:0) with 1 output partitions
[2026-02-02T09:30:09.232+0000] {spark_submit.py:634} INFO - 26/02/02 09:30:09 INFO DAGScheduler: Final stage: ShuffleMapStage 4 (jdbc at NativeMethodAccessorImpl.java:0)
[2026-02-02T09:30:09.234+0000] {spark_submit.py:634} INFO - 26/02/02 09:30:09 INFO DAGScheduler: Parents of final stage: List()
[2026-02-02T09:30:09.234+0000] {spark_submit.py:634} INFO - 26/02/02 09:30:09 INFO DAGScheduler: Missing parents: List()
[2026-02-02T09:30:09.234+0000] {spark_submit.py:634} INFO - 26/02/02 09:30:09 INFO DAGScheduler: Submitting ShuffleMapStage 4 (MapPartitionsRDD[26] at jdbc at NativeMethodAccessorImpl.java:0), which has no missing parents
[2026-02-02T09:30:09.251+0000] {spark_submit.py:634} INFO - 26/02/02 09:30:09 INFO MemoryStore: Block broadcast_4 stored as values in memory (estimated size 28.4 KiB, free 1048.7 MiB)
[2026-02-02T09:30:09.258+0000] {spark_submit.py:634} INFO - 26/02/02 09:30:09 INFO MemoryStore: Block broadcast_4_piece0 stored as bytes in memory (estimated size 13.7 KiB, free 1048.7 MiB)
[2026-02-02T09:30:09.261+0000] {spark_submit.py:634} INFO - 26/02/02 09:30:09 INFO BlockManagerInfo: Added broadcast_4_piece0 in memory on 4ba644d6f495:45953 (size: 13.7 KiB, free: 1048.8 MiB)
[2026-02-02T09:30:09.262+0000] {spark_submit.py:634} INFO - 26/02/02 09:30:09 INFO SparkContext: Created broadcast 4 from broadcast at DAGScheduler.scala:1580
[2026-02-02T09:30:09.263+0000] {spark_submit.py:634} INFO - 26/02/02 09:30:09 INFO BlockManagerInfo: Removed broadcast_2_piece0 on 4ba644d6f495:45953 in memory (size: 8.1 KiB, free: 1048.8 MiB)
[2026-02-02T09:30:09.264+0000] {spark_submit.py:634} INFO - 26/02/02 09:30:09 INFO DAGScheduler: Submitting 1 missing tasks from ShuffleMapStage 4 (MapPartitionsRDD[26] at jdbc at NativeMethodAccessorImpl.java:0) (first 15 tasks are for partitions Vector(0))
[2026-02-02T09:30:09.265+0000] {spark_submit.py:634} INFO - 26/02/02 09:30:09 INFO TaskSchedulerImpl: Adding task set 4.0 with 1 tasks resource profile 0
[2026-02-02T09:30:09.267+0000] {spark_submit.py:634} INFO - 26/02/02 09:30:09 INFO DAGScheduler: Registering RDD 28 (jdbc at NativeMethodAccessorImpl.java:0) as input to shuffle 5
[2026-02-02T09:30:09.268+0000] {spark_submit.py:634} INFO - 26/02/02 09:30:09 INFO DAGScheduler: Got map stage job 7 (jdbc at NativeMethodAccessorImpl.java:0) with 1 output partitions
[2026-02-02T09:30:09.268+0000] {spark_submit.py:634} INFO - 26/02/02 09:30:09 INFO DAGScheduler: Final stage: ShuffleMapStage 5 (jdbc at NativeMethodAccessorImpl.java:0)
[2026-02-02T09:30:09.269+0000] {spark_submit.py:634} INFO - 26/02/02 09:30:09 INFO DAGScheduler: Parents of final stage: List()
[2026-02-02T09:30:09.270+0000] {spark_submit.py:634} INFO - 26/02/02 09:30:09 INFO DAGScheduler: Missing parents: List()
[2026-02-02T09:30:09.271+0000] {spark_submit.py:634} INFO - 26/02/02 09:30:09 INFO DAGScheduler: Submitting ShuffleMapStage 5 (MapPartitionsRDD[28] at jdbc at NativeMethodAccessorImpl.java:0), which has no missing parents
[2026-02-02T09:30:09.272+0000] {spark_submit.py:634} INFO - 26/02/02 09:30:09 INFO TaskSetManager: Starting task 0.0 in stage 4.0 (TID 4) (4ba644d6f495, executor driver, partition 0, PROCESS_LOCAL, 7943 bytes)
[2026-02-02T09:30:09.274+0000] {spark_submit.py:634} INFO - 26/02/02 09:30:09 INFO MemoryStore: Block broadcast_5 stored as values in memory (estimated size 14.5 KiB, free 1048.7 MiB)
[2026-02-02T09:30:09.274+0000] {spark_submit.py:634} INFO - 26/02/02 09:30:09 INFO Executor: Running task 0.0 in stage 4.0 (TID 4)
[2026-02-02T09:30:09.274+0000] {spark_submit.py:634} INFO - 26/02/02 09:30:09 INFO MemoryStore: Block broadcast_5_piece0 stored as bytes in memory (estimated size 7.6 KiB, free 1048.7 MiB)
[2026-02-02T09:30:09.274+0000] {spark_submit.py:634} INFO - 26/02/02 09:30:09 INFO BlockManagerInfo: Added broadcast_5_piece0 in memory on 4ba644d6f495:45953 (size: 7.6 KiB, free: 1048.8 MiB)
[2026-02-02T09:30:09.274+0000] {spark_submit.py:634} INFO - 26/02/02 09:30:09 INFO SparkContext: Created broadcast 5 from broadcast at DAGScheduler.scala:1580
[2026-02-02T09:30:09.274+0000] {spark_submit.py:634} INFO - 26/02/02 09:30:09 INFO DAGScheduler: Submitting 1 missing tasks from ShuffleMapStage 5 (MapPartitionsRDD[28] at jdbc at NativeMethodAccessorImpl.java:0) (first 15 tasks are for partitions Vector(0))
[2026-02-02T09:30:09.275+0000] {spark_submit.py:634} INFO - 26/02/02 09:30:09 INFO TaskSchedulerImpl: Adding task set 5.0 with 1 tasks resource profile 0
[2026-02-02T09:30:09.275+0000] {spark_submit.py:634} INFO - 26/02/02 09:30:09 INFO BlockManagerInfo: Removed broadcast_3_piece0 on 4ba644d6f495:45953 in memory (size: 7.7 KiB, free: 1048.8 MiB)
[2026-02-02T09:30:09.320+0000] {spark_submit.py:634} INFO - 26/02/02 09:30:09 INFO CodeGenerator: Code generated in 20.091583 ms
[2026-02-02T09:30:09.341+0000] {spark_submit.py:634} INFO - 26/02/02 09:30:09 INFO CodeGenerator: Code generated in 10.76625 ms
[2026-02-02T09:30:09.393+0000] {spark_submit.py:634} INFO - 26/02/02 09:30:09 INFO CodeGenerator: Code generated in 18.066458 ms
[2026-02-02T09:30:09.414+0000] {spark_submit.py:634} INFO - 26/02/02 09:30:09 INFO CodeGenerator: Code generated in 7.284625 ms
[2026-02-02T09:30:09.416+0000] {spark_submit.py:634} INFO - 26/02/02 09:30:09 INFO JDBCRDD: closed connection
[2026-02-02T09:30:09.435+0000] {spark_submit.py:634} INFO - 26/02/02 09:30:09 INFO Executor: Finished task 0.0 in stage 4.0 (TID 4). 2083 bytes result sent to driver
[2026-02-02T09:30:09.437+0000] {spark_submit.py:634} INFO - 26/02/02 09:30:09 INFO TaskSetManager: Starting task 0.0 in stage 5.0 (TID 5) (4ba644d6f495, executor driver, partition 0, PROCESS_LOCAL, 7943 bytes)
[2026-02-02T09:30:09.439+0000] {spark_submit.py:634} INFO - 26/02/02 09:30:09 INFO Executor: Running task 0.0 in stage 5.0 (TID 5)
[2026-02-02T09:30:09.440+0000] {spark_submit.py:634} INFO - 26/02/02 09:30:09 INFO TaskSetManager: Finished task 0.0 in stage 4.0 (TID 4) in 171 ms on 4ba644d6f495 (executor driver) (1/1)
[2026-02-02T09:30:09.440+0000] {spark_submit.py:634} INFO - 26/02/02 09:30:09 INFO TaskSchedulerImpl: Removed TaskSet 4.0, whose tasks have all completed, from pool
[2026-02-02T09:30:09.440+0000] {spark_submit.py:634} INFO - 26/02/02 09:30:09 INFO DAGScheduler: ShuffleMapStage 4 (jdbc at NativeMethodAccessorImpl.java:0) finished in 0.207 s
[2026-02-02T09:30:09.441+0000] {spark_submit.py:634} INFO - 26/02/02 09:30:09 INFO DAGScheduler: looking for newly runnable stages
[2026-02-02T09:30:09.442+0000] {spark_submit.py:634} INFO - 26/02/02 09:30:09 INFO DAGScheduler: running: Set(ShuffleMapStage 5)
[2026-02-02T09:30:09.442+0000] {spark_submit.py:634} INFO - 26/02/02 09:30:09 INFO DAGScheduler: waiting: Set()
[2026-02-02T09:30:09.443+0000] {spark_submit.py:634} INFO - 26/02/02 09:30:09 INFO DAGScheduler: failed: Set()
[2026-02-02T09:30:09.475+0000] {spark_submit.py:634} INFO - 26/02/02 09:30:09 INFO JDBCRDD: closed connection
[2026-02-02T09:30:09.476+0000] {spark_submit.py:634} INFO - 26/02/02 09:30:09 INFO Executor: Finished task 0.0 in stage 5.0 (TID 5). 1774 bytes result sent to driver
[2026-02-02T09:30:09.477+0000] {spark_submit.py:634} INFO - 26/02/02 09:30:09 INFO TaskSetManager: Finished task 0.0 in stage 5.0 (TID 5) in 41 ms on 4ba644d6f495 (executor driver) (1/1)
[2026-02-02T09:30:09.478+0000] {spark_submit.py:634} INFO - 26/02/02 09:30:09 INFO TaskSchedulerImpl: Removed TaskSet 5.0, whose tasks have all completed, from pool
[2026-02-02T09:30:09.478+0000] {spark_submit.py:634} INFO - 26/02/02 09:30:09 INFO DAGScheduler: ShuffleMapStage 5 (jdbc at NativeMethodAccessorImpl.java:0) finished in 0.212 s
[2026-02-02T09:30:09.479+0000] {spark_submit.py:634} INFO - 26/02/02 09:30:09 INFO DAGScheduler: looking for newly runnable stages
[2026-02-02T09:30:09.479+0000] {spark_submit.py:634} INFO - 26/02/02 09:30:09 INFO DAGScheduler: running: Set()
[2026-02-02T09:30:09.479+0000] {spark_submit.py:634} INFO - 26/02/02 09:30:09 INFO DAGScheduler: waiting: Set()
[2026-02-02T09:30:09.480+0000] {spark_submit.py:634} INFO - 26/02/02 09:30:09 INFO DAGScheduler: failed: Set()
[2026-02-02T09:30:09.486+0000] {spark_submit.py:634} INFO - 26/02/02 09:30:09 INFO ShufflePartitionsUtil: For shuffle(4), advisory target size: 67108864, actual target size 1048576, minimum partition size: 1048576
[2026-02-02T09:30:09.526+0000] {spark_submit.py:634} INFO - 26/02/02 09:30:09 INFO SparkContext: Starting job: jdbc at NativeMethodAccessorImpl.java:0
[2026-02-02T09:30:09.527+0000] {spark_submit.py:634} INFO - 26/02/02 09:30:09 INFO DAGScheduler: Job 8 finished: jdbc at NativeMethodAccessorImpl.java:0, took 0.000218 s
[2026-02-02T09:30:09.539+0000] {spark_submit.py:634} INFO - 26/02/02 09:30:09 INFO CodeGenerator: Code generated in 12.536625 ms
[2026-02-02T09:30:09.554+0000] {spark_submit.py:634} INFO - ✓ Pipeline finished for 2026-02-02
[2026-02-02T09:30:09.556+0000] {spark_submit.py:634} INFO - 26/02/02 09:30:09 INFO SparkContext: SparkContext is stopping with exitCode 0.
[2026-02-02T09:30:09.556+0000] {spark_submit.py:634} INFO - 26/02/02 09:30:09 INFO CodeGenerator: Code generated in 12.344708 ms
[2026-02-02T09:30:09.594+0000] {spark_submit.py:634} INFO - 26/02/02 09:30:09 INFO SparkUI: Stopped Spark web UI at http://4ba644d6f495:4040
[2026-02-02T09:30:09.619+0000] {spark_submit.py:634} INFO - 26/02/02 09:30:09 INFO MapOutputTrackerMasterEndpoint: MapOutputTrackerMasterEndpoint stopped!
[2026-02-02T09:30:09.679+0000] {spark_submit.py:634} INFO - 26/02/02 09:30:09 INFO MemoryStore: MemoryStore cleared
[2026-02-02T09:30:09.681+0000] {spark_submit.py:634} INFO - 26/02/02 09:30:09 INFO BlockManager: BlockManager stopped
[2026-02-02T09:30:09.691+0000] {spark_submit.py:634} INFO - 26/02/02 09:30:09 INFO BlockManagerMaster: BlockManagerMaster stopped
[2026-02-02T09:30:09.694+0000] {spark_submit.py:634} INFO - 26/02/02 09:30:09 INFO OutputCommitCoordinator$OutputCommitCoordinatorEndpoint: OutputCommitCoordinator stopped!
[2026-02-02T09:30:09.702+0000] {spark_submit.py:634} INFO - 26/02/02 09:30:09 INFO SparkContext: Successfully stopped SparkContext
[2026-02-02T09:30:10.445+0000] {spark_submit.py:634} INFO - 26/02/02 09:30:10 INFO ShutdownHookManager: Shutdown hook called
[2026-02-02T09:30:10.458+0000] {spark_submit.py:634} INFO - 26/02/02 09:30:10 INFO ShutdownHookManager: Deleting directory /tmp/spark-2f42e5bf-6fcd-4ab4-be58-1b5c93a146fe
[2026-02-02T09:30:10.468+0000] {spark_submit.py:634} INFO - 26/02/02 09:30:10 INFO ShutdownHookManager: Deleting directory /tmp/spark-4c891d87-d5fd-4f61-877a-d75add2297b1
[2026-02-02T09:30:10.477+0000] {spark_submit.py:634} INFO - 26/02/02 09:30:10 INFO ShutdownHookManager: Deleting directory /tmp/spark-2f42e5bf-6fcd-4ab4-be58-1b5c93a146fe/pyspark-68e5af44-e576-4366-87b4-39c6efc26769
[2026-02-02T09:30:10.598+0000] {taskinstance.py:1138} INFO - Marking task as SUCCESS. dag_id=daily_order_analytics, task_id=run_batch_pipeline, execution_date=20260202T081845, start_date=20260202T092949, end_date=20260202T093010
[2026-02-02T09:30:10.667+0000] {local_task_job_runner.py:234} INFO - Task exited with return code 0
[2026-02-02T09:30:10.738+0000] {taskinstance.py:3280} INFO - 1 downstream tasks scheduled from follow-on schedule check
