[2026-02-02T08:29:50.328+0000] {taskinstance.py:1956} INFO - Dependencies all met for dep_context=non-requeueable deps ti=<TaskInstance: daily_order_analytics.run_batch_pipeline manual__2026-02-02T08:18:45.495002+00:00 [queued]>
[2026-02-02T08:29:50.339+0000] {taskinstance.py:1956} INFO - Dependencies all met for dep_context=requeueable deps ti=<TaskInstance: daily_order_analytics.run_batch_pipeline manual__2026-02-02T08:18:45.495002+00:00 [queued]>
[2026-02-02T08:29:50.339+0000] {taskinstance.py:2170} INFO - Starting attempt 4 of 6
[2026-02-02T08:29:50.361+0000] {taskinstance.py:2191} INFO - Executing <Task(SparkSubmitOperator): run_batch_pipeline> on 2026-02-02 08:18:45.495002+00:00
[2026-02-02T08:29:50.383+0000] {standard_task_runner.py:60} INFO - Started process 3514 to run task
[2026-02-02T08:29:50.388+0000] {standard_task_runner.py:87} INFO - Running: ['airflow', 'tasks', 'run', 'daily_order_analytics', 'run_batch_pipeline', 'manual__2026-02-02T08:18:45.495002+00:00', '--job-id', '17', '--raw', '--subdir', 'DAGS_FOLDER/daily_batch_dag.py', '--cfg-path', '/tmp/tmplrqplree']
[2026-02-02T08:29:50.394+0000] {standard_task_runner.py:88} INFO - Job 17: Subtask run_batch_pipeline
[2026-02-02T08:29:50.509+0000] {task_command.py:423} INFO - Running <TaskInstance: daily_order_analytics.run_batch_pipeline manual__2026-02-02T08:18:45.495002+00:00 [running]> on host 4ba644d6f495
[2026-02-02T08:29:50.596+0000] {taskinstance.py:2480} INFO - Exporting env vars: AIRFLOW_CTX_DAG_OWNER='data-engineering' AIRFLOW_CTX_DAG_ID='daily_order_analytics' AIRFLOW_CTX_TASK_ID='run_batch_pipeline' AIRFLOW_CTX_EXECUTION_DATE='2026-02-02T08:18:45.495002+00:00' AIRFLOW_CTX_TRY_NUMBER='4' AIRFLOW_CTX_DAG_RUN_ID='manual__2026-02-02T08:18:45.495002+00:00'
[2026-02-02T08:29:50.610+0000] {base.py:83} INFO - Using connection ID 'spark_default' for task execution.
[2026-02-02T08:29:50.611+0000] {spark_submit.py:473} INFO - Spark-Submit cmd: spark-submit --master local --conf spark.jars.packages=org.***ql:***ql:42.7.1 --conf spark.driver.memory=2g --conf spark.executor.memory=2g --name arrow-spark /opt/airflow/dags/src/batch_pipeline.py 2026-02-02
[2026-02-02T08:29:50.672+0000] {spark_submit.py:634} INFO - /home/airflow/.local/lib/python3.11/site-packages/pyspark/bin/load-spark-env.sh: line 68: ps: command not found
[2026-02-02T08:29:52.927+0000] {spark_submit.py:634} INFO - :: loading settings :: url = jar:file:/home/airflow/.local/lib/python3.11/site-packages/pyspark/jars/ivy-2.5.1.jar!/org/apache/ivy/core/settings/ivysettings.xml
[2026-02-02T08:29:52.998+0000] {spark_submit.py:634} INFO - Ivy Default Cache set to: /home/airflow/.ivy2/cache
[2026-02-02T08:29:52.999+0000] {spark_submit.py:634} INFO - The jars for the packages stored in: /home/airflow/.ivy2/jars
[2026-02-02T08:29:53.001+0000] {spark_submit.py:634} INFO - org.***ql#***ql added as a dependency
[2026-02-02T08:29:53.001+0000] {spark_submit.py:634} INFO - :: resolving dependencies :: org.apache.spark#spark-submit-parent-c78247de-ffba-4a22-94bb-411f0f6cb71f;1.0
[2026-02-02T08:29:53.002+0000] {spark_submit.py:634} INFO - confs: [default]
[2026-02-02T08:29:53.128+0000] {spark_submit.py:634} INFO - found org.***ql#***ql;42.7.1 in central
[2026-02-02T08:29:53.142+0000] {spark_submit.py:634} INFO - found org.checkerframework#checker-qual;3.41.0 in central
[2026-02-02T08:29:53.151+0000] {spark_submit.py:634} INFO - :: resolution report :: resolve 147ms :: artifacts dl 3ms
[2026-02-02T08:29:53.152+0000] {spark_submit.py:634} INFO - :: modules in use:
[2026-02-02T08:29:53.152+0000] {spark_submit.py:634} INFO - org.checkerframework#checker-qual;3.41.0 from central in [default]
[2026-02-02T08:29:53.152+0000] {spark_submit.py:634} INFO - org.***ql#***ql;42.7.1 from central in [default]
[2026-02-02T08:29:53.152+0000] {spark_submit.py:634} INFO - ---------------------------------------------------------------------
[2026-02-02T08:29:53.152+0000] {spark_submit.py:634} INFO - |                  |            modules            ||   artifacts   |
[2026-02-02T08:29:53.152+0000] {spark_submit.py:634} INFO - |       conf       | number| search|dwnlded|evicted|| number|dwnlded|
[2026-02-02T08:29:53.153+0000] {spark_submit.py:634} INFO - ---------------------------------------------------------------------
[2026-02-02T08:29:53.153+0000] {spark_submit.py:634} INFO - |      default     |   2   |   0   |   0   |   0   ||   2   |   0   |
[2026-02-02T08:29:53.153+0000] {spark_submit.py:634} INFO - ---------------------------------------------------------------------
[2026-02-02T08:29:53.153+0000] {spark_submit.py:634} INFO - :: retrieving :: org.apache.spark#spark-submit-parent-c78247de-ffba-4a22-94bb-411f0f6cb71f
[2026-02-02T08:29:53.154+0000] {spark_submit.py:634} INFO - confs: [default]
[2026-02-02T08:29:53.156+0000] {spark_submit.py:634} INFO - 0 artifacts copied, 2 already retrieved (0kB/3ms)
[2026-02-02T08:29:53.333+0000] {spark_submit.py:634} INFO - 26/02/02 08:29:53 WARN NativeCodeLoader: Unable to load native-hadoop library for your platform... using builtin-java classes where applicable
[2026-02-02T08:29:55.007+0000] {spark_submit.py:634} INFO - 26/02/02 08:29:55 INFO SparkContext: Running Spark version 3.5.0
[2026-02-02T08:29:55.012+0000] {spark_submit.py:634} INFO - 26/02/02 08:29:55 INFO SparkContext: OS info Linux, 6.12.65-linuxkit, aarch64
[2026-02-02T08:29:55.012+0000] {spark_submit.py:634} INFO - 26/02/02 08:29:55 INFO SparkContext: Java version 17.0.18
[2026-02-02T08:29:55.059+0000] {spark_submit.py:634} INFO - 26/02/02 08:29:55 INFO ResourceUtils: ==============================================================
[2026-02-02T08:29:55.059+0000] {spark_submit.py:634} INFO - 26/02/02 08:29:55 INFO ResourceUtils: No custom resources configured for spark.driver.
[2026-02-02T08:29:55.059+0000] {spark_submit.py:634} INFO - 26/02/02 08:29:55 INFO ResourceUtils: ==============================================================
[2026-02-02T08:29:55.059+0000] {spark_submit.py:634} INFO - 26/02/02 08:29:55 INFO SparkContext: Submitted application: Daily_ETL_2026-02-02
[2026-02-02T08:29:55.092+0000] {spark_submit.py:634} INFO - 26/02/02 08:29:55 INFO ResourceProfile: Default ResourceProfile created, executor resources: Map(cores -> name: cores, amount: 1, script: , vendor: , memory -> name: memory, amount: 2048, script: , vendor: , offHeap -> name: offHeap, amount: 0, script: , vendor: ), task resources: Map(cpus -> name: cpus, amount: 1.0)
[2026-02-02T08:29:55.104+0000] {spark_submit.py:634} INFO - 26/02/02 08:29:55 INFO ResourceProfile: Limiting resource is cpu
[2026-02-02T08:29:55.104+0000] {spark_submit.py:634} INFO - 26/02/02 08:29:55 INFO ResourceProfileManager: Added ResourceProfile id: 0
[2026-02-02T08:29:55.229+0000] {spark_submit.py:634} INFO - 26/02/02 08:29:55 INFO SecurityManager: Changing view acls to: default
[2026-02-02T08:29:55.229+0000] {spark_submit.py:634} INFO - 26/02/02 08:29:55 INFO SecurityManager: Changing modify acls to: default
[2026-02-02T08:29:55.229+0000] {spark_submit.py:634} INFO - 26/02/02 08:29:55 INFO SecurityManager: Changing view acls groups to:
[2026-02-02T08:29:55.230+0000] {spark_submit.py:634} INFO - 26/02/02 08:29:55 INFO SecurityManager: Changing modify acls groups to:
[2026-02-02T08:29:55.230+0000] {spark_submit.py:634} INFO - 26/02/02 08:29:55 INFO SecurityManager: SecurityManager: authentication disabled; ui acls disabled; users with view permissions: default; groups with view permissions: EMPTY; users with modify permissions: default; groups with modify permissions: EMPTY
[2026-02-02T08:29:55.865+0000] {spark_submit.py:634} INFO - 26/02/02 08:29:55 INFO Utils: Successfully started service 'sparkDriver' on port 43345.
[2026-02-02T08:29:55.970+0000] {spark_submit.py:634} INFO - 26/02/02 08:29:55 INFO SparkEnv: Registering MapOutputTracker
[2026-02-02T08:29:56.002+0000] {spark_submit.py:634} INFO - 26/02/02 08:29:56 INFO SparkEnv: Registering BlockManagerMaster
[2026-02-02T08:29:56.048+0000] {spark_submit.py:634} INFO - 26/02/02 08:29:56 INFO BlockManagerMasterEndpoint: Using org.apache.spark.storage.DefaultTopologyMapper for getting topology information
[2026-02-02T08:29:56.048+0000] {spark_submit.py:634} INFO - 26/02/02 08:29:56 INFO BlockManagerMasterEndpoint: BlockManagerMasterEndpoint up
[2026-02-02T08:29:56.054+0000] {spark_submit.py:634} INFO - 26/02/02 08:29:56 INFO SparkEnv: Registering BlockManagerMasterHeartbeat
[2026-02-02T08:29:56.066+0000] {spark_submit.py:634} INFO - 26/02/02 08:29:56 INFO DiskBlockManager: Created local directory at /tmp/blockmgr-f4b4f9dc-7a07-4533-b916-e454a3f5e665
[2026-02-02T08:29:56.074+0000] {spark_submit.py:634} INFO - 26/02/02 08:29:56 INFO MemoryStore: MemoryStore started with capacity 1048.8 MiB
[2026-02-02T08:29:56.084+0000] {spark_submit.py:634} INFO - 26/02/02 08:29:56 INFO SparkEnv: Registering OutputCommitCoordinator
[2026-02-02T08:29:56.227+0000] {spark_submit.py:634} INFO - 26/02/02 08:29:56 INFO JettyUtils: Start Jetty 0.0.0.0:4040 for SparkUI
[2026-02-02T08:29:56.288+0000] {spark_submit.py:634} INFO - 26/02/02 08:29:56 INFO Utils: Successfully started service 'SparkUI' on port 4040.
[2026-02-02T08:29:56.312+0000] {spark_submit.py:634} INFO - 26/02/02 08:29:56 INFO SparkContext: Added JAR file:///home/airflow/.ivy2/jars/org.***ql_***ql-42.7.1.jar at spark://4ba644d6f495:43345/jars/org.***ql_***ql-42.7.1.jar with timestamp 1770020994992
[2026-02-02T08:29:56.313+0000] {spark_submit.py:634} INFO - 26/02/02 08:29:56 INFO SparkContext: Added JAR file:///home/airflow/.ivy2/jars/org.checkerframework_checker-qual-3.41.0.jar at spark://4ba644d6f495:43345/jars/org.checkerframework_checker-qual-3.41.0.jar with timestamp 1770020994992
[2026-02-02T08:29:56.315+0000] {spark_submit.py:634} INFO - 26/02/02 08:29:56 INFO SparkContext: Added file file:///home/airflow/.ivy2/jars/org.***ql_***ql-42.7.1.jar at file:///home/airflow/.ivy2/jars/org.***ql_***ql-42.7.1.jar with timestamp 1770020994992
[2026-02-02T08:29:56.315+0000] {spark_submit.py:634} INFO - 26/02/02 08:29:56 INFO Utils: Copying /home/airflow/.ivy2/jars/org.***ql_***ql-42.7.1.jar to /tmp/spark-9d1ad702-a8d2-4a24-97ca-7f6d0d96724d/userFiles-fb6a1b6e-224c-4ebe-9991-ac6a0470f4cb/org.***ql_***ql-42.7.1.jar
[2026-02-02T08:29:56.339+0000] {spark_submit.py:634} INFO - 26/02/02 08:29:56 INFO SparkContext: Added file file:///home/airflow/.ivy2/jars/org.checkerframework_checker-qual-3.41.0.jar at file:///home/airflow/.ivy2/jars/org.checkerframework_checker-qual-3.41.0.jar with timestamp 1770020994992
[2026-02-02T08:29:56.340+0000] {spark_submit.py:634} INFO - 26/02/02 08:29:56 INFO Utils: Copying /home/airflow/.ivy2/jars/org.checkerframework_checker-qual-3.41.0.jar to /tmp/spark-9d1ad702-a8d2-4a24-97ca-7f6d0d96724d/userFiles-fb6a1b6e-224c-4ebe-9991-ac6a0470f4cb/org.checkerframework_checker-qual-3.41.0.jar
[2026-02-02T08:29:56.387+0000] {spark_submit.py:634} INFO - 26/02/02 08:29:56 INFO Executor: Starting executor ID driver on host 4ba644d6f495
[2026-02-02T08:29:56.387+0000] {spark_submit.py:634} INFO - 26/02/02 08:29:56 INFO Executor: OS info Linux, 6.12.65-linuxkit, aarch64
[2026-02-02T08:29:56.387+0000] {spark_submit.py:634} INFO - 26/02/02 08:29:56 INFO Executor: Java version 17.0.18
[2026-02-02T08:29:56.391+0000] {spark_submit.py:634} INFO - 26/02/02 08:29:56 INFO Executor: Starting executor with user classpath (userClassPathFirst = false): ''
[2026-02-02T08:29:56.392+0000] {spark_submit.py:634} INFO - 26/02/02 08:29:56 INFO Executor: Created or updated repl class loader org.apache.spark.util.MutableURLClassLoader@7a825455 for default.
[2026-02-02T08:29:56.397+0000] {spark_submit.py:634} INFO - 26/02/02 08:29:56 INFO Executor: Fetching file:///home/airflow/.ivy2/jars/org.***ql_***ql-42.7.1.jar with timestamp 1770020994992
[2026-02-02T08:29:56.409+0000] {spark_submit.py:634} INFO - 26/02/02 08:29:56 INFO Utils: /home/airflow/.ivy2/jars/org.***ql_***ql-42.7.1.jar has been previously copied to /tmp/spark-9d1ad702-a8d2-4a24-97ca-7f6d0d96724d/userFiles-fb6a1b6e-224c-4ebe-9991-ac6a0470f4cb/org.***ql_***ql-42.7.1.jar
[2026-02-02T08:29:56.417+0000] {spark_submit.py:634} INFO - 26/02/02 08:29:56 INFO Executor: Fetching file:///home/airflow/.ivy2/jars/org.checkerframework_checker-qual-3.41.0.jar with timestamp 1770020994992
[2026-02-02T08:29:56.418+0000] {spark_submit.py:634} INFO - 26/02/02 08:29:56 INFO Utils: /home/airflow/.ivy2/jars/org.checkerframework_checker-qual-3.41.0.jar has been previously copied to /tmp/spark-9d1ad702-a8d2-4a24-97ca-7f6d0d96724d/userFiles-fb6a1b6e-224c-4ebe-9991-ac6a0470f4cb/org.checkerframework_checker-qual-3.41.0.jar
[2026-02-02T08:29:56.425+0000] {spark_submit.py:634} INFO - 26/02/02 08:29:56 INFO Executor: Fetching spark://4ba644d6f495:43345/jars/org.checkerframework_checker-qual-3.41.0.jar with timestamp 1770020994992
[2026-02-02T08:29:56.451+0000] {spark_submit.py:634} INFO - 26/02/02 08:29:56 INFO TransportClientFactory: Successfully created connection to 4ba644d6f495/172.18.0.6:43345 after 16 ms (0 ms spent in bootstraps)
[2026-02-02T08:29:56.454+0000] {spark_submit.py:634} INFO - 26/02/02 08:29:56 INFO Utils: Fetching spark://4ba644d6f495:43345/jars/org.checkerframework_checker-qual-3.41.0.jar to /tmp/spark-9d1ad702-a8d2-4a24-97ca-7f6d0d96724d/userFiles-fb6a1b6e-224c-4ebe-9991-ac6a0470f4cb/fetchFileTemp4150550023485352243.tmp
[2026-02-02T08:29:56.478+0000] {spark_submit.py:634} INFO - 26/02/02 08:29:56 INFO Utils: /tmp/spark-9d1ad702-a8d2-4a24-97ca-7f6d0d96724d/userFiles-fb6a1b6e-224c-4ebe-9991-ac6a0470f4cb/fetchFileTemp4150550023485352243.tmp has been previously copied to /tmp/spark-9d1ad702-a8d2-4a24-97ca-7f6d0d96724d/userFiles-fb6a1b6e-224c-4ebe-9991-ac6a0470f4cb/org.checkerframework_checker-qual-3.41.0.jar
[2026-02-02T08:29:56.488+0000] {spark_submit.py:634} INFO - 26/02/02 08:29:56 INFO Executor: Adding file:/tmp/spark-9d1ad702-a8d2-4a24-97ca-7f6d0d96724d/userFiles-fb6a1b6e-224c-4ebe-9991-ac6a0470f4cb/org.checkerframework_checker-qual-3.41.0.jar to class loader default
[2026-02-02T08:29:56.488+0000] {spark_submit.py:634} INFO - 26/02/02 08:29:56 INFO Executor: Fetching spark://4ba644d6f495:43345/jars/org.***ql_***ql-42.7.1.jar with timestamp 1770020994992
[2026-02-02T08:29:56.489+0000] {spark_submit.py:634} INFO - 26/02/02 08:29:56 INFO Utils: Fetching spark://4ba644d6f495:43345/jars/org.***ql_***ql-42.7.1.jar to /tmp/spark-9d1ad702-a8d2-4a24-97ca-7f6d0d96724d/userFiles-fb6a1b6e-224c-4ebe-9991-ac6a0470f4cb/fetchFileTemp16543776967657963722.tmp
[2026-02-02T08:29:56.501+0000] {spark_submit.py:634} INFO - 26/02/02 08:29:56 INFO Utils: /tmp/spark-9d1ad702-a8d2-4a24-97ca-7f6d0d96724d/userFiles-fb6a1b6e-224c-4ebe-9991-ac6a0470f4cb/fetchFileTemp16543776967657963722.tmp has been previously copied to /tmp/spark-9d1ad702-a8d2-4a24-97ca-7f6d0d96724d/userFiles-fb6a1b6e-224c-4ebe-9991-ac6a0470f4cb/org.***ql_***ql-42.7.1.jar
[2026-02-02T08:29:56.506+0000] {spark_submit.py:634} INFO - 26/02/02 08:29:56 INFO Executor: Adding file:/tmp/spark-9d1ad702-a8d2-4a24-97ca-7f6d0d96724d/userFiles-fb6a1b6e-224c-4ebe-9991-ac6a0470f4cb/org.***ql_***ql-42.7.1.jar to class loader default
[2026-02-02T08:29:56.514+0000] {spark_submit.py:634} INFO - 26/02/02 08:29:56 INFO Utils: Successfully started service 'org.apache.spark.network.netty.NettyBlockTransferService' on port 34505.
[2026-02-02T08:29:56.514+0000] {spark_submit.py:634} INFO - 26/02/02 08:29:56 INFO NettyBlockTransferService: Server created on 4ba644d6f495:34505
[2026-02-02T08:29:56.516+0000] {spark_submit.py:634} INFO - 26/02/02 08:29:56 INFO BlockManager: Using org.apache.spark.storage.RandomBlockReplicationPolicy for block replication policy
[2026-02-02T08:29:56.523+0000] {spark_submit.py:634} INFO - 26/02/02 08:29:56 INFO BlockManagerMaster: Registering BlockManager BlockManagerId(driver, 4ba644d6f495, 34505, None)
[2026-02-02T08:29:56.527+0000] {spark_submit.py:634} INFO - 26/02/02 08:29:56 INFO BlockManagerMasterEndpoint: Registering block manager 4ba644d6f495:34505 with 1048.8 MiB RAM, BlockManagerId(driver, 4ba644d6f495, 34505, None)
[2026-02-02T08:29:56.530+0000] {spark_submit.py:634} INFO - 26/02/02 08:29:56 INFO BlockManagerMaster: Registered BlockManager BlockManagerId(driver, 4ba644d6f495, 34505, None)
[2026-02-02T08:29:56.531+0000] {spark_submit.py:634} INFO - 26/02/02 08:29:56 INFO BlockManager: Initialized BlockManager: BlockManagerId(driver, 4ba644d6f495, 34505, None)
[2026-02-02T08:29:56.791+0000] {spark_submit.py:634} INFO - DEBUG: Processing data for 2026-02-02
[2026-02-02T08:29:56.795+0000] {spark_submit.py:634} INFO - 26/02/02 08:29:56 INFO SharedState: Setting hive.metastore.warehouse.dir ('null') to the value of spark.sql.warehouse.dir.
[2026-02-02T08:29:56.796+0000] {spark_submit.py:634} INFO - 26/02/02 08:29:56 INFO SharedState: Warehouse path is 'file:/opt/airflow/spark-warehouse'.
[2026-02-02T08:29:58.108+0000] {spark_submit.py:634} INFO - Traceback (most recent call last):
[2026-02-02T08:29:58.111+0000] {spark_submit.py:634} INFO - File "/opt/airflow/dags/src/batch_pipeline.py", line 86, in <module>
[2026-02-02T08:29:58.112+0000] {spark_submit.py:634} INFO - run_etl(dt)
[2026-02-02T08:29:58.112+0000] {spark_submit.py:634} INFO - File "/opt/airflow/dags/src/batch_pipeline.py", line 21, in run_etl
[2026-02-02T08:29:58.112+0000] {spark_submit.py:634} INFO - products_df = spark.read.jdbc(jdbc_url, "products", properties=db_props)
[2026-02-02T08:29:58.112+0000] {spark_submit.py:634} INFO - ^^^^^^^^^^^^^^^^^^^^^^^^^^^^^^^^^^^^^^^^^^^^^^^^^^^^^^^^^^
[2026-02-02T08:29:58.112+0000] {spark_submit.py:634} INFO - File "/home/airflow/.local/lib/python3.11/site-packages/pyspark/python/lib/pyspark.zip/pyspark/sql/readwriter.py", line 946, in jdbc
[2026-02-02T08:29:58.112+0000] {spark_submit.py:634} INFO - File "/home/airflow/.local/lib/python3.11/site-packages/pyspark/python/lib/py4j-0.10.9.7-src.zip/py4j/java_gateway.py", line 1322, in __call__
[2026-02-02T08:29:58.113+0000] {spark_submit.py:634} INFO - File "/home/airflow/.local/lib/python3.11/site-packages/pyspark/python/lib/pyspark.zip/pyspark/errors/exceptions/captured.py", line 179, in deco
[2026-02-02T08:29:58.113+0000] {spark_submit.py:634} INFO - File "/home/airflow/.local/lib/python3.11/site-packages/pyspark/python/lib/py4j-0.10.9.7-src.zip/py4j/protocol.py", line 326, in get_return_value
[2026-02-02T08:29:58.113+0000] {spark_submit.py:634} INFO - py4j.protocol.Py4JJavaError: An error occurred while calling o31.jdbc.
[2026-02-02T08:29:58.113+0000] {spark_submit.py:634} INFO - : org.***ql.util.PSQLException: The server requested SCRAM-based authentication, but the password is an empty string.
[2026-02-02T08:29:58.113+0000] {spark_submit.py:634} INFO - at org.***ql.core.v3.ConnectionFactoryImpl.lambda$doAuthentication$4(ConnectionFactoryImpl.java:844)
[2026-02-02T08:29:58.114+0000] {spark_submit.py:634} INFO - at org.***ql.core.v3.AuthenticationPluginManager.withPassword(AuthenticationPluginManager.java:81)
[2026-02-02T08:29:58.114+0000] {spark_submit.py:634} INFO - at org.***ql.core.v3.ConnectionFactoryImpl.doAuthentication(ConnectionFactoryImpl.java:835)
[2026-02-02T08:29:58.114+0000] {spark_submit.py:634} INFO - at org.***ql.core.v3.ConnectionFactoryImpl.tryConnect(ConnectionFactoryImpl.java:203)
[2026-02-02T08:29:58.114+0000] {spark_submit.py:634} INFO - at org.***ql.core.v3.ConnectionFactoryImpl.openConnectionImpl(ConnectionFactoryImpl.java:258)
[2026-02-02T08:29:58.114+0000] {spark_submit.py:634} INFO - at org.***ql.core.ConnectionFactory.openConnection(ConnectionFactory.java:54)
[2026-02-02T08:29:58.114+0000] {spark_submit.py:634} INFO - at org.***ql.jdbc.PgConnection.<init>(PgConnection.java:263)
[2026-02-02T08:29:58.114+0000] {spark_submit.py:634} INFO - at org.***ql.Driver.makeConnection(Driver.java:444)
[2026-02-02T08:29:58.115+0000] {spark_submit.py:634} INFO - at org.***ql.Driver.connect(Driver.java:297)
[2026-02-02T08:29:58.115+0000] {spark_submit.py:634} INFO - at org.apache.spark.sql.execution.datasources.jdbc.connection.BasicConnectionProvider.getConnection(BasicConnectionProvider.scala:49)
[2026-02-02T08:29:58.115+0000] {spark_submit.py:634} INFO - at org.apache.spark.sql.execution.datasources.jdbc.connection.ConnectionProviderBase.create(ConnectionProvider.scala:102)
[2026-02-02T08:29:58.115+0000] {spark_submit.py:634} INFO - at org.apache.spark.sql.jdbc.JdbcDialect.$anonfun$createConnectionFactory$1(JdbcDialects.scala:160)
[2026-02-02T08:29:58.115+0000] {spark_submit.py:634} INFO - at org.apache.spark.sql.jdbc.JdbcDialect.$anonfun$createConnectionFactory$1$adapted(JdbcDialects.scala:156)
[2026-02-02T08:29:58.115+0000] {spark_submit.py:634} INFO - at org.apache.spark.sql.execution.datasources.jdbc.JDBCRDD$.getQueryOutputSchema(JDBCRDD.scala:63)
[2026-02-02T08:29:58.115+0000] {spark_submit.py:634} INFO - at org.apache.spark.sql.execution.datasources.jdbc.JDBCRDD$.resolveTable(JDBCRDD.scala:58)
[2026-02-02T08:29:58.116+0000] {spark_submit.py:634} INFO - at org.apache.spark.sql.execution.datasources.jdbc.JDBCRelation$.getSchema(JDBCRelation.scala:241)
[2026-02-02T08:29:58.116+0000] {spark_submit.py:634} INFO - at org.apache.spark.sql.execution.datasources.jdbc.JdbcRelationProvider.createRelation(JdbcRelationProvider.scala:37)
[2026-02-02T08:29:58.116+0000] {spark_submit.py:634} INFO - at org.apache.spark.sql.execution.datasources.DataSource.resolveRelation(DataSource.scala:346)
[2026-02-02T08:29:58.116+0000] {spark_submit.py:634} INFO - at org.apache.spark.sql.DataFrameReader.loadV1Source(DataFrameReader.scala:229)
[2026-02-02T08:29:58.116+0000] {spark_submit.py:634} INFO - at org.apache.spark.sql.DataFrameReader.$anonfun$load$2(DataFrameReader.scala:211)
[2026-02-02T08:29:58.116+0000] {spark_submit.py:634} INFO - at scala.Option.getOrElse(Option.scala:189)
[2026-02-02T08:29:58.116+0000] {spark_submit.py:634} INFO - at org.apache.spark.sql.DataFrameReader.load(DataFrameReader.scala:211)
[2026-02-02T08:29:58.116+0000] {spark_submit.py:634} INFO - at org.apache.spark.sql.DataFrameReader.load(DataFrameReader.scala:172)
[2026-02-02T08:29:58.117+0000] {spark_submit.py:634} INFO - at org.apache.spark.sql.DataFrameReader.jdbc(DataFrameReader.scala:249)
[2026-02-02T08:29:58.117+0000] {spark_submit.py:634} INFO - at java.base/jdk.internal.reflect.NativeMethodAccessorImpl.invoke0(Native Method)
[2026-02-02T08:29:58.117+0000] {spark_submit.py:634} INFO - at java.base/jdk.internal.reflect.NativeMethodAccessorImpl.invoke(NativeMethodAccessorImpl.java:77)
[2026-02-02T08:29:58.117+0000] {spark_submit.py:634} INFO - at java.base/jdk.internal.reflect.DelegatingMethodAccessorImpl.invoke(DelegatingMethodAccessorImpl.java:43)
[2026-02-02T08:29:58.117+0000] {spark_submit.py:634} INFO - at java.base/java.lang.reflect.Method.invoke(Method.java:569)
[2026-02-02T08:29:58.118+0000] {spark_submit.py:634} INFO - at py4j.reflection.MethodInvoker.invoke(MethodInvoker.java:244)
[2026-02-02T08:29:58.118+0000] {spark_submit.py:634} INFO - at py4j.reflection.ReflectionEngine.invoke(ReflectionEngine.java:374)
[2026-02-02T08:29:58.118+0000] {spark_submit.py:634} INFO - at py4j.Gateway.invoke(Gateway.java:282)
[2026-02-02T08:29:58.118+0000] {spark_submit.py:634} INFO - at py4j.commands.AbstractCommand.invokeMethod(AbstractCommand.java:132)
[2026-02-02T08:29:58.118+0000] {spark_submit.py:634} INFO - at py4j.commands.CallCommand.execute(CallCommand.java:79)
[2026-02-02T08:29:58.118+0000] {spark_submit.py:634} INFO - at py4j.ClientServerConnection.waitForCommands(ClientServerConnection.java:182)
[2026-02-02T08:29:58.119+0000] {spark_submit.py:634} INFO - at py4j.ClientServerConnection.run(ClientServerConnection.java:106)
[2026-02-02T08:29:58.119+0000] {spark_submit.py:634} INFO - at java.base/java.lang.Thread.run(Thread.java:840)
[2026-02-02T08:29:58.119+0000] {spark_submit.py:634} INFO - 
[2026-02-02T08:29:58.229+0000] {spark_submit.py:634} INFO - 26/02/02 08:29:58 INFO SparkContext: Invoking stop() from shutdown hook
[2026-02-02T08:29:58.230+0000] {spark_submit.py:634} INFO - 26/02/02 08:29:58 INFO SparkContext: SparkContext is stopping with exitCode 0.
[2026-02-02T08:29:58.247+0000] {spark_submit.py:634} INFO - 26/02/02 08:29:58 INFO SparkUI: Stopped Spark web UI at http://4ba644d6f495:4040
[2026-02-02T08:29:58.258+0000] {spark_submit.py:634} INFO - 26/02/02 08:29:58 INFO MapOutputTrackerMasterEndpoint: MapOutputTrackerMasterEndpoint stopped!
[2026-02-02T08:29:58.277+0000] {spark_submit.py:634} INFO - 26/02/02 08:29:58 INFO MemoryStore: MemoryStore cleared
[2026-02-02T08:29:58.278+0000] {spark_submit.py:634} INFO - 26/02/02 08:29:58 INFO BlockManager: BlockManager stopped
[2026-02-02T08:29:58.285+0000] {spark_submit.py:634} INFO - 26/02/02 08:29:58 INFO BlockManagerMaster: BlockManagerMaster stopped
[2026-02-02T08:29:58.288+0000] {spark_submit.py:634} INFO - 26/02/02 08:29:58 INFO OutputCommitCoordinator$OutputCommitCoordinatorEndpoint: OutputCommitCoordinator stopped!
[2026-02-02T08:29:58.299+0000] {spark_submit.py:634} INFO - 26/02/02 08:29:58 INFO SparkContext: Successfully stopped SparkContext
[2026-02-02T08:29:58.300+0000] {spark_submit.py:634} INFO - 26/02/02 08:29:58 INFO ShutdownHookManager: Shutdown hook called
[2026-02-02T08:29:58.301+0000] {spark_submit.py:634} INFO - 26/02/02 08:29:58 INFO ShutdownHookManager: Deleting directory /tmp/spark-9d1ad702-a8d2-4a24-97ca-7f6d0d96724d
[2026-02-02T08:29:58.309+0000] {spark_submit.py:634} INFO - 26/02/02 08:29:58 INFO ShutdownHookManager: Deleting directory /tmp/spark-9d1ad702-a8d2-4a24-97ca-7f6d0d96724d/pyspark-584712a6-68b7-41cb-a875-c8cf8f000c06
[2026-02-02T08:29:58.314+0000] {spark_submit.py:634} INFO - 26/02/02 08:29:58 INFO ShutdownHookManager: Deleting directory /tmp/spark-805322ba-3ffa-4d76-aa53-85d9f8d9f601
[2026-02-02T08:29:58.396+0000] {taskinstance.py:2698} ERROR - Task failed with exception
Traceback (most recent call last):
  File "/home/airflow/.local/lib/python3.11/site-packages/airflow/models/taskinstance.py", line 433, in _execute_task
    result = execute_callable(context=context, **execute_callable_kwargs)
             ^^^^^^^^^^^^^^^^^^^^^^^^^^^^^^^^^^^^^^^^^^^^^^^^^^^^^^^^^^^^
  File "/home/airflow/.local/lib/python3.11/site-packages/airflow/providers/apache/spark/operators/spark_submit.py", line 176, in execute
    self._hook.submit(self.application)
  File "/home/airflow/.local/lib/python3.11/site-packages/airflow/providers/apache/spark/hooks/spark_submit.py", line 560, in submit
    raise AirflowException(
airflow.exceptions.AirflowException: Cannot execute: spark-submit --master local --conf spark.jars.packages=org.***ql:***ql:42.7.1 --conf spark.driver.memory=2g --conf spark.executor.memory=2g --name arrow-spark /opt/airflow/dags/src/batch_pipeline.py 2026-02-02. Error code is: 1.
[2026-02-02T08:29:58.406+0000] {taskinstance.py:1138} INFO - Marking task as UP_FOR_RETRY. dag_id=daily_order_analytics, task_id=run_batch_pipeline, execution_date=20260202T081845, start_date=20260202T082950, end_date=20260202T082958
[2026-02-02T08:29:58.438+0000] {standard_task_runner.py:107} ERROR - Failed to execute job 17 for task run_batch_pipeline (Cannot execute: spark-submit --master local --conf spark.jars.packages=org.***ql:***ql:42.7.1 --conf spark.driver.memory=2g --conf spark.executor.memory=2g --name arrow-spark /opt/airflow/dags/src/batch_pipeline.py 2026-02-02. Error code is: 1.; 3514)
[2026-02-02T08:29:58.463+0000] {local_task_job_runner.py:234} INFO - Task exited with return code 1
[2026-02-02T08:29:58.541+0000] {taskinstance.py:3280} INFO - 0 downstream tasks scheduled from follow-on schedule check
