[2026-02-02T09:15:27.744+0000] {taskinstance.py:1956} INFO - Dependencies all met for dep_context=non-requeueable deps ti=<TaskInstance: daily_order_analytics.run_batch_pipeline manual__2026-02-02T08:18:45.495002+00:00 [queued]>
[2026-02-02T09:15:27.750+0000] {taskinstance.py:1956} INFO - Dependencies all met for dep_context=requeueable deps ti=<TaskInstance: daily_order_analytics.run_batch_pipeline manual__2026-02-02T08:18:45.495002+00:00 [queued]>
[2026-02-02T09:15:27.750+0000] {taskinstance.py:2170} INFO - Starting attempt 14 of 16
[2026-02-02T09:15:27.760+0000] {taskinstance.py:2191} INFO - Executing <Task(SparkSubmitOperator): run_batch_pipeline> on 2026-02-02 08:18:45.495002+00:00
[2026-02-02T09:15:27.769+0000] {standard_task_runner.py:60} INFO - Started process 5968 to run task
[2026-02-02T09:15:27.772+0000] {standard_task_runner.py:87} INFO - Running: ['airflow', 'tasks', 'run', 'daily_order_analytics', 'run_batch_pipeline', 'manual__2026-02-02T08:18:45.495002+00:00', '--job-id', '29', '--raw', '--subdir', 'DAGS_FOLDER/daily_batch_dag.py', '--cfg-path', '/tmp/tmp9sbq8ksw']
[2026-02-02T09:15:27.775+0000] {standard_task_runner.py:88} INFO - Job 29: Subtask run_batch_pipeline
[2026-02-02T09:15:27.953+0000] {task_command.py:423} INFO - Running <TaskInstance: daily_order_analytics.run_batch_pipeline manual__2026-02-02T08:18:45.495002+00:00 [running]> on host 4ba644d6f495
[2026-02-02T09:15:28.081+0000] {taskinstance.py:2480} INFO - Exporting env vars: AIRFLOW_CTX_DAG_OWNER='data-engineering' AIRFLOW_CTX_DAG_ID='daily_order_analytics' AIRFLOW_CTX_TASK_ID='run_batch_pipeline' AIRFLOW_CTX_EXECUTION_DATE='2026-02-02T08:18:45.495002+00:00' AIRFLOW_CTX_TRY_NUMBER='14' AIRFLOW_CTX_DAG_RUN_ID='manual__2026-02-02T08:18:45.495002+00:00'
[2026-02-02T09:15:28.104+0000] {base.py:83} INFO - Using connection ID 'spark_default' for task execution.
[2026-02-02T09:15:28.105+0000] {spark_submit.py:473} INFO - Spark-Submit cmd: spark-submit --master local --conf spark.jars.packages=org.***ql:***ql:42.7.1 --conf spark.driver.memory=2g --conf spark.executor.memory=2g --name arrow-spark /opt/airflow/dags/src/batch_pipeline.py 2026-02-02
[2026-02-02T09:15:28.237+0000] {spark_submit.py:634} INFO - /home/airflow/.local/lib/python3.11/site-packages/pyspark/bin/load-spark-env.sh: line 68: ps: command not found
[2026-02-02T09:15:31.781+0000] {spark_submit.py:634} INFO - :: loading settings :: url = jar:file:/home/airflow/.local/lib/python3.11/site-packages/pyspark/jars/ivy-2.5.1.jar!/org/apache/ivy/core/settings/ivysettings.xml
[2026-02-02T09:15:31.928+0000] {spark_submit.py:634} INFO - Ivy Default Cache set to: /home/airflow/.ivy2/cache
[2026-02-02T09:15:31.928+0000] {spark_submit.py:634} INFO - The jars for the packages stored in: /home/airflow/.ivy2/jars
[2026-02-02T09:15:31.930+0000] {spark_submit.py:634} INFO - org.***ql#***ql added as a dependency
[2026-02-02T09:15:31.935+0000] {spark_submit.py:634} INFO - :: resolving dependencies :: org.apache.spark#spark-submit-parent-4eec6895-0d45-4be5-abd9-cd4e61d5c868;1.0
[2026-02-02T09:15:31.936+0000] {spark_submit.py:634} INFO - confs: [default]
[2026-02-02T09:15:32.080+0000] {spark_submit.py:634} INFO - found org.***ql#***ql;42.7.1 in central
[2026-02-02T09:15:32.093+0000] {spark_submit.py:634} INFO - found org.checkerframework#checker-qual;3.41.0 in central
[2026-02-02T09:15:32.102+0000] {spark_submit.py:634} INFO - :: resolution report :: resolve 168ms :: artifacts dl 3ms
[2026-02-02T09:15:32.103+0000] {spark_submit.py:634} INFO - :: modules in use:
[2026-02-02T09:15:32.103+0000] {spark_submit.py:634} INFO - org.checkerframework#checker-qual;3.41.0 from central in [default]
[2026-02-02T09:15:32.103+0000] {spark_submit.py:634} INFO - org.***ql#***ql;42.7.1 from central in [default]
[2026-02-02T09:15:32.103+0000] {spark_submit.py:634} INFO - ---------------------------------------------------------------------
[2026-02-02T09:15:32.103+0000] {spark_submit.py:634} INFO - |                  |            modules            ||   artifacts   |
[2026-02-02T09:15:32.104+0000] {spark_submit.py:634} INFO - |       conf       | number| search|dwnlded|evicted|| number|dwnlded|
[2026-02-02T09:15:32.104+0000] {spark_submit.py:634} INFO - ---------------------------------------------------------------------
[2026-02-02T09:15:32.104+0000] {spark_submit.py:634} INFO - |      default     |   2   |   0   |   0   |   0   ||   2   |   0   |
[2026-02-02T09:15:32.104+0000] {spark_submit.py:634} INFO - ---------------------------------------------------------------------
[2026-02-02T09:15:32.104+0000] {spark_submit.py:634} INFO - :: retrieving :: org.apache.spark#spark-submit-parent-4eec6895-0d45-4be5-abd9-cd4e61d5c868
[2026-02-02T09:15:32.105+0000] {spark_submit.py:634} INFO - confs: [default]
[2026-02-02T09:15:32.110+0000] {spark_submit.py:634} INFO - 0 artifacts copied, 2 already retrieved (0kB/6ms)
[2026-02-02T09:15:32.334+0000] {spark_submit.py:634} INFO - 26/02/02 09:15:32 WARN NativeCodeLoader: Unable to load native-hadoop library for your platform... using builtin-java classes where applicable
[2026-02-02T09:15:33.853+0000] {spark_submit.py:634} INFO - 26/02/02 09:15:33 INFO SparkContext: Running Spark version 3.5.0
[2026-02-02T09:15:33.860+0000] {spark_submit.py:634} INFO - 26/02/02 09:15:33 INFO SparkContext: OS info Linux, 6.12.65-linuxkit, aarch64
[2026-02-02T09:15:33.861+0000] {spark_submit.py:634} INFO - 26/02/02 09:15:33 INFO SparkContext: Java version 17.0.18
[2026-02-02T09:15:33.920+0000] {spark_submit.py:634} INFO - 26/02/02 09:15:33 INFO ResourceUtils: ==============================================================
[2026-02-02T09:15:33.921+0000] {spark_submit.py:634} INFO - 26/02/02 09:15:33 INFO ResourceUtils: No custom resources configured for spark.driver.
[2026-02-02T09:15:33.922+0000] {spark_submit.py:634} INFO - 26/02/02 09:15:33 INFO ResourceUtils: ==============================================================
[2026-02-02T09:15:33.924+0000] {spark_submit.py:634} INFO - 26/02/02 09:15:33 INFO SparkContext: Submitted application: Daily_ETL_2026-02-02
[2026-02-02T09:15:33.954+0000] {spark_submit.py:634} INFO - 26/02/02 09:15:33 INFO ResourceProfile: Default ResourceProfile created, executor resources: Map(cores -> name: cores, amount: 1, script: , vendor: , memory -> name: memory, amount: 2048, script: , vendor: , offHeap -> name: offHeap, amount: 0, script: , vendor: ), task resources: Map(cpus -> name: cpus, amount: 1.0)
[2026-02-02T09:15:33.962+0000] {spark_submit.py:634} INFO - 26/02/02 09:15:33 INFO ResourceProfile: Limiting resource is cpu
[2026-02-02T09:15:33.963+0000] {spark_submit.py:634} INFO - 26/02/02 09:15:33 INFO ResourceProfileManager: Added ResourceProfile id: 0
[2026-02-02T09:15:34.036+0000] {spark_submit.py:634} INFO - 26/02/02 09:15:34 INFO SecurityManager: Changing view acls to: default
[2026-02-02T09:15:34.038+0000] {spark_submit.py:634} INFO - 26/02/02 09:15:34 INFO SecurityManager: Changing modify acls to: default
[2026-02-02T09:15:34.039+0000] {spark_submit.py:634} INFO - 26/02/02 09:15:34 INFO SecurityManager: Changing view acls groups to:
[2026-02-02T09:15:34.039+0000] {spark_submit.py:634} INFO - 26/02/02 09:15:34 INFO SecurityManager: Changing modify acls groups to:
[2026-02-02T09:15:34.040+0000] {spark_submit.py:634} INFO - 26/02/02 09:15:34 INFO SecurityManager: SecurityManager: authentication disabled; ui acls disabled; users with view permissions: default; groups with view permissions: EMPTY; users with modify permissions: default; groups with modify permissions: EMPTY
[2026-02-02T09:15:34.227+0000] {spark_submit.py:634} INFO - 26/02/02 09:15:34 INFO Utils: Successfully started service 'sparkDriver' on port 46681.
[2026-02-02T09:15:34.247+0000] {spark_submit.py:634} INFO - 26/02/02 09:15:34 INFO SparkEnv: Registering MapOutputTracker
[2026-02-02T09:15:34.282+0000] {spark_submit.py:634} INFO - 26/02/02 09:15:34 INFO SparkEnv: Registering BlockManagerMaster
[2026-02-02T09:15:34.299+0000] {spark_submit.py:634} INFO - 26/02/02 09:15:34 INFO BlockManagerMasterEndpoint: Using org.apache.spark.storage.DefaultTopologyMapper for getting topology information
[2026-02-02T09:15:34.302+0000] {spark_submit.py:634} INFO - 26/02/02 09:15:34 INFO BlockManagerMasterEndpoint: BlockManagerMasterEndpoint up
[2026-02-02T09:15:34.306+0000] {spark_submit.py:634} INFO - 26/02/02 09:15:34 INFO SparkEnv: Registering BlockManagerMasterHeartbeat
[2026-02-02T09:15:34.327+0000] {spark_submit.py:634} INFO - 26/02/02 09:15:34 INFO DiskBlockManager: Created local directory at /tmp/blockmgr-edcc09fa-ec20-4267-af3d-d756195966fa
[2026-02-02T09:15:34.337+0000] {spark_submit.py:634} INFO - 26/02/02 09:15:34 INFO MemoryStore: MemoryStore started with capacity 1048.8 MiB
[2026-02-02T09:15:34.347+0000] {spark_submit.py:634} INFO - 26/02/02 09:15:34 INFO SparkEnv: Registering OutputCommitCoordinator
[2026-02-02T09:15:34.422+0000] {spark_submit.py:634} INFO - 26/02/02 09:15:34 INFO JettyUtils: Start Jetty 0.0.0.0:4040 for SparkUI
[2026-02-02T09:15:34.459+0000] {spark_submit.py:634} INFO - 26/02/02 09:15:34 INFO Utils: Successfully started service 'SparkUI' on port 4040.
[2026-02-02T09:15:34.478+0000] {spark_submit.py:634} INFO - 26/02/02 09:15:34 INFO SparkContext: Added JAR file:///home/airflow/.ivy2/jars/org.***ql_***ql-42.7.1.jar at spark://4ba644d6f495:46681/jars/org.***ql_***ql-42.7.1.jar with timestamp 1770023733835
[2026-02-02T09:15:34.479+0000] {spark_submit.py:634} INFO - 26/02/02 09:15:34 INFO SparkContext: Added JAR file:///home/airflow/.ivy2/jars/org.checkerframework_checker-qual-3.41.0.jar at spark://4ba644d6f495:46681/jars/org.checkerframework_checker-qual-3.41.0.jar with timestamp 1770023733835
[2026-02-02T09:15:34.480+0000] {spark_submit.py:634} INFO - 26/02/02 09:15:34 INFO SparkContext: Added file file:///home/airflow/.ivy2/jars/org.***ql_***ql-42.7.1.jar at file:///home/airflow/.ivy2/jars/org.***ql_***ql-42.7.1.jar with timestamp 1770023733835
[2026-02-02T09:15:34.482+0000] {spark_submit.py:634} INFO - 26/02/02 09:15:34 INFO Utils: Copying /home/airflow/.ivy2/jars/org.***ql_***ql-42.7.1.jar to /tmp/spark-b62aeb4e-8742-4461-ba3c-28277d768675/userFiles-c896444d-2757-4f7b-be2b-21a20cd59138/org.***ql_***ql-42.7.1.jar
[2026-02-02T09:15:34.509+0000] {spark_submit.py:634} INFO - 26/02/02 09:15:34 INFO SparkContext: Added file file:///home/airflow/.ivy2/jars/org.checkerframework_checker-qual-3.41.0.jar at file:///home/airflow/.ivy2/jars/org.checkerframework_checker-qual-3.41.0.jar with timestamp 1770023733835
[2026-02-02T09:15:34.510+0000] {spark_submit.py:634} INFO - 26/02/02 09:15:34 INFO Utils: Copying /home/airflow/.ivy2/jars/org.checkerframework_checker-qual-3.41.0.jar to /tmp/spark-b62aeb4e-8742-4461-ba3c-28277d768675/userFiles-c896444d-2757-4f7b-be2b-21a20cd59138/org.checkerframework_checker-qual-3.41.0.jar
[2026-02-02T09:15:34.559+0000] {spark_submit.py:634} INFO - 26/02/02 09:15:34 INFO Executor: Starting executor ID driver on host 4ba644d6f495
[2026-02-02T09:15:34.559+0000] {spark_submit.py:634} INFO - 26/02/02 09:15:34 INFO Executor: OS info Linux, 6.12.65-linuxkit, aarch64
[2026-02-02T09:15:34.559+0000] {spark_submit.py:634} INFO - 26/02/02 09:15:34 INFO Executor: Java version 17.0.18
[2026-02-02T09:15:34.563+0000] {spark_submit.py:634} INFO - 26/02/02 09:15:34 INFO Executor: Starting executor with user classpath (userClassPathFirst = false): ''
[2026-02-02T09:15:34.563+0000] {spark_submit.py:634} INFO - 26/02/02 09:15:34 INFO Executor: Created or updated repl class loader org.apache.spark.util.MutableURLClassLoader@55343ce9 for default.
[2026-02-02T09:15:34.569+0000] {spark_submit.py:634} INFO - 26/02/02 09:15:34 INFO Executor: Fetching file:///home/airflow/.ivy2/jars/org.***ql_***ql-42.7.1.jar with timestamp 1770023733835
[2026-02-02T09:15:34.581+0000] {spark_submit.py:634} INFO - 26/02/02 09:15:34 INFO Utils: /home/airflow/.ivy2/jars/org.***ql_***ql-42.7.1.jar has been previously copied to /tmp/spark-b62aeb4e-8742-4461-ba3c-28277d768675/userFiles-c896444d-2757-4f7b-be2b-21a20cd59138/org.***ql_***ql-42.7.1.jar
[2026-02-02T09:15:34.586+0000] {spark_submit.py:634} INFO - 26/02/02 09:15:34 INFO Executor: Fetching file:///home/airflow/.ivy2/jars/org.checkerframework_checker-qual-3.41.0.jar with timestamp 1770023733835
[2026-02-02T09:15:34.587+0000] {spark_submit.py:634} INFO - 26/02/02 09:15:34 INFO Utils: /home/airflow/.ivy2/jars/org.checkerframework_checker-qual-3.41.0.jar has been previously copied to /tmp/spark-b62aeb4e-8742-4461-ba3c-28277d768675/userFiles-c896444d-2757-4f7b-be2b-21a20cd59138/org.checkerframework_checker-qual-3.41.0.jar
[2026-02-02T09:15:34.598+0000] {spark_submit.py:634} INFO - 26/02/02 09:15:34 INFO Executor: Fetching spark://4ba644d6f495:46681/jars/org.checkerframework_checker-qual-3.41.0.jar with timestamp 1770023733835
[2026-02-02T09:15:34.620+0000] {spark_submit.py:634} INFO - 26/02/02 09:15:34 INFO TransportClientFactory: Successfully created connection to 4ba644d6f495/172.18.0.6:46681 after 14 ms (0 ms spent in bootstraps)
[2026-02-02T09:15:34.624+0000] {spark_submit.py:634} INFO - 26/02/02 09:15:34 INFO Utils: Fetching spark://4ba644d6f495:46681/jars/org.checkerframework_checker-qual-3.41.0.jar to /tmp/spark-b62aeb4e-8742-4461-ba3c-28277d768675/userFiles-c896444d-2757-4f7b-be2b-21a20cd59138/fetchFileTemp1295849313029938003.tmp
[2026-02-02T09:15:34.666+0000] {spark_submit.py:634} INFO - 26/02/02 09:15:34 INFO Utils: /tmp/spark-b62aeb4e-8742-4461-ba3c-28277d768675/userFiles-c896444d-2757-4f7b-be2b-21a20cd59138/fetchFileTemp1295849313029938003.tmp has been previously copied to /tmp/spark-b62aeb4e-8742-4461-ba3c-28277d768675/userFiles-c896444d-2757-4f7b-be2b-21a20cd59138/org.checkerframework_checker-qual-3.41.0.jar
[2026-02-02T09:15:34.676+0000] {spark_submit.py:634} INFO - 26/02/02 09:15:34 INFO Executor: Adding file:/tmp/spark-b62aeb4e-8742-4461-ba3c-28277d768675/userFiles-c896444d-2757-4f7b-be2b-21a20cd59138/org.checkerframework_checker-qual-3.41.0.jar to class loader default
[2026-02-02T09:15:34.676+0000] {spark_submit.py:634} INFO - 26/02/02 09:15:34 INFO Executor: Fetching spark://4ba644d6f495:46681/jars/org.***ql_***ql-42.7.1.jar with timestamp 1770023733835
[2026-02-02T09:15:34.677+0000] {spark_submit.py:634} INFO - 26/02/02 09:15:34 INFO Utils: Fetching spark://4ba644d6f495:46681/jars/org.***ql_***ql-42.7.1.jar to /tmp/spark-b62aeb4e-8742-4461-ba3c-28277d768675/userFiles-c896444d-2757-4f7b-be2b-21a20cd59138/fetchFileTemp13179957056288177615.tmp
[2026-02-02T09:15:34.683+0000] {spark_submit.py:634} INFO - 26/02/02 09:15:34 INFO Utils: /tmp/spark-b62aeb4e-8742-4461-ba3c-28277d768675/userFiles-c896444d-2757-4f7b-be2b-21a20cd59138/fetchFileTemp13179957056288177615.tmp has been previously copied to /tmp/spark-b62aeb4e-8742-4461-ba3c-28277d768675/userFiles-c896444d-2757-4f7b-be2b-21a20cd59138/org.***ql_***ql-42.7.1.jar
[2026-02-02T09:15:34.688+0000] {spark_submit.py:634} INFO - 26/02/02 09:15:34 INFO Executor: Adding file:/tmp/spark-b62aeb4e-8742-4461-ba3c-28277d768675/userFiles-c896444d-2757-4f7b-be2b-21a20cd59138/org.***ql_***ql-42.7.1.jar to class loader default
[2026-02-02T09:15:34.700+0000] {spark_submit.py:634} INFO - 26/02/02 09:15:34 INFO Utils: Successfully started service 'org.apache.spark.network.netty.NettyBlockTransferService' on port 40839.
[2026-02-02T09:15:34.701+0000] {spark_submit.py:634} INFO - 26/02/02 09:15:34 INFO NettyBlockTransferService: Server created on 4ba644d6f495:40839
[2026-02-02T09:15:34.704+0000] {spark_submit.py:634} INFO - 26/02/02 09:15:34 INFO BlockManager: Using org.apache.spark.storage.RandomBlockReplicationPolicy for block replication policy
[2026-02-02T09:15:34.710+0000] {spark_submit.py:634} INFO - 26/02/02 09:15:34 INFO BlockManagerMaster: Registering BlockManager BlockManagerId(driver, 4ba644d6f495, 40839, None)
[2026-02-02T09:15:34.714+0000] {spark_submit.py:634} INFO - 26/02/02 09:15:34 INFO BlockManagerMasterEndpoint: Registering block manager 4ba644d6f495:40839 with 1048.8 MiB RAM, BlockManagerId(driver, 4ba644d6f495, 40839, None)
[2026-02-02T09:15:34.716+0000] {spark_submit.py:634} INFO - 26/02/02 09:15:34 INFO BlockManagerMaster: Registered BlockManager BlockManagerId(driver, 4ba644d6f495, 40839, None)
[2026-02-02T09:15:34.719+0000] {spark_submit.py:634} INFO - 26/02/02 09:15:34 INFO BlockManager: Initialized BlockManager: BlockManagerId(driver, 4ba644d6f495, 40839, None)
[2026-02-02T09:15:35.120+0000] {spark_submit.py:634} INFO - DEBUG: Processing data for 2026-02-02
[2026-02-02T09:15:35.127+0000] {spark_submit.py:634} INFO - 26/02/02 09:15:35 INFO SharedState: Setting hive.metastore.warehouse.dir ('null') to the value of spark.sql.warehouse.dir.
[2026-02-02T09:15:35.128+0000] {spark_submit.py:634} INFO - 26/02/02 09:15:35 INFO SharedState: Warehouse path is 'file:/opt/airflow/spark-warehouse'.
[2026-02-02T09:15:37.759+0000] {spark_submit.py:634} INFO - Loading data to PostgreSQL...
[2026-02-02T09:15:40.035+0000] {spark_submit.py:634} INFO - 26/02/02 09:15:40 INFO CodeGenerator: Code generated in 337.400416 ms
[2026-02-02T09:15:40.402+0000] {spark_submit.py:634} INFO - 26/02/02 09:15:40 INFO DAGScheduler: Registering RDD 3 (jdbc at NativeMethodAccessorImpl.java:0) as input to shuffle 0
[2026-02-02T09:15:40.417+0000] {spark_submit.py:634} INFO - 26/02/02 09:15:40 INFO CodeGenerator: Code generated in 31.3085 ms
[2026-02-02T09:15:40.440+0000] {spark_submit.py:634} INFO - 26/02/02 09:15:40 INFO DAGScheduler: Got map stage job 0 (jdbc at NativeMethodAccessorImpl.java:0) with 1 output partitions
[2026-02-02T09:15:40.443+0000] {spark_submit.py:634} INFO - 26/02/02 09:15:40 INFO DAGScheduler: Final stage: ShuffleMapStage 0 (jdbc at NativeMethodAccessorImpl.java:0)
[2026-02-02T09:15:40.444+0000] {spark_submit.py:634} INFO - 26/02/02 09:15:40 INFO DAGScheduler: Parents of final stage: List()
[2026-02-02T09:15:40.447+0000] {spark_submit.py:634} INFO - 26/02/02 09:15:40 INFO DAGScheduler: Missing parents: List()
[2026-02-02T09:15:40.453+0000] {spark_submit.py:634} INFO - 26/02/02 09:15:40 INFO DAGScheduler: Submitting ShuffleMapStage 0 (MapPartitionsRDD[3] at jdbc at NativeMethodAccessorImpl.java:0), which has no missing parents
[2026-02-02T09:15:40.928+0000] {spark_submit.py:634} INFO - 26/02/02 09:15:40 INFO MemoryStore: Block broadcast_0 stored as values in memory (estimated size 15.7 KiB, free 1048.8 MiB)
[2026-02-02T09:15:41.010+0000] {spark_submit.py:634} INFO - 26/02/02 09:15:41 INFO MemoryStore: Block broadcast_0_piece0 stored as bytes in memory (estimated size 8.1 KiB, free 1048.8 MiB)
[2026-02-02T09:15:41.019+0000] {spark_submit.py:634} INFO - 26/02/02 09:15:41 INFO BlockManagerInfo: Added broadcast_0_piece0 in memory on 4ba644d6f495:40839 (size: 8.1 KiB, free: 1048.8 MiB)
[2026-02-02T09:15:41.026+0000] {spark_submit.py:634} INFO - 26/02/02 09:15:41 INFO SparkContext: Created broadcast 0 from broadcast at DAGScheduler.scala:1580
[2026-02-02T09:15:41.064+0000] {spark_submit.py:634} INFO - 26/02/02 09:15:41 INFO DAGScheduler: Submitting 1 missing tasks from ShuffleMapStage 0 (MapPartitionsRDD[3] at jdbc at NativeMethodAccessorImpl.java:0) (first 15 tasks are for partitions Vector(0))
[2026-02-02T09:15:41.066+0000] {spark_submit.py:634} INFO - 26/02/02 09:15:41 INFO TaskSchedulerImpl: Adding task set 0.0 with 1 tasks resource profile 0
[2026-02-02T09:15:41.154+0000] {spark_submit.py:634} INFO - 26/02/02 09:15:41 INFO DAGScheduler: Registering RDD 5 (jdbc at NativeMethodAccessorImpl.java:0) as input to shuffle 1
[2026-02-02T09:15:41.155+0000] {spark_submit.py:634} INFO - 26/02/02 09:15:41 INFO DAGScheduler: Got map stage job 1 (jdbc at NativeMethodAccessorImpl.java:0) with 1 output partitions
[2026-02-02T09:15:41.158+0000] {spark_submit.py:634} INFO - 26/02/02 09:15:41 INFO DAGScheduler: Final stage: ShuffleMapStage 1 (jdbc at NativeMethodAccessorImpl.java:0)
[2026-02-02T09:15:41.160+0000] {spark_submit.py:634} INFO - 26/02/02 09:15:41 INFO DAGScheduler: Parents of final stage: List()
[2026-02-02T09:15:41.165+0000] {spark_submit.py:634} INFO - 26/02/02 09:15:41 INFO DAGScheduler: Missing parents: List()
[2026-02-02T09:15:41.166+0000] {spark_submit.py:634} INFO - 26/02/02 09:15:41 INFO DAGScheduler: Submitting ShuffleMapStage 1 (MapPartitionsRDD[5] at jdbc at NativeMethodAccessorImpl.java:0), which has no missing parents
[2026-02-02T09:15:41.225+0000] {spark_submit.py:634} INFO - 26/02/02 09:15:41 INFO MemoryStore: Block broadcast_1 stored as values in memory (estimated size 14.5 KiB, free 1048.8 MiB)
[2026-02-02T09:15:41.227+0000] {spark_submit.py:634} INFO - 26/02/02 09:15:41 INFO MemoryStore: Block broadcast_1_piece0 stored as bytes in memory (estimated size 7.6 KiB, free 1048.8 MiB)
[2026-02-02T09:15:41.229+0000] {spark_submit.py:634} INFO - 26/02/02 09:15:41 INFO BlockManagerInfo: Added broadcast_1_piece0 in memory on 4ba644d6f495:40839 (size: 7.6 KiB, free: 1048.8 MiB)
[2026-02-02T09:15:41.239+0000] {spark_submit.py:634} INFO - 26/02/02 09:15:41 INFO SparkContext: Created broadcast 1 from broadcast at DAGScheduler.scala:1580
[2026-02-02T09:15:41.248+0000] {spark_submit.py:634} INFO - 26/02/02 09:15:41 INFO DAGScheduler: Submitting 1 missing tasks from ShuffleMapStage 1 (MapPartitionsRDD[5] at jdbc at NativeMethodAccessorImpl.java:0) (first 15 tasks are for partitions Vector(0))
[2026-02-02T09:15:41.248+0000] {spark_submit.py:634} INFO - 26/02/02 09:15:41 INFO TaskSchedulerImpl: Adding task set 1.0 with 1 tasks resource profile 0
[2026-02-02T09:15:41.332+0000] {spark_submit.py:634} INFO - 26/02/02 09:15:41 INFO TaskSetManager: Starting task 0.0 in stage 0.0 (TID 0) (4ba644d6f495, executor driver, partition 0, PROCESS_LOCAL, 7943 bytes)
[2026-02-02T09:15:41.392+0000] {spark_submit.py:634} INFO - 26/02/02 09:15:41 INFO Executor: Running task 0.0 in stage 0.0 (TID 0)
[2026-02-02T09:15:41.599+0000] {spark_submit.py:634} INFO - 26/02/02 09:15:41 INFO CodeGenerator: Code generated in 21.560167 ms
[2026-02-02T09:15:41.633+0000] {spark_submit.py:634} INFO - 26/02/02 09:15:41 INFO CodeGenerator: Code generated in 15.509333 ms
[2026-02-02T09:15:41.651+0000] {spark_submit.py:634} INFO - 26/02/02 09:15:41 INFO JDBCRDD: closed connection
[2026-02-02T09:15:41.702+0000] {spark_submit.py:634} INFO - 26/02/02 09:15:41 INFO Executor: Finished task 0.0 in stage 0.0 (TID 0). 1817 bytes result sent to driver
[2026-02-02T09:15:41.709+0000] {spark_submit.py:634} INFO - 26/02/02 09:15:41 INFO TaskSetManager: Starting task 0.0 in stage 1.0 (TID 1) (4ba644d6f495, executor driver, partition 0, PROCESS_LOCAL, 7943 bytes)
[2026-02-02T09:15:41.713+0000] {spark_submit.py:634} INFO - 26/02/02 09:15:41 INFO Executor: Running task 0.0 in stage 1.0 (TID 1)
[2026-02-02T09:15:41.720+0000] {spark_submit.py:634} INFO - 26/02/02 09:15:41 INFO TaskSetManager: Finished task 0.0 in stage 0.0 (TID 0) in 439 ms on 4ba644d6f495 (executor driver) (1/1)
[2026-02-02T09:15:41.724+0000] {spark_submit.py:634} INFO - 26/02/02 09:15:41 INFO TaskSchedulerImpl: Removed TaskSet 0.0, whose tasks have all completed, from pool
[2026-02-02T09:15:41.734+0000] {spark_submit.py:634} INFO - 26/02/02 09:15:41 INFO DAGScheduler: ShuffleMapStage 0 (jdbc at NativeMethodAccessorImpl.java:0) finished in 1.225 s
[2026-02-02T09:15:41.735+0000] {spark_submit.py:634} INFO - 26/02/02 09:15:41 INFO DAGScheduler: looking for newly runnable stages
[2026-02-02T09:15:41.736+0000] {spark_submit.py:634} INFO - 26/02/02 09:15:41 INFO DAGScheduler: running: Set(ShuffleMapStage 1)
[2026-02-02T09:15:41.738+0000] {spark_submit.py:634} INFO - 26/02/02 09:15:41 INFO DAGScheduler: waiting: Set()
[2026-02-02T09:15:41.740+0000] {spark_submit.py:634} INFO - 26/02/02 09:15:41 INFO DAGScheduler: failed: Set()
[2026-02-02T09:15:41.764+0000] {spark_submit.py:634} INFO - 26/02/02 09:15:41 INFO CodeGenerator: Code generated in 24.352125 ms
[2026-02-02T09:15:41.782+0000] {spark_submit.py:634} INFO - 26/02/02 09:15:41 INFO CodeGenerator: Code generated in 14.119125 ms
[2026-02-02T09:15:41.786+0000] {spark_submit.py:634} INFO - 26/02/02 09:15:41 INFO JDBCRDD: closed connection
[2026-02-02T09:15:41.793+0000] {spark_submit.py:634} INFO - 26/02/02 09:15:41 INFO Executor: Finished task 0.0 in stage 1.0 (TID 1). 1817 bytes result sent to driver
[2026-02-02T09:15:41.799+0000] {spark_submit.py:634} INFO - 26/02/02 09:15:41 INFO TaskSetManager: Finished task 0.0 in stage 1.0 (TID 1) in 91 ms on 4ba644d6f495 (executor driver) (1/1)
[2026-02-02T09:15:41.800+0000] {spark_submit.py:634} INFO - 26/02/02 09:15:41 INFO TaskSchedulerImpl: Removed TaskSet 1.0, whose tasks have all completed, from pool
[2026-02-02T09:15:41.800+0000] {spark_submit.py:634} INFO - 26/02/02 09:15:41 INFO DAGScheduler: ShuffleMapStage 1 (jdbc at NativeMethodAccessorImpl.java:0) finished in 0.634 s
[2026-02-02T09:15:41.801+0000] {spark_submit.py:634} INFO - 26/02/02 09:15:41 INFO DAGScheduler: looking for newly runnable stages
[2026-02-02T09:15:41.802+0000] {spark_submit.py:634} INFO - 26/02/02 09:15:41 INFO DAGScheduler: running: Set()
[2026-02-02T09:15:41.803+0000] {spark_submit.py:634} INFO - 26/02/02 09:15:41 INFO DAGScheduler: waiting: Set()
[2026-02-02T09:15:41.803+0000] {spark_submit.py:634} INFO - 26/02/02 09:15:41 INFO DAGScheduler: failed: Set()
[2026-02-02T09:15:41.853+0000] {spark_submit.py:634} INFO - 26/02/02 09:15:41 INFO SparkContext: Starting job: jdbc at NativeMethodAccessorImpl.java:0
[2026-02-02T09:15:41.859+0000] {spark_submit.py:634} INFO - 26/02/02 09:15:41 INFO DAGScheduler: Job 2 finished: jdbc at NativeMethodAccessorImpl.java:0, took 0.004373 s
[2026-02-02T09:15:42.213+0000] {spark_submit.py:634} INFO - 26/02/02 09:15:42 INFO DAGScheduler: Registering RDD 14 (jdbc at NativeMethodAccessorImpl.java:0) as input to shuffle 2
[2026-02-02T09:15:42.231+0000] {spark_submit.py:634} INFO - 26/02/02 09:15:42 INFO DAGScheduler: Got map stage job 3 (jdbc at NativeMethodAccessorImpl.java:0) with 1 output partitions
[2026-02-02T09:15:42.232+0000] {spark_submit.py:634} INFO - 26/02/02 09:15:42 INFO DAGScheduler: Final stage: ShuffleMapStage 2 (jdbc at NativeMethodAccessorImpl.java:0)
[2026-02-02T09:15:42.232+0000] {spark_submit.py:634} INFO - 26/02/02 09:15:42 INFO DAGScheduler: Parents of final stage: List()
[2026-02-02T09:15:42.233+0000] {spark_submit.py:634} INFO - 26/02/02 09:15:42 INFO DAGScheduler: Missing parents: List()
[2026-02-02T09:15:42.235+0000] {spark_submit.py:634} INFO - 26/02/02 09:15:42 INFO DAGScheduler: Submitting ShuffleMapStage 2 (MapPartitionsRDD[14] at jdbc at NativeMethodAccessorImpl.java:0), which has no missing parents
[2026-02-02T09:15:42.236+0000] {spark_submit.py:634} INFO - 26/02/02 09:15:42 INFO MemoryStore: Block broadcast_2 stored as values in memory (estimated size 15.7 KiB, free 1048.7 MiB)
[2026-02-02T09:15:42.265+0000] {spark_submit.py:634} INFO - 26/02/02 09:15:42 INFO MemoryStore: Block broadcast_2_piece0 stored as bytes in memory (estimated size 8.1 KiB, free 1048.7 MiB)
[2026-02-02T09:15:42.268+0000] {spark_submit.py:634} INFO - 26/02/02 09:15:42 INFO BlockManagerInfo: Added broadcast_2_piece0 in memory on 4ba644d6f495:40839 (size: 8.1 KiB, free: 1048.8 MiB)
[2026-02-02T09:15:42.269+0000] {spark_submit.py:634} INFO - 26/02/02 09:15:42 INFO SparkContext: Created broadcast 2 from broadcast at DAGScheduler.scala:1580
[2026-02-02T09:15:42.270+0000] {spark_submit.py:634} INFO - 26/02/02 09:15:42 INFO DAGScheduler: Submitting 1 missing tasks from ShuffleMapStage 2 (MapPartitionsRDD[14] at jdbc at NativeMethodAccessorImpl.java:0) (first 15 tasks are for partitions Vector(0))
[2026-02-02T09:15:42.271+0000] {spark_submit.py:634} INFO - 26/02/02 09:15:42 INFO TaskSchedulerImpl: Adding task set 2.0 with 1 tasks resource profile 0
[2026-02-02T09:15:42.271+0000] {spark_submit.py:634} INFO - 26/02/02 09:15:42 INFO CodeGenerator: Code generated in 49.627 ms
[2026-02-02T09:15:42.272+0000] {spark_submit.py:634} INFO - 26/02/02 09:15:42 INFO TaskSetManager: Starting task 0.0 in stage 2.0 (TID 2) (4ba644d6f495, executor driver, partition 0, PROCESS_LOCAL, 7943 bytes)
[2026-02-02T09:15:42.273+0000] {spark_submit.py:634} INFO - 26/02/02 09:15:42 INFO Executor: Running task 0.0 in stage 2.0 (TID 2)
[2026-02-02T09:15:42.277+0000] {spark_submit.py:634} INFO - 26/02/02 09:15:42 INFO DAGScheduler: Registering RDD 16 (jdbc at NativeMethodAccessorImpl.java:0) as input to shuffle 3
[2026-02-02T09:15:42.277+0000] {spark_submit.py:634} INFO - 26/02/02 09:15:42 INFO DAGScheduler: Got map stage job 4 (jdbc at NativeMethodAccessorImpl.java:0) with 1 output partitions
[2026-02-02T09:15:42.278+0000] {spark_submit.py:634} INFO - 26/02/02 09:15:42 INFO DAGScheduler: Final stage: ShuffleMapStage 3 (jdbc at NativeMethodAccessorImpl.java:0)
[2026-02-02T09:15:42.281+0000] {spark_submit.py:634} INFO - 26/02/02 09:15:42 INFO DAGScheduler: Parents of final stage: List()
[2026-02-02T09:15:42.281+0000] {spark_submit.py:634} INFO - 26/02/02 09:15:42 INFO DAGScheduler: Missing parents: List()
[2026-02-02T09:15:42.282+0000] {spark_submit.py:634} INFO - 26/02/02 09:15:42 INFO DAGScheduler: Submitting ShuffleMapStage 3 (MapPartitionsRDD[16] at jdbc at NativeMethodAccessorImpl.java:0), which has no missing parents
[2026-02-02T09:15:42.282+0000] {spark_submit.py:634} INFO - 26/02/02 09:15:42 INFO MemoryStore: Block broadcast_3 stored as values in memory (estimated size 14.9 KiB, free 1048.7 MiB)
[2026-02-02T09:15:42.290+0000] {spark_submit.py:634} INFO - 26/02/02 09:15:42 INFO MemoryStore: Block broadcast_3_piece0 stored as bytes in memory (estimated size 7.7 KiB, free 1048.7 MiB)
[2026-02-02T09:15:42.291+0000] {spark_submit.py:634} INFO - 26/02/02 09:15:42 INFO BlockManagerInfo: Added broadcast_3_piece0 in memory on 4ba644d6f495:40839 (size: 7.7 KiB, free: 1048.8 MiB)
[2026-02-02T09:15:42.292+0000] {spark_submit.py:634} INFO - 26/02/02 09:15:42 INFO SparkContext: Created broadcast 3 from broadcast at DAGScheduler.scala:1580
[2026-02-02T09:15:42.292+0000] {spark_submit.py:634} INFO - 26/02/02 09:15:42 INFO DAGScheduler: Submitting 1 missing tasks from ShuffleMapStage 3 (MapPartitionsRDD[16] at jdbc at NativeMethodAccessorImpl.java:0) (first 15 tasks are for partitions Vector(0))
[2026-02-02T09:15:42.293+0000] {spark_submit.py:634} INFO - 26/02/02 09:15:42 INFO TaskSchedulerImpl: Adding task set 3.0 with 1 tasks resource profile 0
[2026-02-02T09:15:42.298+0000] {spark_submit.py:634} INFO - 26/02/02 09:15:42 INFO BlockManagerInfo: Removed broadcast_1_piece0 on 4ba644d6f495:40839 in memory (size: 7.6 KiB, free: 1048.8 MiB)
[2026-02-02T09:15:42.307+0000] {spark_submit.py:634} INFO - 26/02/02 09:15:42 INFO BlockManagerInfo: Removed broadcast_0_piece0 on 4ba644d6f495:40839 in memory (size: 8.1 KiB, free: 1048.8 MiB)
[2026-02-02T09:15:42.326+0000] {spark_submit.py:634} INFO - 26/02/02 09:15:42 INFO JDBCRDD: closed connection
[2026-02-02T09:15:42.332+0000] {spark_submit.py:634} INFO - 26/02/02 09:15:42 INFO Executor: Finished task 0.0 in stage 2.0 (TID 2). 1860 bytes result sent to driver
[2026-02-02T09:15:42.336+0000] {spark_submit.py:634} INFO - 26/02/02 09:15:42 INFO TaskSetManager: Starting task 0.0 in stage 3.0 (TID 3) (4ba644d6f495, executor driver, partition 0, PROCESS_LOCAL, 7943 bytes)
[2026-02-02T09:15:42.338+0000] {spark_submit.py:634} INFO - 26/02/02 09:15:42 INFO Executor: Running task 0.0 in stage 3.0 (TID 3)
[2026-02-02T09:15:42.339+0000] {spark_submit.py:634} INFO - 26/02/02 09:15:42 INFO TaskSetManager: Finished task 0.0 in stage 2.0 (TID 2) in 66 ms on 4ba644d6f495 (executor driver) (1/1)
[2026-02-02T09:15:42.340+0000] {spark_submit.py:634} INFO - 26/02/02 09:15:42 INFO TaskSchedulerImpl: Removed TaskSet 2.0, whose tasks have all completed, from pool
[2026-02-02T09:15:42.340+0000] {spark_submit.py:634} INFO - 26/02/02 09:15:42 INFO DAGScheduler: ShuffleMapStage 2 (jdbc at NativeMethodAccessorImpl.java:0) finished in 0.125 s
[2026-02-02T09:15:42.343+0000] {spark_submit.py:634} INFO - 26/02/02 09:15:42 INFO DAGScheduler: looking for newly runnable stages
[2026-02-02T09:15:42.343+0000] {spark_submit.py:634} INFO - 26/02/02 09:15:42 INFO DAGScheduler: running: Set(ShuffleMapStage 3)
[2026-02-02T09:15:42.343+0000] {spark_submit.py:634} INFO - 26/02/02 09:15:42 INFO DAGScheduler: waiting: Set()
[2026-02-02T09:15:42.344+0000] {spark_submit.py:634} INFO - 26/02/02 09:15:42 INFO DAGScheduler: failed: Set()
[2026-02-02T09:15:42.407+0000] {spark_submit.py:634} INFO - 26/02/02 09:15:42 INFO CodeGenerator: Code generated in 31.1565 ms
[2026-02-02T09:15:42.414+0000] {spark_submit.py:634} INFO - 26/02/02 09:15:42 INFO JDBCRDD: closed connection
[2026-02-02T09:15:42.415+0000] {spark_submit.py:634} INFO - 26/02/02 09:15:42 INFO SparkContext: Starting job: jdbc at NativeMethodAccessorImpl.java:0
[2026-02-02T09:15:42.416+0000] {spark_submit.py:634} INFO - 26/02/02 09:15:42 INFO DAGScheduler: Job 5 finished: jdbc at NativeMethodAccessorImpl.java:0, took 0.000317 s
[2026-02-02T09:15:42.429+0000] {spark_submit.py:634} INFO - 26/02/02 09:15:42 INFO Executor: Finished task 0.0 in stage 3.0 (TID 3). 1817 bytes result sent to driver
[2026-02-02T09:15:42.433+0000] {spark_submit.py:634} INFO - 26/02/02 09:15:42 INFO TaskSetManager: Finished task 0.0 in stage 3.0 (TID 3) in 98 ms on 4ba644d6f495 (executor driver) (1/1)
[2026-02-02T09:15:42.434+0000] {spark_submit.py:634} INFO - 26/02/02 09:15:42 INFO TaskSchedulerImpl: Removed TaskSet 3.0, whose tasks have all completed, from pool
[2026-02-02T09:15:42.435+0000] {spark_submit.py:634} INFO - 26/02/02 09:15:42 INFO DAGScheduler: ShuffleMapStage 3 (jdbc at NativeMethodAccessorImpl.java:0) finished in 0.156 s
[2026-02-02T09:15:42.436+0000] {spark_submit.py:634} INFO - 26/02/02 09:15:42 INFO DAGScheduler: looking for newly runnable stages
[2026-02-02T09:15:42.437+0000] {spark_submit.py:634} INFO - 26/02/02 09:15:42 INFO DAGScheduler: running: Set()
[2026-02-02T09:15:42.437+0000] {spark_submit.py:634} INFO - 26/02/02 09:15:42 INFO DAGScheduler: waiting: Set()
[2026-02-02T09:15:42.437+0000] {spark_submit.py:634} INFO - 26/02/02 09:15:42 INFO DAGScheduler: failed: Set()
[2026-02-02T09:15:42.914+0000] {spark_submit.py:634} INFO - 26/02/02 09:15:42 INFO CodeGenerator: Code generated in 58.207541 ms
[2026-02-02T09:15:43.043+0000] {spark_submit.py:634} INFO - 26/02/02 09:15:43 INFO DAGScheduler: Registering RDD 26 (jdbc at NativeMethodAccessorImpl.java:0) as input to shuffle 4
[2026-02-02T09:15:43.047+0000] {spark_submit.py:634} INFO - 26/02/02 09:15:43 INFO DAGScheduler: Got map stage job 6 (jdbc at NativeMethodAccessorImpl.java:0) with 1 output partitions
[2026-02-02T09:15:43.050+0000] {spark_submit.py:634} INFO - 26/02/02 09:15:43 INFO DAGScheduler: Final stage: ShuffleMapStage 4 (jdbc at NativeMethodAccessorImpl.java:0)
[2026-02-02T09:15:43.051+0000] {spark_submit.py:634} INFO - 26/02/02 09:15:43 INFO DAGScheduler: Parents of final stage: List()
[2026-02-02T09:15:43.055+0000] {spark_submit.py:634} INFO - 26/02/02 09:15:43 INFO DAGScheduler: Missing parents: List()
[2026-02-02T09:15:43.056+0000] {spark_submit.py:634} INFO - 26/02/02 09:15:43 INFO DAGScheduler: Submitting ShuffleMapStage 4 (MapPartitionsRDD[26] at jdbc at NativeMethodAccessorImpl.java:0), which has no missing parents
[2026-02-02T09:15:43.096+0000] {spark_submit.py:634} INFO - 26/02/02 09:15:43 INFO MemoryStore: Block broadcast_4 stored as values in memory (estimated size 28.4 KiB, free 1048.7 MiB)
[2026-02-02T09:15:43.106+0000] {spark_submit.py:634} INFO - 26/02/02 09:15:43 INFO MemoryStore: Block broadcast_4_piece0 stored as bytes in memory (estimated size 13.7 KiB, free 1048.7 MiB)
[2026-02-02T09:15:43.108+0000] {spark_submit.py:634} INFO - 26/02/02 09:15:43 INFO BlockManagerInfo: Added broadcast_4_piece0 in memory on 4ba644d6f495:40839 (size: 13.7 KiB, free: 1048.8 MiB)
[2026-02-02T09:15:43.109+0000] {spark_submit.py:634} INFO - 26/02/02 09:15:43 INFO SparkContext: Created broadcast 4 from broadcast at DAGScheduler.scala:1580
[2026-02-02T09:15:43.110+0000] {spark_submit.py:634} INFO - 26/02/02 09:15:43 INFO DAGScheduler: Submitting 1 missing tasks from ShuffleMapStage 4 (MapPartitionsRDD[26] at jdbc at NativeMethodAccessorImpl.java:0) (first 15 tasks are for partitions Vector(0))
[2026-02-02T09:15:43.110+0000] {spark_submit.py:634} INFO - 26/02/02 09:15:43 INFO TaskSchedulerImpl: Adding task set 4.0 with 1 tasks resource profile 0
[2026-02-02T09:15:43.115+0000] {spark_submit.py:634} INFO - 26/02/02 09:15:43 INFO DAGScheduler: Registering RDD 28 (jdbc at NativeMethodAccessorImpl.java:0) as input to shuffle 5
[2026-02-02T09:15:43.116+0000] {spark_submit.py:634} INFO - 26/02/02 09:15:43 INFO DAGScheduler: Got map stage job 7 (jdbc at NativeMethodAccessorImpl.java:0) with 1 output partitions
[2026-02-02T09:15:43.117+0000] {spark_submit.py:634} INFO - 26/02/02 09:15:43 INFO DAGScheduler: Final stage: ShuffleMapStage 5 (jdbc at NativeMethodAccessorImpl.java:0)
[2026-02-02T09:15:43.117+0000] {spark_submit.py:634} INFO - 26/02/02 09:15:43 INFO DAGScheduler: Parents of final stage: List()
[2026-02-02T09:15:43.117+0000] {spark_submit.py:634} INFO - 26/02/02 09:15:43 INFO DAGScheduler: Missing parents: List()
[2026-02-02T09:15:43.117+0000] {spark_submit.py:634} INFO - 26/02/02 09:15:43 INFO DAGScheduler: Submitting ShuffleMapStage 5 (MapPartitionsRDD[28] at jdbc at NativeMethodAccessorImpl.java:0), which has no missing parents
[2026-02-02T09:15:43.118+0000] {spark_submit.py:634} INFO - 26/02/02 09:15:43 INFO TaskSetManager: Starting task 0.0 in stage 4.0 (TID 4) (4ba644d6f495, executor driver, partition 0, PROCESS_LOCAL, 7943 bytes)
[2026-02-02T09:15:43.118+0000] {spark_submit.py:634} INFO - 26/02/02 09:15:43 INFO Executor: Running task 0.0 in stage 4.0 (TID 4)
[2026-02-02T09:15:43.118+0000] {spark_submit.py:634} INFO - 26/02/02 09:15:43 INFO MemoryStore: Block broadcast_5 stored as values in memory (estimated size 14.5 KiB, free 1048.7 MiB)
[2026-02-02T09:15:43.127+0000] {spark_submit.py:634} INFO - 26/02/02 09:15:43 INFO MemoryStore: Block broadcast_5_piece0 stored as bytes in memory (estimated size 7.6 KiB, free 1048.7 MiB)
[2026-02-02T09:15:43.128+0000] {spark_submit.py:634} INFO - 26/02/02 09:15:43 INFO BlockManagerInfo: Added broadcast_5_piece0 in memory on 4ba644d6f495:40839 (size: 7.6 KiB, free: 1048.8 MiB)
[2026-02-02T09:15:43.128+0000] {spark_submit.py:634} INFO - 26/02/02 09:15:43 INFO SparkContext: Created broadcast 5 from broadcast at DAGScheduler.scala:1580
[2026-02-02T09:15:43.129+0000] {spark_submit.py:634} INFO - 26/02/02 09:15:43 INFO DAGScheduler: Submitting 1 missing tasks from ShuffleMapStage 5 (MapPartitionsRDD[28] at jdbc at NativeMethodAccessorImpl.java:0) (first 15 tasks are for partitions Vector(0))
[2026-02-02T09:15:43.129+0000] {spark_submit.py:634} INFO - 26/02/02 09:15:43 INFO TaskSchedulerImpl: Adding task set 5.0 with 1 tasks resource profile 0
[2026-02-02T09:15:43.191+0000] {spark_submit.py:634} INFO - 26/02/02 09:15:43 INFO CodeGenerator: Code generated in 22.522791 ms
[2026-02-02T09:15:43.213+0000] {spark_submit.py:634} INFO - 26/02/02 09:15:43 INFO CodeGenerator: Code generated in 14.374083 ms
[2026-02-02T09:15:43.254+0000] {spark_submit.py:634} INFO - 26/02/02 09:15:43 INFO CodeGenerator: Code generated in 14.353916 ms
[2026-02-02T09:15:43.283+0000] {spark_submit.py:634} INFO - 26/02/02 09:15:43 INFO CodeGenerator: Code generated in 6.914042 ms
[2026-02-02T09:15:43.285+0000] {spark_submit.py:634} INFO - 26/02/02 09:15:43 INFO JDBCRDD: closed connection
[2026-02-02T09:15:43.299+0000] {spark_submit.py:634} INFO - 26/02/02 09:15:43 INFO Executor: Finished task 0.0 in stage 4.0 (TID 4). 2126 bytes result sent to driver
[2026-02-02T09:15:43.300+0000] {spark_submit.py:634} INFO - 26/02/02 09:15:43 INFO TaskSetManager: Starting task 0.0 in stage 5.0 (TID 5) (4ba644d6f495, executor driver, partition 0, PROCESS_LOCAL, 7943 bytes)
[2026-02-02T09:15:43.301+0000] {spark_submit.py:634} INFO - 26/02/02 09:15:43 INFO Executor: Running task 0.0 in stage 5.0 (TID 5)
[2026-02-02T09:15:43.301+0000] {spark_submit.py:634} INFO - 26/02/02 09:15:43 INFO TaskSetManager: Finished task 0.0 in stage 4.0 (TID 4) in 189 ms on 4ba644d6f495 (executor driver) (1/1)
[2026-02-02T09:15:43.301+0000] {spark_submit.py:634} INFO - 26/02/02 09:15:43 INFO TaskSchedulerImpl: Removed TaskSet 4.0, whose tasks have all completed, from pool
[2026-02-02T09:15:43.305+0000] {spark_submit.py:634} INFO - 26/02/02 09:15:43 INFO DAGScheduler: ShuffleMapStage 4 (jdbc at NativeMethodAccessorImpl.java:0) finished in 0.251 s
[2026-02-02T09:15:43.305+0000] {spark_submit.py:634} INFO - 26/02/02 09:15:43 INFO DAGScheduler: looking for newly runnable stages
[2026-02-02T09:15:43.306+0000] {spark_submit.py:634} INFO - 26/02/02 09:15:43 INFO DAGScheduler: running: Set(ShuffleMapStage 5)
[2026-02-02T09:15:43.306+0000] {spark_submit.py:634} INFO - 26/02/02 09:15:43 INFO DAGScheduler: waiting: Set()
[2026-02-02T09:15:43.307+0000] {spark_submit.py:634} INFO - 26/02/02 09:15:43 INFO DAGScheduler: failed: Set()
[2026-02-02T09:15:43.327+0000] {spark_submit.py:634} INFO - 26/02/02 09:15:43 INFO JDBCRDD: closed connection
[2026-02-02T09:15:43.332+0000] {spark_submit.py:634} INFO - 26/02/02 09:15:43 INFO Executor: Finished task 0.0 in stage 5.0 (TID 5). 1817 bytes result sent to driver
[2026-02-02T09:15:43.333+0000] {spark_submit.py:634} INFO - 26/02/02 09:15:43 INFO TaskSetManager: Finished task 0.0 in stage 5.0 (TID 5) in 33 ms on 4ba644d6f495 (executor driver) (1/1)
[2026-02-02T09:15:43.333+0000] {spark_submit.py:634} INFO - 26/02/02 09:15:43 INFO TaskSchedulerImpl: Removed TaskSet 5.0, whose tasks have all completed, from pool
[2026-02-02T09:15:43.333+0000] {spark_submit.py:634} INFO - 26/02/02 09:15:43 INFO DAGScheduler: ShuffleMapStage 5 (jdbc at NativeMethodAccessorImpl.java:0) finished in 0.220 s
[2026-02-02T09:15:43.334+0000] {spark_submit.py:634} INFO - 26/02/02 09:15:43 INFO DAGScheduler: looking for newly runnable stages
[2026-02-02T09:15:43.334+0000] {spark_submit.py:634} INFO - 26/02/02 09:15:43 INFO DAGScheduler: running: Set()
[2026-02-02T09:15:43.334+0000] {spark_submit.py:634} INFO - 26/02/02 09:15:43 INFO DAGScheduler: waiting: Set()
[2026-02-02T09:15:43.335+0000] {spark_submit.py:634} INFO - 26/02/02 09:15:43 INFO DAGScheduler: failed: Set()
[2026-02-02T09:15:43.352+0000] {spark_submit.py:634} INFO - 26/02/02 09:15:43 INFO ShufflePartitionsUtil: For shuffle(4), advisory target size: 67108864, actual target size 1048576, minimum partition size: 1048576
[2026-02-02T09:15:43.442+0000] {spark_submit.py:634} INFO - 26/02/02 09:15:43 INFO CodeGenerator: Code generated in 30.213958 ms
[2026-02-02T09:15:43.444+0000] {spark_submit.py:634} INFO - 26/02/02 09:15:43 INFO SparkContext: Starting job: jdbc at NativeMethodAccessorImpl.java:0
[2026-02-02T09:15:43.446+0000] {spark_submit.py:634} INFO - 26/02/02 09:15:43 INFO DAGScheduler: Job 8 finished: jdbc at NativeMethodAccessorImpl.java:0, took 0.001827 s
[2026-02-02T09:15:43.470+0000] {spark_submit.py:634} INFO - 26/02/02 09:15:43 INFO CodeGenerator: Code generated in 9.943083 ms
[2026-02-02T09:15:43.482+0000] {spark_submit.py:634} INFO - ✓ Pipeline finished for 2026-02-02
[2026-02-02T09:15:43.484+0000] {spark_submit.py:634} INFO - 26/02/02 09:15:43 INFO SparkContext: SparkContext is stopping with exitCode 0.
[2026-02-02T09:15:43.496+0000] {spark_submit.py:634} INFO - 26/02/02 09:15:43 INFO SparkUI: Stopped Spark web UI at http://4ba644d6f495:4040
[2026-02-02T09:15:43.517+0000] {spark_submit.py:634} INFO - 26/02/02 09:15:43 INFO MapOutputTrackerMasterEndpoint: MapOutputTrackerMasterEndpoint stopped!
[2026-02-02T09:15:43.545+0000] {spark_submit.py:634} INFO - 26/02/02 09:15:43 INFO MemoryStore: MemoryStore cleared
[2026-02-02T09:15:43.546+0000] {spark_submit.py:634} INFO - 26/02/02 09:15:43 INFO BlockManager: BlockManager stopped
[2026-02-02T09:15:43.549+0000] {spark_submit.py:634} INFO - 26/02/02 09:15:43 INFO BlockManagerMaster: BlockManagerMaster stopped
[2026-02-02T09:15:43.554+0000] {spark_submit.py:634} INFO - 26/02/02 09:15:43 INFO OutputCommitCoordinator$OutputCommitCoordinatorEndpoint: OutputCommitCoordinator stopped!
[2026-02-02T09:15:43.566+0000] {spark_submit.py:634} INFO - 26/02/02 09:15:43 INFO SparkContext: Successfully stopped SparkContext
[2026-02-02T09:15:44.654+0000] {spark_submit.py:634} INFO - 26/02/02 09:15:44 INFO ShutdownHookManager: Shutdown hook called
[2026-02-02T09:15:44.658+0000] {spark_submit.py:634} INFO - 26/02/02 09:15:44 INFO ShutdownHookManager: Deleting directory /tmp/spark-b62aeb4e-8742-4461-ba3c-28277d768675/pyspark-505ef2dc-c198-421e-b939-39f73c604dc6
[2026-02-02T09:15:44.692+0000] {spark_submit.py:634} INFO - 26/02/02 09:15:44 INFO ShutdownHookManager: Deleting directory /tmp/spark-ccc62a9d-69d7-4f11-a94f-c56c520b2aba
[2026-02-02T09:15:44.740+0000] {spark_submit.py:634} INFO - 26/02/02 09:15:44 INFO ShutdownHookManager: Deleting directory /tmp/spark-b62aeb4e-8742-4461-ba3c-28277d768675
[2026-02-02T09:15:45.091+0000] {taskinstance.py:1138} INFO - Marking task as SUCCESS. dag_id=daily_order_analytics, task_id=run_batch_pipeline, execution_date=20260202T081845, start_date=20260202T091527, end_date=20260202T091545
[2026-02-02T09:15:45.281+0000] {local_task_job_runner.py:234} INFO - Task exited with return code 0
[2026-02-02T09:15:45.402+0000] {taskinstance.py:3280} INFO - 1 downstream tasks scheduled from follow-on schedule check
