[2026-02-02T08:40:07.799+0000] {taskinstance.py:1956} INFO - Dependencies all met for dep_context=non-requeueable deps ti=<TaskInstance: daily_order_analytics.run_batch_pipeline manual__2026-02-02T08:18:45.495002+00:00 [queued]>
[2026-02-02T08:40:07.806+0000] {taskinstance.py:1956} INFO - Dependencies all met for dep_context=requeueable deps ti=<TaskInstance: daily_order_analytics.run_batch_pipeline manual__2026-02-02T08:18:45.495002+00:00 [queued]>
[2026-02-02T08:40:07.806+0000] {taskinstance.py:2170} INFO - Starting attempt 6 of 6
[2026-02-02T08:40:07.819+0000] {taskinstance.py:2191} INFO - Executing <Task(SparkSubmitOperator): run_batch_pipeline> on 2026-02-02 08:18:45.495002+00:00
[2026-02-02T08:40:07.823+0000] {standard_task_runner.py:60} INFO - Started process 4036 to run task
[2026-02-02T08:40:07.831+0000] {standard_task_runner.py:87} INFO - Running: ['airflow', 'tasks', 'run', 'daily_order_analytics', 'run_batch_pipeline', 'manual__2026-02-02T08:18:45.495002+00:00', '--job-id', '19', '--raw', '--subdir', 'DAGS_FOLDER/daily_batch_dag.py', '--cfg-path', '/tmp/tmpym9_wcp_']
[2026-02-02T08:40:07.835+0000] {standard_task_runner.py:88} INFO - Job 19: Subtask run_batch_pipeline
[2026-02-02T08:40:07.890+0000] {task_command.py:423} INFO - Running <TaskInstance: daily_order_analytics.run_batch_pipeline manual__2026-02-02T08:18:45.495002+00:00 [running]> on host 4ba644d6f495
[2026-02-02T08:40:07.952+0000] {taskinstance.py:2480} INFO - Exporting env vars: AIRFLOW_CTX_DAG_OWNER='data-engineering' AIRFLOW_CTX_DAG_ID='daily_order_analytics' AIRFLOW_CTX_TASK_ID='run_batch_pipeline' AIRFLOW_CTX_EXECUTION_DATE='2026-02-02T08:18:45.495002+00:00' AIRFLOW_CTX_TRY_NUMBER='6' AIRFLOW_CTX_DAG_RUN_ID='manual__2026-02-02T08:18:45.495002+00:00'
[2026-02-02T08:40:07.960+0000] {base.py:83} INFO - Using connection ID 'spark_default' for task execution.
[2026-02-02T08:40:07.962+0000] {spark_submit.py:473} INFO - Spark-Submit cmd: spark-submit --master local --conf spark.jars.packages=org.***ql:***ql:42.7.1 --conf spark.driver.memory=2g --conf spark.executor.memory=2g --name arrow-spark /opt/airflow/dags/src/batch_pipeline.py 2026-02-02
[2026-02-02T08:40:08.011+0000] {spark_submit.py:634} INFO - /home/airflow/.local/lib/python3.11/site-packages/pyspark/bin/load-spark-env.sh: line 68: ps: command not found
[2026-02-02T08:40:09.067+0000] {spark_submit.py:634} INFO - :: loading settings :: url = jar:file:/home/airflow/.local/lib/python3.11/site-packages/pyspark/jars/ivy-2.5.1.jar!/org/apache/ivy/core/settings/ivysettings.xml
[2026-02-02T08:40:09.109+0000] {spark_submit.py:634} INFO - Ivy Default Cache set to: /home/airflow/.ivy2/cache
[2026-02-02T08:40:09.110+0000] {spark_submit.py:634} INFO - The jars for the packages stored in: /home/airflow/.ivy2/jars
[2026-02-02T08:40:09.112+0000] {spark_submit.py:634} INFO - org.***ql#***ql added as a dependency
[2026-02-02T08:40:09.114+0000] {spark_submit.py:634} INFO - :: resolving dependencies :: org.apache.spark#spark-submit-parent-3df5d0da-e2ec-45c9-9ae9-89438497cba4;1.0
[2026-02-02T08:40:09.114+0000] {spark_submit.py:634} INFO - confs: [default]
[2026-02-02T08:40:09.187+0000] {spark_submit.py:634} INFO - found org.***ql#***ql;42.7.1 in central
[2026-02-02T08:40:09.200+0000] {spark_submit.py:634} INFO - found org.checkerframework#checker-qual;3.41.0 in central
[2026-02-02T08:40:09.210+0000] {spark_submit.py:634} INFO - :: resolution report :: resolve 93ms :: artifacts dl 3ms
[2026-02-02T08:40:09.210+0000] {spark_submit.py:634} INFO - :: modules in use:
[2026-02-02T08:40:09.210+0000] {spark_submit.py:634} INFO - org.checkerframework#checker-qual;3.41.0 from central in [default]
[2026-02-02T08:40:09.210+0000] {spark_submit.py:634} INFO - org.***ql#***ql;42.7.1 from central in [default]
[2026-02-02T08:40:09.210+0000] {spark_submit.py:634} INFO - ---------------------------------------------------------------------
[2026-02-02T08:40:09.210+0000] {spark_submit.py:634} INFO - |                  |            modules            ||   artifacts   |
[2026-02-02T08:40:09.211+0000] {spark_submit.py:634} INFO - |       conf       | number| search|dwnlded|evicted|| number|dwnlded|
[2026-02-02T08:40:09.211+0000] {spark_submit.py:634} INFO - ---------------------------------------------------------------------
[2026-02-02T08:40:09.211+0000] {spark_submit.py:634} INFO - |      default     |   2   |   0   |   0   |   0   ||   2   |   0   |
[2026-02-02T08:40:09.211+0000] {spark_submit.py:634} INFO - ---------------------------------------------------------------------
[2026-02-02T08:40:09.212+0000] {spark_submit.py:634} INFO - :: retrieving :: org.apache.spark#spark-submit-parent-3df5d0da-e2ec-45c9-9ae9-89438497cba4
[2026-02-02T08:40:09.212+0000] {spark_submit.py:634} INFO - confs: [default]
[2026-02-02T08:40:09.215+0000] {spark_submit.py:634} INFO - 0 artifacts copied, 2 already retrieved (0kB/3ms)
[2026-02-02T08:40:09.385+0000] {spark_submit.py:634} INFO - 26/02/02 08:40:09 WARN NativeCodeLoader: Unable to load native-hadoop library for your platform... using builtin-java classes where applicable
[2026-02-02T08:40:10.045+0000] {spark_submit.py:634} INFO - 26/02/02 08:40:10 INFO SparkContext: Running Spark version 3.5.0
[2026-02-02T08:40:10.046+0000] {spark_submit.py:634} INFO - 26/02/02 08:40:10 INFO SparkContext: OS info Linux, 6.12.65-linuxkit, aarch64
[2026-02-02T08:40:10.046+0000] {spark_submit.py:634} INFO - 26/02/02 08:40:10 INFO SparkContext: Java version 17.0.18
[2026-02-02T08:40:10.061+0000] {spark_submit.py:634} INFO - 26/02/02 08:40:10 INFO ResourceUtils: ==============================================================
[2026-02-02T08:40:10.062+0000] {spark_submit.py:634} INFO - 26/02/02 08:40:10 INFO ResourceUtils: No custom resources configured for spark.driver.
[2026-02-02T08:40:10.062+0000] {spark_submit.py:634} INFO - 26/02/02 08:40:10 INFO ResourceUtils: ==============================================================
[2026-02-02T08:40:10.062+0000] {spark_submit.py:634} INFO - 26/02/02 08:40:10 INFO SparkContext: Submitted application: Daily_ETL_2026-02-02
[2026-02-02T08:40:10.077+0000] {spark_submit.py:634} INFO - 26/02/02 08:40:10 INFO ResourceProfile: Default ResourceProfile created, executor resources: Map(cores -> name: cores, amount: 1, script: , vendor: , memory -> name: memory, amount: 2048, script: , vendor: , offHeap -> name: offHeap, amount: 0, script: , vendor: ), task resources: Map(cpus -> name: cpus, amount: 1.0)
[2026-02-02T08:40:10.083+0000] {spark_submit.py:634} INFO - 26/02/02 08:40:10 INFO ResourceProfile: Limiting resource is cpu
[2026-02-02T08:40:10.084+0000] {spark_submit.py:634} INFO - 26/02/02 08:40:10 INFO ResourceProfileManager: Added ResourceProfile id: 0
[2026-02-02T08:40:10.119+0000] {spark_submit.py:634} INFO - 26/02/02 08:40:10 INFO SecurityManager: Changing view acls to: default
[2026-02-02T08:40:10.119+0000] {spark_submit.py:634} INFO - 26/02/02 08:40:10 INFO SecurityManager: Changing modify acls to: default
[2026-02-02T08:40:10.119+0000] {spark_submit.py:634} INFO - 26/02/02 08:40:10 INFO SecurityManager: Changing view acls groups to:
[2026-02-02T08:40:10.119+0000] {spark_submit.py:634} INFO - 26/02/02 08:40:10 INFO SecurityManager: Changing modify acls groups to:
[2026-02-02T08:40:10.119+0000] {spark_submit.py:634} INFO - 26/02/02 08:40:10 INFO SecurityManager: SecurityManager: authentication disabled; ui acls disabled; users with view permissions: default; groups with view permissions: EMPTY; users with modify permissions: default; groups with modify permissions: EMPTY
[2026-02-02T08:40:10.245+0000] {spark_submit.py:634} INFO - 26/02/02 08:40:10 INFO Utils: Successfully started service 'sparkDriver' on port 37193.
[2026-02-02T08:40:10.260+0000] {spark_submit.py:634} INFO - 26/02/02 08:40:10 INFO SparkEnv: Registering MapOutputTracker
[2026-02-02T08:40:10.287+0000] {spark_submit.py:634} INFO - 26/02/02 08:40:10 INFO SparkEnv: Registering BlockManagerMaster
[2026-02-02T08:40:10.303+0000] {spark_submit.py:634} INFO - 26/02/02 08:40:10 INFO BlockManagerMasterEndpoint: Using org.apache.spark.storage.DefaultTopologyMapper for getting topology information
[2026-02-02T08:40:10.304+0000] {spark_submit.py:634} INFO - 26/02/02 08:40:10 INFO BlockManagerMasterEndpoint: BlockManagerMasterEndpoint up
[2026-02-02T08:40:10.310+0000] {spark_submit.py:634} INFO - 26/02/02 08:40:10 INFO SparkEnv: Registering BlockManagerMasterHeartbeat
[2026-02-02T08:40:10.338+0000] {spark_submit.py:634} INFO - 26/02/02 08:40:10 INFO DiskBlockManager: Created local directory at /tmp/blockmgr-380d3170-3f03-4812-a8c8-7d2933090076
[2026-02-02T08:40:10.361+0000] {spark_submit.py:634} INFO - 26/02/02 08:40:10 INFO MemoryStore: MemoryStore started with capacity 1048.8 MiB
[2026-02-02T08:40:10.383+0000] {spark_submit.py:634} INFO - 26/02/02 08:40:10 INFO SparkEnv: Registering OutputCommitCoordinator
[2026-02-02T08:40:10.489+0000] {spark_submit.py:634} INFO - 26/02/02 08:40:10 INFO JettyUtils: Start Jetty 0.0.0.0:4040 for SparkUI
[2026-02-02T08:40:10.528+0000] {spark_submit.py:634} INFO - 26/02/02 08:40:10 INFO Utils: Successfully started service 'SparkUI' on port 4040.
[2026-02-02T08:40:10.553+0000] {spark_submit.py:634} INFO - 26/02/02 08:40:10 INFO SparkContext: Added JAR file:///home/airflow/.ivy2/jars/org.***ql_***ql-42.7.1.jar at spark://4ba644d6f495:37193/jars/org.***ql_***ql-42.7.1.jar with timestamp 1770021610038
[2026-02-02T08:40:10.553+0000] {spark_submit.py:634} INFO - 26/02/02 08:40:10 INFO SparkContext: Added JAR file:///home/airflow/.ivy2/jars/org.checkerframework_checker-qual-3.41.0.jar at spark://4ba644d6f495:37193/jars/org.checkerframework_checker-qual-3.41.0.jar with timestamp 1770021610038
[2026-02-02T08:40:10.556+0000] {spark_submit.py:634} INFO - 26/02/02 08:40:10 INFO SparkContext: Added file file:///home/airflow/.ivy2/jars/org.***ql_***ql-42.7.1.jar at file:///home/airflow/.ivy2/jars/org.***ql_***ql-42.7.1.jar with timestamp 1770021610038
[2026-02-02T08:40:10.556+0000] {spark_submit.py:634} INFO - 26/02/02 08:40:10 INFO Utils: Copying /home/airflow/.ivy2/jars/org.***ql_***ql-42.7.1.jar to /tmp/spark-ffe09281-056c-4f5a-8ba5-c719170c868b/userFiles-1c861a05-8ca7-49bf-9920-f1c7896a9d67/org.***ql_***ql-42.7.1.jar
[2026-02-02T08:40:10.573+0000] {spark_submit.py:634} INFO - 26/02/02 08:40:10 INFO SparkContext: Added file file:///home/airflow/.ivy2/jars/org.checkerframework_checker-qual-3.41.0.jar at file:///home/airflow/.ivy2/jars/org.checkerframework_checker-qual-3.41.0.jar with timestamp 1770021610038
[2026-02-02T08:40:10.574+0000] {spark_submit.py:634} INFO - 26/02/02 08:40:10 INFO Utils: Copying /home/airflow/.ivy2/jars/org.checkerframework_checker-qual-3.41.0.jar to /tmp/spark-ffe09281-056c-4f5a-8ba5-c719170c868b/userFiles-1c861a05-8ca7-49bf-9920-f1c7896a9d67/org.checkerframework_checker-qual-3.41.0.jar
[2026-02-02T08:40:10.622+0000] {spark_submit.py:634} INFO - 26/02/02 08:40:10 INFO Executor: Starting executor ID driver on host 4ba644d6f495
[2026-02-02T08:40:10.622+0000] {spark_submit.py:634} INFO - 26/02/02 08:40:10 INFO Executor: OS info Linux, 6.12.65-linuxkit, aarch64
[2026-02-02T08:40:10.623+0000] {spark_submit.py:634} INFO - 26/02/02 08:40:10 INFO Executor: Java version 17.0.18
[2026-02-02T08:40:10.626+0000] {spark_submit.py:634} INFO - 26/02/02 08:40:10 INFO Executor: Starting executor with user classpath (userClassPathFirst = false): ''
[2026-02-02T08:40:10.626+0000] {spark_submit.py:634} INFO - 26/02/02 08:40:10 INFO Executor: Created or updated repl class loader org.apache.spark.util.MutableURLClassLoader@a4283 for default.
[2026-02-02T08:40:10.632+0000] {spark_submit.py:634} INFO - 26/02/02 08:40:10 INFO Executor: Fetching file:///home/airflow/.ivy2/jars/org.***ql_***ql-42.7.1.jar with timestamp 1770021610038
[2026-02-02T08:40:10.644+0000] {spark_submit.py:634} INFO - 26/02/02 08:40:10 INFO Utils: /home/airflow/.ivy2/jars/org.***ql_***ql-42.7.1.jar has been previously copied to /tmp/spark-ffe09281-056c-4f5a-8ba5-c719170c868b/userFiles-1c861a05-8ca7-49bf-9920-f1c7896a9d67/org.***ql_***ql-42.7.1.jar
[2026-02-02T08:40:10.650+0000] {spark_submit.py:634} INFO - 26/02/02 08:40:10 INFO Executor: Fetching file:///home/airflow/.ivy2/jars/org.checkerframework_checker-qual-3.41.0.jar with timestamp 1770021610038
[2026-02-02T08:40:10.651+0000] {spark_submit.py:634} INFO - 26/02/02 08:40:10 INFO Utils: /home/airflow/.ivy2/jars/org.checkerframework_checker-qual-3.41.0.jar has been previously copied to /tmp/spark-ffe09281-056c-4f5a-8ba5-c719170c868b/userFiles-1c861a05-8ca7-49bf-9920-f1c7896a9d67/org.checkerframework_checker-qual-3.41.0.jar
[2026-02-02T08:40:10.665+0000] {spark_submit.py:634} INFO - 26/02/02 08:40:10 INFO Executor: Fetching spark://4ba644d6f495:37193/jars/org.***ql_***ql-42.7.1.jar with timestamp 1770021610038
[2026-02-02T08:40:10.687+0000] {spark_submit.py:634} INFO - 26/02/02 08:40:10 INFO TransportClientFactory: Successfully created connection to 4ba644d6f495/172.18.0.6:37193 after 15 ms (0 ms spent in bootstraps)
[2026-02-02T08:40:10.691+0000] {spark_submit.py:634} INFO - 26/02/02 08:40:10 INFO Utils: Fetching spark://4ba644d6f495:37193/jars/org.***ql_***ql-42.7.1.jar to /tmp/spark-ffe09281-056c-4f5a-8ba5-c719170c868b/userFiles-1c861a05-8ca7-49bf-9920-f1c7896a9d67/fetchFileTemp10673278053740752290.tmp
[2026-02-02T08:40:10.718+0000] {spark_submit.py:634} INFO - 26/02/02 08:40:10 INFO Utils: /tmp/spark-ffe09281-056c-4f5a-8ba5-c719170c868b/userFiles-1c861a05-8ca7-49bf-9920-f1c7896a9d67/fetchFileTemp10673278053740752290.tmp has been previously copied to /tmp/spark-ffe09281-056c-4f5a-8ba5-c719170c868b/userFiles-1c861a05-8ca7-49bf-9920-f1c7896a9d67/org.***ql_***ql-42.7.1.jar
[2026-02-02T08:40:10.727+0000] {spark_submit.py:634} INFO - 26/02/02 08:40:10 INFO Executor: Adding file:/tmp/spark-ffe09281-056c-4f5a-8ba5-c719170c868b/userFiles-1c861a05-8ca7-49bf-9920-f1c7896a9d67/org.***ql_***ql-42.7.1.jar to class loader default
[2026-02-02T08:40:10.728+0000] {spark_submit.py:634} INFO - 26/02/02 08:40:10 INFO Executor: Fetching spark://4ba644d6f495:37193/jars/org.checkerframework_checker-qual-3.41.0.jar with timestamp 1770021610038
[2026-02-02T08:40:10.728+0000] {spark_submit.py:634} INFO - 26/02/02 08:40:10 INFO Utils: Fetching spark://4ba644d6f495:37193/jars/org.checkerframework_checker-qual-3.41.0.jar to /tmp/spark-ffe09281-056c-4f5a-8ba5-c719170c868b/userFiles-1c861a05-8ca7-49bf-9920-f1c7896a9d67/fetchFileTemp5836385873344105499.tmp
[2026-02-02T08:40:10.731+0000] {spark_submit.py:634} INFO - 26/02/02 08:40:10 INFO Utils: /tmp/spark-ffe09281-056c-4f5a-8ba5-c719170c868b/userFiles-1c861a05-8ca7-49bf-9920-f1c7896a9d67/fetchFileTemp5836385873344105499.tmp has been previously copied to /tmp/spark-ffe09281-056c-4f5a-8ba5-c719170c868b/userFiles-1c861a05-8ca7-49bf-9920-f1c7896a9d67/org.checkerframework_checker-qual-3.41.0.jar
[2026-02-02T08:40:10.739+0000] {spark_submit.py:634} INFO - 26/02/02 08:40:10 INFO Executor: Adding file:/tmp/spark-ffe09281-056c-4f5a-8ba5-c719170c868b/userFiles-1c861a05-8ca7-49bf-9920-f1c7896a9d67/org.checkerframework_checker-qual-3.41.0.jar to class loader default
[2026-02-02T08:40:10.744+0000] {spark_submit.py:634} INFO - 26/02/02 08:40:10 INFO Utils: Successfully started service 'org.apache.spark.network.netty.NettyBlockTransferService' on port 43457.
[2026-02-02T08:40:10.744+0000] {spark_submit.py:634} INFO - 26/02/02 08:40:10 INFO NettyBlockTransferService: Server created on 4ba644d6f495:43457
[2026-02-02T08:40:10.745+0000] {spark_submit.py:634} INFO - 26/02/02 08:40:10 INFO BlockManager: Using org.apache.spark.storage.RandomBlockReplicationPolicy for block replication policy
[2026-02-02T08:40:10.750+0000] {spark_submit.py:634} INFO - 26/02/02 08:40:10 INFO BlockManagerMaster: Registering BlockManager BlockManagerId(driver, 4ba644d6f495, 43457, None)
[2026-02-02T08:40:10.753+0000] {spark_submit.py:634} INFO - 26/02/02 08:40:10 INFO BlockManagerMasterEndpoint: Registering block manager 4ba644d6f495:43457 with 1048.8 MiB RAM, BlockManagerId(driver, 4ba644d6f495, 43457, None)
[2026-02-02T08:40:10.754+0000] {spark_submit.py:634} INFO - 26/02/02 08:40:10 INFO BlockManagerMaster: Registered BlockManager BlockManagerId(driver, 4ba644d6f495, 43457, None)
[2026-02-02T08:40:10.755+0000] {spark_submit.py:634} INFO - 26/02/02 08:40:10 INFO BlockManager: Initialized BlockManager: BlockManagerId(driver, 4ba644d6f495, 43457, None)
[2026-02-02T08:40:10.970+0000] {spark_submit.py:634} INFO - DEBUG: Processing data for 2026-02-02
[2026-02-02T08:40:10.973+0000] {spark_submit.py:634} INFO - 26/02/02 08:40:10 INFO SharedState: Setting hive.metastore.warehouse.dir ('null') to the value of spark.sql.warehouse.dir.
[2026-02-02T08:40:10.975+0000] {spark_submit.py:634} INFO - 26/02/02 08:40:10 INFO SharedState: Warehouse path is 'file:/opt/airflow/spark-warehouse'.
[2026-02-02T08:40:11.623+0000] {spark_submit.py:634} INFO - Traceback (most recent call last):
[2026-02-02T08:40:11.624+0000] {spark_submit.py:634} INFO - File "/opt/airflow/dags/src/batch_pipeline.py", line 86, in <module>
[2026-02-02T08:40:11.624+0000] {spark_submit.py:634} INFO - run_etl(dt)
[2026-02-02T08:40:11.625+0000] {spark_submit.py:634} INFO - File "/opt/airflow/dags/src/batch_pipeline.py", line 21, in run_etl
[2026-02-02T08:40:11.625+0000] {spark_submit.py:634} INFO - products_df = spark.read.jdbc(jdbc_url, "products", properties=db_props)
[2026-02-02T08:40:11.625+0000] {spark_submit.py:634} INFO - ^^^^^^^^^^^^^^^^^^^^^^^^^^^^^^^^^^^^^^^^^^^^^^^^^^^^^^^^^^
[2026-02-02T08:40:11.625+0000] {spark_submit.py:634} INFO - File "/home/airflow/.local/lib/python3.11/site-packages/pyspark/python/lib/pyspark.zip/pyspark/sql/readwriter.py", line 946, in jdbc
[2026-02-02T08:40:11.625+0000] {spark_submit.py:634} INFO - File "/home/airflow/.local/lib/python3.11/site-packages/pyspark/python/lib/py4j-0.10.9.7-src.zip/py4j/java_gateway.py", line 1322, in __call__
[2026-02-02T08:40:11.625+0000] {spark_submit.py:634} INFO - File "/home/airflow/.local/lib/python3.11/site-packages/pyspark/python/lib/pyspark.zip/pyspark/errors/exceptions/captured.py", line 179, in deco
[2026-02-02T08:40:11.625+0000] {spark_submit.py:634} INFO - File "/home/airflow/.local/lib/python3.11/site-packages/pyspark/python/lib/py4j-0.10.9.7-src.zip/py4j/protocol.py", line 326, in get_return_value
[2026-02-02T08:40:11.626+0000] {spark_submit.py:634} INFO - py4j.protocol.Py4JJavaError: An error occurred while calling o31.jdbc.
[2026-02-02T08:40:11.626+0000] {spark_submit.py:634} INFO - : org.***ql.util.PSQLException: The server requested SCRAM-based authentication, but the password is an empty string.
[2026-02-02T08:40:11.626+0000] {spark_submit.py:634} INFO - at org.***ql.core.v3.ConnectionFactoryImpl.lambda$doAuthentication$4(ConnectionFactoryImpl.java:844)
[2026-02-02T08:40:11.627+0000] {spark_submit.py:634} INFO - at org.***ql.core.v3.AuthenticationPluginManager.withPassword(AuthenticationPluginManager.java:81)
[2026-02-02T08:40:11.627+0000] {spark_submit.py:634} INFO - at org.***ql.core.v3.ConnectionFactoryImpl.doAuthentication(ConnectionFactoryImpl.java:835)
[2026-02-02T08:40:11.628+0000] {spark_submit.py:634} INFO - at org.***ql.core.v3.ConnectionFactoryImpl.tryConnect(ConnectionFactoryImpl.java:203)
[2026-02-02T08:40:11.628+0000] {spark_submit.py:634} INFO - at org.***ql.core.v3.ConnectionFactoryImpl.openConnectionImpl(ConnectionFactoryImpl.java:258)
[2026-02-02T08:40:11.629+0000] {spark_submit.py:634} INFO - at org.***ql.core.ConnectionFactory.openConnection(ConnectionFactory.java:54)
[2026-02-02T08:40:11.629+0000] {spark_submit.py:634} INFO - at org.***ql.jdbc.PgConnection.<init>(PgConnection.java:263)
[2026-02-02T08:40:11.629+0000] {spark_submit.py:634} INFO - at org.***ql.Driver.makeConnection(Driver.java:444)
[2026-02-02T08:40:11.629+0000] {spark_submit.py:634} INFO - at org.***ql.Driver.connect(Driver.java:297)
[2026-02-02T08:40:11.629+0000] {spark_submit.py:634} INFO - at org.apache.spark.sql.execution.datasources.jdbc.connection.BasicConnectionProvider.getConnection(BasicConnectionProvider.scala:49)
[2026-02-02T08:40:11.630+0000] {spark_submit.py:634} INFO - at org.apache.spark.sql.execution.datasources.jdbc.connection.ConnectionProviderBase.create(ConnectionProvider.scala:102)
[2026-02-02T08:40:11.630+0000] {spark_submit.py:634} INFO - at org.apache.spark.sql.jdbc.JdbcDialect.$anonfun$createConnectionFactory$1(JdbcDialects.scala:160)
[2026-02-02T08:40:11.631+0000] {spark_submit.py:634} INFO - at org.apache.spark.sql.jdbc.JdbcDialect.$anonfun$createConnectionFactory$1$adapted(JdbcDialects.scala:156)
[2026-02-02T08:40:11.631+0000] {spark_submit.py:634} INFO - at org.apache.spark.sql.execution.datasources.jdbc.JDBCRDD$.getQueryOutputSchema(JDBCRDD.scala:63)
[2026-02-02T08:40:11.631+0000] {spark_submit.py:634} INFO - at org.apache.spark.sql.execution.datasources.jdbc.JDBCRDD$.resolveTable(JDBCRDD.scala:58)
[2026-02-02T08:40:11.631+0000] {spark_submit.py:634} INFO - at org.apache.spark.sql.execution.datasources.jdbc.JDBCRelation$.getSchema(JDBCRelation.scala:241)
[2026-02-02T08:40:11.631+0000] {spark_submit.py:634} INFO - at org.apache.spark.sql.execution.datasources.jdbc.JdbcRelationProvider.createRelation(JdbcRelationProvider.scala:37)
[2026-02-02T08:40:11.632+0000] {spark_submit.py:634} INFO - at org.apache.spark.sql.execution.datasources.DataSource.resolveRelation(DataSource.scala:346)
[2026-02-02T08:40:11.632+0000] {spark_submit.py:634} INFO - at org.apache.spark.sql.DataFrameReader.loadV1Source(DataFrameReader.scala:229)
[2026-02-02T08:40:11.632+0000] {spark_submit.py:634} INFO - at org.apache.spark.sql.DataFrameReader.$anonfun$load$2(DataFrameReader.scala:211)
[2026-02-02T08:40:11.632+0000] {spark_submit.py:634} INFO - at scala.Option.getOrElse(Option.scala:189)
[2026-02-02T08:40:11.632+0000] {spark_submit.py:634} INFO - at org.apache.spark.sql.DataFrameReader.load(DataFrameReader.scala:211)
[2026-02-02T08:40:11.632+0000] {spark_submit.py:634} INFO - at org.apache.spark.sql.DataFrameReader.load(DataFrameReader.scala:172)
[2026-02-02T08:40:11.632+0000] {spark_submit.py:634} INFO - at org.apache.spark.sql.DataFrameReader.jdbc(DataFrameReader.scala:249)
[2026-02-02T08:40:11.632+0000] {spark_submit.py:634} INFO - at java.base/jdk.internal.reflect.NativeMethodAccessorImpl.invoke0(Native Method)
[2026-02-02T08:40:11.633+0000] {spark_submit.py:634} INFO - at java.base/jdk.internal.reflect.NativeMethodAccessorImpl.invoke(NativeMethodAccessorImpl.java:77)
[2026-02-02T08:40:11.633+0000] {spark_submit.py:634} INFO - at java.base/jdk.internal.reflect.DelegatingMethodAccessorImpl.invoke(DelegatingMethodAccessorImpl.java:43)
[2026-02-02T08:40:11.633+0000] {spark_submit.py:634} INFO - at java.base/java.lang.reflect.Method.invoke(Method.java:569)
[2026-02-02T08:40:11.633+0000] {spark_submit.py:634} INFO - at py4j.reflection.MethodInvoker.invoke(MethodInvoker.java:244)
[2026-02-02T08:40:11.634+0000] {spark_submit.py:634} INFO - at py4j.reflection.ReflectionEngine.invoke(ReflectionEngine.java:374)
[2026-02-02T08:40:11.634+0000] {spark_submit.py:634} INFO - at py4j.Gateway.invoke(Gateway.java:282)
[2026-02-02T08:40:11.634+0000] {spark_submit.py:634} INFO - at py4j.commands.AbstractCommand.invokeMethod(AbstractCommand.java:132)
[2026-02-02T08:40:11.634+0000] {spark_submit.py:634} INFO - at py4j.commands.CallCommand.execute(CallCommand.java:79)
[2026-02-02T08:40:11.634+0000] {spark_submit.py:634} INFO - at py4j.ClientServerConnection.waitForCommands(ClientServerConnection.java:182)
[2026-02-02T08:40:11.634+0000] {spark_submit.py:634} INFO - at py4j.ClientServerConnection.run(ClientServerConnection.java:106)
[2026-02-02T08:40:11.634+0000] {spark_submit.py:634} INFO - at java.base/java.lang.Thread.run(Thread.java:840)
[2026-02-02T08:40:11.634+0000] {spark_submit.py:634} INFO - 
[2026-02-02T08:40:11.705+0000] {spark_submit.py:634} INFO - 26/02/02 08:40:11 INFO SparkContext: Invoking stop() from shutdown hook
[2026-02-02T08:40:11.705+0000] {spark_submit.py:634} INFO - 26/02/02 08:40:11 INFO SparkContext: SparkContext is stopping with exitCode 0.
[2026-02-02T08:40:11.717+0000] {spark_submit.py:634} INFO - 26/02/02 08:40:11 INFO SparkUI: Stopped Spark web UI at http://4ba644d6f495:4040
[2026-02-02T08:40:11.727+0000] {spark_submit.py:634} INFO - 26/02/02 08:40:11 INFO MapOutputTrackerMasterEndpoint: MapOutputTrackerMasterEndpoint stopped!
[2026-02-02T08:40:11.747+0000] {spark_submit.py:634} INFO - 26/02/02 08:40:11 INFO MemoryStore: MemoryStore cleared
[2026-02-02T08:40:11.747+0000] {spark_submit.py:634} INFO - 26/02/02 08:40:11 INFO BlockManager: BlockManager stopped
[2026-02-02T08:40:11.753+0000] {spark_submit.py:634} INFO - 26/02/02 08:40:11 INFO BlockManagerMaster: BlockManagerMaster stopped
[2026-02-02T08:40:11.757+0000] {spark_submit.py:634} INFO - 26/02/02 08:40:11 INFO OutputCommitCoordinator$OutputCommitCoordinatorEndpoint: OutputCommitCoordinator stopped!
[2026-02-02T08:40:11.771+0000] {spark_submit.py:634} INFO - 26/02/02 08:40:11 INFO SparkContext: Successfully stopped SparkContext
[2026-02-02T08:40:11.772+0000] {spark_submit.py:634} INFO - 26/02/02 08:40:11 INFO ShutdownHookManager: Shutdown hook called
[2026-02-02T08:40:11.772+0000] {spark_submit.py:634} INFO - 26/02/02 08:40:11 INFO ShutdownHookManager: Deleting directory /tmp/spark-99dbe614-0c81-4fd1-b8d4-02b6a4cb4358
[2026-02-02T08:40:11.780+0000] {spark_submit.py:634} INFO - 26/02/02 08:40:11 INFO ShutdownHookManager: Deleting directory /tmp/spark-ffe09281-056c-4f5a-8ba5-c719170c868b/pyspark-88eb86c2-957d-4704-a1c9-c145f3f77275
[2026-02-02T08:40:11.785+0000] {spark_submit.py:634} INFO - 26/02/02 08:40:11 INFO ShutdownHookManager: Deleting directory /tmp/spark-ffe09281-056c-4f5a-8ba5-c719170c868b
[2026-02-02T08:40:11.868+0000] {taskinstance.py:2698} ERROR - Task failed with exception
Traceback (most recent call last):
  File "/home/airflow/.local/lib/python3.11/site-packages/airflow/models/taskinstance.py", line 433, in _execute_task
    result = execute_callable(context=context, **execute_callable_kwargs)
             ^^^^^^^^^^^^^^^^^^^^^^^^^^^^^^^^^^^^^^^^^^^^^^^^^^^^^^^^^^^^
  File "/home/airflow/.local/lib/python3.11/site-packages/airflow/providers/apache/spark/operators/spark_submit.py", line 176, in execute
    self._hook.submit(self.application)
  File "/home/airflow/.local/lib/python3.11/site-packages/airflow/providers/apache/spark/hooks/spark_submit.py", line 560, in submit
    raise AirflowException(
airflow.exceptions.AirflowException: Cannot execute: spark-submit --master local --conf spark.jars.packages=org.***ql:***ql:42.7.1 --conf spark.driver.memory=2g --conf spark.executor.memory=2g --name arrow-spark /opt/airflow/dags/src/batch_pipeline.py 2026-02-02. Error code is: 1.
[2026-02-02T08:40:11.874+0000] {taskinstance.py:1138} INFO - Marking task as FAILED. dag_id=daily_order_analytics, task_id=run_batch_pipeline, execution_date=20260202T081845, start_date=20260202T084007, end_date=20260202T084011
[2026-02-02T08:40:11.896+0000] {standard_task_runner.py:107} ERROR - Failed to execute job 19 for task run_batch_pipeline (Cannot execute: spark-submit --master local --conf spark.jars.packages=org.***ql:***ql:42.7.1 --conf spark.driver.memory=2g --conf spark.executor.memory=2g --name arrow-spark /opt/airflow/dags/src/batch_pipeline.py 2026-02-02. Error code is: 1.; 4036)
[2026-02-02T08:40:11.940+0000] {local_task_job_runner.py:234} INFO - Task exited with return code 1
[2026-02-02T08:40:11.985+0000] {taskinstance.py:3280} INFO - 0 downstream tasks scheduled from follow-on schedule check
