[2026-02-02T08:49:58.916+0000] {taskinstance.py:1956} INFO - Dependencies all met for dep_context=non-requeueable deps ti=<TaskInstance: daily_order_analytics.run_batch_pipeline manual__2026-02-02T08:18:45.495002+00:00 [queued]>
[2026-02-02T08:49:58.922+0000] {taskinstance.py:1956} INFO - Dependencies all met for dep_context=requeueable deps ti=<TaskInstance: daily_order_analytics.run_batch_pipeline manual__2026-02-02T08:18:45.495002+00:00 [queued]>
[2026-02-02T08:49:58.922+0000] {taskinstance.py:2170} INFO - Starting attempt 8 of 10
[2026-02-02T08:49:58.932+0000] {taskinstance.py:2191} INFO - Executing <Task(SparkSubmitOperator): run_batch_pipeline> on 2026-02-02 08:18:45.495002+00:00
[2026-02-02T08:49:58.939+0000] {standard_task_runner.py:60} INFO - Started process 4545 to run task
[2026-02-02T08:49:58.945+0000] {standard_task_runner.py:87} INFO - Running: ['airflow', 'tasks', 'run', 'daily_order_analytics', 'run_batch_pipeline', 'manual__2026-02-02T08:18:45.495002+00:00', '--job-id', '23', '--raw', '--subdir', 'DAGS_FOLDER/daily_batch_dag.py', '--cfg-path', '/tmp/tmpjzqnknej']
[2026-02-02T08:49:58.947+0000] {standard_task_runner.py:88} INFO - Job 23: Subtask run_batch_pipeline
[2026-02-02T08:49:59.013+0000] {task_command.py:423} INFO - Running <TaskInstance: daily_order_analytics.run_batch_pipeline manual__2026-02-02T08:18:45.495002+00:00 [running]> on host 4ba644d6f495
[2026-02-02T08:49:59.083+0000] {taskinstance.py:2480} INFO - Exporting env vars: AIRFLOW_CTX_DAG_OWNER='data-engineering' AIRFLOW_CTX_DAG_ID='daily_order_analytics' AIRFLOW_CTX_TASK_ID='run_batch_pipeline' AIRFLOW_CTX_EXECUTION_DATE='2026-02-02T08:18:45.495002+00:00' AIRFLOW_CTX_TRY_NUMBER='8' AIRFLOW_CTX_DAG_RUN_ID='manual__2026-02-02T08:18:45.495002+00:00'
[2026-02-02T08:49:59.100+0000] {base.py:83} INFO - Using connection ID 'spark_default' for task execution.
[2026-02-02T08:49:59.101+0000] {spark_submit.py:473} INFO - Spark-Submit cmd: spark-submit --master local --conf spark.jars.packages=org.***ql:***ql:42.7.1 --conf spark.driver.memory=2g --conf spark.executor.memory=2g --name arrow-spark /opt/airflow/dags/src/batch_pipeline.py 2026-02-02
[2026-02-02T08:49:59.198+0000] {spark_submit.py:634} INFO - /home/airflow/.local/lib/python3.11/site-packages/pyspark/bin/load-spark-env.sh: line 68: ps: command not found
[2026-02-02T08:50:00.767+0000] {spark_submit.py:634} INFO - :: loading settings :: url = jar:file:/home/airflow/.local/lib/python3.11/site-packages/pyspark/jars/ivy-2.5.1.jar!/org/apache/ivy/core/settings/ivysettings.xml
[2026-02-02T08:50:00.919+0000] {spark_submit.py:634} INFO - Ivy Default Cache set to: /home/airflow/.ivy2/cache
[2026-02-02T08:50:00.922+0000] {spark_submit.py:634} INFO - The jars for the packages stored in: /home/airflow/.ivy2/jars
[2026-02-02T08:50:00.965+0000] {spark_submit.py:634} INFO - org.***ql#***ql added as a dependency
[2026-02-02T08:50:00.968+0000] {spark_submit.py:634} INFO - :: resolving dependencies :: org.apache.spark#spark-submit-parent-1b4f90e1-e6ef-45fa-bd76-8ea5b5b3373b;1.0
[2026-02-02T08:50:00.970+0000] {spark_submit.py:634} INFO - confs: [default]
[2026-02-02T08:50:01.266+0000] {spark_submit.py:634} INFO - found org.***ql#***ql;42.7.1 in central
[2026-02-02T08:50:01.290+0000] {spark_submit.py:634} INFO - found org.checkerframework#checker-qual;3.41.0 in central
[2026-02-02T08:50:01.311+0000] {spark_submit.py:634} INFO - :: resolution report :: resolve 337ms :: artifacts dl 6ms
[2026-02-02T08:50:01.313+0000] {spark_submit.py:634} INFO - :: modules in use:
[2026-02-02T08:50:01.314+0000] {spark_submit.py:634} INFO - org.checkerframework#checker-qual;3.41.0 from central in [default]
[2026-02-02T08:50:01.314+0000] {spark_submit.py:634} INFO - org.***ql#***ql;42.7.1 from central in [default]
[2026-02-02T08:50:01.314+0000] {spark_submit.py:634} INFO - ---------------------------------------------------------------------
[2026-02-02T08:50:01.314+0000] {spark_submit.py:634} INFO - |                  |            modules            ||   artifacts   |
[2026-02-02T08:50:01.315+0000] {spark_submit.py:634} INFO - |       conf       | number| search|dwnlded|evicted|| number|dwnlded|
[2026-02-02T08:50:01.316+0000] {spark_submit.py:634} INFO - ---------------------------------------------------------------------
[2026-02-02T08:50:01.318+0000] {spark_submit.py:634} INFO - |      default     |   2   |   0   |   0   |   0   ||   2   |   0   |
[2026-02-02T08:50:01.318+0000] {spark_submit.py:634} INFO - ---------------------------------------------------------------------
[2026-02-02T08:50:01.320+0000] {spark_submit.py:634} INFO - :: retrieving :: org.apache.spark#spark-submit-parent-1b4f90e1-e6ef-45fa-bd76-8ea5b5b3373b
[2026-02-02T08:50:01.321+0000] {spark_submit.py:634} INFO - confs: [default]
[2026-02-02T08:50:01.324+0000] {spark_submit.py:634} INFO - 0 artifacts copied, 2 already retrieved (0kB/4ms)
[2026-02-02T08:50:01.602+0000] {spark_submit.py:634} INFO - 26/02/02 08:50:01 WARN NativeCodeLoader: Unable to load native-hadoop library for your platform... using builtin-java classes where applicable
[2026-02-02T08:50:02.982+0000] {spark_submit.py:634} INFO - 26/02/02 08:50:02 INFO SparkContext: Running Spark version 3.5.0
[2026-02-02T08:50:02.985+0000] {spark_submit.py:634} INFO - 26/02/02 08:50:02 INFO SparkContext: OS info Linux, 6.12.65-linuxkit, aarch64
[2026-02-02T08:50:02.985+0000] {spark_submit.py:634} INFO - 26/02/02 08:50:02 INFO SparkContext: Java version 17.0.18
[2026-02-02T08:50:03.001+0000] {spark_submit.py:634} INFO - 26/02/02 08:50:03 INFO ResourceUtils: ==============================================================
[2026-02-02T08:50:03.001+0000] {spark_submit.py:634} INFO - 26/02/02 08:50:03 INFO ResourceUtils: No custom resources configured for spark.driver.
[2026-02-02T08:50:03.001+0000] {spark_submit.py:634} INFO - 26/02/02 08:50:03 INFO ResourceUtils: ==============================================================
[2026-02-02T08:50:03.002+0000] {spark_submit.py:634} INFO - 26/02/02 08:50:03 INFO SparkContext: Submitted application: Daily_ETL_2026-02-02
[2026-02-02T08:50:03.040+0000] {spark_submit.py:634} INFO - 26/02/02 08:50:03 INFO ResourceProfile: Default ResourceProfile created, executor resources: Map(cores -> name: cores, amount: 1, script: , vendor: , memory -> name: memory, amount: 2048, script: , vendor: , offHeap -> name: offHeap, amount: 0, script: , vendor: ), task resources: Map(cpus -> name: cpus, amount: 1.0)
[2026-02-02T08:50:03.046+0000] {spark_submit.py:634} INFO - 26/02/02 08:50:03 INFO ResourceProfile: Limiting resource is cpu
[2026-02-02T08:50:03.047+0000] {spark_submit.py:634} INFO - 26/02/02 08:50:03 INFO ResourceProfileManager: Added ResourceProfile id: 0
[2026-02-02T08:50:03.090+0000] {spark_submit.py:634} INFO - 26/02/02 08:50:03 INFO SecurityManager: Changing view acls to: default
[2026-02-02T08:50:03.090+0000] {spark_submit.py:634} INFO - 26/02/02 08:50:03 INFO SecurityManager: Changing modify acls to: default
[2026-02-02T08:50:03.090+0000] {spark_submit.py:634} INFO - 26/02/02 08:50:03 INFO SecurityManager: Changing view acls groups to:
[2026-02-02T08:50:03.090+0000] {spark_submit.py:634} INFO - 26/02/02 08:50:03 INFO SecurityManager: Changing modify acls groups to:
[2026-02-02T08:50:03.091+0000] {spark_submit.py:634} INFO - 26/02/02 08:50:03 INFO SecurityManager: SecurityManager: authentication disabled; ui acls disabled; users with view permissions: default; groups with view permissions: EMPTY; users with modify permissions: default; groups with modify permissions: EMPTY
[2026-02-02T08:50:03.271+0000] {spark_submit.py:634} INFO - 26/02/02 08:50:03 INFO Utils: Successfully started service 'sparkDriver' on port 35269.
[2026-02-02T08:50:03.290+0000] {spark_submit.py:634} INFO - 26/02/02 08:50:03 INFO SparkEnv: Registering MapOutputTracker
[2026-02-02T08:50:03.315+0000] {spark_submit.py:634} INFO - 26/02/02 08:50:03 INFO SparkEnv: Registering BlockManagerMaster
[2026-02-02T08:50:03.336+0000] {spark_submit.py:634} INFO - 26/02/02 08:50:03 INFO BlockManagerMasterEndpoint: Using org.apache.spark.storage.DefaultTopologyMapper for getting topology information
[2026-02-02T08:50:03.336+0000] {spark_submit.py:634} INFO - 26/02/02 08:50:03 INFO BlockManagerMasterEndpoint: BlockManagerMasterEndpoint up
[2026-02-02T08:50:03.339+0000] {spark_submit.py:634} INFO - 26/02/02 08:50:03 INFO SparkEnv: Registering BlockManagerMasterHeartbeat
[2026-02-02T08:50:03.355+0000] {spark_submit.py:634} INFO - 26/02/02 08:50:03 INFO DiskBlockManager: Created local directory at /tmp/blockmgr-0da0a9f8-d9a0-41b2-8b16-0dabd93c0d68
[2026-02-02T08:50:03.363+0000] {spark_submit.py:634} INFO - 26/02/02 08:50:03 INFO MemoryStore: MemoryStore started with capacity 1048.8 MiB
[2026-02-02T08:50:03.374+0000] {spark_submit.py:634} INFO - 26/02/02 08:50:03 INFO SparkEnv: Registering OutputCommitCoordinator
[2026-02-02T08:50:03.510+0000] {spark_submit.py:634} INFO - 26/02/02 08:50:03 INFO JettyUtils: Start Jetty 0.0.0.0:4040 for SparkUI
[2026-02-02T08:50:03.573+0000] {spark_submit.py:634} INFO - 26/02/02 08:50:03 INFO Utils: Successfully started service 'SparkUI' on port 4040.
[2026-02-02T08:50:03.607+0000] {spark_submit.py:634} INFO - 26/02/02 08:50:03 INFO SparkContext: Added JAR file:///home/airflow/.ivy2/jars/org.***ql_***ql-42.7.1.jar at spark://4ba644d6f495:35269/jars/org.***ql_***ql-42.7.1.jar with timestamp 1770022202972
[2026-02-02T08:50:03.608+0000] {spark_submit.py:634} INFO - 26/02/02 08:50:03 INFO SparkContext: Added JAR file:///home/airflow/.ivy2/jars/org.checkerframework_checker-qual-3.41.0.jar at spark://4ba644d6f495:35269/jars/org.checkerframework_checker-qual-3.41.0.jar with timestamp 1770022202972
[2026-02-02T08:50:03.610+0000] {spark_submit.py:634} INFO - 26/02/02 08:50:03 INFO SparkContext: Added file file:///home/airflow/.ivy2/jars/org.***ql_***ql-42.7.1.jar at file:///home/airflow/.ivy2/jars/org.***ql_***ql-42.7.1.jar with timestamp 1770022202972
[2026-02-02T08:50:03.611+0000] {spark_submit.py:634} INFO - 26/02/02 08:50:03 INFO Utils: Copying /home/airflow/.ivy2/jars/org.***ql_***ql-42.7.1.jar to /tmp/spark-ac26a0b6-45df-4182-9404-9be42144e3d4/userFiles-62e41f63-cb25-431a-9575-fa2de887fadf/org.***ql_***ql-42.7.1.jar
[2026-02-02T08:50:03.644+0000] {spark_submit.py:634} INFO - 26/02/02 08:50:03 INFO SparkContext: Added file file:///home/airflow/.ivy2/jars/org.checkerframework_checker-qual-3.41.0.jar at file:///home/airflow/.ivy2/jars/org.checkerframework_checker-qual-3.41.0.jar with timestamp 1770022202972
[2026-02-02T08:50:03.645+0000] {spark_submit.py:634} INFO - 26/02/02 08:50:03 INFO Utils: Copying /home/airflow/.ivy2/jars/org.checkerframework_checker-qual-3.41.0.jar to /tmp/spark-ac26a0b6-45df-4182-9404-9be42144e3d4/userFiles-62e41f63-cb25-431a-9575-fa2de887fadf/org.checkerframework_checker-qual-3.41.0.jar
[2026-02-02T08:50:03.716+0000] {spark_submit.py:634} INFO - 26/02/02 08:50:03 INFO Executor: Starting executor ID driver on host 4ba644d6f495
[2026-02-02T08:50:03.717+0000] {spark_submit.py:634} INFO - 26/02/02 08:50:03 INFO Executor: OS info Linux, 6.12.65-linuxkit, aarch64
[2026-02-02T08:50:03.718+0000] {spark_submit.py:634} INFO - 26/02/02 08:50:03 INFO Executor: Java version 17.0.18
[2026-02-02T08:50:03.723+0000] {spark_submit.py:634} INFO - 26/02/02 08:50:03 INFO Executor: Starting executor with user classpath (userClassPathFirst = false): ''
[2026-02-02T08:50:03.724+0000] {spark_submit.py:634} INFO - 26/02/02 08:50:03 INFO Executor: Created or updated repl class loader org.apache.spark.util.MutableURLClassLoader@74cfe511 for default.
[2026-02-02T08:50:03.738+0000] {spark_submit.py:634} INFO - 26/02/02 08:50:03 INFO Executor: Fetching file:///home/airflow/.ivy2/jars/org.***ql_***ql-42.7.1.jar with timestamp 1770022202972
[2026-02-02T08:50:03.761+0000] {spark_submit.py:634} INFO - 26/02/02 08:50:03 INFO Utils: /home/airflow/.ivy2/jars/org.***ql_***ql-42.7.1.jar has been previously copied to /tmp/spark-ac26a0b6-45df-4182-9404-9be42144e3d4/userFiles-62e41f63-cb25-431a-9575-fa2de887fadf/org.***ql_***ql-42.7.1.jar
[2026-02-02T08:50:03.771+0000] {spark_submit.py:634} INFO - 26/02/02 08:50:03 INFO Executor: Fetching file:///home/airflow/.ivy2/jars/org.checkerframework_checker-qual-3.41.0.jar with timestamp 1770022202972
[2026-02-02T08:50:03.772+0000] {spark_submit.py:634} INFO - 26/02/02 08:50:03 INFO Utils: /home/airflow/.ivy2/jars/org.checkerframework_checker-qual-3.41.0.jar has been previously copied to /tmp/spark-ac26a0b6-45df-4182-9404-9be42144e3d4/userFiles-62e41f63-cb25-431a-9575-fa2de887fadf/org.checkerframework_checker-qual-3.41.0.jar
[2026-02-02T08:50:03.790+0000] {spark_submit.py:634} INFO - 26/02/02 08:50:03 INFO Executor: Fetching spark://4ba644d6f495:35269/jars/org.***ql_***ql-42.7.1.jar with timestamp 1770022202972
[2026-02-02T08:50:03.829+0000] {spark_submit.py:634} INFO - 26/02/02 08:50:03 INFO TransportClientFactory: Successfully created connection to 4ba644d6f495/172.18.0.6:35269 after 23 ms (0 ms spent in bootstraps)
[2026-02-02T08:50:03.836+0000] {spark_submit.py:634} INFO - 26/02/02 08:50:03 INFO Utils: Fetching spark://4ba644d6f495:35269/jars/org.***ql_***ql-42.7.1.jar to /tmp/spark-ac26a0b6-45df-4182-9404-9be42144e3d4/userFiles-62e41f63-cb25-431a-9575-fa2de887fadf/fetchFileTemp18347568817865909763.tmp
[2026-02-02T08:50:03.896+0000] {spark_submit.py:634} INFO - 26/02/02 08:50:03 INFO Utils: /tmp/spark-ac26a0b6-45df-4182-9404-9be42144e3d4/userFiles-62e41f63-cb25-431a-9575-fa2de887fadf/fetchFileTemp18347568817865909763.tmp has been previously copied to /tmp/spark-ac26a0b6-45df-4182-9404-9be42144e3d4/userFiles-62e41f63-cb25-431a-9575-fa2de887fadf/org.***ql_***ql-42.7.1.jar
[2026-02-02T08:50:03.910+0000] {spark_submit.py:634} INFO - 26/02/02 08:50:03 INFO Executor: Adding file:/tmp/spark-ac26a0b6-45df-4182-9404-9be42144e3d4/userFiles-62e41f63-cb25-431a-9575-fa2de887fadf/org.***ql_***ql-42.7.1.jar to class loader default
[2026-02-02T08:50:03.911+0000] {spark_submit.py:634} INFO - 26/02/02 08:50:03 INFO Executor: Fetching spark://4ba644d6f495:35269/jars/org.checkerframework_checker-qual-3.41.0.jar with timestamp 1770022202972
[2026-02-02T08:50:03.912+0000] {spark_submit.py:634} INFO - 26/02/02 08:50:03 INFO Utils: Fetching spark://4ba644d6f495:35269/jars/org.checkerframework_checker-qual-3.41.0.jar to /tmp/spark-ac26a0b6-45df-4182-9404-9be42144e3d4/userFiles-62e41f63-cb25-431a-9575-fa2de887fadf/fetchFileTemp14322564249890019025.tmp
[2026-02-02T08:50:03.914+0000] {spark_submit.py:634} INFO - 26/02/02 08:50:03 INFO Utils: /tmp/spark-ac26a0b6-45df-4182-9404-9be42144e3d4/userFiles-62e41f63-cb25-431a-9575-fa2de887fadf/fetchFileTemp14322564249890019025.tmp has been previously copied to /tmp/spark-ac26a0b6-45df-4182-9404-9be42144e3d4/userFiles-62e41f63-cb25-431a-9575-fa2de887fadf/org.checkerframework_checker-qual-3.41.0.jar
[2026-02-02T08:50:03.922+0000] {spark_submit.py:634} INFO - 26/02/02 08:50:03 INFO Executor: Adding file:/tmp/spark-ac26a0b6-45df-4182-9404-9be42144e3d4/userFiles-62e41f63-cb25-431a-9575-fa2de887fadf/org.checkerframework_checker-qual-3.41.0.jar to class loader default
[2026-02-02T08:50:03.931+0000] {spark_submit.py:634} INFO - 26/02/02 08:50:03 INFO Utils: Successfully started service 'org.apache.spark.network.netty.NettyBlockTransferService' on port 33857.
[2026-02-02T08:50:03.931+0000] {spark_submit.py:634} INFO - 26/02/02 08:50:03 INFO NettyBlockTransferService: Server created on 4ba644d6f495:33857
[2026-02-02T08:50:03.934+0000] {spark_submit.py:634} INFO - 26/02/02 08:50:03 INFO BlockManager: Using org.apache.spark.storage.RandomBlockReplicationPolicy for block replication policy
[2026-02-02T08:50:03.940+0000] {spark_submit.py:634} INFO - 26/02/02 08:50:03 INFO BlockManagerMaster: Registering BlockManager BlockManagerId(driver, 4ba644d6f495, 33857, None)
[2026-02-02T08:50:03.944+0000] {spark_submit.py:634} INFO - 26/02/02 08:50:03 INFO BlockManagerMasterEndpoint: Registering block manager 4ba644d6f495:33857 with 1048.8 MiB RAM, BlockManagerId(driver, 4ba644d6f495, 33857, None)
[2026-02-02T08:50:03.946+0000] {spark_submit.py:634} INFO - 26/02/02 08:50:03 INFO BlockManagerMaster: Registered BlockManager BlockManagerId(driver, 4ba644d6f495, 33857, None)
[2026-02-02T08:50:03.946+0000] {spark_submit.py:634} INFO - 26/02/02 08:50:03 INFO BlockManager: Initialized BlockManager: BlockManagerId(driver, 4ba644d6f495, 33857, None)
[2026-02-02T08:50:04.660+0000] {spark_submit.py:634} INFO - DEBUG: Processing data for 2026-02-02
[2026-02-02T08:50:04.671+0000] {spark_submit.py:634} INFO - 26/02/02 08:50:04 INFO SharedState: Setting hive.metastore.warehouse.dir ('null') to the value of spark.sql.warehouse.dir.
[2026-02-02T08:50:04.676+0000] {spark_submit.py:634} INFO - 26/02/02 08:50:04 INFO SharedState: Warehouse path is 'file:/opt/airflow/spark-warehouse'.
[2026-02-02T08:50:06.111+0000] {spark_submit.py:634} INFO - Traceback (most recent call last):
[2026-02-02T08:50:06.118+0000] {spark_submit.py:634} INFO - File "/opt/airflow/dags/src/batch_pipeline.py", line 86, in <module>
[2026-02-02T08:50:06.119+0000] {spark_submit.py:634} INFO - run_etl(dt)
[2026-02-02T08:50:06.120+0000] {spark_submit.py:634} INFO - File "/opt/airflow/dags/src/batch_pipeline.py", line 21, in run_etl
[2026-02-02T08:50:06.122+0000] {spark_submit.py:634} INFO - products_df = spark.read.jdbc(jdbc_url, "products", properties=db_props)
[2026-02-02T08:50:06.122+0000] {spark_submit.py:634} INFO - ^^^^^^^^^^^^^^^^^^^^^^^^^^^^^^^^^^^^^^^^^^^^^^^^^^^^^^^^^^
[2026-02-02T08:50:06.123+0000] {spark_submit.py:634} INFO - File "/home/airflow/.local/lib/python3.11/site-packages/pyspark/python/lib/pyspark.zip/pyspark/sql/readwriter.py", line 946, in jdbc
[2026-02-02T08:50:06.123+0000] {spark_submit.py:634} INFO - File "/home/airflow/.local/lib/python3.11/site-packages/pyspark/python/lib/py4j-0.10.9.7-src.zip/py4j/java_gateway.py", line 1322, in __call__
[2026-02-02T08:50:06.124+0000] {spark_submit.py:634} INFO - File "/home/airflow/.local/lib/python3.11/site-packages/pyspark/python/lib/pyspark.zip/pyspark/errors/exceptions/captured.py", line 179, in deco
[2026-02-02T08:50:06.125+0000] {spark_submit.py:634} INFO - File "/home/airflow/.local/lib/python3.11/site-packages/pyspark/python/lib/py4j-0.10.9.7-src.zip/py4j/protocol.py", line 326, in get_return_value
[2026-02-02T08:50:06.125+0000] {spark_submit.py:634} INFO - py4j.protocol.Py4JJavaError: An error occurred while calling o31.jdbc.
[2026-02-02T08:50:06.125+0000] {spark_submit.py:634} INFO - : org.***ql.util.PSQLException: ERROR: relation "products" does not exist
[2026-02-02T08:50:06.127+0000] {spark_submit.py:634} INFO - Position: 15
[2026-02-02T08:50:06.128+0000] {spark_submit.py:634} INFO - at org.***ql.core.v3.QueryExecutorImpl.receiveErrorResponse(QueryExecutorImpl.java:2712)
[2026-02-02T08:50:06.128+0000] {spark_submit.py:634} INFO - at org.***ql.core.v3.QueryExecutorImpl.processResults(QueryExecutorImpl.java:2400)
[2026-02-02T08:50:06.128+0000] {spark_submit.py:634} INFO - at org.***ql.core.v3.QueryExecutorImpl.execute(QueryExecutorImpl.java:367)
[2026-02-02T08:50:06.129+0000] {spark_submit.py:634} INFO - at org.***ql.jdbc.PgStatement.executeInternal(PgStatement.java:498)
[2026-02-02T08:50:06.129+0000] {spark_submit.py:634} INFO - at org.***ql.jdbc.PgStatement.execute(PgStatement.java:415)
[2026-02-02T08:50:06.129+0000] {spark_submit.py:634} INFO - at org.***ql.jdbc.PgPreparedStatement.executeWithFlags(PgPreparedStatement.java:190)
[2026-02-02T08:50:06.130+0000] {spark_submit.py:634} INFO - at org.***ql.jdbc.PgPreparedStatement.executeQuery(PgPreparedStatement.java:134)
[2026-02-02T08:50:06.130+0000] {spark_submit.py:634} INFO - at org.apache.spark.sql.execution.datasources.jdbc.JDBCRDD$.getQueryOutputSchema(JDBCRDD.scala:68)
[2026-02-02T08:50:06.130+0000] {spark_submit.py:634} INFO - at org.apache.spark.sql.execution.datasources.jdbc.JDBCRDD$.resolveTable(JDBCRDD.scala:58)
[2026-02-02T08:50:06.130+0000] {spark_submit.py:634} INFO - at org.apache.spark.sql.execution.datasources.jdbc.JDBCRelation$.getSchema(JDBCRelation.scala:241)
[2026-02-02T08:50:06.131+0000] {spark_submit.py:634} INFO - at org.apache.spark.sql.execution.datasources.jdbc.JdbcRelationProvider.createRelation(JdbcRelationProvider.scala:37)
[2026-02-02T08:50:06.131+0000] {spark_submit.py:634} INFO - at org.apache.spark.sql.execution.datasources.DataSource.resolveRelation(DataSource.scala:346)
[2026-02-02T08:50:06.131+0000] {spark_submit.py:634} INFO - at org.apache.spark.sql.DataFrameReader.loadV1Source(DataFrameReader.scala:229)
[2026-02-02T08:50:06.132+0000] {spark_submit.py:634} INFO - at org.apache.spark.sql.DataFrameReader.$anonfun$load$2(DataFrameReader.scala:211)
[2026-02-02T08:50:06.132+0000] {spark_submit.py:634} INFO - at scala.Option.getOrElse(Option.scala:189)
[2026-02-02T08:50:06.133+0000] {spark_submit.py:634} INFO - at org.apache.spark.sql.DataFrameReader.load(DataFrameReader.scala:211)
[2026-02-02T08:50:06.133+0000] {spark_submit.py:634} INFO - at org.apache.spark.sql.DataFrameReader.load(DataFrameReader.scala:172)
[2026-02-02T08:50:06.134+0000] {spark_submit.py:634} INFO - at org.apache.spark.sql.DataFrameReader.jdbc(DataFrameReader.scala:249)
[2026-02-02T08:50:06.135+0000] {spark_submit.py:634} INFO - at java.base/jdk.internal.reflect.NativeMethodAccessorImpl.invoke0(Native Method)
[2026-02-02T08:50:06.135+0000] {spark_submit.py:634} INFO - at java.base/jdk.internal.reflect.NativeMethodAccessorImpl.invoke(NativeMethodAccessorImpl.java:77)
[2026-02-02T08:50:06.136+0000] {spark_submit.py:634} INFO - at java.base/jdk.internal.reflect.DelegatingMethodAccessorImpl.invoke(DelegatingMethodAccessorImpl.java:43)
[2026-02-02T08:50:06.136+0000] {spark_submit.py:634} INFO - at java.base/java.lang.reflect.Method.invoke(Method.java:569)
[2026-02-02T08:50:06.136+0000] {spark_submit.py:634} INFO - at py4j.reflection.MethodInvoker.invoke(MethodInvoker.java:244)
[2026-02-02T08:50:06.136+0000] {spark_submit.py:634} INFO - at py4j.reflection.ReflectionEngine.invoke(ReflectionEngine.java:374)
[2026-02-02T08:50:06.136+0000] {spark_submit.py:634} INFO - at py4j.Gateway.invoke(Gateway.java:282)
[2026-02-02T08:50:06.136+0000] {spark_submit.py:634} INFO - at py4j.commands.AbstractCommand.invokeMethod(AbstractCommand.java:132)
[2026-02-02T08:50:06.136+0000] {spark_submit.py:634} INFO - at py4j.commands.CallCommand.execute(CallCommand.java:79)
[2026-02-02T08:50:06.136+0000] {spark_submit.py:634} INFO - at py4j.ClientServerConnection.waitForCommands(ClientServerConnection.java:182)
[2026-02-02T08:50:06.136+0000] {spark_submit.py:634} INFO - at py4j.ClientServerConnection.run(ClientServerConnection.java:106)
[2026-02-02T08:50:06.136+0000] {spark_submit.py:634} INFO - at java.base/java.lang.Thread.run(Thread.java:840)
[2026-02-02T08:50:06.137+0000] {spark_submit.py:634} INFO - 
[2026-02-02T08:50:06.308+0000] {spark_submit.py:634} INFO - 26/02/02 08:50:06 INFO SparkContext: Invoking stop() from shutdown hook
[2026-02-02T08:50:06.309+0000] {spark_submit.py:634} INFO - 26/02/02 08:50:06 INFO SparkContext: SparkContext is stopping with exitCode 0.
[2026-02-02T08:50:06.341+0000] {spark_submit.py:634} INFO - 26/02/02 08:50:06 INFO SparkUI: Stopped Spark web UI at http://4ba644d6f495:4040
[2026-02-02T08:50:06.369+0000] {spark_submit.py:634} INFO - 26/02/02 08:50:06 INFO MapOutputTrackerMasterEndpoint: MapOutputTrackerMasterEndpoint stopped!
[2026-02-02T08:50:06.397+0000] {spark_submit.py:634} INFO - 26/02/02 08:50:06 INFO MemoryStore: MemoryStore cleared
[2026-02-02T08:50:06.398+0000] {spark_submit.py:634} INFO - 26/02/02 08:50:06 INFO BlockManager: BlockManager stopped
[2026-02-02T08:50:06.405+0000] {spark_submit.py:634} INFO - 26/02/02 08:50:06 INFO BlockManagerMaster: BlockManagerMaster stopped
[2026-02-02T08:50:06.408+0000] {spark_submit.py:634} INFO - 26/02/02 08:50:06 INFO OutputCommitCoordinator$OutputCommitCoordinatorEndpoint: OutputCommitCoordinator stopped!
[2026-02-02T08:50:06.418+0000] {spark_submit.py:634} INFO - 26/02/02 08:50:06 INFO SparkContext: Successfully stopped SparkContext
[2026-02-02T08:50:06.418+0000] {spark_submit.py:634} INFO - 26/02/02 08:50:06 INFO ShutdownHookManager: Shutdown hook called
[2026-02-02T08:50:06.418+0000] {spark_submit.py:634} INFO - 26/02/02 08:50:06 INFO ShutdownHookManager: Deleting directory /tmp/spark-ac26a0b6-45df-4182-9404-9be42144e3d4
[2026-02-02T08:50:06.427+0000] {spark_submit.py:634} INFO - 26/02/02 08:50:06 INFO ShutdownHookManager: Deleting directory /tmp/spark-ac26a0b6-45df-4182-9404-9be42144e3d4/pyspark-83e5d784-bcd7-4a1a-a6a8-91e93e632eec
[2026-02-02T08:50:06.432+0000] {spark_submit.py:634} INFO - 26/02/02 08:50:06 INFO ShutdownHookManager: Deleting directory /tmp/spark-5c031aa7-5b9b-490a-917d-e87d82e345f1
[2026-02-02T08:50:06.539+0000] {taskinstance.py:2698} ERROR - Task failed with exception
Traceback (most recent call last):
  File "/home/airflow/.local/lib/python3.11/site-packages/airflow/models/taskinstance.py", line 433, in _execute_task
    result = execute_callable(context=context, **execute_callable_kwargs)
             ^^^^^^^^^^^^^^^^^^^^^^^^^^^^^^^^^^^^^^^^^^^^^^^^^^^^^^^^^^^^
  File "/home/airflow/.local/lib/python3.11/site-packages/airflow/providers/apache/spark/operators/spark_submit.py", line 176, in execute
    self._hook.submit(self.application)
  File "/home/airflow/.local/lib/python3.11/site-packages/airflow/providers/apache/spark/hooks/spark_submit.py", line 560, in submit
    raise AirflowException(
airflow.exceptions.AirflowException: Cannot execute: spark-submit --master local --conf spark.jars.packages=org.***ql:***ql:42.7.1 --conf spark.driver.memory=2g --conf spark.executor.memory=2g --name arrow-spark /opt/airflow/dags/src/batch_pipeline.py 2026-02-02. Error code is: 1.
[2026-02-02T08:50:06.547+0000] {taskinstance.py:1138} INFO - Marking task as UP_FOR_RETRY. dag_id=daily_order_analytics, task_id=run_batch_pipeline, execution_date=20260202T081845, start_date=20260202T084958, end_date=20260202T085006
[2026-02-02T08:50:06.577+0000] {standard_task_runner.py:107} ERROR - Failed to execute job 23 for task run_batch_pipeline (Cannot execute: spark-submit --master local --conf spark.jars.packages=org.***ql:***ql:42.7.1 --conf spark.driver.memory=2g --conf spark.executor.memory=2g --name arrow-spark /opt/airflow/dags/src/batch_pipeline.py 2026-02-02. Error code is: 1.; 4545)
[2026-02-02T08:50:06.628+0000] {local_task_job_runner.py:234} INFO - Task exited with return code 1
[2026-02-02T08:50:06.673+0000] {taskinstance.py:3280} INFO - 0 downstream tasks scheduled from follow-on schedule check
