[2026-02-02T09:32:20.940+0000] {taskinstance.py:1956} INFO - Dependencies all met for dep_context=non-requeueable deps ti=<TaskInstance: daily_order_analytics.data_quality_check manual__2026-02-02T08:18:45.495002+00:00 [queued]>
[2026-02-02T09:32:20.948+0000] {taskinstance.py:1956} INFO - Dependencies all met for dep_context=requeueable deps ti=<TaskInstance: daily_order_analytics.data_quality_check manual__2026-02-02T08:18:45.495002+00:00 [queued]>
[2026-02-02T09:32:20.948+0000] {taskinstance.py:2170} INFO - Starting attempt 5 of 7
[2026-02-02T09:32:20.958+0000] {taskinstance.py:2191} INFO - Executing <Task(PythonOperator): data_quality_check> on 2026-02-02 08:18:45.495002+00:00
[2026-02-02T09:32:20.968+0000] {standard_task_runner.py:60} INFO - Started process 6728 to run task
[2026-02-02T09:32:20.981+0000] {standard_task_runner.py:87} INFO - Running: ['airflow', 'tasks', 'run', 'daily_order_analytics', 'data_quality_check', 'manual__2026-02-02T08:18:45.495002+00:00', '--job-id', '35', '--raw', '--subdir', 'DAGS_FOLDER/daily_batch_dag.py', '--cfg-path', '/tmp/tmpstk8i0s7']
[2026-02-02T09:32:20.993+0000] {standard_task_runner.py:88} INFO - Job 35: Subtask data_quality_check
[2026-02-02T09:32:21.146+0000] {task_command.py:423} INFO - Running <TaskInstance: daily_order_analytics.data_quality_check manual__2026-02-02T08:18:45.495002+00:00 [running]> on host 4ba644d6f495
[2026-02-02T09:32:21.264+0000] {taskinstance.py:2480} INFO - Exporting env vars: AIRFLOW_CTX_DAG_OWNER='data-engineering' AIRFLOW_CTX_DAG_ID='daily_order_analytics' AIRFLOW_CTX_TASK_ID='data_quality_check' AIRFLOW_CTX_EXECUTION_DATE='2026-02-02T08:18:45.495002+00:00' AIRFLOW_CTX_TRY_NUMBER='5' AIRFLOW_CTX_DAG_RUN_ID='manual__2026-02-02T08:18:45.495002+00:00'
[2026-02-02T09:32:21.278+0000] {base.py:83} INFO - Using connection ID '***_default' for task execution.
[2026-02-02T09:32:21.283+0000] {sql.py:450} INFO - Running statement: SELECT COUNT(*) FROM daily_revenue, parameters: None
[2026-02-02T09:32:21.284+0000] {sql.py:459} INFO - Rows affected: 1
[2026-02-02T09:32:21.285+0000] {taskinstance.py:2698} ERROR - Task failed with exception
Traceback (most recent call last):
  File "/home/airflow/.local/lib/python3.11/site-packages/airflow/models/taskinstance.py", line 433, in _execute_task
    result = execute_callable(context=context, **execute_callable_kwargs)
             ^^^^^^^^^^^^^^^^^^^^^^^^^^^^^^^^^^^^^^^^^^^^^^^^^^^^^^^^^^^^
  File "/home/airflow/.local/lib/python3.11/site-packages/airflow/operators/python.py", line 199, in execute
    return_value = self.execute_callable()
                   ^^^^^^^^^^^^^^^^^^^^^^^
  File "/home/airflow/.local/lib/python3.11/site-packages/airflow/operators/python.py", line 216, in execute_callable
    return self.python_callable(*self.op_args, **self.op_kwargs)
           ^^^^^^^^^^^^^^^^^^^^^^^^^^^^^^^^^^^^^^^^^^^^^^^^^^^^^
  File "/opt/airflow/dags/daily_batch_dag.py", line 111, in check_data_quality
    raise ValueError("No revenue data found in the table")
ValueError: No revenue data found in the table
[2026-02-02T09:32:21.310+0000] {taskinstance.py:1138} INFO - Marking task as UP_FOR_RETRY. dag_id=daily_order_analytics, task_id=data_quality_check, execution_date=20260202T081845, start_date=20260202T093220, end_date=20260202T093221
[2026-02-02T09:32:21.323+0000] {standard_task_runner.py:107} ERROR - Failed to execute job 35 for task data_quality_check (No revenue data found in the table; 6728)
[2026-02-02T09:32:21.333+0000] {local_task_job_runner.py:234} INFO - Task exited with return code 1
[2026-02-02T09:32:21.349+0000] {taskinstance.py:3280} INFO - 0 downstream tasks scheduled from follow-on schedule check
