[2026-02-02T09:15:47.040+0000] {taskinstance.py:1956} INFO - Dependencies all met for dep_context=non-requeueable deps ti=<TaskInstance: daily_order_analytics.data_quality_check manual__2026-02-02T08:18:45.495002+00:00 [queued]>
[2026-02-02T09:15:47.048+0000] {taskinstance.py:1956} INFO - Dependencies all met for dep_context=requeueable deps ti=<TaskInstance: daily_order_analytics.data_quality_check manual__2026-02-02T08:18:45.495002+00:00 [queued]>
[2026-02-02T09:15:47.049+0000] {taskinstance.py:2170} INFO - Starting attempt 1 of 3
[2026-02-02T09:15:47.057+0000] {taskinstance.py:2191} INFO - Executing <Task(PythonOperator): data_quality_check> on 2026-02-02 08:18:45.495002+00:00
[2026-02-02T09:15:47.065+0000] {standard_task_runner.py:60} INFO - Started process 6140 to run task
[2026-02-02T09:15:47.068+0000] {standard_task_runner.py:87} INFO - Running: ['airflow', 'tasks', 'run', 'daily_order_analytics', 'data_quality_check', 'manual__2026-02-02T08:18:45.495002+00:00', '--job-id', '30', '--raw', '--subdir', 'DAGS_FOLDER/daily_batch_dag.py', '--cfg-path', '/tmp/tmp9_92si65']
[2026-02-02T09:15:47.072+0000] {standard_task_runner.py:88} INFO - Job 30: Subtask data_quality_check
[2026-02-02T09:15:47.147+0000] {task_command.py:423} INFO - Running <TaskInstance: daily_order_analytics.data_quality_check manual__2026-02-02T08:18:45.495002+00:00 [running]> on host 4ba644d6f495
[2026-02-02T09:15:47.222+0000] {taskinstance.py:2480} INFO - Exporting env vars: AIRFLOW_CTX_DAG_OWNER='data-engineering' AIRFLOW_CTX_DAG_ID='daily_order_analytics' AIRFLOW_CTX_TASK_ID='data_quality_check' AIRFLOW_CTX_EXECUTION_DATE='2026-02-02T08:18:45.495002+00:00' AIRFLOW_CTX_TRY_NUMBER='1' AIRFLOW_CTX_DAG_RUN_ID='manual__2026-02-02T08:18:45.495002+00:00'
[2026-02-02T09:15:47.238+0000] {base.py:83} INFO - Using connection ID '***_default' for task execution.
[2026-02-02T09:15:47.242+0000] {sql.py:450} INFO - Running statement: SELECT COUNT(*) FROM daily_revenue WHERE date = '2026-02-02', parameters: None
[2026-02-02T09:15:47.243+0000] {sql.py:459} INFO - Rows affected: 1
[2026-02-02T09:15:47.244+0000] {taskinstance.py:2698} ERROR - Task failed with exception
Traceback (most recent call last):
  File "/home/airflow/.local/lib/python3.11/site-packages/airflow/models/taskinstance.py", line 433, in _execute_task
    result = execute_callable(context=context, **execute_callable_kwargs)
             ^^^^^^^^^^^^^^^^^^^^^^^^^^^^^^^^^^^^^^^^^^^^^^^^^^^^^^^^^^^^
  File "/home/airflow/.local/lib/python3.11/site-packages/airflow/operators/python.py", line 199, in execute
    return_value = self.execute_callable()
                   ^^^^^^^^^^^^^^^^^^^^^^^
  File "/home/airflow/.local/lib/python3.11/site-packages/airflow/operators/python.py", line 216, in execute_callable
    return self.python_callable(*self.op_args, **self.op_kwargs)
           ^^^^^^^^^^^^^^^^^^^^^^^^^^^^^^^^^^^^^^^^^^^^^^^^^^^^^
  File "/opt/airflow/dags/daily_batch_dag.py", line 117, in check_data_quality
    raise ValueError(f"No revenue data found for {execution_date}")
ValueError: No revenue data found for 2026-02-02
[2026-02-02T09:15:47.253+0000] {taskinstance.py:1138} INFO - Marking task as UP_FOR_RETRY. dag_id=daily_order_analytics, task_id=data_quality_check, execution_date=20260202T081845, start_date=20260202T091547, end_date=20260202T091547
[2026-02-02T09:15:47.259+0000] {standard_task_runner.py:107} ERROR - Failed to execute job 30 for task data_quality_check (No revenue data found for 2026-02-02; 6140)
[2026-02-02T09:15:47.292+0000] {local_task_job_runner.py:234} INFO - Task exited with return code 1
[2026-02-02T09:15:47.308+0000] {taskinstance.py:3280} INFO - 0 downstream tasks scheduled from follow-on schedule check
